2026-06-06 12:16:07+0800: Running with following config:
allowResignation = true
lagBuffer = 1.0
logAllGTPCommunication = true
logDir = gtp_logs
logSearchInfo = true
logSearchInfoForChosenMove = false
logToStderr = false
lzAnalyzeOutputOwnership = true
maxPlayouts = 100
maxTimePondering = 60.0
maxVisits = 100
numSearchThreads = 2
ponderingEnabled = false
resignConsecTurns = 3
resignThreshold = -0.90
rules = tromp-taylor
searchFactorAfterOnePass = 0.50
searchFactorAfterTwoPass = 0.25
searchFactorWhenWinning = 0.40
searchFactorWhenWinningThreshold = 0.95

2026-06-06 12:16:07+0800: GTP Engine starting...
2026-06-06 12:16:07+0800: KataGo v1.16.5
2026-06-06 12:16:07+0800: Using TrompTaylor rules initially, unless GTP/GUI overrides this
2026-06-06 12:16:07+0800: Using 2 CPU thread(s) for search
2026-06-06 12:16:07+0800: nnRandSeed0 = 8048815019372795288
2026-06-06 12:16:07+0800: After dedups: nnModelFile0 = E:/开发/new/围棋/bin/kata9x9-b18c384nbt-20231025.bin.gz useFP16 auto useNHWC auto
2026-06-06 12:16:07+0800: Initializing neural net buffer to be size 19 * 19 exactly
2026-06-06 12:16:08+0800: Eigen (CPU) backend thread 1: Model version 12
2026-06-06 12:16:08+0800: Eigen (CPU) backend thread 1: Model name: kata9x9-b18c384nbt-s6603587840-d252232394
2026-06-06 12:16:08+0800: Eigen (CPU) backend thread 0: Model version 12
2026-06-06 12:16:08+0800: Eigen (CPU) backend thread 0: Model name: kata9x9-b18c384nbt-s6603587840-d252232394
2026-06-06 12:16:08+0800: Loaded neural net with nnXLen 19 nnYLen 19
2026-06-06 12:16:08+0800: Initializing board with boardXSize 19 boardYSize 19
2026-06-06 12:16:08+0800: --------------
2026-06-06 12:16:08+0800: WARNING: Config had unused keys! You may have a typo, an option you specified is being unused from E:/开发/new/围棋/bin/katago.cfg
2026-06-06 12:16:08+0800: WARNING: Unused key 'lzAnalyzeOutputOwnership' in E:/开发/new/围棋/bin/katago.cfg
2026-06-06 12:16:08+0800: --------------
2026-06-06 12:16:08+0800: Loaded config E:/开发/new/围棋/bin/katago.cfg
2026-06-06 12:16:08+0800: Loaded model E:/开发/new/围棋/bin/kata9x9-b18c384nbt-20231025.bin.gz
2026-06-06 12:16:08+0800: Model name: kata9x9-b18c384nbt-s6603587840-d252232394
2026-06-06 12:16:08+0800: GTP ready, beginning main protocol loop
2026-06-06 12:16:08+0800: Controller: boardsize 9
2026-06-06 12:16:08+0800: GPU -1 finishing, processed 0 rows 0 batches
2026-06-06 12:16:08+0800: GPU -1 finishing, processed 0 rows 0 batches
2026-06-06 12:16:08+0800: Cleaned up old neural net and bot
2026-06-06 12:16:08+0800: nnRandSeed0 = 13539434560727584854
2026-06-06 12:16:08+0800: After dedups: nnModelFile0 = E:/开发/new/围棋/bin/kata9x9-b18c384nbt-20231025.bin.gz useFP16 auto useNHWC auto
2026-06-06 12:16:08+0800: Initializing neural net buffer to be size 9 * 9 exactly
2026-06-06 12:16:09+0800: Eigen (CPU) backend thread 0: Model version 12
2026-06-06 12:16:09+0800: Eigen (CPU) backend thread 0: Model name: kata9x9-b18c384nbt-s6603587840-d252232394
2026-06-06 12:16:09+0800: Eigen (CPU) backend thread 1: Model version 12
2026-06-06 12:16:09+0800: Eigen (CPU) backend thread 1: Model name: kata9x9-b18c384nbt-s6603587840-d252232394
2026-06-06 12:16:10+0800: Loaded neural net with nnXLen 9 nnYLen 9
2026-06-06 12:16:10+0800: Initializing board with boardXSize 9 boardYSize 9
2026-06-06 12:16:10+0800: = 
2026-06-06 12:16:10+0800: Controller: komi 7.5
2026-06-06 12:16:10+0800: = 
2026-06-06 12:16:10+0800: Controller: clear_board
2026-06-06 12:16:10+0800: = 
2026-06-06 12:16:10+0800: Controller: boardsize 19
2026-06-06 12:16:10+0800: GPU -1 finishing, processed 0 rows 0 batches
2026-06-06 12:16:10+0800: GPU -1 finishing, processed 0 rows 0 batches
2026-06-06 12:16:10+0800: Cleaned up old neural net and bot
2026-06-06 12:16:10+0800: nnRandSeed0 = 11483104503180951400
2026-06-06 12:16:10+0800: After dedups: nnModelFile0 = E:/开发/new/围棋/bin/kata9x9-b18c384nbt-20231025.bin.gz useFP16 auto useNHWC auto
2026-06-06 12:16:10+0800: Initializing neural net buffer to be size 19 * 19 exactly
2026-06-06 12:16:11+0800: Eigen (CPU) backend thread 0: Model version 12
2026-06-06 12:16:11+0800: Eigen (CPU) backend thread 0: Model name: kata9x9-b18c384nbt-s6603587840-d252232394
2026-06-06 12:16:11+0800: Eigen (CPU) backend thread 1: Model version 12
2026-06-06 12:16:11+0800: Eigen (CPU) backend thread 1: Model name: kata9x9-b18c384nbt-s6603587840-d252232394
2026-06-06 12:16:12+0800: Loaded neural net with nnXLen 19 nnYLen 19
2026-06-06 12:16:12+0800: Initializing board with boardXSize 19 boardYSize 19
2026-06-06 12:16:12+0800: = 
2026-06-06 12:16:12+0800: Controller: komi 7.5
2026-06-06 12:16:12+0800: = 
2026-06-06 12:16:12+0800: Controller: clear_board
2026-06-06 12:16:12+0800: = 
2026-06-06 12:16:24+0800: Controller: kata-set-param maxPlayouts 100
2026-06-06 12:16:24+0800: = 
2026-06-06 12:16:24+0800: Controller: kata-set-param maxVisits 100
2026-06-06 12:16:24+0800: = 
2026-06-06 12:16:24+0800: Controller: kata-set-param chosenMoveTemperature 0.0
2026-06-06 12:16:24+0800: = 
2026-06-06 12:16:24+0800: Controller: lz-analyze b 10
2026-06-06 12:16:24+0800: =
2026-06-06 12:16:25+0800: Controller: stop
2026-06-06 12:16:25+0800: = 
2026-06-06 12:16:25+0800: Controller: stop
2026-06-06 12:16:25+0800: = 
2026-06-06 12:16:25+0800: Controller: stop
2026-06-06 12:16:25+0800: = 
2026-06-06 12:16:25+0800: Controller: stop
2026-06-06 12:16:25+0800: = 
2026-06-06 12:16:27+0800: Controller: stop
2026-06-06 12:16:27+0800: = 
2026-06-06 12:16:27+0800: Controller: play black Q16
2026-06-06 12:16:27+0800: = 
2026-06-06 12:16:28+0800: Controller: kata-set-param maxPlayouts 15
2026-06-06 12:16:28+0800: = 
2026-06-06 12:16:28+0800: Controller: kata-set-param maxVisits 15
2026-06-06 12:16:28+0800: = 
2026-06-06 12:16:28+0800: Controller: kata-set-param chosenMoveTemperature 0.0
2026-06-06 12:16:28+0800: = 
2026-06-06 12:16:28+0800: Controller: lz-analyze w 10
2026-06-06 12:16:28+0800: =
2026-06-06 12:16:29+0800: Controller: stop
2026-06-06 12:16:29+0800: = 
2026-06-06 12:16:29+0800: Controller: stop
2026-06-06 12:16:29+0800: = 
2026-06-06 12:16:29+0800: Controller: play white D16
2026-06-06 12:16:29+0800: = 
2026-06-06 12:16:29+0800: Controller: stop
2026-06-06 12:16:29+0800: = 
2026-06-06 12:16:29+0800: Controller: stop
2026-06-06 12:16:29+0800: = 
2026-06-06 12:16:29+0800: Controller: stop
2026-06-06 12:16:29+0800: = 
2026-06-06 12:16:30+0800: Controller: kata-set-param maxPlayouts 100
2026-06-06 12:16:30+0800: = 
2026-06-06 12:16:30+0800: Controller: kata-set-param maxVisits 100
2026-06-06 12:16:30+0800: = 
2026-06-06 12:16:30+0800: Controller: kata-set-param chosenMoveTemperature 0.0
2026-06-06 12:16:30+0800: = 
2026-06-06 12:16:30+0800: Controller: lz-analyze b 10
2026-06-06 12:16:30+0800: =
2026-06-06 12:16:31+0800: Controller: stop
2026-06-06 12:16:31+0800: = 
2026-06-06 12:16:31+0800: Controller: stop
2026-06-06 12:16:31+0800: = 
2026-06-06 12:16:31+0800: Controller: stop
2026-06-06 12:16:31+0800: = 
2026-06-06 12:16:31+0800: Controller: stop
2026-06-06 12:16:31+0800: = 
2026-06-06 12:16:32+0800: Controller: stop
2026-06-06 12:16:32+0800: = 
2026-06-06 12:16:32+0800: Controller: play black D4
2026-06-06 12:16:32+0800: = 
2026-06-06 12:16:33+0800: Controller: kata-set-param maxPlayouts 15
2026-06-06 12:16:33+0800: = 
2026-06-06 12:16:33+0800: Controller: kata-set-param maxVisits 15
2026-06-06 12:16:33+0800: = 
2026-06-06 12:16:33+0800: Controller: kata-set-param chosenMoveTemperature 0.0
2026-06-06 12:16:33+0800: = 
2026-06-06 12:16:33+0800: Controller: lz-analyze w 10
2026-06-06 12:16:33+0800: =
2026-06-06 12:16:34+0800: Controller: stop
2026-06-06 12:16:34+0800: = 
2026-06-06 12:16:34+0800: Controller: stop
2026-06-06 12:16:34+0800: = 
2026-06-06 12:16:34+0800: Controller: play white Q3
2026-06-06 12:16:34+0800: = 
2026-06-06 12:16:34+0800: Controller: stop
2026-06-06 12:16:34+0800: = 
2026-06-06 12:16:34+0800: Controller: stop
2026-06-06 12:16:34+0800: = 
2026-06-06 12:16:34+0800: Controller: stop
2026-06-06 12:16:34+0800: = 
2026-06-06 12:16:35+0800: Controller: kata-set-param maxPlayouts 100
2026-06-06 12:16:35+0800: = 
2026-06-06 12:16:35+0800: Controller: kata-set-param maxVisits 100
2026-06-06 12:16:35+0800: = 
2026-06-06 12:16:35+0800: Controller: kata-set-param chosenMoveTemperature 0.0
2026-06-06 12:16:35+0800: = 
2026-06-06 12:16:35+0800: Controller: lz-analyze b 10
2026-06-06 12:16:35+0800: =
2026-06-06 12:16:36+0800: Controller: stop
2026-06-06 12:16:36+0800: = 
2026-06-06 12:16:36+0800: Controller: stop
2026-06-06 12:16:36+0800: = 
2026-06-06 12:16:36+0800: Controller: stop
2026-06-06 12:16:36+0800: = 
2026-06-06 12:16:36+0800: Controller: stop
2026-06-06 12:16:36+0800: = 
2026-06-06 12:16:37+0800: Controller: stop
2026-06-06 12:16:37+0800: = 
2026-06-06 12:16:37+0800: Controller: play black Q5
2026-06-06 12:16:37+0800: = 
2026-06-06 12:16:38+0800: Controller: kata-set-param maxPlayouts 15
2026-06-06 12:16:38+0800: = 
2026-06-06 12:16:38+0800: Controller: kata-set-param maxVisits 15
2026-06-06 12:16:38+0800: = 
2026-06-06 12:16:38+0800: Controller: kata-set-param chosenMoveTemperature 0.0
2026-06-06 12:16:38+0800: = 
2026-06-06 12:16:38+0800: Controller: lz-analyze w 10
2026-06-06 12:16:38+0800: =
2026-06-06 12:16:39+0800: Controller: stop
2026-06-06 12:16:39+0800: = 
2026-06-06 12:16:39+0800: Controller: stop
2026-06-06 12:16:39+0800: = 
2026-06-06 12:16:39+0800: Controller: play white C6
2026-06-06 12:16:39+0800: = 
2026-06-06 12:16:39+0800: Controller: stop
2026-06-06 12:16:39+0800: = 
2026-06-06 12:16:39+0800: Controller: stop
2026-06-06 12:16:39+0800: = 
2026-06-06 12:16:39+0800: Controller: stop
2026-06-06 12:16:39+0800: = 
2026-06-06 12:16:39+0800: Controller: stop
2026-06-06 12:16:39+0800: = 
2026-06-06 12:16:39+0800: Controller: stop
2026-06-06 12:16:39+0800: = 
2026-06-06 12:16:39+0800: Controller: stop
2026-06-06 12:16:39+0800: = 
2026-06-06 12:16:39+0800: Controller: stop
2026-06-06 12:16:39+0800: = 
2026-06-06 12:16:39+0800: Controller: kata-set-param maxPlayouts 100
2026-06-06 12:16:39+0800: = 
2026-06-06 12:16:39+0800: Controller: kata-set-param maxVisits 100
2026-06-06 12:16:39+0800: = 
2026-06-06 12:16:39+0800: Controller: kata-set-param chosenMoveTemperature 0.0
2026-06-06 12:16:39+0800: = 
2026-06-06 12:16:39+0800: Controller: lz-analyze b 10
2026-06-06 12:16:39+0800: =
2026-06-06 12:16:40+0800: Controller: stop
2026-06-06 12:16:40+0800: = 
2026-06-06 12:16:40+0800: Controller: stop
2026-06-06 12:16:40+0800: = 
2026-06-06 12:16:40+0800: Controller: stop
2026-06-06 12:16:40+0800: = 
2026-06-06 12:16:40+0800: Controller: stop
2026-06-06 12:16:40+0800: = 
2026-06-06 12:16:40+0800: Controller: stop
2026-06-06 12:16:40+0800: = 
2026-06-06 12:16:42+0800: Controller: stop
2026-06-06 12:16:42+0800: = 
2026-06-06 12:16:42+0800: Controller: play black O4
2026-06-06 12:16:42+0800: = 
2026-06-06 12:16:43+0800: Controller: kata-set-param maxPlayouts 15
2026-06-06 12:16:43+0800: = 
2026-06-06 12:16:43+0800: Controller: kata-set-param maxVisits 15
2026-06-06 12:16:43+0800: = 
2026-06-06 12:16:43+0800: Controller: kata-set-param chosenMoveTemperature 0.0
2026-06-06 12:16:43+0800: = 
2026-06-06 12:16:43+0800: Controller: lz-analyze w 10
2026-06-06 12:16:43+0800: =
2026-06-06 12:16:44+0800: Controller: stop
2026-06-06 12:16:44+0800: = 
2026-06-06 12:16:44+0800: Controller: stop
2026-06-06 12:16:44+0800: = 
2026-06-06 12:16:44+0800: Controller: play white R5
2026-06-06 12:16:44+0800: = 
2026-06-06 12:16:44+0800: Controller: stop
2026-06-06 12:16:44+0800: = 
2026-06-06 12:16:44+0800: Controller: stop
2026-06-06 12:16:44+0800: = 
2026-06-06 12:16:44+0800: Controller: stop
2026-06-06 12:16:44+0800: = 
2026-06-06 12:16:44+0800: Controller: stop
2026-06-06 12:16:44+0800: = 
2026-06-06 12:16:44+0800: Controller: stop
2026-06-06 12:16:44+0800: = 
2026-06-06 12:16:44+0800: Controller: stop
2026-06-06 12:16:44+0800: = 
2026-06-06 12:16:44+0800: Controller: stop
2026-06-06 12:16:44+0800: = 
2026-06-06 12:16:45+0800: Controller: kata-set-param maxPlayouts 100
2026-06-06 12:16:45+0800: = 
2026-06-06 12:16:45+0800: Controller: kata-set-param maxVisits 100
2026-06-06 12:16:45+0800: = 
2026-06-06 12:16:45+0800: Controller: kata-set-param chosenMoveTemperature 0.0
2026-06-06 12:16:45+0800: = 
2026-06-06 12:16:45+0800: Controller: lz-analyze b 10
2026-06-06 12:16:45+0800: =
2026-06-06 12:16:46+0800: Controller: stop
2026-06-06 12:16:46+0800: = 
2026-06-06 12:16:46+0800: Controller: stop
2026-06-06 12:16:46+0800: = 
2026-06-06 12:16:46+0800: Controller: stop
2026-06-06 12:16:46+0800: = 
2026-06-06 12:16:46+0800: Controller: stop
2026-06-06 12:16:46+0800: = 
2026-06-06 12:16:47+0800: Controller: stop
2026-06-06 12:16:47+0800: = 
2026-06-06 12:16:47+0800: Controller: play black R6
2026-06-06 12:16:47+0800: = 
2026-06-06 12:16:48+0800: Controller: kata-set-param maxPlayouts 15
2026-06-06 12:16:48+0800: = 
2026-06-06 12:16:48+0800: Controller: kata-set-param maxVisits 15
2026-06-06 12:16:48+0800: = 
2026-06-06 12:16:48+0800: Controller: kata-set-param chosenMoveTemperature 0.0
2026-06-06 12:16:48+0800: = 
2026-06-06 12:16:48+0800: Controller: lz-analyze w 10
2026-06-06 12:16:48+0800: =
2026-06-06 12:16:49+0800: Controller: stop
2026-06-06 12:16:49+0800: = 
2026-06-06 12:16:49+0800: Controller: stop
2026-06-06 12:16:49+0800: = 
2026-06-06 12:16:49+0800: Controller: play white S5
2026-06-06 12:16:49+0800: = 
2026-06-06 12:16:49+0800: Controller: stop
2026-06-06 12:16:49+0800: = 
2026-06-06 12:16:49+0800: Controller: stop
2026-06-06 12:16:49+0800: = 
2026-06-06 12:16:49+0800: Controller: stop
2026-06-06 12:16:49+0800: = 
2026-06-06 12:16:50+0800: Controller: kata-set-param maxPlayouts 100
2026-06-06 12:16:50+0800: = 
2026-06-06 12:16:50+0800: Controller: kata-set-param maxVisits 100
2026-06-06 12:16:50+0800: = 
2026-06-06 12:16:50+0800: Controller: kata-set-param chosenMoveTemperature 0.0
2026-06-06 12:16:50+0800: = 
2026-06-06 12:16:50+0800: Controller: lz-analyze b 10
2026-06-06 12:16:50+0800: =
2026-06-06 12:16:51+0800: Controller: stop
2026-06-06 12:16:51+0800: = 
2026-06-06 12:16:51+0800: Controller: stop
2026-06-06 12:16:51+0800: = 
2026-06-06 12:16:51+0800: Controller: stop
2026-06-06 12:16:51+0800: = 
2026-06-06 12:16:51+0800: Controller: stop
2026-06-06 12:16:51+0800: = 
2026-06-06 12:16:54+0800: Controller: stop
2026-06-06 12:16:54+0800: = 
2026-06-06 12:16:54+0800: Controller: play black Q4
2026-06-06 12:16:54+0800: = 
2026-06-06 12:16:54+0800: Controller: kata-set-param maxPlayouts 15
2026-06-06 12:16:54+0800: = 
2026-06-06 12:16:54+0800: Controller: kata-set-param maxVisits 15
2026-06-06 12:16:54+0800: = 
2026-06-06 12:16:54+0800: Controller: kata-set-param chosenMoveTemperature 0.0
2026-06-06 12:16:54+0800: = 
2026-06-06 12:16:54+0800: Controller: lz-analyze w 10
2026-06-06 12:16:54+0800: =
2026-06-06 12:16:55+0800: Controller: stop
2026-06-06 12:16:55+0800: = 
2026-06-06 12:16:55+0800: Controller: stop
2026-06-06 12:16:55+0800: = 
2026-06-06 12:16:55+0800: Controller: play white R4
2026-06-06 12:16:55+0800: = 
2026-06-06 12:16:55+0800: Controller: stop
2026-06-06 12:16:55+0800: = 
2026-06-06 12:16:55+0800: Controller: stop
2026-06-06 12:16:55+0800: = 
2026-06-06 12:16:55+0800: Controller: stop
2026-06-06 12:16:55+0800: = 
2026-06-06 12:16:57+0800: Controller: kata-set-param maxPlayouts 100
2026-06-06 12:16:57+0800: = 
2026-06-06 12:16:57+0800: Controller: kata-set-param maxVisits 100
2026-06-06 12:16:57+0800: = 
2026-06-06 12:16:57+0800: Controller: kata-set-param chosenMoveTemperature 0.0
2026-06-06 12:16:57+0800: = 
2026-06-06 12:16:57+0800: Controller: lz-analyze b 10
2026-06-06 12:16:57+0800: =
2026-06-06 12:16:58+0800: Controller: stop
2026-06-06 12:16:58+0800: = 
2026-06-06 12:16:58+0800: Controller: stop
2026-06-06 12:16:58+0800: = 
2026-06-06 12:16:58+0800: Controller: stop
2026-06-06 12:16:58+0800: = 
2026-06-06 12:16:58+0800: Controller: stop
2026-06-06 12:16:58+0800: = 
2026-06-06 12:16:58+0800: Controller: stop
2026-06-06 12:16:58+0800: = 
2026-06-06 12:16:58+0800: Controller: play black P3
2026-06-06 12:16:58+0800: = 
2026-06-06 12:16:59+0800: Controller: kata-set-param maxPlayouts 15
2026-06-06 12:16:59+0800: = 
2026-06-06 12:16:59+0800: Controller: kata-set-param maxVisits 15
2026-06-06 12:16:59+0800: = 
2026-06-06 12:16:59+0800: Controller: kata-set-param chosenMoveTemperature 0.0
2026-06-06 12:16:59+0800: = 
2026-06-06 12:16:59+0800: Controller: lz-analyze w 10
2026-06-06 12:16:59+0800: =
2026-06-06 12:17:00+0800: Controller: stop
2026-06-06 12:17:00+0800: = 
2026-06-06 12:17:00+0800: Controller: stop
2026-06-06 12:17:00+0800: = 
2026-06-06 12:17:00+0800: Controller: play white Q6
2026-06-06 12:17:00+0800: = 
2026-06-06 12:17:00+0800: Controller: stop
2026-06-06 12:17:00+0800: = 
2026-06-06 12:17:00+0800: Controller: stop
2026-06-06 12:17:00+0800: = 
2026-06-06 12:17:00+0800: Controller: stop
2026-06-06 12:17:00+0800: = 
2026-06-06 12:17:02+0800: Controller: kata-set-param maxPlayouts 100
2026-06-06 12:17:02+0800: = 
2026-06-06 12:17:02+0800: Controller: kata-set-param maxVisits 100
2026-06-06 12:17:02+0800: = 
2026-06-06 12:17:02+0800: Controller: kata-set-param chosenMoveTemperature 0.0
2026-06-06 12:17:02+0800: = 
2026-06-06 12:17:02+0800: Controller: lz-analyze b 10
2026-06-06 12:17:02+0800: =
2026-06-06 12:17:03+0800: Controller: stop
2026-06-06 12:17:03+0800: = 
2026-06-06 12:17:03+0800: Controller: stop
2026-06-06 12:17:03+0800: = 
2026-06-06 12:17:03+0800: Controller: stop
2026-06-06 12:17:03+0800: = 
2026-06-06 12:17:03+0800: Controller: stop
2026-06-06 12:17:03+0800: = 
2026-06-06 12:17:05+0800: Controller: stop
2026-06-06 12:17:05+0800: = 
2026-06-06 12:17:05+0800: Controller: play black R3
2026-06-06 12:17:05+0800: = 
2026-06-06 12:17:06+0800: Controller: kata-set-param maxPlayouts 15
2026-06-06 12:17:06+0800: = 
2026-06-06 12:17:06+0800: Controller: kata-set-param maxVisits 15
2026-06-06 12:17:06+0800: = 
2026-06-06 12:17:06+0800: Controller: kata-set-param chosenMoveTemperature 0.0
2026-06-06 12:17:06+0800: = 
2026-06-06 12:17:06+0800: Controller: lz-analyze w 10
2026-06-06 12:17:06+0800: =
2026-06-06 12:17:07+0800: Controller: stop
2026-06-06 12:17:07+0800: = 
2026-06-06 12:17:07+0800: Controller: stop
2026-06-06 12:17:07+0800: = 
2026-06-06 12:17:07+0800: Controller: play white Q2
2026-06-06 12:17:07+0800: = 
2026-06-06 12:17:07+0800: Controller: stop
2026-06-06 12:17:07+0800: = 
2026-06-06 12:17:07+0800: Controller: stop
2026-06-06 12:17:07+0800: = 
2026-06-06 12:17:07+0800: Controller: stop
2026-06-06 12:17:07+0800: = 
2026-06-06 12:17:09+0800: Controller: kata-set-param maxPlayouts 100
2026-06-06 12:17:09+0800: = 
2026-06-06 12:17:09+0800: Controller: kata-set-param maxVisits 100
2026-06-06 12:17:09+0800: = 
2026-06-06 12:17:09+0800: Controller: kata-set-param chosenMoveTemperature 0.0
2026-06-06 12:17:09+0800: = 
2026-06-06 12:17:09+0800: Controller: lz-analyze b 10
2026-06-06 12:17:09+0800: =
2026-06-06 12:17:10+0800: Controller: stop
2026-06-06 12:17:10+0800: = 
2026-06-06 12:17:10+0800: Controller: stop
2026-06-06 12:17:10+0800: = 
2026-06-06 12:17:10+0800: Controller: stop
2026-06-06 12:17:10+0800: = 
2026-06-06 12:17:10+0800: Controller: stop
2026-06-06 12:17:10+0800: = 
2026-06-06 12:17:11+0800: Controller: stop
2026-06-06 12:17:11+0800: = 
2026-06-06 12:17:11+0800: Controller: play black R2
2026-06-06 12:17:11+0800: = 
2026-06-06 12:17:12+0800: Controller: kata-set-param maxPlayouts 15
2026-06-06 12:17:12+0800: = 
2026-06-06 12:17:12+0800: Controller: kata-set-param maxVisits 15
2026-06-06 12:17:12+0800: = 
2026-06-06 12:17:12+0800: Controller: kata-set-param chosenMoveTemperature 0.0
2026-06-06 12:17:12+0800: = 
2026-06-06 12:17:12+0800: Controller: lz-analyze w 10
2026-06-06 12:17:12+0800: =
2026-06-06 12:17:13+0800: Controller: stop
2026-06-06 12:17:13+0800: = 
2026-06-06 12:17:13+0800: Controller: stop
2026-06-06 12:17:13+0800: = 
2026-06-06 12:17:13+0800: Controller: play white S3
2026-06-06 12:17:13+0800: = 
2026-06-06 12:17:13+0800: Controller: stop
2026-06-06 12:17:13+0800: = 
2026-06-06 12:17:13+0800: Controller: stop
2026-06-06 12:17:13+0800: = 
2026-06-06 12:17:13+0800: Controller: stop
2026-06-06 12:17:13+0800: = 
2026-06-06 12:17:15+0800: Controller: kata-set-param maxPlayouts 100
2026-06-06 12:17:15+0800: = 
2026-06-06 12:17:15+0800: Controller: kata-set-param maxVisits 100
2026-06-06 12:17:15+0800: = 
2026-06-06 12:17:15+0800: Controller: kata-set-param chosenMoveTemperature 0.0
2026-06-06 12:17:15+0800: = 
2026-06-06 12:17:15+0800: Controller: lz-analyze b 10
2026-06-06 12:17:15+0800: =
2026-06-06 12:17:16+0800: Controller: stop
2026-06-06 12:17:16+0800: = 
2026-06-06 12:17:16+0800: Controller: stop
2026-06-06 12:17:16+0800: = 
2026-06-06 12:17:16+0800: Controller: stop
2026-06-06 12:17:16+0800: = 
2026-06-06 12:17:16+0800: Controller: stop
2026-06-06 12:17:16+0800: = 
2026-06-06 12:17:17+0800: Controller: stop
2026-06-06 12:17:17+0800: = 
2026-06-06 12:17:17+0800: Controller: play black P2
2026-06-06 12:17:17+0800: = 
2026-06-06 12:17:18+0800: Controller: kata-set-param maxPlayouts 15
2026-06-06 12:17:18+0800: = 
2026-06-06 12:17:18+0800: Controller: kata-set-param maxVisits 15
2026-06-06 12:17:18+0800: = 
2026-06-06 12:17:18+0800: Controller: kata-set-param chosenMoveTemperature 0.0
2026-06-06 12:17:18+0800: = 
2026-06-06 12:17:18+0800: Controller: lz-analyze w 10
2026-06-06 12:17:18+0800: =
2026-06-06 12:17:19+0800: Controller: stop
2026-06-06 12:17:19+0800: = 
2026-06-06 12:17:19+0800: Controller: stop
2026-06-06 12:17:19+0800: = 
2026-06-06 12:17:19+0800: Controller: play white R7
2026-06-06 12:17:19+0800: = 
2026-06-06 12:17:19+0800: Controller: stop
2026-06-06 12:17:19+0800: = 
2026-06-06 12:17:19+0800: Controller: stop
2026-06-06 12:17:19+0800: = 
2026-06-06 12:17:19+0800: Controller: stop
2026-06-06 12:17:19+0800: = 
2026-06-06 12:17:20+0800: Controller: kata-set-param maxPlayouts 100
2026-06-06 12:17:20+0800: = 
2026-06-06 12:17:20+0800: Controller: kata-set-param maxVisits 100
2026-06-06 12:17:20+0800: = 
2026-06-06 12:17:20+0800: Controller: kata-set-param chosenMoveTemperature 0.0
2026-06-06 12:17:20+0800: = 
2026-06-06 12:17:20+0800: Controller: lz-analyze b 10
2026-06-06 12:17:20+0800: =
2026-06-06 12:17:21+0800: Controller: stop
2026-06-06 12:17:21+0800: = 
2026-06-06 12:17:21+0800: Controller: stop
2026-06-06 12:17:21+0800: = 
2026-06-06 12:17:21+0800: Controller: stop
2026-06-06 12:17:21+0800: = 
2026-06-06 12:17:21+0800: Controller: stop
2026-06-06 12:17:21+0800: = 
2026-06-06 12:17:24+0800: Controller: stop
2026-06-06 12:17:24+0800: = 
2026-06-06 12:17:24+0800: Controller: play black G3
2026-06-06 12:17:24+0800: = 
2026-06-06 12:17:25+0800: Controller: kata-set-param maxPlayouts 15
2026-06-06 12:17:25+0800: = 
2026-06-06 12:17:25+0800: Controller: kata-set-param maxVisits 15
2026-06-06 12:17:25+0800: = 
2026-06-06 12:17:25+0800: Controller: kata-set-param chosenMoveTemperature 0.0
2026-06-06 12:17:25+0800: = 
2026-06-06 12:17:25+0800: Controller: lz-analyze w 10
2026-06-06 12:17:25+0800: =
2026-06-06 12:17:26+0800: Controller: stop
2026-06-06 12:17:26+0800: = 
2026-06-06 12:17:26+0800: Controller: stop
2026-06-06 12:17:26+0800: = 
2026-06-06 12:17:26+0800: Controller: play white P5
2026-06-06 12:17:26+0800: = 
2026-06-06 12:17:26+0800: Controller: stop
2026-06-06 12:17:26+0800: = 
2026-06-06 12:17:26+0800: Controller: stop
2026-06-06 12:17:26+0800: = 
2026-06-06 12:17:26+0800: Controller: stop
2026-06-06 12:17:26+0800: = 
2026-06-06 12:17:28+0800: Controller: kata-set-param maxPlayouts 100
2026-06-06 12:17:28+0800: = 
2026-06-06 12:17:28+0800: Controller: kata-set-param maxVisits 100
2026-06-06 12:17:28+0800: = 
2026-06-06 12:17:28+0800: Controller: kata-set-param chosenMoveTemperature 0.0
2026-06-06 12:17:28+0800: = 
2026-06-06 12:17:28+0800: Controller: lz-analyze b 10
2026-06-06 12:17:28+0800: =
2026-06-06 12:17:29+0800: Controller: stop
2026-06-06 12:17:29+0800: = 
2026-06-06 12:17:29+0800: Controller: stop
2026-06-06 12:17:29+0800: = 
2026-06-06 12:17:29+0800: Controller: stop
2026-06-06 12:17:29+0800: = 
2026-06-06 12:17:29+0800: Controller: stop
2026-06-06 12:17:29+0800: = 
2026-06-06 12:17:32+0800: Controller: stop
2026-06-06 12:17:32+0800: = 
2026-06-06 12:17:32+0800: Controller: play black P4
2026-06-06 12:17:32+0800: = 
2026-06-06 12:17:33+0800: Controller: kata-set-param maxPlayouts 15
2026-06-06 12:17:33+0800: = 
2026-06-06 12:17:33+0800: Controller: kata-set-param maxVisits 15
2026-06-06 12:17:33+0800: = 
2026-06-06 12:17:33+0800: Controller: kata-set-param chosenMoveTemperature 0.0
2026-06-06 12:17:33+0800: = 
2026-06-06 12:17:33+0800: Controller: lz-analyze w 10
2026-06-06 12:17:33+0800: =
2026-06-06 12:17:34+0800: Controller: stop
2026-06-06 12:17:34+0800: = 
2026-06-06 12:17:34+0800: Controller: stop
2026-06-06 12:17:34+0800: = 
2026-06-06 12:17:34+0800: Controller: play white D10
2026-06-06 12:17:34+0800: = 
2026-06-06 12:17:34+0800: Controller: stop
2026-06-06 12:17:34+0800: = 
2026-06-06 12:17:34+0800: Controller: stop
2026-06-06 12:17:34+0800: = 
2026-06-06 12:17:34+0800: Controller: stop
2026-06-06 12:17:34+0800: = 
2026-06-06 12:17:35+0800: Controller: kata-set-param maxPlayouts 100
2026-06-06 12:17:35+0800: = 
2026-06-06 12:17:35+0800: Controller: kata-set-param maxVisits 100
2026-06-06 12:17:35+0800: = 
2026-06-06 12:17:35+0800: Controller: kata-set-param chosenMoveTemperature 0.0
2026-06-06 12:17:35+0800: = 
2026-06-06 12:17:35+0800: Controller: lz-analyze b 10
2026-06-06 12:17:35+0800: =
2026-06-06 12:17:36+0800: Controller: stop
2026-06-06 12:17:36+0800: = 
2026-06-06 12:17:36+0800: Controller: stop
2026-06-06 12:17:36+0800: = 
2026-06-06 12:17:36+0800: Controller: stop
2026-06-06 12:17:36+0800: = 
2026-06-06 12:17:36+0800: Controller: stop
2026-06-06 12:17:36+0800: = 
2026-06-06 12:17:37+0800: Controller: stop
2026-06-06 12:17:37+0800: = 
2026-06-06 12:17:37+0800: Controller: play black F17
2026-06-06 12:17:37+0800: = 
2026-06-06 12:17:38+0800: Controller: kata-set-param maxPlayouts 15
2026-06-06 12:17:38+0800: = 
2026-06-06 12:17:38+0800: Controller: kata-set-param maxVisits 15
2026-06-06 12:17:38+0800: = 
2026-06-06 12:17:38+0800: Controller: kata-set-param chosenMoveTemperature 0.0
2026-06-06 12:17:38+0800: = 
2026-06-06 12:17:38+0800: Controller: lz-analyze w 10
2026-06-06 12:17:38+0800: =
2026-06-06 12:17:39+0800: Controller: stop
2026-06-06 12:17:39+0800: = 
2026-06-06 12:17:39+0800: Controller: stop
2026-06-06 12:17:39+0800: = 
2026-06-06 12:17:39+0800: Controller: play white J17
2026-06-06 12:17:39+0800: = 
2026-06-06 12:17:39+0800: Controller: stop
2026-06-06 12:17:39+0800: = 
2026-06-06 12:17:39+0800: Controller: stop
2026-06-06 12:17:39+0800: = 
2026-06-06 12:17:39+0800: Controller: stop
2026-06-06 12:17:39+0800: = 
2026-06-06 12:17:42+0800: Controller: kata-set-param maxPlayouts 100
2026-06-06 12:17:42+0800: = 
2026-06-06 12:17:42+0800: Controller: kata-set-param maxVisits 100
2026-06-06 12:17:42+0800: = 
2026-06-06 12:17:42+0800: Controller: kata-set-param chosenMoveTemperature 0.0
2026-06-06 12:17:42+0800: = 
2026-06-06 12:17:42+0800: Controller: lz-analyze b 10
2026-06-06 12:17:42+0800: =
2026-06-06 12:17:42+0800: Controller: stop
2026-06-06 12:17:42+0800: = 
2026-06-06 12:17:42+0800: Controller: stop
2026-06-06 12:17:42+0800: = 
2026-06-06 12:17:42+0800: Controller: stop
2026-06-06 12:17:42+0800: = 
2026-06-06 12:17:42+0800: Controller: stop
2026-06-06 12:17:42+0800: = 
2026-06-06 12:17:45+0800: Controller: stop
2026-06-06 12:17:45+0800: = 
2026-06-06 12:17:45+0800: Controller: play black C8
2026-06-06 12:17:45+0800: = 
2026-06-06 12:17:45+0800: Controller: kata-set-param maxPlayouts 15
2026-06-06 12:17:45+0800: = 
2026-06-06 12:17:45+0800: Controller: kata-set-param maxVisits 15
2026-06-06 12:17:45+0800: = 
2026-06-06 12:17:45+0800: Controller: kata-set-param chosenMoveTemperature 0.0
2026-06-06 12:17:45+0800: = 
2026-06-06 12:17:45+0800: Controller: lz-analyze w 10
2026-06-06 12:17:45+0800: =
2026-06-06 12:17:46+0800: Controller: stop
2026-06-06 12:17:46+0800: = 
2026-06-06 12:17:46+0800: Controller: stop
2026-06-06 12:17:46+0800: = 
2026-06-06 12:17:46+0800: Controller: play white C17
2026-06-06 12:17:46+0800: = 
2026-06-06 12:17:46+0800: Controller: stop
2026-06-06 12:17:46+0800: = 
2026-06-06 12:17:46+0800: Controller: stop
2026-06-06 12:17:46+0800: = 
2026-06-06 12:17:46+0800: Controller: stop
2026-06-06 12:17:46+0800: = 
2026-06-06 12:17:48+0800: Controller: kata-set-param maxPlayouts 100
2026-06-06 12:17:48+0800: = 
2026-06-06 12:17:48+0800: Controller: kata-set-param maxVisits 100
2026-06-06 12:17:48+0800: = 
2026-06-06 12:17:48+0800: Controller: kata-set-param chosenMoveTemperature 0.0
2026-06-06 12:17:48+0800: = 
2026-06-06 12:17:48+0800: Controller: lz-analyze b 10
2026-06-06 12:17:48+0800: =
2026-06-06 12:17:49+0800: Controller: stop
2026-06-06 12:17:49+0800: = 
2026-06-06 12:17:49+0800: Controller: stop
2026-06-06 12:17:49+0800: = 
2026-06-06 12:17:49+0800: Controller: stop
2026-06-06 12:17:49+0800: = 
2026-06-06 12:17:49+0800: Controller: stop
2026-06-06 12:17:49+0800: = 
2026-06-06 12:17:51+0800: Controller: stop
2026-06-06 12:17:51+0800: = 
2026-06-06 12:17:51+0800: Controller: play black E8
2026-06-06 12:17:51+0800: = 
2026-06-06 12:17:51+0800: Controller: kata-set-param maxPlayouts 15
2026-06-06 12:17:51+0800: = 
2026-06-06 12:17:51+0800: Controller: kata-set-param maxVisits 15
2026-06-06 12:17:51+0800: = 
2026-06-06 12:17:51+0800: Controller: kata-set-param chosenMoveTemperature 0.0
2026-06-06 12:17:51+0800: = 
2026-06-06 12:17:51+0800: Controller: lz-analyze w 10
2026-06-06 12:17:51+0800: =
2026-06-06 12:17:52+0800: Controller: stop
2026-06-06 12:17:52+0800: = 
2026-06-06 12:17:52+0800: Controller: stop
2026-06-06 12:17:52+0800: = 
2026-06-06 12:17:52+0800: Controller: play white F15
2026-06-06 12:17:52+0800: = 
2026-06-06 12:17:52+0800: Controller: stop
2026-06-06 12:17:52+0800: = 
2026-06-06 12:17:52+0800: Controller: stop
2026-06-06 12:17:52+0800: = 
2026-06-06 12:17:52+0800: Controller: stop
2026-06-06 12:17:52+0800: = 
2026-06-06 12:17:53+0800: Controller: kata-set-param maxPlayouts 100
2026-06-06 12:17:53+0800: = 
2026-06-06 12:17:53+0800: Controller: kata-set-param maxVisits 100
2026-06-06 12:17:53+0800: = 
2026-06-06 12:17:53+0800: Controller: kata-set-param chosenMoveTemperature 0.0
2026-06-06 12:17:53+0800: = 
2026-06-06 12:17:53+0800: Controller: lz-analyze b 10
2026-06-06 12:17:53+0800: =
2026-06-06 12:17:55+0800: Controller: stop
2026-06-06 12:17:55+0800: = 
2026-06-06 12:17:55+0800: Controller: stop
2026-06-06 12:17:55+0800: = 
2026-06-06 12:17:55+0800: Controller: stop
2026-06-06 12:17:55+0800: = 
2026-06-06 12:17:55+0800: Controller: stop
2026-06-06 12:17:55+0800: = 
2026-06-06 12:17:55+0800: Controller: stop
2026-06-06 12:17:55+0800: = 
2026-06-06 12:17:55+0800: Controller: stop
2026-06-06 12:17:55+0800: = 
2026-06-06 12:17:55+0800: Controller: stop
2026-06-06 12:17:55+0800: = 
2026-06-06 12:17:55+0800: Controller: stop
2026-06-06 12:17:55+0800: = 
2026-06-06 12:17:56+0800: Controller: kata-set-param maxPlayouts 100
2026-06-06 12:17:56+0800: = 
2026-06-06 12:17:56+0800: Controller: kata-set-param maxVisits 100
2026-06-06 12:17:56+0800: = 
2026-06-06 12:17:56+0800: Controller: kata-set-param chosenMoveTemperature 0.0
2026-06-06 12:17:56+0800: = 
2026-06-06 12:17:56+0800: Controller: lz-analyze b 10
2026-06-06 12:17:56+0800: =
2026-06-06 12:17:57+0800: Controller: stop
2026-06-06 12:17:57+0800: = 
2026-06-06 12:17:57+0800: Controller: stop
2026-06-06 12:17:57+0800: = 
2026-06-06 12:17:57+0800: Controller: stop
2026-06-06 12:17:57+0800: = 
2026-06-06 12:17:57+0800: Controller: stop
2026-06-06 12:17:57+0800: = 
2026-06-06 12:17:59+0800: Controller: kata-set-param maxPlayouts 100
2026-06-06 12:17:59+0800: = 
2026-06-06 12:17:59+0800: Controller: kata-set-param maxVisits 100
2026-06-06 12:17:59+0800: = 
2026-06-06 12:17:59+0800: Controller: kata-set-param chosenMoveTemperature 0.0
2026-06-06 12:17:59+0800: = 
2026-06-06 12:17:59+0800: Controller: lz-analyze b 10
2026-06-06 12:17:59+0800: =
2026-06-06 12:18:00+0800: Controller: stop
2026-06-06 12:18:00+0800: = 
2026-06-06 12:18:00+0800: Controller: stop
2026-06-06 12:18:00+0800: = 
2026-06-06 12:18:00+0800: Controller: stop
2026-06-06 12:18:00+0800: = 
2026-06-06 12:18:00+0800: Controller: stop
2026-06-06 12:18:00+0800: = 
2026-06-06 12:18:02+0800: Controller: kata-set-param maxPlayouts 100
2026-06-06 12:18:02+0800: = 
2026-06-06 12:18:02+0800: Controller: kata-set-param maxVisits 100
2026-06-06 12:18:02+0800: = 
2026-06-06 12:18:02+0800: Controller: kata-set-param chosenMoveTemperature 0.0
2026-06-06 12:18:02+0800: = 
2026-06-06 12:18:02+0800: Controller: lz-analyze b 10
2026-06-06 12:18:02+0800: =
2026-06-06 12:18:02+0800: Controller: stop
2026-06-06 12:18:02+0800: = 
2026-06-06 12:18:02+0800: Controller: stop
2026-06-06 12:18:02+0800: = 
2026-06-06 12:18:02+0800: Controller: stop
2026-06-06 12:18:02+0800: = 
2026-06-06 12:18:02+0800: Controller: stop
2026-06-06 12:18:02+0800: = 
2026-06-06 12:18:03+0800: Controller: kata-set-param maxPlayouts 100
2026-06-06 12:18:03+0800: = 
2026-06-06 12:18:03+0800: Controller: kata-set-param maxVisits 100
2026-06-06 12:18:03+0800: = 
2026-06-06 12:18:03+0800: Controller: kata-set-param chosenMoveTemperature 0.0
2026-06-06 12:18:03+0800: = 
2026-06-06 12:18:03+0800: Controller: lz-analyze b 10
2026-06-06 12:18:03+0800: =
2026-06-06 12:18:04+0800: Controller: stop
2026-06-06 12:18:04+0800: = 
2026-06-06 12:18:04+0800: Controller: stop
2026-06-06 12:18:04+0800: = 
2026-06-06 12:18:04+0800: Controller: stop
2026-06-06 12:18:04+0800: = 
2026-06-06 12:18:04+0800: Controller: stop
2026-06-06 12:18:04+0800: = 
2026-06-06 12:18:07+0800: Controller: kata-set-param maxPlayouts 100
2026-06-06 12:18:07+0800: = 
2026-06-06 12:18:07+0800: Controller: kata-set-param maxVisits 100
2026-06-06 12:18:07+0800: = 
2026-06-06 12:18:07+0800: Controller: kata-set-param chosenMoveTemperature 0.0
2026-06-06 12:18:07+0800: = 
2026-06-06 12:18:07+0800: Controller: lz-analyze b 10
2026-06-06 12:18:07+0800: =
2026-06-06 12:18:07+0800: Controller: stop
2026-06-06 12:18:07+0800: = 
2026-06-06 12:18:07+0800: Controller: stop
2026-06-06 12:18:07+0800: = 
2026-06-06 12:18:07+0800: Controller: stop
2026-06-06 12:18:07+0800: = 
2026-06-06 12:18:07+0800: Controller: stop
2026-06-06 12:18:07+0800: = 
2026-06-06 12:18:11+0800: Controller: kata-set-param maxPlayouts 100
2026-06-06 12:18:11+0800: = 
2026-06-06 12:18:11+0800: Controller: kata-set-param maxVisits 100
2026-06-06 12:18:11+0800: = 
2026-06-06 12:18:11+0800: Controller: kata-set-param chosenMoveTemperature 0.0
2026-06-06 12:18:11+0800: = 
2026-06-06 12:18:11+0800: Controller: lz-analyze b 10
2026-06-06 12:18:11+0800: =
2026-06-06 12:18:12+0800: Controller: stop
2026-06-06 12:18:12+0800: = 
2026-06-06 12:18:12+0800: Controller: stop
2026-06-06 12:18:12+0800: = 
2026-06-06 12:18:12+0800: Controller: stop
2026-06-06 12:18:12+0800: = 
2026-06-06 12:18:12+0800: Controller: stop
2026-06-06 12:18:12+0800: = 
2026-06-06 12:18:12+0800: Controller: stop
2026-06-06 12:18:12+0800: = 
2026-06-06 12:18:12+0800: Controller: stop
2026-06-06 12:18:12+0800: = 
2026-06-06 12:18:12+0800: Controller: stop
2026-06-06 12:18:12+0800: = 
2026-06-06 12:18:12+0800: Controller: stop
2026-06-06 12:18:12+0800: = 
2026-06-06 12:18:12+0800: Controller: stop
2026-06-06 12:18:12+0800: = 
2026-06-06 12:18:13+0800: Controller: stop
2026-06-06 12:18:13+0800: = 
2026-06-06 12:18:13+0800: Controller: play black C4
2026-06-06 12:18:13+0800: = 
2026-06-06 12:18:14+0800: Controller: kata-set-param maxPlayouts 15
2026-06-06 12:18:14+0800: = 
2026-06-06 12:18:14+0800: Controller: kata-set-param maxVisits 15
2026-06-06 12:18:14+0800: = 
2026-06-06 12:18:14+0800: Controller: kata-set-param chosenMoveTemperature 0.0
2026-06-06 12:18:14+0800: = 
2026-06-06 12:18:14+0800: Controller: lz-analyze w 10
2026-06-06 12:18:14+0800: =
2026-06-06 12:18:15+0800: Controller: stop
2026-06-06 12:18:15+0800: = 
2026-06-06 12:18:15+0800: Controller: stop
2026-06-06 12:18:15+0800: = 
2026-06-06 12:18:15+0800: Controller: play white B10
2026-06-06 12:18:15+0800: = 
2026-06-06 12:18:15+0800: Controller: stop
2026-06-06 12:18:15+0800: = 
2026-06-06 12:18:15+0800: Controller: stop
2026-06-06 12:18:15+0800: = 
2026-06-06 12:18:15+0800: Controller: stop
2026-06-06 12:18:15+0800: = 
2026-06-06 12:18:16+0800: Controller: kata-set-param maxPlayouts 100
2026-06-06 12:18:16+0800: = 
2026-06-06 12:18:16+0800: Controller: kata-set-param maxVisits 100
2026-06-06 12:18:16+0800: = 
2026-06-06 12:18:16+0800: Controller: kata-set-param chosenMoveTemperature 0.0
2026-06-06 12:18:16+0800: = 
2026-06-06 12:18:16+0800: Controller: lz-analyze b 10
2026-06-06 12:18:16+0800: =
2026-06-06 12:18:17+0800: Controller: stop
2026-06-06 12:18:17+0800: = 
2026-06-06 12:18:17+0800: Controller: stop
2026-06-06 12:18:17+0800: = 
2026-06-06 12:18:17+0800: Controller: stop
2026-06-06 12:18:17+0800: = 
2026-06-06 12:18:17+0800: Controller: stop
2026-06-06 12:18:17+0800: = 
2026-06-06 12:18:19+0800: Controller: stop
2026-06-06 12:18:19+0800: = 
2026-06-06 12:18:19+0800: Controller: play black J6
2026-06-06 12:18:19+0800: = 
2026-06-06 12:18:20+0800: Controller: kata-set-param maxPlayouts 15
2026-06-06 12:18:20+0800: = 
2026-06-06 12:18:20+0800: Controller: kata-set-param maxVisits 15
2026-06-06 12:18:20+0800: = 
2026-06-06 12:18:20+0800: Controller: kata-set-param chosenMoveTemperature 0.0
2026-06-06 12:18:20+0800: = 
2026-06-06 12:18:20+0800: Controller: lz-analyze w 10
2026-06-06 12:18:20+0800: =
2026-06-06 12:18:21+0800: Controller: stop
2026-06-06 12:18:21+0800: = 
2026-06-06 12:18:21+0800: Controller: stop
2026-06-06 12:18:21+0800: = 
2026-06-06 12:18:21+0800: Controller: play white H15
2026-06-06 12:18:21+0800: = 
2026-06-06 12:18:21+0800: Controller: stop
2026-06-06 12:18:21+0800: = 
2026-06-06 12:18:21+0800: Controller: stop
2026-06-06 12:18:21+0800: = 
2026-06-06 12:18:21+0800: Controller: stop
2026-06-06 12:18:21+0800: = 
2026-06-06 12:18:22+0800: Controller: kata-set-param maxPlayouts 100
2026-06-06 12:18:22+0800: = 
2026-06-06 12:18:22+0800: Controller: kata-set-param maxVisits 100
2026-06-06 12:18:22+0800: = 
2026-06-06 12:18:22+0800: Controller: kata-set-param chosenMoveTemperature 0.0
2026-06-06 12:18:22+0800: = 
2026-06-06 12:18:22+0800: Controller: lz-analyze b 10
2026-06-06 12:18:22+0800: =
2026-06-06 12:18:23+0800: Controller: stop
2026-06-06 12:18:23+0800: = 
2026-06-06 12:18:23+0800: Controller: stop
2026-06-06 12:18:23+0800: = 
2026-06-06 12:18:23+0800: Controller: stop
2026-06-06 12:18:23+0800: = 
2026-06-06 12:18:23+0800: Controller: stop
2026-06-06 12:18:23+0800: = 
2026-06-06 12:18:25+0800: Controller: stop
2026-06-06 12:18:25+0800: = 
2026-06-06 12:18:25+0800: Controller: play black G14
2026-06-06 12:18:25+0800: = 
2026-06-06 12:18:26+0800: Controller: kata-set-param maxPlayouts 15
2026-06-06 12:18:26+0800: = 
2026-06-06 12:18:26+0800: Controller: kata-set-param maxVisits 15
2026-06-06 12:18:26+0800: = 
2026-06-06 12:18:26+0800: Controller: kata-set-param chosenMoveTemperature 0.0
2026-06-06 12:18:26+0800: = 
2026-06-06 12:18:26+0800: Controller: lz-analyze w 10
2026-06-06 12:18:26+0800: =
2026-06-06 12:18:27+0800: Controller: stop
2026-06-06 12:18:27+0800: = 
2026-06-06 12:18:27+0800: Controller: stop
2026-06-06 12:18:27+0800: = 
2026-06-06 12:18:27+0800: Controller: play white G4
2026-06-06 12:18:27+0800: = 
2026-06-06 12:18:27+0800: Controller: stop
2026-06-06 12:18:27+0800: = 
2026-06-06 12:18:27+0800: Controller: stop
2026-06-06 12:18:27+0800: = 
2026-06-06 12:18:27+0800: Controller: stop
2026-06-06 12:18:27+0800: = 
2026-06-06 12:18:28+0800: Controller: kata-set-param maxPlayouts 100
2026-06-06 12:18:28+0800: = 
2026-06-06 12:18:28+0800: Controller: kata-set-param maxVisits 100
2026-06-06 12:18:28+0800: = 
2026-06-06 12:18:28+0800: Controller: kata-set-param chosenMoveTemperature 0.0
2026-06-06 12:18:28+0800: = 
2026-06-06 12:18:28+0800: Controller: lz-analyze b 10
2026-06-06 12:18:28+0800: =
2026-06-06 12:18:29+0800: Controller: stop
2026-06-06 12:18:29+0800: = 
2026-06-06 12:18:29+0800: Controller: stop
2026-06-06 12:18:29+0800: = 
2026-06-06 12:18:29+0800: Controller: stop
2026-06-06 12:18:29+0800: = 
2026-06-06 12:18:29+0800: Controller: stop
2026-06-06 12:18:29+0800: = 
2026-06-06 12:18:31+0800: Controller: stop
2026-06-06 12:18:31+0800: = 
2026-06-06 12:18:31+0800: Controller: play black H4
2026-06-06 12:18:31+0800: = 
2026-06-06 12:18:32+0800: Controller: kata-set-param maxPlayouts 15
2026-06-06 12:18:32+0800: = 
2026-06-06 12:18:32+0800: Controller: kata-set-param maxVisits 15
2026-06-06 12:18:32+0800: = 
2026-06-06 12:18:32+0800: Controller: kata-set-param chosenMoveTemperature 0.0
2026-06-06 12:18:32+0800: = 
2026-06-06 12:18:32+0800: Controller: lz-analyze w 10
2026-06-06 12:18:32+0800: =
2026-06-06 12:18:33+0800: Controller: stop
2026-06-06 12:18:33+0800: = 
2026-06-06 12:18:33+0800: Controller: stop
2026-06-06 12:18:33+0800: = 
2026-06-06 12:18:33+0800: Controller: play white H5
2026-06-06 12:18:33+0800: = 
2026-06-06 12:18:33+0800: Controller: stop
2026-06-06 12:18:33+0800: = 
2026-06-06 12:18:33+0800: Controller: stop
2026-06-06 12:18:33+0800: = 
2026-06-06 12:18:33+0800: Controller: stop
2026-06-06 12:18:33+0800: = 
2026-06-06 12:18:34+0800: Controller: kata-set-param maxPlayouts 100
2026-06-06 12:18:34+0800: = 
2026-06-06 12:18:34+0800: Controller: kata-set-param maxVisits 100
2026-06-06 12:18:34+0800: = 
2026-06-06 12:18:34+0800: Controller: kata-set-param chosenMoveTemperature 0.0
2026-06-06 12:18:34+0800: = 
2026-06-06 12:18:34+0800: Controller: lz-analyze b 10
2026-06-06 12:18:34+0800: =
2026-06-06 12:18:35+0800: Controller: stop
2026-06-06 12:18:35+0800: = 
2026-06-06 12:18:35+0800: Controller: stop
2026-06-06 12:18:35+0800: = 
2026-06-06 12:18:35+0800: Controller: stop
2026-06-06 12:18:35+0800: = 
2026-06-06 12:18:35+0800: Controller: stop
2026-06-06 12:18:35+0800: = 
2026-06-06 12:18:36+0800: Controller: stop
2026-06-06 12:18:36+0800: = 
2026-06-06 12:18:36+0800: Controller: play black F4
2026-06-06 12:18:36+0800: = 
2026-06-06 12:18:37+0800: Controller: kata-set-param maxPlayouts 15
2026-06-06 12:18:37+0800: = 
2026-06-06 12:18:37+0800: Controller: kata-set-param maxVisits 15
2026-06-06 12:18:37+0800: = 
2026-06-06 12:18:37+0800: Controller: kata-set-param chosenMoveTemperature 0.0
2026-06-06 12:18:37+0800: = 
2026-06-06 12:18:37+0800: Controller: lz-analyze w 10
2026-06-06 12:18:37+0800: =
2026-06-06 12:18:38+0800: Controller: stop
2026-06-06 12:18:38+0800: = 
2026-06-06 12:18:38+0800: Controller: stop
2026-06-06 12:18:38+0800: = 
2026-06-06 12:18:38+0800: Controller: play white G15
2026-06-06 12:18:38+0800: = 
2026-06-06 12:18:38+0800: Controller: stop
2026-06-06 12:18:38+0800: = 
2026-06-06 12:18:38+0800: Controller: stop
2026-06-06 12:18:38+0800: = 
2026-06-06 12:18:38+0800: Controller: stop
2026-06-06 12:18:38+0800: = 
2026-06-06 12:18:39+0800: Controller: kata-set-param maxPlayouts 100
2026-06-06 12:18:39+0800: = 
2026-06-06 12:18:39+0800: Controller: kata-set-param maxVisits 100
2026-06-06 12:18:39+0800: = 
2026-06-06 12:18:39+0800: Controller: kata-set-param chosenMoveTemperature 0.0
2026-06-06 12:18:39+0800: = 
2026-06-06 12:18:39+0800: Controller: lz-analyze b 10
2026-06-06 12:18:39+0800: =
2026-06-06 12:18:40+0800: Controller: stop
2026-06-06 12:18:40+0800: = 
2026-06-06 12:18:40+0800: Controller: stop
2026-06-06 12:18:40+0800: = 
2026-06-06 12:18:40+0800: Controller: stop
2026-06-06 12:18:40+0800: = 
2026-06-06 12:18:40+0800: Controller: stop
2026-06-06 12:18:40+0800: = 
2026-06-06 12:18:41+0800: Controller: stop
2026-06-06 12:18:41+0800: = 
2026-06-06 12:18:41+0800: Controller: play black K17
2026-06-06 12:18:41+0800: = 
2026-06-06 12:18:42+0800: Controller: kata-set-param maxPlayouts 15
2026-06-06 12:18:42+0800: = 
2026-06-06 12:18:42+0800: Controller: kata-set-param maxVisits 15
2026-06-06 12:18:42+0800: = 
2026-06-06 12:18:42+0800: Controller: kata-set-param chosenMoveTemperature 0.0
2026-06-06 12:18:42+0800: = 
2026-06-06 12:18:42+0800: Controller: lz-analyze w 10
2026-06-06 12:18:42+0800: =
2026-06-06 12:18:43+0800: Controller: stop
2026-06-06 12:18:43+0800: = 
2026-06-06 12:18:43+0800: Controller: stop
2026-06-06 12:18:43+0800: = 
2026-06-06 12:18:43+0800: Controller: play white K18
2026-06-06 12:18:43+0800: = 
2026-06-06 12:18:43+0800: Controller: stop
2026-06-06 12:18:43+0800: = 
2026-06-06 12:18:43+0800: Controller: stop
2026-06-06 12:18:43+0800: = 
2026-06-06 12:18:43+0800: Controller: stop
2026-06-06 12:18:43+0800: = 
2026-06-06 12:18:44+0800: Controller: kata-set-param maxPlayouts 100
2026-06-06 12:18:44+0800: = 
2026-06-06 12:18:44+0800: Controller: kata-set-param maxVisits 100
2026-06-06 12:18:44+0800: = 
2026-06-06 12:18:44+0800: Controller: kata-set-param chosenMoveTemperature 0.0
2026-06-06 12:18:44+0800: = 
2026-06-06 12:18:44+0800: Controller: lz-analyze b 10
2026-06-06 12:18:44+0800: =
2026-06-06 12:18:45+0800: Controller: stop
2026-06-06 12:18:45+0800: = 
2026-06-06 12:18:45+0800: Controller: stop
2026-06-06 12:18:45+0800: = 
2026-06-06 12:18:45+0800: Controller: stop
2026-06-06 12:18:45+0800: = 
2026-06-06 12:18:45+0800: Controller: stop
2026-06-06 12:18:45+0800: = 
2026-06-06 12:18:46+0800: Controller: stop
2026-06-06 12:18:46+0800: = 
2026-06-06 12:18:46+0800: Controller: play black J16
2026-06-06 12:18:46+0800: = 
2026-06-06 12:18:47+0800: Controller: kata-set-param maxPlayouts 15
2026-06-06 12:18:47+0800: = 
2026-06-06 12:18:47+0800: Controller: kata-set-param maxVisits 15
2026-06-06 12:18:47+0800: = 
2026-06-06 12:18:47+0800: Controller: kata-set-param chosenMoveTemperature 0.0
2026-06-06 12:18:47+0800: = 
2026-06-06 12:18:47+0800: Controller: lz-analyze w 10
2026-06-06 12:18:47+0800: =
2026-06-06 12:18:48+0800: Controller: stop
2026-06-06 12:18:48+0800: = 
2026-06-06 12:18:48+0800: Controller: stop
2026-06-06 12:18:48+0800: = 
2026-06-06 12:18:48+0800: Controller: play white G5
2026-06-06 12:18:48+0800: = 
2026-06-06 12:18:48+0800: Controller: stop
2026-06-06 12:18:48+0800: = 
2026-06-06 12:18:48+0800: Controller: stop
2026-06-06 12:18:48+0800: = 
2026-06-06 12:18:48+0800: Controller: stop
2026-06-06 12:18:48+0800: = 
2026-06-06 12:18:50+0800: Controller: kata-set-param maxPlayouts 100
2026-06-06 12:18:50+0800: = 
2026-06-06 12:18:50+0800: Controller: kata-set-param maxVisits 100
2026-06-06 12:18:50+0800: = 
2026-06-06 12:18:50+0800: Controller: kata-set-param chosenMoveTemperature 0.0
2026-06-06 12:18:50+0800: = 
2026-06-06 12:18:50+0800: Controller: lz-analyze b 10
2026-06-06 12:18:50+0800: =
2026-06-06 12:18:51+0800: Controller: stop
2026-06-06 12:18:51+0800: = 
2026-06-06 12:18:51+0800: Controller: stop
2026-06-06 12:18:51+0800: = 
2026-06-06 12:18:51+0800: Controller: stop
2026-06-06 12:18:51+0800: = 
2026-06-06 12:18:51+0800: Controller: stop
2026-06-06 12:18:51+0800: = 
2026-06-06 12:18:51+0800: Controller: stop
2026-06-06 12:18:51+0800: = 
2026-06-06 12:18:51+0800: Controller: stop
2026-06-06 12:18:51+0800: = 
2026-06-06 12:18:51+0800: Controller: stop
2026-06-06 12:18:51+0800: = 
2026-06-06 12:18:51+0800: Controller: stop
2026-06-06 12:18:51+0800: = 
2026-06-06 12:18:52+0800: Controller: stop
2026-06-06 12:18:52+0800: = 
2026-06-06 12:18:52+0800: Controller: play black J4
2026-06-06 12:18:52+0800: = 
2026-06-06 12:18:53+0800: Controller: kata-set-param maxPlayouts 15
2026-06-06 12:18:53+0800: = 
2026-06-06 12:18:53+0800: Controller: kata-set-param maxVisits 15
2026-06-06 12:18:53+0800: = 
2026-06-06 12:18:53+0800: Controller: kata-set-param chosenMoveTemperature 0.0
2026-06-06 12:18:53+0800: = 
2026-06-06 12:18:53+0800: Controller: lz-analyze w 10
2026-06-06 12:18:53+0800: =
2026-06-06 12:18:54+0800: Controller: stop
2026-06-06 12:18:54+0800: = 
2026-06-06 12:18:54+0800: Controller: stop
2026-06-06 12:18:54+0800: = 
2026-06-06 12:18:54+0800: Controller: play white H17
2026-06-06 12:18:54+0800: = 
2026-06-06 12:18:54+0800: Controller: stop
2026-06-06 12:18:54+0800: = 
2026-06-06 12:18:54+0800: Controller: stop
2026-06-06 12:18:54+0800: = 
2026-06-06 12:18:54+0800: Controller: stop
2026-06-06 12:18:54+0800: = 
2026-06-06 12:18:56+0800: Controller: kata-set-param maxPlayouts 100
2026-06-06 12:18:56+0800: = 
2026-06-06 12:18:56+0800: Controller: kata-set-param maxVisits 100
2026-06-06 12:18:56+0800: = 
2026-06-06 12:18:56+0800: Controller: kata-set-param chosenMoveTemperature 0.0
2026-06-06 12:18:56+0800: = 
2026-06-06 12:18:56+0800: Controller: lz-analyze b 10
2026-06-06 12:18:56+0800: =
2026-06-06 12:18:57+0800: Controller: stop
2026-06-06 12:18:57+0800: = 
2026-06-06 12:18:57+0800: Controller: stop
2026-06-06 12:18:57+0800: = 
2026-06-06 12:18:57+0800: Controller: stop
2026-06-06 12:18:57+0800: = 
2026-06-06 12:18:57+0800: Controller: stop
2026-06-06 12:18:57+0800: = 
2026-06-06 12:18:59+0800: Controller: stop
2026-06-06 12:18:59+0800: = 
2026-06-06 12:18:59+0800: Controller: play black J5
2026-06-06 12:18:59+0800: = 
2026-06-06 12:18:59+0800: Controller: kata-set-param maxPlayouts 15
2026-06-06 12:18:59+0800: = 
2026-06-06 12:18:59+0800: Controller: kata-set-param maxVisits 15
2026-06-06 12:18:59+0800: = 
2026-06-06 12:18:59+0800: Controller: kata-set-param chosenMoveTemperature 0.0
2026-06-06 12:18:59+0800: = 
2026-06-06 12:18:59+0800: Controller: lz-analyze w 10
2026-06-06 12:18:59+0800: =
2026-06-06 12:19:00+0800: Controller: stop
2026-06-06 12:19:00+0800: = 
2026-06-06 12:19:00+0800: Controller: stop
2026-06-06 12:19:00+0800: = 
2026-06-06 12:19:00+0800: Controller: play white F3
2026-06-06 12:19:00+0800: = 
2026-06-06 12:19:00+0800: Controller: stop
2026-06-06 12:19:00+0800: = 
2026-06-06 12:19:00+0800: Controller: stop
2026-06-06 12:19:00+0800: = 
2026-06-06 12:19:00+0800: Controller: stop
2026-06-06 12:19:00+0800: = 
2026-06-06 12:19:01+0800: Controller: kata-set-param maxPlayouts 100
2026-06-06 12:19:01+0800: = 
2026-06-06 12:19:01+0800: Controller: kata-set-param maxVisits 100
2026-06-06 12:19:01+0800: = 
2026-06-06 12:19:01+0800: Controller: kata-set-param chosenMoveTemperature 0.0
2026-06-06 12:19:01+0800: = 
2026-06-06 12:19:01+0800: Controller: lz-analyze b 10
2026-06-06 12:19:01+0800: =
2026-06-06 12:19:02+0800: Controller: stop
2026-06-06 12:19:02+0800: = 
2026-06-06 12:19:02+0800: Controller: stop
2026-06-06 12:19:02+0800: = 
2026-06-06 12:19:02+0800: Controller: stop
2026-06-06 12:19:02+0800: = 
2026-06-06 12:19:02+0800: Controller: stop
2026-06-06 12:19:02+0800: = 
2026-06-06 12:19:03+0800: Controller: stop
2026-06-06 12:19:03+0800: = 
2026-06-06 12:19:03+0800: Controller: play black F5
2026-06-06 12:19:03+0800: = 
2026-06-06 12:19:04+0800: Controller: kata-set-param maxPlayouts 15
2026-06-06 12:19:04+0800: = 
2026-06-06 12:19:04+0800: Controller: kata-set-param maxVisits 15
2026-06-06 12:19:04+0800: = 
2026-06-06 12:19:04+0800: Controller: kata-set-param chosenMoveTemperature 0.0
2026-06-06 12:19:04+0800: = 
2026-06-06 12:19:04+0800: Controller: lz-analyze w 10
2026-06-06 12:19:04+0800: =
2026-06-06 12:19:05+0800: Controller: stop
2026-06-06 12:19:05+0800: = 
2026-06-06 12:19:05+0800: Controller: stop
2026-06-06 12:19:05+0800: = 
2026-06-06 12:19:05+0800: Controller: play white G2
2026-06-06 12:19:05+0800: = 
2026-06-06 12:19:05+0800: Controller: stop
2026-06-06 12:19:05+0800: = 
2026-06-06 12:19:05+0800: Controller: stop
2026-06-06 12:19:05+0800: = 
2026-06-06 12:19:05+0800: Controller: stop
2026-06-06 12:19:05+0800: = 
2026-06-06 12:19:07+0800: Controller: kata-set-param maxPlayouts 100
2026-06-06 12:19:07+0800: = 
2026-06-06 12:19:07+0800: Controller: kata-set-param maxVisits 100
2026-06-06 12:19:07+0800: = 
2026-06-06 12:19:07+0800: Controller: kata-set-param chosenMoveTemperature 0.0
2026-06-06 12:19:07+0800: = 
2026-06-06 12:19:07+0800: Controller: lz-analyze b 10
2026-06-06 12:19:07+0800: =
2026-06-06 12:19:08+0800: Controller: stop
2026-06-06 12:19:08+0800: = 
2026-06-06 12:19:08+0800: Controller: stop
2026-06-06 12:19:08+0800: = 
2026-06-06 12:19:08+0800: Controller: stop
2026-06-06 12:19:08+0800: = 
2026-06-06 12:19:08+0800: Controller: stop
2026-06-06 12:19:08+0800: = 
2026-06-06 12:19:09+0800: Controller: stop
2026-06-06 12:19:09+0800: = 
2026-06-06 12:19:09+0800: Controller: play black H3
2026-06-06 12:19:09+0800: = 
2026-06-06 12:19:09+0800: Controller: kata-set-param maxPlayouts 15
2026-06-06 12:19:09+0800: = 
2026-06-06 12:19:09+0800: Controller: kata-set-param maxVisits 15
2026-06-06 12:19:09+0800: = 
2026-06-06 12:19:09+0800: Controller: kata-set-param chosenMoveTemperature 0.0
2026-06-06 12:19:09+0800: = 
2026-06-06 12:19:09+0800: Controller: lz-analyze w 10
2026-06-06 12:19:09+0800: =
2026-06-06 12:19:10+0800: Controller: stop
2026-06-06 12:19:10+0800: = 
2026-06-06 12:19:10+0800: Controller: stop
2026-06-06 12:19:10+0800: = 
2026-06-06 12:19:10+0800: Controller: play white F10
2026-06-06 12:19:10+0800: = 
2026-06-06 12:19:10+0800: Controller: stop
2026-06-06 12:19:10+0800: = 
2026-06-06 12:19:10+0800: Controller: stop
2026-06-06 12:19:10+0800: = 
2026-06-06 12:19:10+0800: Controller: stop
2026-06-06 12:19:10+0800: = 
2026-06-06 12:19:11+0800: Controller: kata-set-param maxPlayouts 100
2026-06-06 12:19:11+0800: = 
2026-06-06 12:19:11+0800: Controller: kata-set-param maxVisits 100
2026-06-06 12:19:11+0800: = 
2026-06-06 12:19:11+0800: Controller: kata-set-param chosenMoveTemperature 0.0
2026-06-06 12:19:11+0800: = 
2026-06-06 12:19:11+0800: Controller: lz-analyze b 10
2026-06-06 12:19:11+0800: =
2026-06-06 12:19:13+0800: Controller: stop
2026-06-06 12:19:13+0800: = 
2026-06-06 12:19:13+0800: Controller: stop
2026-06-06 12:19:13+0800: = 
2026-06-06 12:19:13+0800: Controller: stop
2026-06-06 12:19:13+0800: = 
2026-06-06 12:19:13+0800: Controller: stop
2026-06-06 12:19:13+0800: = 
2026-06-06 12:19:13+0800: Controller: stop
2026-06-06 12:19:13+0800: = 
2026-06-06 12:19:13+0800: Controller: stop
2026-06-06 12:19:13+0800: = 
2026-06-06 12:19:13+0800: Controller: stop
2026-06-06 12:19:13+0800: = 
2026-06-06 12:19:13+0800: Controller: stop
2026-06-06 12:19:13+0800: = 
2026-06-06 12:19:14+0800: Controller: stop
2026-06-06 12:19:14+0800: = 
2026-06-06 12:19:14+0800: Controller: play black C9
2026-06-06 12:19:14+0800: = 
2026-06-06 12:19:15+0800: Controller: kata-set-param maxPlayouts 15
2026-06-06 12:19:15+0800: = 
2026-06-06 12:19:15+0800: Controller: kata-set-param maxVisits 15
2026-06-06 12:19:15+0800: = 
2026-06-06 12:19:15+0800: Controller: kata-set-param chosenMoveTemperature 0.0
2026-06-06 12:19:15+0800: = 
2026-06-06 12:19:15+0800: Controller: lz-analyze w 10
2026-06-06 12:19:15+0800: =
2026-06-06 12:19:16+0800: Controller: stop
2026-06-06 12:19:16+0800: = 
2026-06-06 12:19:16+0800: Controller: stop
2026-06-06 12:19:16+0800: = 
2026-06-06 12:19:16+0800: Controller: play white E3
2026-06-06 12:19:16+0800: = 
2026-06-06 12:19:16+0800: Controller: stop
2026-06-06 12:19:16+0800: = 
2026-06-06 12:19:16+0800: Controller: stop
2026-06-06 12:19:16+0800: = 
2026-06-06 12:19:16+0800: Controller: stop
2026-06-06 12:19:16+0800: = 
2026-06-06 12:19:18+0800: Controller: kata-set-param maxPlayouts 100
2026-06-06 12:19:18+0800: = 
2026-06-06 12:19:18+0800: Controller: kata-set-param maxVisits 100
2026-06-06 12:19:18+0800: = 
2026-06-06 12:19:18+0800: Controller: kata-set-param chosenMoveTemperature 0.0
2026-06-06 12:19:18+0800: = 
2026-06-06 12:19:18+0800: Controller: lz-analyze b 10
2026-06-06 12:19:18+0800: =
2026-06-06 12:19:19+0800: Controller: stop
2026-06-06 12:19:19+0800: = 
2026-06-06 12:19:19+0800: Controller: stop
2026-06-06 12:19:19+0800: = 
2026-06-06 12:19:19+0800: Controller: stop
2026-06-06 12:19:19+0800: = 
2026-06-06 12:19:19+0800: Controller: stop
2026-06-06 12:19:19+0800: = 
2026-06-06 12:19:22+0800: Controller: stop
2026-06-06 12:19:22+0800: = 
2026-06-06 12:19:22+0800: Controller: play black C2
2026-06-06 12:19:22+0800: = 
2026-06-06 12:19:23+0800: Controller: kata-set-param maxPlayouts 15
2026-06-06 12:19:23+0800: = 
2026-06-06 12:19:23+0800: Controller: kata-set-param maxVisits 15
2026-06-06 12:19:23+0800: = 
2026-06-06 12:19:23+0800: Controller: kata-set-param chosenMoveTemperature 0.0
2026-06-06 12:19:23+0800: = 
2026-06-06 12:19:23+0800: Controller: lz-analyze w 10
2026-06-06 12:19:23+0800: =
2026-06-06 12:19:24+0800: Controller: stop
2026-06-06 12:19:24+0800: = 
2026-06-06 12:19:24+0800: Controller: stop
2026-06-06 12:19:24+0800: = 
2026-06-06 12:19:24+0800: Controller: play white E6
2026-06-06 12:19:24+0800: = 
2026-06-06 12:19:24+0800: Controller: stop
2026-06-06 12:19:24+0800: = 
2026-06-06 12:19:24+0800: Controller: stop
2026-06-06 12:19:24+0800: = 
2026-06-06 12:19:24+0800: Controller: stop
2026-06-06 12:19:24+0800: = 
