2026-06-07 09:14:32+0800: Running with following config:
allowResignation = true
analysisOutputOwnership = true
humanSLProfile = preaz_9d
lagBuffer = 1.0
logAllGTPCommunication = true
logDir = gtp_logs
logSearchInfo = true
logSearchInfoForChosenMove = false
logToStderr = false
lzAnalyzeOutputOwnership = true
maxPlayouts = 100
maxTimePondering = 60.0
maxVisits = 100
numSearchThreads = 2
ponderingEnabled = false
resignConsecTurns = 3
resignThreshold = -0.90
rules = tromp-taylor
searchFactorAfterOnePass = 0.50
searchFactorAfterTwoPass = 0.25
searchFactorWhenWinning = 0.40
searchFactorWhenWinningThreshold = 0.95

2026-06-07 09:14:32+0800: GTP Engine starting...
2026-06-07 09:14:32+0800: KataGo v1.16.5
2026-06-07 09:14:32+0800: Using TrompTaylor rules initially, unless GTP/GUI overrides this
2026-06-07 09:14:32+0800: Using 2 CPU thread(s) for search
2026-06-07 09:14:32+0800: nnRandSeed0 = 532819380074940743
2026-06-07 09:14:32+0800: After dedups: nnModelFile0 = E:/开发/new/围棋/bin/b18c384nbt-humanv0.bin.gz useFP16 auto useNHWC auto
2026-06-07 09:14:32+0800: Initializing neural net buffer to be size 19 * 19 exactly
2026-06-07 09:14:33+0800: Eigen (CPU) backend thread 0: Model version 15
2026-06-07 09:14:33+0800: Eigen (CPU) backend thread 0: Model name: b18c384nbt-humanv0
2026-06-07 09:14:33+0800: Eigen (CPU) backend thread 1: Model version 15
2026-06-07 09:14:33+0800: Eigen (CPU) backend thread 1: Model name: b18c384nbt-humanv0
2026-06-07 09:14:34+0800: Loaded neural net with nnXLen 19 nnYLen 19
2026-06-07 09:14:34+0800: Initializing board with boardXSize 19 boardYSize 19
2026-06-07 09:14:34+0800: --------------
2026-06-07 09:14:34+0800: WARNING: Config had unused keys! You may have a typo, an option you specified is being unused from E:/开发/new/围棋/bin/katago.cfg
2026-06-07 09:14:34+0800: WARNING: Unused key 'analysisOutputOwnership' in E:/开发/new/围棋/bin/katago.cfg
2026-06-07 09:14:34+0800: WARNING: Unused key 'lzAnalyzeOutputOwnership' in E:/开发/new/围棋/bin/katago.cfg
2026-06-07 09:14:34+0800: --------------
2026-06-07 09:14:34+0800: Loaded config E:/开发/new/围棋/bin/katago.cfg
2026-06-07 09:14:34+0800: Loaded model E:/开发/new/围棋/bin/b18c384nbt-humanv0.bin.gz
2026-06-07 09:14:34+0800: Model name: b18c384nbt-humanv0
2026-06-07 09:14:34+0800: GTP ready, beginning main protocol loop
2026-06-07 09:14:34+0800: Controller: boardsize 9
2026-06-07 09:14:34+0800: GPU -1 finishing, processed 0 rows 0 batches
2026-06-07 09:14:34+0800: GPU -1 finishing, processed 0 rows 0 batches
2026-06-07 09:14:34+0800: Cleaned up old neural net and bot
2026-06-07 09:14:34+0800: nnRandSeed0 = 14295015308763678266
2026-06-07 09:14:34+0800: After dedups: nnModelFile0 = E:/开发/new/围棋/bin/b18c384nbt-humanv0.bin.gz useFP16 auto useNHWC auto
2026-06-07 09:14:34+0800: Initializing neural net buffer to be size 9 * 9 exactly
2026-06-07 09:14:35+0800: Eigen (CPU) backend thread 0: Model version 15
2026-06-07 09:14:35+0800: Eigen (CPU) backend thread 0: Model name: b18c384nbt-humanv0
2026-06-07 09:14:35+0800: Eigen (CPU) backend thread 1: Model version 15
2026-06-07 09:14:35+0800: Eigen (CPU) backend thread 1: Model name: b18c384nbt-humanv0
2026-06-07 09:14:36+0800: Loaded neural net with nnXLen 9 nnYLen 9
2026-06-07 09:14:36+0800: Initializing board with boardXSize 9 boardYSize 9
2026-06-07 09:14:36+0800: = 
2026-06-07 09:14:36+0800: Controller: komi 7.5
2026-06-07 09:14:36+0800: = 
2026-06-07 09:14:36+0800: Controller: clear_board
2026-06-07 09:14:36+0800: = 
2026-06-07 09:14:36+0800: Controller: boardsize 9
2026-06-07 09:14:36+0800: = 
2026-06-07 09:14:36+0800: Controller: komi 3.5
2026-06-07 09:14:36+0800: = 
2026-06-07 09:14:36+0800: Controller: clear_board
2026-06-07 09:14:36+0800: = 
2026-06-07 09:14:36+0800: Controller: kata-set-param humanSLProfile preaz_5d
2026-06-07 09:14:36+0800: = 
2026-06-07 09:14:36+0800: Controller: kata-set-param maxPlayouts 60
2026-06-07 09:14:36+0800: = 
2026-06-07 09:14:36+0800: Controller: kata-set-param maxVisits 60
2026-06-07 09:14:36+0800: = 
2026-06-07 09:14:36+0800: Controller: kata-set-param chosenMoveTemperature 0.0
2026-06-07 09:14:36+0800: = 
2026-06-07 09:14:36+0800: Controller: lz-analyze b 10
2026-06-07 09:14:36+0800: =
2026-06-07 09:14:39+0800: Controller: stop
2026-06-07 09:14:39+0800: = 
2026-06-07 09:14:45+0800: Controller: stop
2026-06-07 09:14:45+0800: = 
2026-06-07 09:14:45+0800: Controller: play black E5
2026-06-07 09:14:45+0800: = 
2026-06-07 09:14:46+0800: Controller: kata-set-param maxPlayouts 4
2026-06-07 09:14:46+0800: = 
2026-06-07 09:14:46+0800: Controller: kata-set-param maxVisits 4
2026-06-07 09:14:46+0800: = 
2026-06-07 09:14:46+0800: Controller: kata-set-param chosenMoveTemperature 0.0
2026-06-07 09:14:46+0800: = 
2026-06-07 09:14:46+0800: Controller: kata-set-param humanSLProfile preaz_15k
2026-06-07 09:14:46+0800: = 
2026-06-07 09:14:46+0800: Controller: kata-set-param playoutDoublingAdvantage 0.0
2026-06-07 09:14:46+0800: = 
2026-06-07 09:14:46+0800: Controller: lz-analyze w 10
2026-06-07 09:14:46+0800: =
2026-06-07 09:14:46+0800: Controller: stop
2026-06-07 09:14:46+0800: = 
2026-06-07 09:14:46+0800: Controller: stop
2026-06-07 09:14:46+0800: = 
2026-06-07 09:14:46+0800: Controller: play white E7
2026-06-07 09:14:46+0800: = 
2026-06-07 09:14:46+0800: Controller: stop
2026-06-07 09:14:46+0800: = 
2026-06-07 09:14:49+0800: Controller: kata-set-param humanSLProfile preaz_9d
2026-06-07 09:14:49+0800: = 
2026-06-07 09:14:49+0800: Controller: kata-set-param maxPlayouts 100
2026-06-07 09:14:49+0800: = 
2026-06-07 09:14:49+0800: Controller: kata-set-param maxVisits 100
2026-06-07 09:14:49+0800: = 
2026-06-07 09:14:49+0800: Controller: kata-set-param chosenMoveTemperature 0.0
2026-06-07 09:14:49+0800: = 
2026-06-07 09:14:49+0800: Controller: lz-analyze b 10
2026-06-07 09:14:49+0800: =
2026-06-07 09:14:54+0800: Controller: stop
2026-06-07 09:14:54+0800: = 
2026-06-07 09:14:54+0800: Controller: stop
2026-06-07 09:14:54+0800: = 
2026-06-07 09:15:12+0800: Controller: stop
2026-06-07 09:15:12+0800: = 
2026-06-07 09:15:12+0800: Controller: play black E3
2026-06-07 09:15:12+0800: = 
2026-06-07 09:15:13+0800: Controller: kata-set-param maxPlayouts 4
2026-06-07 09:15:13+0800: = 
2026-06-07 09:15:13+0800: Controller: kata-set-param maxVisits 4
2026-06-07 09:15:13+0800: = 
2026-06-07 09:15:13+0800: Controller: kata-set-param chosenMoveTemperature 0.0
2026-06-07 09:15:13+0800: = 
2026-06-07 09:15:13+0800: Controller: kata-set-param humanSLProfile preaz_15k
2026-06-07 09:15:13+0800: = 
2026-06-07 09:15:13+0800: Controller: kata-set-param playoutDoublingAdvantage 0.0
2026-06-07 09:15:13+0800: = 
2026-06-07 09:15:13+0800: Controller: lz-analyze w 10
2026-06-07 09:15:13+0800: =
2026-06-07 09:15:14+0800: Controller: stop
2026-06-07 09:15:14+0800: = 
2026-06-07 09:15:14+0800: Controller: stop
2026-06-07 09:15:14+0800: = 
2026-06-07 09:15:14+0800: Controller: play white D5
2026-06-07 09:15:14+0800: = 
2026-06-07 09:15:19+0800: Controller: kata-set-param humanSLProfile preaz_5d
2026-06-07 09:15:19+0800: = 
2026-06-07 09:15:19+0800: Controller: kata-set-param maxPlayouts 60
2026-06-07 09:15:19+0800: = 
2026-06-07 09:15:19+0800: Controller: kata-set-param maxVisits 60
2026-06-07 09:15:19+0800: = 
2026-06-07 09:15:19+0800: Controller: kata-set-param chosenMoveTemperature 0.0
2026-06-07 09:15:19+0800: = 
2026-06-07 09:15:19+0800: Controller: lz-analyze b 10
2026-06-07 09:15:19+0800: =
2026-06-07 09:15:22+0800: Controller: stop
2026-06-07 09:15:22+0800: = 
2026-06-07 09:15:22+0800: Controller: stop
2026-06-07 09:15:22+0800: = 
2026-06-07 09:15:43+0800: Controller: stop
2026-06-07 09:15:43+0800: = 
2026-06-07 09:15:43+0800: Controller: play black D4
2026-06-07 09:15:43+0800: = 
2026-06-07 09:15:44+0800: Controller: kata-set-param maxPlayouts 4
2026-06-07 09:15:44+0800: = 
2026-06-07 09:15:44+0800: Controller: kata-set-param maxVisits 4
2026-06-07 09:15:44+0800: = 
2026-06-07 09:15:44+0800: Controller: kata-set-param chosenMoveTemperature 0.0
2026-06-07 09:15:44+0800: = 
2026-06-07 09:15:44+0800: Controller: kata-set-param humanSLProfile preaz_15k
2026-06-07 09:15:44+0800: = 
2026-06-07 09:15:44+0800: Controller: kata-set-param playoutDoublingAdvantage 0.0
2026-06-07 09:15:44+0800: = 
2026-06-07 09:15:44+0800: Controller: lz-analyze w 10
2026-06-07 09:15:44+0800: =
2026-06-07 09:15:45+0800: Controller: stop
2026-06-07 09:15:45+0800: = 
2026-06-07 09:15:45+0800: Controller: stop
2026-06-07 09:15:45+0800: = 
2026-06-07 09:15:45+0800: Controller: play white E6
2026-06-07 09:15:45+0800: = 
2026-06-07 09:15:49+0800: Controller: kata-set-param humanSLProfile preaz_9d
2026-06-07 09:15:49+0800: = 
2026-06-07 09:15:49+0800: Controller: kata-set-param maxPlayouts 100
2026-06-07 09:15:49+0800: = 
2026-06-07 09:15:49+0800: Controller: kata-set-param maxVisits 100
2026-06-07 09:15:49+0800: = 
2026-06-07 09:15:49+0800: Controller: kata-set-param chosenMoveTemperature 0.0
2026-06-07 09:15:49+0800: = 
2026-06-07 09:15:49+0800: Controller: lz-analyze b 10
2026-06-07 09:15:49+0800: =
2026-06-07 09:15:52+0800: Controller: stop
2026-06-07 09:15:52+0800: = 
2026-06-07 09:15:52+0800: Controller: stop
2026-06-07 09:15:52+0800: = 
2026-06-07 09:15:57+0800: Controller: stop
2026-06-07 09:15:57+0800: = 
2026-06-07 09:15:57+0800: Controller: play black C5
2026-06-07 09:15:57+0800: = 
2026-06-07 09:15:58+0800: Controller: kata-set-param maxPlayouts 4
2026-06-07 09:15:58+0800: = 
2026-06-07 09:15:58+0800: Controller: kata-set-param maxVisits 4
2026-06-07 09:15:58+0800: = 
2026-06-07 09:15:58+0800: Controller: kata-set-param chosenMoveTemperature 0.0
2026-06-07 09:15:58+0800: = 
2026-06-07 09:15:58+0800: Controller: kata-set-param humanSLProfile preaz_15k
2026-06-07 09:15:58+0800: = 
2026-06-07 09:15:58+0800: Controller: kata-set-param playoutDoublingAdvantage 0.0
2026-06-07 09:15:58+0800: = 
2026-06-07 09:15:58+0800: Controller: lz-analyze w 10
2026-06-07 09:15:58+0800: =
2026-06-07 09:15:59+0800: Controller: stop
2026-06-07 09:15:59+0800: = 
2026-06-07 09:15:59+0800: Controller: stop
2026-06-07 09:15:59+0800: = 
2026-06-07 09:15:59+0800: Controller: play white D6
2026-06-07 09:15:59+0800: = 
2026-06-07 09:16:01+0800: Controller: kata-set-param humanSLProfile preaz_9d
2026-06-07 09:16:01+0800: = 
2026-06-07 09:16:01+0800: Controller: kata-set-param maxPlayouts 100
2026-06-07 09:16:01+0800: = 
2026-06-07 09:16:01+0800: Controller: kata-set-param maxVisits 100
2026-06-07 09:16:01+0800: = 
2026-06-07 09:16:01+0800: Controller: kata-set-param chosenMoveTemperature 0.0
2026-06-07 09:16:01+0800: = 
2026-06-07 09:16:01+0800: Controller: lz-analyze b 10
2026-06-07 09:16:01+0800: =
2026-06-07 09:16:04+0800: Controller: stop
2026-06-07 09:16:04+0800: = 
2026-06-07 09:16:04+0800: Controller: stop
2026-06-07 09:16:04+0800: = 
2026-06-07 09:16:27+0800: Controller: stop
2026-06-07 09:16:27+0800: = 
2026-06-07 09:16:27+0800: Controller: play black F5
2026-06-07 09:16:27+0800: = 
2026-06-07 09:16:28+0800: Controller: kata-set-param maxPlayouts 4
2026-06-07 09:16:28+0800: = 
2026-06-07 09:16:28+0800: Controller: kata-set-param maxVisits 4
2026-06-07 09:16:28+0800: = 
2026-06-07 09:16:28+0800: Controller: kata-set-param chosenMoveTemperature 0.0
2026-06-07 09:16:28+0800: = 
2026-06-07 09:16:28+0800: Controller: kata-set-param humanSLProfile preaz_15k
2026-06-07 09:16:28+0800: = 
2026-06-07 09:16:28+0800: Controller: kata-set-param playoutDoublingAdvantage 0.0
2026-06-07 09:16:28+0800: = 
2026-06-07 09:16:28+0800: Controller: lz-analyze w 10
2026-06-07 09:16:28+0800: =
2026-06-07 09:16:28+0800: Controller: stop
2026-06-07 09:16:28+0800: = 
2026-06-07 09:16:28+0800: Controller: stop
2026-06-07 09:16:28+0800: = 
2026-06-07 09:16:28+0800: Controller: play white C4
2026-06-07 09:16:28+0800: = 
2026-06-07 09:16:28+0800: Controller: stop
2026-06-07 09:16:28+0800: = 
2026-06-07 09:16:32+0800: Controller: kata-set-param humanSLProfile preaz_9d
2026-06-07 09:16:32+0800: = 
2026-06-07 09:16:32+0800: Controller: kata-set-param maxPlayouts 100
2026-06-07 09:16:32+0800: = 
2026-06-07 09:16:32+0800: Controller: kata-set-param maxVisits 100
2026-06-07 09:16:32+0800: = 
2026-06-07 09:16:32+0800: Controller: kata-set-param chosenMoveTemperature 0.0
2026-06-07 09:16:32+0800: = 
2026-06-07 09:16:32+0800: Controller: lz-analyze b 10
2026-06-07 09:16:32+0800: =
2026-06-07 09:16:33+0800: Controller: stop
2026-06-07 09:16:33+0800: = 
2026-06-07 09:16:33+0800: Controller: stop
2026-06-07 09:16:33+0800: = 
2026-06-07 09:16:52+0800: Controller: stop
2026-06-07 09:16:52+0800: = 
2026-06-07 09:16:52+0800: Controller: play black C3
2026-06-07 09:16:52+0800: = 
2026-06-07 09:16:53+0800: Controller: kata-set-param maxPlayouts 4
2026-06-07 09:16:53+0800: = 
2026-06-07 09:16:53+0800: Controller: kata-set-param maxVisits 4
2026-06-07 09:16:53+0800: = 
2026-06-07 09:16:53+0800: Controller: kata-set-param chosenMoveTemperature 0.0
2026-06-07 09:16:53+0800: = 
2026-06-07 09:16:53+0800: Controller: kata-set-param humanSLProfile preaz_15k
2026-06-07 09:16:53+0800: = 
2026-06-07 09:16:53+0800: Controller: kata-set-param playoutDoublingAdvantage 0.0
2026-06-07 09:16:53+0800: = 
2026-06-07 09:16:53+0800: Controller: lz-analyze w 10
2026-06-07 09:16:53+0800: =
2026-06-07 09:16:54+0800: Controller: stop
2026-06-07 09:16:54+0800: = 
2026-06-07 09:16:54+0800: Controller: stop
2026-06-07 09:16:54+0800: = 
2026-06-07 09:16:54+0800: Controller: play white C6
2026-06-07 09:16:54+0800: = 
2026-06-07 09:16:54+0800: Controller: stop
2026-06-07 09:16:54+0800: = 
2026-06-07 09:16:56+0800: Controller: kata-set-param humanSLProfile preaz_9d
2026-06-07 09:16:56+0800: = 
2026-06-07 09:16:56+0800: Controller: kata-set-param maxPlayouts 100
2026-06-07 09:16:56+0800: = 
2026-06-07 09:16:56+0800: Controller: kata-set-param maxVisits 100
2026-06-07 09:16:56+0800: = 
2026-06-07 09:16:56+0800: Controller: kata-set-param chosenMoveTemperature 0.0
2026-06-07 09:16:56+0800: = 
2026-06-07 09:16:56+0800: Controller: lz-analyze b 10
2026-06-07 09:16:56+0800: =
2026-06-07 09:17:02+0800: Controller: stop
2026-06-07 09:17:02+0800: = 
2026-06-07 09:17:02+0800: Controller: stop
2026-06-07 09:17:02+0800: = 
2026-06-07 09:17:14+0800: Controller: stop
2026-06-07 09:17:14+0800: = 
2026-06-07 09:17:14+0800: Controller: play black G6
2026-06-07 09:17:14+0800: = 
2026-06-07 09:17:15+0800: Controller: kata-set-param maxPlayouts 4
2026-06-07 09:17:15+0800: = 
2026-06-07 09:17:15+0800: Controller: kata-set-param maxVisits 4
2026-06-07 09:17:15+0800: = 
2026-06-07 09:17:15+0800: Controller: kata-set-param chosenMoveTemperature 0.0
2026-06-07 09:17:15+0800: = 
2026-06-07 09:17:15+0800: Controller: kata-set-param humanSLProfile preaz_15k
2026-06-07 09:17:15+0800: = 
2026-06-07 09:17:15+0800: Controller: kata-set-param playoutDoublingAdvantage 0.0
2026-06-07 09:17:15+0800: = 
2026-06-07 09:17:15+0800: Controller: lz-analyze w 10
2026-06-07 09:17:15+0800: =
2026-06-07 09:17:16+0800: Controller: stop
2026-06-07 09:17:16+0800: = 
2026-06-07 09:17:16+0800: Controller: stop
2026-06-07 09:17:16+0800: = 
2026-06-07 09:17:16+0800: Controller: play white B4
2026-06-07 09:17:16+0800: = 
2026-06-07 09:17:19+0800: Controller: kata-set-param humanSLProfile preaz_9d
2026-06-07 09:17:19+0800: = 
2026-06-07 09:17:19+0800: Controller: kata-set-param maxPlayouts 100
2026-06-07 09:17:19+0800: = 
2026-06-07 09:17:19+0800: Controller: kata-set-param maxVisits 100
2026-06-07 09:17:19+0800: = 
2026-06-07 09:17:19+0800: Controller: kata-set-param chosenMoveTemperature 0.0
2026-06-07 09:17:19+0800: = 
2026-06-07 09:17:19+0800: Controller: lz-analyze b 10
2026-06-07 09:17:19+0800: =
2026-06-07 09:17:21+0800: Controller: stop
2026-06-07 09:17:21+0800: = 
2026-06-07 09:17:21+0800: Controller: stop
2026-06-07 09:17:21+0800: = 
2026-06-07 09:17:28+0800: Controller: stop
2026-06-07 09:17:28+0800: = 
2026-06-07 09:17:28+0800: Controller: play black B3
2026-06-07 09:17:28+0800: = 
2026-06-07 09:17:29+0800: Controller: kata-set-param maxPlayouts 4
2026-06-07 09:17:29+0800: = 
2026-06-07 09:17:29+0800: Controller: kata-set-param maxVisits 4
2026-06-07 09:17:29+0800: = 
2026-06-07 09:17:29+0800: Controller: kata-set-param chosenMoveTemperature 0.0
2026-06-07 09:17:29+0800: = 
2026-06-07 09:17:29+0800: Controller: kata-set-param humanSLProfile preaz_15k
2026-06-07 09:17:29+0800: = 
2026-06-07 09:17:29+0800: Controller: kata-set-param playoutDoublingAdvantage 0.0
2026-06-07 09:17:29+0800: = 
2026-06-07 09:17:29+0800: Controller: lz-analyze w 10
2026-06-07 09:17:29+0800: =
2026-06-07 09:17:30+0800: Controller: stop
2026-06-07 09:17:30+0800: = 
2026-06-07 09:17:30+0800: Controller: stop
2026-06-07 09:17:30+0800: = 
2026-06-07 09:17:30+0800: Controller: play white A4
2026-06-07 09:17:30+0800: = 
2026-06-07 09:17:30+0800: Controller: stop
2026-06-07 09:17:30+0800: = 
2026-06-07 09:17:32+0800: Controller: kata-set-param humanSLProfile preaz_9d
2026-06-07 09:17:32+0800: = 
2026-06-07 09:17:32+0800: Controller: kata-set-param maxPlayouts 100
2026-06-07 09:17:32+0800: = 
2026-06-07 09:17:32+0800: Controller: kata-set-param maxVisits 100
2026-06-07 09:17:32+0800: = 
2026-06-07 09:17:32+0800: Controller: kata-set-param chosenMoveTemperature 0.0
2026-06-07 09:17:32+0800: = 
2026-06-07 09:17:32+0800: Controller: lz-analyze b 10
2026-06-07 09:17:32+0800: =
2026-06-07 09:17:41+0800: Controller: stop
2026-06-07 09:17:41+0800: = 
2026-06-07 09:17:41+0800: Controller: stop
2026-06-07 09:17:41+0800: = 
2026-06-07 09:18:07+0800: Controller: stop
2026-06-07 09:18:07+0800: = 
2026-06-07 09:18:07+0800: Controller: play black A3
2026-06-07 09:18:07+0800: = 
2026-06-07 09:18:08+0800: Controller: kata-set-param maxPlayouts 4
2026-06-07 09:18:08+0800: = 
2026-06-07 09:18:08+0800: Controller: kata-set-param maxVisits 4
2026-06-07 09:18:08+0800: = 
2026-06-07 09:18:08+0800: Controller: kata-set-param chosenMoveTemperature 0.0
2026-06-07 09:18:08+0800: = 
2026-06-07 09:18:08+0800: Controller: kata-set-param humanSLProfile preaz_15k
2026-06-07 09:18:08+0800: = 
2026-06-07 09:18:08+0800: Controller: kata-set-param playoutDoublingAdvantage 0.0
2026-06-07 09:18:08+0800: = 
2026-06-07 09:18:08+0800: Controller: lz-analyze w 10
2026-06-07 09:18:08+0800: =
2026-06-07 09:18:08+0800: Controller: stop
2026-06-07 09:18:08+0800: = 
2026-06-07 09:18:08+0800: Controller: stop
2026-06-07 09:18:08+0800: = 
2026-06-07 09:18:08+0800: Controller: play white G7
2026-06-07 09:18:08+0800: = 
2026-06-07 09:18:08+0800: Controller: stop
2026-06-07 09:18:08+0800: = 
2026-06-07 09:18:21+0800: Controller: kata-set-param humanSLProfile preaz_5d
2026-06-07 09:18:21+0800: = 
2026-06-07 09:18:21+0800: Controller: kata-set-param maxPlayouts 60
2026-06-07 09:18:21+0800: = 
2026-06-07 09:18:21+0800: Controller: kata-set-param maxVisits 60
2026-06-07 09:18:21+0800: = 
2026-06-07 09:18:21+0800: Controller: kata-set-param chosenMoveTemperature 0.0
2026-06-07 09:18:21+0800: = 
2026-06-07 09:18:21+0800: Controller: lz-analyze b 10
2026-06-07 09:18:21+0800: =
2026-06-07 09:18:25+0800: Controller: stop
2026-06-07 09:18:25+0800: = 
2026-06-07 09:18:25+0800: Controller: stop
2026-06-07 09:18:25+0800: = 
2026-06-07 09:18:30+0800: Controller: stop
2026-06-07 09:18:30+0800: = 
2026-06-07 09:18:30+0800: Controller: play black B5
2026-06-07 09:18:30+0800: = 
2026-06-07 09:18:31+0800: Controller: kata-set-param maxPlayouts 4
2026-06-07 09:18:31+0800: = 
2026-06-07 09:18:31+0800: Controller: kata-set-param maxVisits 4
2026-06-07 09:18:31+0800: = 
2026-06-07 09:18:31+0800: Controller: kata-set-param chosenMoveTemperature 0.0
2026-06-07 09:18:31+0800: = 
2026-06-07 09:18:31+0800: Controller: kata-set-param humanSLProfile preaz_15k
2026-06-07 09:18:31+0800: = 
2026-06-07 09:18:31+0800: Controller: kata-set-param playoutDoublingAdvantage 0.0
2026-06-07 09:18:31+0800: = 
2026-06-07 09:18:31+0800: Controller: lz-analyze w 10
2026-06-07 09:18:31+0800: =
2026-06-07 09:18:31+0800: Controller: stop
2026-06-07 09:18:31+0800: = 
2026-06-07 09:18:31+0800: Controller: stop
2026-06-07 09:18:31+0800: = 
2026-06-07 09:18:31+0800: Controller: play white H6
2026-06-07 09:18:31+0800: = 
2026-06-07 09:18:34+0800: Controller: kata-set-param humanSLProfile preaz_5d
2026-06-07 09:18:34+0800: = 
2026-06-07 09:18:34+0800: Controller: kata-set-param maxPlayouts 60
2026-06-07 09:18:34+0800: = 
2026-06-07 09:18:34+0800: Controller: kata-set-param maxVisits 60
2026-06-07 09:18:34+0800: = 
2026-06-07 09:18:34+0800: Controller: kata-set-param chosenMoveTemperature 0.0
2026-06-07 09:18:34+0800: = 
2026-06-07 09:18:34+0800: Controller: lz-analyze b 10
2026-06-07 09:18:34+0800: =
2026-06-07 09:18:36+0800: Controller: stop
2026-06-07 09:18:36+0800: = 
2026-06-07 09:18:36+0800: Controller: stop
2026-06-07 09:18:36+0800: = 
2026-06-07 09:18:42+0800: Controller: stop
2026-06-07 09:18:42+0800: = 
2026-06-07 09:18:42+0800: Controller: play black H5
2026-06-07 09:18:42+0800: = 
2026-06-07 09:18:42+0800: Controller: kata-set-param maxPlayouts 4
2026-06-07 09:18:42+0800: = 
2026-06-07 09:18:42+0800: Controller: kata-set-param maxVisits 4
2026-06-07 09:18:42+0800: = 
2026-06-07 09:18:42+0800: Controller: kata-set-param chosenMoveTemperature 0.0
2026-06-07 09:18:42+0800: = 
2026-06-07 09:18:42+0800: Controller: kata-set-param humanSLProfile preaz_15k
2026-06-07 09:18:42+0800: = 
2026-06-07 09:18:42+0800: Controller: kata-set-param playoutDoublingAdvantage 0.0
2026-06-07 09:18:42+0800: = 
2026-06-07 09:18:42+0800: Controller: lz-analyze w 10
2026-06-07 09:18:42+0800: =
2026-06-07 09:18:43+0800: Controller: stop
2026-06-07 09:18:43+0800: = 
2026-06-07 09:18:43+0800: Controller: stop
2026-06-07 09:18:43+0800: = 
2026-06-07 09:18:43+0800: Controller: play white F6
2026-06-07 09:18:43+0800: = 
2026-06-07 09:18:45+0800: Controller: kata-set-param humanSLProfile preaz_9d
2026-06-07 09:18:45+0800: = 
2026-06-07 09:18:45+0800: Controller: kata-set-param maxPlayouts 100
2026-06-07 09:18:45+0800: = 
2026-06-07 09:18:45+0800: Controller: kata-set-param maxVisits 100
2026-06-07 09:18:45+0800: = 
2026-06-07 09:18:45+0800: Controller: kata-set-param chosenMoveTemperature 0.0
2026-06-07 09:18:45+0800: = 
2026-06-07 09:18:45+0800: Controller: lz-analyze b 10
2026-06-07 09:18:45+0800: =
2026-06-07 09:18:48+0800: Controller: stop
2026-06-07 09:18:48+0800: = 
2026-06-07 09:18:48+0800: Controller: stop
2026-06-07 09:18:48+0800: = 
2026-06-07 09:18:51+0800: Controller: stop
2026-06-07 09:18:51+0800: = 
2026-06-07 09:18:51+0800: Controller: play black G5
2026-06-07 09:18:51+0800: = 
2026-06-07 09:18:52+0800: Controller: kata-set-param maxPlayouts 4
2026-06-07 09:18:52+0800: = 
2026-06-07 09:18:52+0800: Controller: kata-set-param maxVisits 4
2026-06-07 09:18:52+0800: = 
2026-06-07 09:18:52+0800: Controller: kata-set-param chosenMoveTemperature 0.0
2026-06-07 09:18:52+0800: = 
2026-06-07 09:18:52+0800: Controller: kata-set-param humanSLProfile preaz_15k
2026-06-07 09:18:52+0800: = 
2026-06-07 09:18:52+0800: Controller: kata-set-param playoutDoublingAdvantage 0.0
2026-06-07 09:18:52+0800: = 
2026-06-07 09:18:52+0800: Controller: lz-analyze w 10
2026-06-07 09:18:52+0800: =
2026-06-07 09:18:53+0800: Controller: stop
2026-06-07 09:18:53+0800: = 
2026-06-07 09:18:53+0800: Controller: stop
2026-06-07 09:18:53+0800: = 
2026-06-07 09:18:53+0800: Controller: play white B6
2026-06-07 09:18:53+0800: = 
2026-06-07 09:18:53+0800: Controller: stop
2026-06-07 09:18:53+0800: = 
2026-06-07 09:18:55+0800: Controller: kata-set-param humanSLProfile preaz_1k
2026-06-07 09:18:55+0800: = 
2026-06-07 09:18:55+0800: Controller: kata-set-param maxPlayouts 25
2026-06-07 09:18:55+0800: = 
2026-06-07 09:18:55+0800: Controller: kata-set-param maxVisits 25
2026-06-07 09:18:55+0800: = 
2026-06-07 09:18:55+0800: Controller: kata-set-param chosenMoveTemperature 0.0
2026-06-07 09:18:55+0800: = 
2026-06-07 09:18:55+0800: Controller: lz-analyze b 10
2026-06-07 09:18:55+0800: =
2026-06-07 09:18:58+0800: Controller: stop
2026-06-07 09:18:58+0800: = 
2026-06-07 09:19:02+0800: Controller: stop
2026-06-07 09:19:02+0800: = 
2026-06-07 09:19:02+0800: Controller: play black A5
2026-06-07 09:19:02+0800: = 
2026-06-07 09:19:02+0800: Controller: kata-set-param maxPlayouts 4
2026-06-07 09:19:02+0800: = 
2026-06-07 09:19:02+0800: Controller: kata-set-param maxVisits 4
2026-06-07 09:19:02+0800: = 
2026-06-07 09:19:02+0800: Controller: kata-set-param chosenMoveTemperature 0.0
2026-06-07 09:19:02+0800: = 
2026-06-07 09:19:02+0800: Controller: kata-set-param humanSLProfile preaz_15k
2026-06-07 09:19:02+0800: = 
2026-06-07 09:19:02+0800: Controller: kata-set-param playoutDoublingAdvantage 0.0
2026-06-07 09:19:02+0800: = 
2026-06-07 09:19:02+0800: Controller: lz-analyze w 10
2026-06-07 09:19:02+0800: =
2026-06-07 09:19:03+0800: Controller: stop
2026-06-07 09:19:03+0800: = 
2026-06-07 09:19:03+0800: Controller: stop
2026-06-07 09:19:03+0800: = 
2026-06-07 09:19:03+0800: Controller: play white J6
2026-06-07 09:19:03+0800: = 
2026-06-07 09:19:05+0800: Controller: kata-set-param humanSLProfile preaz_9d
2026-06-07 09:19:05+0800: = 
2026-06-07 09:19:05+0800: Controller: kata-set-param maxPlayouts 100
2026-06-07 09:19:05+0800: = 
2026-06-07 09:19:05+0800: Controller: kata-set-param maxVisits 100
2026-06-07 09:19:05+0800: = 
2026-06-07 09:19:05+0800: Controller: kata-set-param chosenMoveTemperature 0.0
2026-06-07 09:19:05+0800: = 
2026-06-07 09:19:05+0800: Controller: lz-analyze b 10
2026-06-07 09:19:05+0800: =
2026-06-07 09:19:09+0800: Controller: stop
2026-06-07 09:19:09+0800: = 
2026-06-07 09:19:09+0800: Controller: stop
2026-06-07 09:19:09+0800: = 
2026-06-07 09:19:13+0800: Controller: stop
2026-06-07 09:19:13+0800: = 
2026-06-07 09:19:13+0800: Controller: play black J5
2026-06-07 09:19:13+0800: = 
2026-06-07 09:19:13+0800: Controller: kata-set-param maxPlayouts 4
2026-06-07 09:19:13+0800: = 
2026-06-07 09:19:13+0800: Controller: kata-set-param maxVisits 4
2026-06-07 09:19:13+0800: = 
2026-06-07 09:19:13+0800: Controller: kata-set-param chosenMoveTemperature 0.0
2026-06-07 09:19:13+0800: = 
2026-06-07 09:19:13+0800: Controller: kata-set-param humanSLProfile preaz_15k
2026-06-07 09:19:13+0800: = 
2026-06-07 09:19:13+0800: Controller: kata-set-param playoutDoublingAdvantage 0.0
2026-06-07 09:19:13+0800: = 
2026-06-07 09:19:13+0800: Controller: lz-analyze w 10
2026-06-07 09:19:13+0800: =
2026-06-07 09:19:14+0800: Controller: stop
2026-06-07 09:19:14+0800: = 
2026-06-07 09:19:14+0800: Controller: stop
2026-06-07 09:19:14+0800: = 
2026-06-07 09:19:14+0800: Controller: play white H8
2026-06-07 09:19:14+0800: = 
2026-06-07 09:19:17+0800: Controller: kata-set-param humanSLProfile preaz_5d
2026-06-07 09:19:17+0800: = 
2026-06-07 09:19:17+0800: Controller: kata-set-param maxPlayouts 60
2026-06-07 09:19:17+0800: = 
2026-06-07 09:19:17+0800: Controller: kata-set-param maxVisits 60
2026-06-07 09:19:17+0800: = 
2026-06-07 09:19:17+0800: Controller: kata-set-param chosenMoveTemperature 0.0
2026-06-07 09:19:17+0800: = 
2026-06-07 09:19:17+0800: Controller: lz-analyze b 10
2026-06-07 09:19:17+0800: =
2026-06-07 09:19:20+0800: Controller: stop
2026-06-07 09:19:20+0800: = 
2026-06-07 09:19:20+0800: Controller: stop
2026-06-07 09:19:20+0800: = 
2026-06-07 09:19:25+0800: Controller: stop
2026-06-07 09:19:25+0800: = 
2026-06-07 09:19:25+0800: Controller: play black A6
2026-06-07 09:19:25+0800: = 
2026-06-07 09:19:26+0800: Controller: kata-set-param maxPlayouts 4
2026-06-07 09:19:26+0800: = 
2026-06-07 09:19:26+0800: Controller: kata-set-param maxVisits 4
2026-06-07 09:19:26+0800: = 
2026-06-07 09:19:26+0800: Controller: kata-set-param chosenMoveTemperature 0.0
2026-06-07 09:19:26+0800: = 
2026-06-07 09:19:26+0800: Controller: kata-set-param humanSLProfile preaz_15k
2026-06-07 09:19:26+0800: = 
2026-06-07 09:19:26+0800: Controller: kata-set-param playoutDoublingAdvantage 0.0
2026-06-07 09:19:26+0800: = 
2026-06-07 09:19:26+0800: Controller: lz-analyze w 10
2026-06-07 09:19:26+0800: =
2026-06-07 09:19:27+0800: Controller: stop
2026-06-07 09:19:27+0800: = 
2026-06-07 09:19:27+0800: Controller: stop
2026-06-07 09:19:27+0800: = 
2026-06-07 09:19:27+0800: Controller: play white B7
2026-06-07 09:19:27+0800: = 
2026-06-07 09:19:29+0800: Controller: kata-set-param humanSLProfile preaz_9d
2026-06-07 09:19:29+0800: = 
2026-06-07 09:19:29+0800: Controller: kata-set-param maxPlayouts 100
2026-06-07 09:19:29+0800: = 
2026-06-07 09:19:29+0800: Controller: kata-set-param maxVisits 100
2026-06-07 09:19:29+0800: = 
2026-06-07 09:19:29+0800: Controller: kata-set-param chosenMoveTemperature 0.0
2026-06-07 09:19:29+0800: = 
2026-06-07 09:19:29+0800: Controller: lz-analyze b 10
2026-06-07 09:19:29+0800: =
2026-06-07 09:19:32+0800: Controller: stop
2026-06-07 09:19:32+0800: = 
2026-06-07 09:19:32+0800: Controller: stop
2026-06-07 09:19:32+0800: = 
2026-06-07 09:19:35+0800: Controller: stop
2026-06-07 09:19:35+0800: = 
2026-06-07 09:19:35+0800: Controller: play black A7
2026-06-07 09:19:35+0800: = 
2026-06-07 09:19:35+0800: Controller: kata-set-param maxPlayouts 4
2026-06-07 09:19:35+0800: = 
2026-06-07 09:19:35+0800: Controller: kata-set-param maxVisits 4
2026-06-07 09:19:35+0800: = 
2026-06-07 09:19:35+0800: Controller: kata-set-param chosenMoveTemperature 0.0
2026-06-07 09:19:35+0800: = 
2026-06-07 09:19:35+0800: Controller: kata-set-param humanSLProfile preaz_15k
2026-06-07 09:19:35+0800: = 
2026-06-07 09:19:35+0800: Controller: kata-set-param playoutDoublingAdvantage 0.0
2026-06-07 09:19:35+0800: = 
2026-06-07 09:19:35+0800: Controller: lz-analyze w 10
2026-06-07 09:19:35+0800: =
2026-06-07 09:19:36+0800: Controller: stop
2026-06-07 09:19:36+0800: = 
2026-06-07 09:19:36+0800: Controller: stop
2026-06-07 09:19:36+0800: = 
2026-06-07 09:19:36+0800: Controller: play white A8
2026-06-07 09:19:36+0800: = 
2026-06-07 09:19:40+0800: Controller: kata-set-param humanSLProfile preaz_9d
2026-06-07 09:19:40+0800: = 
2026-06-07 09:19:40+0800: Controller: kata-set-param maxPlayouts 100
2026-06-07 09:19:40+0800: = 
2026-06-07 09:19:40+0800: Controller: kata-set-param maxVisits 100
2026-06-07 09:19:40+0800: = 
2026-06-07 09:19:40+0800: Controller: kata-set-param chosenMoveTemperature 0.0
2026-06-07 09:19:40+0800: = 
2026-06-07 09:19:40+0800: Controller: lz-analyze b 10
2026-06-07 09:19:40+0800: =
2026-06-07 09:19:44+0800: Controller: stop
2026-06-07 09:19:44+0800: = 
2026-06-07 09:19:44+0800: Controller: stop
2026-06-07 09:19:44+0800: = 
2026-06-07 09:19:47+0800: Controller: stop
2026-06-07 09:19:47+0800: = 
2026-06-07 09:19:47+0800: Controller: play black B8
2026-06-07 09:19:47+0800: = 
2026-06-07 09:19:48+0800: Controller: kata-set-param maxPlayouts 4
2026-06-07 09:19:48+0800: = 
2026-06-07 09:19:48+0800: Controller: kata-set-param maxVisits 4
2026-06-07 09:19:48+0800: = 
2026-06-07 09:19:48+0800: Controller: kata-set-param chosenMoveTemperature 0.0
2026-06-07 09:19:48+0800: = 
2026-06-07 09:19:48+0800: Controller: kata-set-param humanSLProfile preaz_15k
2026-06-07 09:19:48+0800: = 
2026-06-07 09:19:48+0800: Controller: kata-set-param playoutDoublingAdvantage 0.0
2026-06-07 09:19:48+0800: = 
2026-06-07 09:19:48+0800: Controller: lz-analyze w 10
2026-06-07 09:19:48+0800: =
2026-06-07 09:19:49+0800: Controller: stop
2026-06-07 09:19:49+0800: = 
2026-06-07 09:19:49+0800: Controller: stop
2026-06-07 09:19:49+0800: = 
2026-06-07 09:19:49+0800: Controller: play white B9
2026-06-07 09:19:49+0800: = 
2026-06-07 09:19:49+0800: Controller: stop
2026-06-07 09:19:49+0800: = 
2026-06-07 09:19:51+0800: Controller: kata-set-param humanSLProfile preaz_5d
2026-06-07 09:19:51+0800: = 
2026-06-07 09:19:51+0800: Controller: kata-set-param maxPlayouts 60
2026-06-07 09:19:51+0800: = 
2026-06-07 09:19:51+0800: Controller: kata-set-param maxVisits 60
2026-06-07 09:19:51+0800: = 
2026-06-07 09:19:51+0800: Controller: kata-set-param chosenMoveTemperature 0.0
2026-06-07 09:19:51+0800: = 
2026-06-07 09:19:51+0800: Controller: lz-analyze b 10
2026-06-07 09:19:51+0800: =
2026-06-07 09:19:54+0800: Controller: stop
2026-06-07 09:19:54+0800: = 
2026-06-07 09:19:54+0800: Controller: stop
2026-06-07 09:19:54+0800: = 
2026-06-07 09:19:54+0800: Controller: stop
2026-06-07 09:19:54+0800: = 
2026-06-07 09:19:57+0800: Controller: stop
2026-06-07 09:19:57+0800: = 
2026-06-07 09:19:57+0800: Controller: play black C8
2026-06-07 09:19:57+0800: = 
2026-06-07 09:19:58+0800: Controller: kata-set-param maxPlayouts 4
2026-06-07 09:19:58+0800: = 
2026-06-07 09:19:58+0800: Controller: kata-set-param maxVisits 4
2026-06-07 09:19:58+0800: = 
2026-06-07 09:19:58+0800: Controller: kata-set-param chosenMoveTemperature 0.0
2026-06-07 09:19:58+0800: = 
2026-06-07 09:19:58+0800: Controller: kata-set-param humanSLProfile preaz_15k
2026-06-07 09:19:58+0800: = 
2026-06-07 09:19:58+0800: Controller: kata-set-param playoutDoublingAdvantage 0.0
2026-06-07 09:19:58+0800: = 
2026-06-07 09:19:58+0800: Controller: lz-analyze w 10
2026-06-07 09:19:58+0800: =
2026-06-07 09:19:58+0800: Controller: stop
2026-06-07 09:19:58+0800: = 
2026-06-07 09:19:58+0800: Controller: stop
2026-06-07 09:19:58+0800: = 
2026-06-07 09:19:58+0800: Controller: play white C9
2026-06-07 09:19:58+0800: = 
2026-06-07 09:20:03+0800: Controller: kata-set-param humanSLProfile preaz_5d
2026-06-07 09:20:03+0800: = 
2026-06-07 09:20:03+0800: Controller: kata-set-param maxPlayouts 60
2026-06-07 09:20:03+0800: = 
2026-06-07 09:20:03+0800: Controller: kata-set-param maxVisits 60
2026-06-07 09:20:03+0800: = 
2026-06-07 09:20:03+0800: Controller: kata-set-param chosenMoveTemperature 0.0
2026-06-07 09:20:03+0800: = 
2026-06-07 09:20:03+0800: Controller: lz-analyze b 10
2026-06-07 09:20:03+0800: =
2026-06-07 09:20:07+0800: Controller: stop
2026-06-07 09:20:07+0800: = 
2026-06-07 09:20:07+0800: Controller: stop
2026-06-07 09:20:07+0800: = 
2026-06-07 09:20:18+0800: Controller: stop
2026-06-07 09:20:18+0800: = 
2026-06-07 09:20:18+0800: Controller: play black D8
2026-06-07 09:20:18+0800: = 
2026-06-07 09:20:19+0800: Controller: kata-set-param maxPlayouts 4
2026-06-07 09:20:19+0800: = 
2026-06-07 09:20:19+0800: Controller: kata-set-param maxVisits 4
2026-06-07 09:20:19+0800: = 
2026-06-07 09:20:19+0800: Controller: kata-set-param chosenMoveTemperature 0.0
2026-06-07 09:20:19+0800: = 
2026-06-07 09:20:19+0800: Controller: kata-set-param humanSLProfile preaz_15k
2026-06-07 09:20:19+0800: = 
2026-06-07 09:20:19+0800: Controller: kata-set-param playoutDoublingAdvantage 0.0
2026-06-07 09:20:19+0800: = 
2026-06-07 09:20:19+0800: Controller: lz-analyze w 10
2026-06-07 09:20:19+0800: =
2026-06-07 09:20:19+0800: Controller: stop
2026-06-07 09:20:19+0800: = 
2026-06-07 09:20:19+0800: Controller: stop
2026-06-07 09:20:19+0800: = 
2026-06-07 09:20:19+0800: Controller: play white E8
2026-06-07 09:20:19+0800: = 
2026-06-07 09:20:19+0800: Controller: stop
2026-06-07 09:20:19+0800: = 
2026-06-07 09:20:22+0800: Controller: kata-set-param humanSLProfile preaz_9d
2026-06-07 09:20:22+0800: = 
2026-06-07 09:20:22+0800: Controller: kata-set-param maxPlayouts 100
2026-06-07 09:20:22+0800: = 
2026-06-07 09:20:22+0800: Controller: kata-set-param maxVisits 100
2026-06-07 09:20:22+0800: = 
2026-06-07 09:20:22+0800: Controller: kata-set-param chosenMoveTemperature 0.0
2026-06-07 09:20:22+0800: = 
2026-06-07 09:20:22+0800: Controller: lz-analyze b 10
2026-06-07 09:20:22+0800: =
2026-06-07 09:20:26+0800: Controller: stop
2026-06-07 09:20:26+0800: = 
2026-06-07 09:20:26+0800: Controller: stop
2026-06-07 09:20:26+0800: = 
2026-06-07 09:20:38+0800: Controller: stop
2026-06-07 09:20:38+0800: = 
2026-06-07 09:20:38+0800: Controller: play black E9
2026-06-07 09:20:38+0800: = 
2026-06-07 09:20:39+0800: Controller: kata-set-param maxPlayouts 4
2026-06-07 09:20:39+0800: = 
2026-06-07 09:20:39+0800: Controller: kata-set-param maxVisits 4
2026-06-07 09:20:39+0800: = 
2026-06-07 09:20:39+0800: Controller: kata-set-param chosenMoveTemperature 0.0
2026-06-07 09:20:39+0800: = 
2026-06-07 09:20:39+0800: Controller: kata-set-param humanSLProfile preaz_15k
2026-06-07 09:20:39+0800: = 
2026-06-07 09:20:39+0800: Controller: kata-set-param playoutDoublingAdvantage 0.0
2026-06-07 09:20:39+0800: = 
2026-06-07 09:20:39+0800: Controller: lz-analyze w 10
2026-06-07 09:20:39+0800: =
2026-06-07 09:20:40+0800: Controller: stop
2026-06-07 09:20:40+0800: = 
2026-06-07 09:20:40+0800: Controller: stop
2026-06-07 09:20:40+0800: = 
2026-06-07 09:20:40+0800: Controller: play white F9
2026-06-07 09:20:40+0800: = 
2026-06-07 09:20:41+0800: Controller: kata-set-param humanSLProfile preaz_9d
2026-06-07 09:20:41+0800: = 
2026-06-07 09:20:41+0800: Controller: kata-set-param maxPlayouts 100
2026-06-07 09:20:41+0800: = 
2026-06-07 09:20:41+0800: Controller: kata-set-param maxVisits 100
2026-06-07 09:20:41+0800: = 
2026-06-07 09:20:41+0800: Controller: kata-set-param chosenMoveTemperature 0.0
2026-06-07 09:20:41+0800: = 
2026-06-07 09:20:41+0800: Controller: lz-analyze b 10
2026-06-07 09:20:41+0800: =
2026-06-07 09:20:42+0800: Controller: stop
2026-06-07 09:20:42+0800: = 
2026-06-07 09:20:42+0800: Controller: stop
2026-06-07 09:20:42+0800: = 
2026-06-07 09:20:44+0800: Controller: stop
2026-06-07 09:20:44+0800: = 
2026-06-07 09:20:44+0800: Controller: play black D9
2026-06-07 09:20:44+0800: = 
2026-06-07 09:20:45+0800: Controller: kata-set-param maxPlayouts 4
2026-06-07 09:20:45+0800: = 
2026-06-07 09:20:45+0800: Controller: kata-set-param maxVisits 4
2026-06-07 09:20:45+0800: = 
2026-06-07 09:20:45+0800: Controller: kata-set-param chosenMoveTemperature 0.0
2026-06-07 09:20:45+0800: = 
2026-06-07 09:20:45+0800: Controller: kata-set-param humanSLProfile preaz_15k
2026-06-07 09:20:45+0800: = 
2026-06-07 09:20:45+0800: Controller: kata-set-param playoutDoublingAdvantage 0.0
2026-06-07 09:20:45+0800: = 
2026-06-07 09:20:45+0800: Controller: lz-analyze w 10
2026-06-07 09:20:45+0800: =
2026-06-07 09:20:46+0800: Controller: stop
2026-06-07 09:20:46+0800: = 
2026-06-07 09:20:46+0800: Controller: stop
2026-06-07 09:20:46+0800: = 
2026-06-07 09:20:46+0800: Controller: play white C7
2026-06-07 09:20:46+0800: = 
2026-06-07 09:20:48+0800: Controller: kata-set-param humanSLProfile preaz_9d
2026-06-07 09:20:48+0800: = 
2026-06-07 09:20:48+0800: Controller: kata-set-param maxPlayouts 100
2026-06-07 09:20:48+0800: = 
2026-06-07 09:20:48+0800: Controller: kata-set-param maxVisits 100
2026-06-07 09:20:48+0800: = 
2026-06-07 09:20:48+0800: Controller: kata-set-param chosenMoveTemperature 0.0
2026-06-07 09:20:48+0800: = 
2026-06-07 09:20:48+0800: Controller: lz-analyze b 10
2026-06-07 09:20:48+0800: =
2026-06-07 09:20:49+0800: Controller: stop
2026-06-07 09:20:49+0800: = 
2026-06-07 09:20:49+0800: Controller: stop
2026-06-07 09:20:49+0800: = 
2026-06-07 09:20:52+0800: Controller: stop
2026-06-07 09:20:52+0800: = 
2026-06-07 09:20:52+0800: Controller: play black A9
2026-06-07 09:20:52+0800: = 
2026-06-07 09:20:53+0800: Controller: kata-set-param maxPlayouts 4
2026-06-07 09:20:53+0800: = 
2026-06-07 09:20:53+0800: Controller: kata-set-param maxVisits 4
2026-06-07 09:20:53+0800: = 
2026-06-07 09:20:53+0800: Controller: kata-set-param chosenMoveTemperature 0.0
2026-06-07 09:20:53+0800: = 
2026-06-07 09:20:53+0800: Controller: kata-set-param humanSLProfile preaz_15k
2026-06-07 09:20:53+0800: = 
2026-06-07 09:20:53+0800: Controller: kata-set-param playoutDoublingAdvantage 0.0
2026-06-07 09:20:53+0800: = 
2026-06-07 09:20:53+0800: Controller: lz-analyze w 10
2026-06-07 09:20:53+0800: =
2026-06-07 09:20:54+0800: Controller: stop
2026-06-07 09:20:54+0800: = 
2026-06-07 09:20:54+0800: Controller: stop
2026-06-07 09:20:54+0800: = 
2026-06-07 09:20:54+0800: Controller: play white F8
2026-06-07 09:20:54+0800: = 
2026-06-07 09:20:54+0800: Controller: stop
2026-06-07 09:20:54+0800: = 
2026-06-07 09:21:00+0800: Controller: kata-set-param maxPlayouts 80
2026-06-07 09:21:00+0800: = 
2026-06-07 09:21:00+0800: Controller: kata-set-param maxVisits 80
2026-06-07 09:21:00+0800: = 
2026-06-07 09:21:00+0800: Controller: kata-set-param chosenMoveTemperature 0.0
2026-06-07 09:21:00+0800: = 
2026-06-07 09:21:00+0800: Controller: kata-set-param humanSLProfile preaz_15k
2026-06-07 09:21:00+0800: = 
2026-06-07 09:21:00+0800: Controller: kata-set-param playoutDoublingAdvantage 0.0
2026-06-07 09:21:00+0800: = 
2026-06-07 09:21:00+0800: Controller: lz-analyze w 10
2026-06-07 09:21:00+0800: =
2026-06-07 09:21:36+0800: Controller: stop
2026-06-07 09:21:36+0800: = 
2026-06-07 09:21:36+0800: Controller: stop
2026-06-07 09:21:36+0800: = 
2026-06-07 09:21:36+0800: Controller: play white E2
2026-06-07 09:21:36+0800: = 
2026-06-07 09:21:36+0800: Controller: stop
2026-06-07 09:21:36+0800: = 
2026-06-07 09:21:40+0800: Controller: kata-set-param humanSLProfile preaz_9d
2026-06-07 09:21:40+0800: = 
2026-06-07 09:21:40+0800: Controller: kata-set-param maxPlayouts 100
2026-06-07 09:21:40+0800: = 
2026-06-07 09:21:40+0800: Controller: kata-set-param maxVisits 100
2026-06-07 09:21:40+0800: = 
2026-06-07 09:21:40+0800: Controller: kata-set-param chosenMoveTemperature 0.0
2026-06-07 09:21:40+0800: = 
2026-06-07 09:21:40+0800: Controller: lz-analyze b 10
2026-06-07 09:21:40+0800: =
2026-06-07 09:21:45+0800: Controller: stop
2026-06-07 09:21:45+0800: = 
2026-06-07 09:21:45+0800: Controller: stop
2026-06-07 09:21:45+0800: = 
2026-06-07 09:21:49+0800: Controller: stop
2026-06-07 09:21:49+0800: = 
2026-06-07 09:21:49+0800: Controller: play black F2
2026-06-07 09:21:49+0800: = 
2026-06-07 09:21:50+0800: Controller: kata-set-param maxPlayouts 4
2026-06-07 09:21:50+0800: = 
2026-06-07 09:21:50+0800: Controller: kata-set-param maxVisits 4
2026-06-07 09:21:50+0800: = 
2026-06-07 09:21:50+0800: Controller: kata-set-param chosenMoveTemperature 0.0
2026-06-07 09:21:50+0800: = 
2026-06-07 09:21:50+0800: Controller: kata-set-param humanSLProfile preaz_15k
2026-06-07 09:21:50+0800: = 
2026-06-07 09:21:50+0800: Controller: kata-set-param playoutDoublingAdvantage 0.0
2026-06-07 09:21:50+0800: = 
2026-06-07 09:21:50+0800: Controller: lz-analyze w 10
2026-06-07 09:21:50+0800: =
2026-06-07 09:21:50+0800: Controller: stop
2026-06-07 09:21:50+0800: = 
2026-06-07 09:21:50+0800: Controller: stop
2026-06-07 09:21:50+0800: = 
2026-06-07 09:21:50+0800: Controller: play white F3
2026-06-07 09:21:50+0800: = 
2026-06-07 09:21:55+0800: Controller: kata-set-param humanSLProfile preaz_9d
2026-06-07 09:21:55+0800: = 
2026-06-07 09:21:55+0800: Controller: kata-set-param maxPlayouts 100
2026-06-07 09:21:55+0800: = 
2026-06-07 09:21:55+0800: Controller: kata-set-param maxVisits 100
2026-06-07 09:21:55+0800: = 
2026-06-07 09:21:55+0800: Controller: kata-set-param chosenMoveTemperature 0.0
2026-06-07 09:21:55+0800: = 
2026-06-07 09:21:55+0800: Controller: lz-analyze b 10
2026-06-07 09:21:55+0800: =
2026-06-07 09:22:02+0800: Controller: stop
2026-06-07 09:22:02+0800: = 
2026-06-07 09:22:02+0800: Controller: stop
2026-06-07 09:22:02+0800: = 
2026-06-07 09:22:24+0800: Controller: kata-set-param humanSLProfile preaz_9d
2026-06-07 09:22:24+0800: = 
2026-06-07 09:22:24+0800: Controller: kata-set-param maxPlayouts 100
2026-06-07 09:22:24+0800: = 
2026-06-07 09:22:24+0800: Controller: kata-set-param maxVisits 100
2026-06-07 09:22:24+0800: = 
2026-06-07 09:22:24+0800: Controller: kata-set-param chosenMoveTemperature 0.0
2026-06-07 09:22:24+0800: = 
2026-06-07 09:22:24+0800: Controller: lz-analyze b 10
2026-06-07 09:22:24+0800: =
2026-06-07 09:22:25+0800: Controller: stop
2026-06-07 09:22:25+0800: = 
2026-06-07 09:22:31+0800: Controller: stop
2026-06-07 09:22:31+0800: = 
2026-06-07 09:22:31+0800: Controller: play black G3
2026-06-07 09:22:31+0800: = 
2026-06-07 09:22:32+0800: Controller: kata-set-param maxPlayouts 4
2026-06-07 09:22:32+0800: = 
2026-06-07 09:22:32+0800: Controller: kata-set-param maxVisits 4
2026-06-07 09:22:32+0800: = 
2026-06-07 09:22:32+0800: Controller: kata-set-param chosenMoveTemperature 0.0
2026-06-07 09:22:32+0800: = 
2026-06-07 09:22:32+0800: Controller: kata-set-param humanSLProfile preaz_15k
2026-06-07 09:22:32+0800: = 
2026-06-07 09:22:32+0800: Controller: kata-set-param playoutDoublingAdvantage 0.0
2026-06-07 09:22:32+0800: = 
2026-06-07 09:22:32+0800: Controller: lz-analyze w 10
2026-06-07 09:22:32+0800: =
2026-06-07 09:22:33+0800: Controller: stop
2026-06-07 09:22:33+0800: = 
2026-06-07 09:22:33+0800: Controller: stop
2026-06-07 09:22:33+0800: = 
2026-06-07 09:22:33+0800: Controller: play white D2
2026-06-07 09:22:33+0800: = 
2026-06-07 09:22:33+0800: Controller: stop
2026-06-07 09:22:33+0800: = 
2026-06-07 09:22:33+0800: Controller: stop
2026-06-07 09:22:33+0800: = 
2026-06-07 09:22:34+0800: Controller: kata-set-param humanSLProfile preaz_9d
2026-06-07 09:22:34+0800: = 
2026-06-07 09:22:34+0800: Controller: kata-set-param maxPlayouts 100
2026-06-07 09:22:34+0800: = 
2026-06-07 09:22:34+0800: Controller: kata-set-param maxVisits 100
2026-06-07 09:22:34+0800: = 
2026-06-07 09:22:34+0800: Controller: kata-set-param chosenMoveTemperature 0.0
2026-06-07 09:22:34+0800: = 
2026-06-07 09:22:34+0800: Controller: lz-analyze b 10
2026-06-07 09:22:34+0800: =
2026-06-07 09:22:38+0800: Controller: stop
2026-06-07 09:22:38+0800: = 
2026-06-07 09:22:38+0800: Controller: stop
2026-06-07 09:22:38+0800: = 
2026-06-07 09:22:51+0800: Controller: stop
2026-06-07 09:22:51+0800: = 
2026-06-07 09:22:51+0800: Controller: play black E1
2026-06-07 09:22:51+0800: = 
2026-06-07 09:22:52+0800: Controller: kata-set-param maxPlayouts 4
2026-06-07 09:22:52+0800: = 
2026-06-07 09:22:52+0800: Controller: kata-set-param maxVisits 4
2026-06-07 09:22:52+0800: = 
2026-06-07 09:22:52+0800: Controller: kata-set-param chosenMoveTemperature 0.0
2026-06-07 09:22:52+0800: = 
2026-06-07 09:22:52+0800: Controller: kata-set-param humanSLProfile preaz_15k
2026-06-07 09:22:52+0800: = 
2026-06-07 09:22:52+0800: Controller: kata-set-param playoutDoublingAdvantage 0.0
2026-06-07 09:22:52+0800: = 
2026-06-07 09:22:52+0800: Controller: lz-analyze w 10
2026-06-07 09:22:52+0800: =
2026-06-07 09:22:53+0800: Controller: stop
2026-06-07 09:22:53+0800: = 
2026-06-07 09:22:53+0800: Controller: stop
2026-06-07 09:22:53+0800: = 
2026-06-07 09:22:53+0800: Controller: play white D3
2026-06-07 09:22:53+0800: = 
2026-06-07 09:22:53+0800: Controller: stop
2026-06-07 09:22:53+0800: = 
2026-06-07 09:22:57+0800: Controller: kata-set-param humanSLProfile preaz_9d
2026-06-07 09:22:57+0800: = 
2026-06-07 09:22:57+0800: Controller: kata-set-param maxPlayouts 100
2026-06-07 09:22:57+0800: = 
2026-06-07 09:22:57+0800: Controller: kata-set-param maxVisits 100
2026-06-07 09:22:57+0800: = 
2026-06-07 09:22:57+0800: Controller: kata-set-param chosenMoveTemperature 0.0
2026-06-07 09:22:57+0800: = 
2026-06-07 09:22:57+0800: Controller: lz-analyze b 10
2026-06-07 09:22:57+0800: =
2026-06-07 09:23:02+0800: Controller: stop
2026-06-07 09:23:02+0800: = 
2026-06-07 09:23:02+0800: Controller: stop
2026-06-07 09:23:02+0800: = 
2026-06-07 09:23:05+0800: Controller: stop
2026-06-07 09:23:05+0800: = 
2026-06-07 09:23:05+0800: Controller: play black F4
2026-06-07 09:23:05+0800: = 
2026-06-07 09:23:06+0800: Controller: kata-set-param maxPlayouts 4
2026-06-07 09:23:06+0800: = 
2026-06-07 09:23:06+0800: Controller: kata-set-param maxVisits 4
2026-06-07 09:23:06+0800: = 
2026-06-07 09:23:06+0800: Controller: kata-set-param chosenMoveTemperature 0.0
2026-06-07 09:23:06+0800: = 
2026-06-07 09:23:06+0800: Controller: kata-set-param humanSLProfile preaz_15k
2026-06-07 09:23:06+0800: = 
2026-06-07 09:23:06+0800: Controller: kata-set-param playoutDoublingAdvantage 0.0
2026-06-07 09:23:06+0800: = 
2026-06-07 09:23:06+0800: Controller: lz-analyze w 10
2026-06-07 09:23:06+0800: =
2026-06-07 09:23:07+0800: Controller: stop
2026-06-07 09:23:07+0800: = 
2026-06-07 09:23:07+0800: Controller: stop
2026-06-07 09:23:07+0800: = 
2026-06-07 09:23:07+0800: Controller: play white D7
2026-06-07 09:23:07+0800: = 
2026-06-07 09:23:07+0800: Controller: stop
2026-06-07 09:23:07+0800: = 
2026-06-07 09:23:10+0800: Controller: kata-set-param humanSLProfile preaz_9d
2026-06-07 09:23:10+0800: = 
2026-06-07 09:23:10+0800: Controller: kata-set-param maxPlayouts 100
2026-06-07 09:23:10+0800: = 
2026-06-07 09:23:10+0800: Controller: kata-set-param maxVisits 100
2026-06-07 09:23:10+0800: = 
2026-06-07 09:23:10+0800: Controller: kata-set-param chosenMoveTemperature 0.0
2026-06-07 09:23:10+0800: = 
2026-06-07 09:23:10+0800: Controller: lz-analyze b 10
2026-06-07 09:23:10+0800: =
2026-06-07 09:23:16+0800: Controller: stop
2026-06-07 09:23:16+0800: = 
2026-06-07 09:23:16+0800: Controller: stop
2026-06-07 09:23:16+0800: = 
2026-06-07 09:23:16+0800: Controller: stop
2026-06-07 09:23:16+0800: = 
2026-06-07 09:23:20+0800: Controller: stop
2026-06-07 09:23:20+0800: = 
2026-06-07 09:23:20+0800: Controller: play black C2
2026-06-07 09:23:20+0800: = 
2026-06-07 09:23:21+0800: Controller: kata-set-param maxPlayouts 4
2026-06-07 09:23:21+0800: = 
2026-06-07 09:23:21+0800: Controller: kata-set-param maxVisits 4
2026-06-07 09:23:21+0800: = 
2026-06-07 09:23:21+0800: Controller: kata-set-param chosenMoveTemperature 0.0
2026-06-07 09:23:21+0800: = 
2026-06-07 09:23:21+0800: Controller: kata-set-param humanSLProfile preaz_15k
2026-06-07 09:23:21+0800: = 
2026-06-07 09:23:21+0800: Controller: kata-set-param playoutDoublingAdvantage 0.0
2026-06-07 09:23:21+0800: = 
2026-06-07 09:23:21+0800: Controller: lz-analyze w 10
2026-06-07 09:23:21+0800: =
2026-06-07 09:23:22+0800: Controller: stop
2026-06-07 09:23:22+0800: = 
2026-06-07 09:23:22+0800: Controller: stop
2026-06-07 09:23:22+0800: = 
2026-06-07 09:23:22+0800: Controller: play white H3
2026-06-07 09:23:22+0800: = 
2026-06-07 09:23:22+0800: Controller: stop
2026-06-07 09:23:22+0800: = 
2026-06-07 09:23:24+0800: Controller: kata-set-param humanSLProfile preaz_9d
2026-06-07 09:23:24+0800: = 
2026-06-07 09:23:24+0800: Controller: kata-set-param maxPlayouts 100
2026-06-07 09:23:24+0800: = 
2026-06-07 09:23:24+0800: Controller: kata-set-param maxVisits 100
2026-06-07 09:23:24+0800: = 
2026-06-07 09:23:24+0800: Controller: kata-set-param chosenMoveTemperature 0.0
2026-06-07 09:23:24+0800: = 
2026-06-07 09:23:24+0800: Controller: lz-analyze b 10
2026-06-07 09:23:24+0800: =
2026-06-07 09:23:30+0800: Controller: stop
2026-06-07 09:23:30+0800: = 
2026-06-07 09:23:30+0800: Controller: stop
2026-06-07 09:23:30+0800: = 
2026-06-07 09:23:30+0800: Controller: stop
2026-06-07 09:23:30+0800: = 
2026-06-07 09:23:35+0800: Controller: stop
2026-06-07 09:23:35+0800: = 
2026-06-07 09:23:35+0800: Controller: play black D1
2026-06-07 09:23:35+0800: = 
2026-06-07 09:23:36+0800: Controller: kata-set-param maxPlayouts 4
2026-06-07 09:23:36+0800: = 
2026-06-07 09:23:36+0800: Controller: kata-set-param maxVisits 4
2026-06-07 09:23:36+0800: = 
2026-06-07 09:23:36+0800: Controller: kata-set-param chosenMoveTemperature 0.0
2026-06-07 09:23:36+0800: = 
2026-06-07 09:23:36+0800: Controller: kata-set-param humanSLProfile preaz_15k
2026-06-07 09:23:36+0800: = 
2026-06-07 09:23:36+0800: Controller: kata-set-param playoutDoublingAdvantage 0.0
2026-06-07 09:23:36+0800: = 
2026-06-07 09:23:36+0800: Controller: lz-analyze w 10
2026-06-07 09:23:36+0800: =
2026-06-07 09:23:36+0800: Controller: stop
2026-06-07 09:23:36+0800: = 
2026-06-07 09:23:36+0800: Controller: stop
2026-06-07 09:23:36+0800: = 
2026-06-07 09:23:36+0800: Controller: play white H4
2026-06-07 09:23:36+0800: = 
2026-06-07 09:23:39+0800: Controller: kata-set-param humanSLProfile preaz_9d
2026-06-07 09:23:39+0800: = 
2026-06-07 09:23:39+0800: Controller: kata-set-param maxPlayouts 100
2026-06-07 09:23:39+0800: = 
2026-06-07 09:23:39+0800: Controller: kata-set-param maxVisits 100
2026-06-07 09:23:39+0800: = 
2026-06-07 09:23:39+0800: Controller: kata-set-param chosenMoveTemperature 0.0
2026-06-07 09:23:39+0800: = 
2026-06-07 09:23:39+0800: Controller: lz-analyze b 10
2026-06-07 09:23:39+0800: =
2026-06-07 09:23:50+0800: Controller: stop
2026-06-07 09:23:50+0800: = 
2026-06-07 09:23:50+0800: Controller: stop
2026-06-07 09:23:50+0800: = 
2026-06-07 09:23:53+0800: Controller: stop
2026-06-07 09:23:53+0800: = 
2026-06-07 09:23:53+0800: Controller: play black H2
2026-06-07 09:23:53+0800: = 
2026-06-07 09:23:54+0800: Controller: kata-set-param maxPlayouts 4
2026-06-07 09:23:54+0800: = 
2026-06-07 09:23:54+0800: Controller: kata-set-param maxVisits 4
2026-06-07 09:23:54+0800: = 
2026-06-07 09:23:54+0800: Controller: kata-set-param chosenMoveTemperature 0.0
2026-06-07 09:23:54+0800: = 
2026-06-07 09:23:54+0800: Controller: kata-set-param humanSLProfile preaz_15k
2026-06-07 09:23:54+0800: = 
2026-06-07 09:23:54+0800: Controller: kata-set-param playoutDoublingAdvantage 0.0
2026-06-07 09:23:54+0800: = 
2026-06-07 09:23:54+0800: Controller: lz-analyze w 10
2026-06-07 09:23:54+0800: =
2026-06-07 09:23:54+0800: Controller: stop
2026-06-07 09:23:54+0800: = 
2026-06-07 09:23:54+0800: Controller: stop
2026-06-07 09:23:54+0800: = 
2026-06-07 09:23:54+0800: Controller: play white G1
2026-06-07 09:23:54+0800: = 
2026-06-07 09:23:54+0800: Controller: stop
2026-06-07 09:23:54+0800: = 
2026-06-07 09:23:57+0800: Controller: kata-set-param maxPlayouts 80
2026-06-07 09:23:57+0800: = 
2026-06-07 09:23:57+0800: Controller: kata-set-param maxVisits 80
2026-06-07 09:23:57+0800: = 
2026-06-07 09:23:57+0800: Controller: kata-set-param chosenMoveTemperature 0.0
2026-06-07 09:23:57+0800: = 
2026-06-07 09:23:57+0800: Controller: kata-set-param humanSLProfile preaz_15k
2026-06-07 09:23:57+0800: = 
2026-06-07 09:23:57+0800: Controller: kata-set-param playoutDoublingAdvantage 0.0
2026-06-07 09:23:57+0800: = 
2026-06-07 09:23:57+0800: Controller: lz-analyze w 10
2026-06-07 09:23:57+0800: =
2026-06-07 09:24:30+0800: Controller: stop
2026-06-07 09:24:30+0800: = 
2026-06-07 09:24:30+0800: Controller: stop
2026-06-07 09:24:30+0800: = 
2026-06-07 09:24:30+0800: Controller: play white B1
2026-06-07 09:24:30+0800: = 
2026-06-07 09:24:30+0800: Controller: stop
2026-06-07 09:24:30+0800: = 
2026-06-07 09:24:40+0800: Controller: kata-set-param maxPlayouts 80
2026-06-07 09:24:40+0800: = 
2026-06-07 09:24:40+0800: Controller: kata-set-param maxVisits 80
2026-06-07 09:24:40+0800: = 
2026-06-07 09:24:40+0800: Controller: kata-set-param chosenMoveTemperature 0.0
2026-06-07 09:24:40+0800: = 
2026-06-07 09:24:40+0800: Controller: kata-set-param humanSLProfile preaz_15k
2026-06-07 09:24:40+0800: = 
2026-06-07 09:24:40+0800: Controller: kata-set-param playoutDoublingAdvantage 0.0
2026-06-07 09:24:40+0800: = 
2026-06-07 09:24:40+0800: Controller: lz-analyze w 10
2026-06-07 09:24:40+0800: =
2026-06-07 09:25:21+0800: Controller: stop
2026-06-07 09:25:21+0800: = 
2026-06-07 09:25:21+0800: Controller: stop
2026-06-07 09:25:21+0800: = 
2026-06-07 09:25:21+0800: Controller: play white A2
2026-06-07 09:25:21+0800: = 
2026-06-07 09:25:21+0800: Controller: stop
2026-06-07 09:25:21+0800: = 
2026-06-07 09:25:28+0800: Controller: kata-set-param humanSLProfile preaz_5d
2026-06-07 09:25:28+0800: = 
2026-06-07 09:25:28+0800: Controller: kata-set-param maxPlayouts 60
2026-06-07 09:25:28+0800: = 
2026-06-07 09:25:28+0800: Controller: kata-set-param maxVisits 60
2026-06-07 09:25:28+0800: = 
2026-06-07 09:25:28+0800: Controller: kata-set-param chosenMoveTemperature 0.0
2026-06-07 09:25:28+0800: = 
2026-06-07 09:25:28+0800: Controller: lz-analyze b 10
2026-06-07 09:25:28+0800: =
2026-06-07 09:25:41+0800: Controller: stop
2026-06-07 09:25:41+0800: = 
2026-06-07 09:25:46+0800: Controller: kata-set-param maxPlayouts 80
2026-06-07 09:25:46+0800: = 
2026-06-07 09:25:46+0800: Controller: kata-set-param maxVisits 80
2026-06-07 09:25:46+0800: = 
2026-06-07 09:25:46+0800: Controller: kata-set-param chosenMoveTemperature 0.0
2026-06-07 09:25:46+0800: = 
2026-06-07 09:25:46+0800: Controller: kata-set-param humanSLProfile preaz_15k
2026-06-07 09:25:46+0800: = 
2026-06-07 09:25:46+0800: Controller: kata-set-param playoutDoublingAdvantage 0.0
2026-06-07 09:25:46+0800: = 
2026-06-07 09:25:46+0800: Controller: lz-analyze w 10
2026-06-07 09:25:46+0800: =
2026-06-07 09:26:15+0800: Controller: stop
2026-06-07 09:26:15+0800: = 
2026-06-07 09:26:15+0800: Controller: stop
2026-06-07 09:26:15+0800: = 
2026-06-07 09:26:15+0800: Controller: play white B4
2026-06-07 09:26:15+0800: = 
2026-06-07 09:26:15+0800: Controller: stop
2026-06-07 09:26:15+0800: = 
