2026-06-05 14:25:06+0800: Running with following config:
allowResignation = true
lagBuffer = 1.0
logAllGTPCommunication = true
logDir = gtp_logs
logSearchInfo = true
logSearchInfoForChosenMove = false
logToStderr = false
maxPlayouts = 100
maxTimePondering = 60.0
maxVisits = 100
numSearchThreads = 2
ponderingEnabled = false
resignConsecTurns = 3
resignThreshold = -0.90
rules = tromp-taylor
searchFactorAfterOnePass = 0.50
searchFactorAfterTwoPass = 0.25
searchFactorWhenWinning = 0.40
searchFactorWhenWinningThreshold = 0.95

2026-06-05 14:25:06+0800: GTP Engine starting...
2026-06-05 14:25:06+0800: KataGo v1.16.5
2026-06-05 14:25:06+0800: Using TrompTaylor rules initially, unless GTP/GUI overrides this
2026-06-05 14:25:06+0800: Using 2 CPU thread(s) for search
2026-06-05 14:25:06+0800: nnRandSeed0 = 3501801000080731925
2026-06-05 14:25:06+0800: After dedups: nnModelFile0 = E:/开发/new/围棋/bin/kata9x9-b18c384nbt-20231025.bin.gz useFP16 auto useNHWC auto
2026-06-05 14:25:06+0800: Initializing neural net buffer to be size 19 * 19 exactly
2026-06-05 14:25:07+0800: Eigen (CPU) backend thread 1: Model version 12
2026-06-05 14:25:07+0800: Eigen (CPU) backend thread 1: Model name: kata9x9-b18c384nbt-s6603587840-d252232394
2026-06-05 14:25:07+0800: Eigen (CPU) backend thread 0: Model version 12
2026-06-05 14:25:07+0800: Eigen (CPU) backend thread 0: Model name: kata9x9-b18c384nbt-s6603587840-d252232394
2026-06-05 14:25:08+0800: Loaded neural net with nnXLen 19 nnYLen 19
2026-06-05 14:25:08+0800: Initializing board with boardXSize 19 boardYSize 19
2026-06-05 14:25:08+0800: Loaded config E:/开发/new/围棋/bin/katago.cfg
2026-06-05 14:25:08+0800: Loaded model E:/开发/new/围棋/bin/kata9x9-b18c384nbt-20231025.bin.gz
2026-06-05 14:25:08+0800: Model name: kata9x9-b18c384nbt-s6603587840-d252232394
2026-06-05 14:25:08+0800: GTP ready, beginning main protocol loop
2026-06-05 14:25:08+0800: Controller: boardsize 9
2026-06-05 14:25:08+0800: GPU -1 finishing, processed 0 rows 0 batches
2026-06-05 14:25:08+0800: GPU -1 finishing, processed 0 rows 0 batches
2026-06-05 14:25:08+0800: Cleaned up old neural net and bot
2026-06-05 14:25:08+0800: nnRandSeed0 = 3632284818269778016
2026-06-05 14:25:08+0800: After dedups: nnModelFile0 = E:/开发/new/围棋/bin/kata9x9-b18c384nbt-20231025.bin.gz useFP16 auto useNHWC auto
2026-06-05 14:25:08+0800: Initializing neural net buffer to be size 9 * 9 exactly
2026-06-05 14:25:09+0800: Eigen (CPU) backend thread 0: Model version 12
2026-06-05 14:25:09+0800: Eigen (CPU) backend thread 0: Model name: kata9x9-b18c384nbt-s6603587840-d252232394
2026-06-05 14:25:09+0800: Eigen (CPU) backend thread 1: Model version 12
2026-06-05 14:25:09+0800: Eigen (CPU) backend thread 1: Model name: kata9x9-b18c384nbt-s6603587840-d252232394
2026-06-05 14:25:10+0800: Loaded neural net with nnXLen 9 nnYLen 9
2026-06-05 14:25:10+0800: Initializing board with boardXSize 9 boardYSize 9
2026-06-05 14:25:10+0800: = 
2026-06-05 14:25:10+0800: Controller: komi 7.5
2026-06-05 14:25:10+0800: = 
2026-06-05 14:25:10+0800: Controller: clear_board
2026-06-05 14:25:10+0800: = 
2026-06-05 14:25:10+0800: Controller: boardsize 13
2026-06-05 14:25:10+0800: GPU -1 finishing, processed 0 rows 0 batches
2026-06-05 14:25:10+0800: GPU -1 finishing, processed 0 rows 0 batches
2026-06-05 14:25:10+0800: Cleaned up old neural net and bot
2026-06-05 14:25:10+0800: nnRandSeed0 = 14555234202470419924
2026-06-05 14:25:10+0800: After dedups: nnModelFile0 = E:/开发/new/围棋/bin/kata9x9-b18c384nbt-20231025.bin.gz useFP16 auto useNHWC auto
2026-06-05 14:25:10+0800: Initializing neural net buffer to be size 13 * 13 exactly
2026-06-05 14:25:11+0800: Eigen (CPU) backend thread 0: Model version 12
2026-06-05 14:25:11+0800: Eigen (CPU) backend thread 0: Model name: kata9x9-b18c384nbt-s6603587840-d252232394
2026-06-05 14:25:11+0800: Eigen (CPU) backend thread 1: Model version 12
2026-06-05 14:25:11+0800: Eigen (CPU) backend thread 1: Model name: kata9x9-b18c384nbt-s6603587840-d252232394
2026-06-05 14:25:12+0800: Loaded neural net with nnXLen 13 nnYLen 13
2026-06-05 14:25:12+0800: Initializing board with boardXSize 13 boardYSize 13
2026-06-05 14:25:12+0800: = 
2026-06-05 14:25:12+0800: Controller: komi 7.5
2026-06-05 14:25:12+0800: = 
2026-06-05 14:25:12+0800: Controller: clear_board
2026-06-05 14:25:12+0800: = 
2026-06-05 14:25:12+0800: Controller: kata-set-param maxPlayouts 100
2026-06-05 14:25:12+0800: = 
2026-06-05 14:25:12+0800: Controller: lz-analyze b 10
2026-06-05 14:25:12+0800: =
2026-06-05 14:25:13+0800: Controller: stop
2026-06-05 14:25:13+0800: = 
2026-06-05 14:25:13+0800: Controller: stop
2026-06-05 14:25:13+0800: = 
2026-06-05 14:25:13+0800: Controller: stop
2026-06-05 14:25:13+0800: = 
2026-06-05 14:25:56+0800: Controller: play black D10
2026-06-05 14:25:56+0800: = 
2026-06-05 14:25:56+0800: Controller: kata-set-param maxPlayouts 15
2026-06-05 14:25:56+0800: = 
2026-06-05 14:25:56+0800: Controller: genmove white
2026-06-05 14:26:01+0800: MoveNum: 1 HASH: E329933DF8F88C0104C6C1803D89AD74
   A B C D E F G H J K L M N
13 . . . . . . . . . . . . .
12 . . . . . . . . . . . . .
11 . . . . . . . . . . . . .
10 . . . X1. . . . . . . . .
 9 . . . . . . . . . . . . .
 8 . . . . . . . . . . . . .
 7 . . . . . . . . . . . . .
 6 . . . . . . . . . . . . .
 5 . . . . . . . . . . . . .
 4 . . . @ . . . . . . . . .
 3 . . . . . . . . . . . . .
 2 . . . . . . . . . . . . .
 1 . . . . . . . . . . . . .

koPOSITIONALscoreAREAtaxNONEsui1komi7.5
Time taken: 4.766
Root visits: 15
New playouts: 15
NN rows: 15
NN batches: 15
NN avg batch size: 1
PV: D4 K4 K10 H11
Tree:
: T  59.43c W  61.36c S  -0.85c ( +1.5 L  +1.3) N      15  --  D4 K4 K10 H11
---White(^)---
D4  : T  61.64c W  63.27c S  -0.97c ( +1.4 L  +1.2) LCB   45.47c P 42.09% WF  25.0 PSV      25 N      12  --  D4 K4 K10 H11
K4  : T  56.11c W  61.92c S  -1.29c ( +1.2 L  +0.9) LCB  -98.84c P 19.04% WF   3.8 PSV       4 N       2  --  K4 D4

2026-06-05 14:26:01+0800: = D4
2026-06-05 14:26:04+0800: Controller: kata-set-param maxPlayouts 100
2026-06-05 14:26:04+0800: = 
2026-06-05 14:26:04+0800: Controller: lz-analyze b 10
2026-06-05 14:26:04+0800: =
2026-06-05 14:26:05+0800: Controller: stop
2026-06-05 14:26:05+0800: = 
2026-06-05 14:26:05+0800: Controller: stop
2026-06-05 14:26:05+0800: = 
2026-06-05 14:26:24+0800: Controller: play black K10
2026-06-05 14:26:24+0800: = 
2026-06-05 14:26:24+0800: Controller: kata-set-param maxPlayouts 15
2026-06-05 14:26:24+0800: = 
2026-06-05 14:26:24+0800: Controller: genmove white
2026-06-05 14:26:28+0800: MoveNum: 3 HASH: F8225E4A6031CC16DD76546412D2BFBE
   A B C D E F G H J K L M N
13 . . . . . . . . . . . . .
12 . . . . . . . . . . . . .
11 . . . . . . . . . . . . .
10 . . . X1. . . . . X3. . .
 9 . . . . . . . . . . . . .
 8 . . . . . . . . . . . . .
 7 . . . . . . . . . . . . .
 6 . . . . . . . . . . . . .
 5 . . . . . . . . . . . . .
 4 . . . O2. . . . . @ . . .
 3 . . . . . . . . . . . . .
 2 . . . . . . . . . . . . .
 1 . . . . . . . . . . . . .

koPOSITIONALscoreAREAtaxNONEsui1komi7.5
Time taken: 4.109
Root visits: 15
New playouts: 15
NN rows: 13
NN batches: 13
NN avg batch size: 1
PV: K4 C6 L8 F3 D6 D7
Tree:
: T  60.01c W  62.20c S   0.64c ( +1.5 L  +1.3) N      15  --  K4 C6 L8 F3 D6 D7
---White(^)---
K4  : T  61.86c W  62.57c S   0.68c ( +1.5 L  +1.2) LCB   50.33c P 55.57% WF  21.2 PSV      21 N      10  --  K4 C6 L8 F3 D6 D7
L4  : T  59.46c W  64.69c S   0.56c ( +1.4 L  +1.3) LCB  -92.52c P 19.83% WF   4.3 PSV       5 N       2  --  L4 J4
K3  : T  54.57c W  62.25c S   0.43c ( +1.3 L  +1.4) LCB -102.67c P 19.51% WF   4.2 PSV       3 N       2  --  K3 K5

2026-06-05 14:26:28+0800: = K4
2026-06-05 14:26:32+0800: Controller: kata-set-param maxPlayouts 100
2026-06-05 14:26:32+0800: = 
2026-06-05 14:26:32+0800: Controller: lz-analyze b 10
2026-06-05 14:26:32+0800: =
2026-06-05 14:26:32+0800: Controller: stop
2026-06-05 14:26:32+0800: = 
2026-06-05 14:26:32+0800: Controller: stop
2026-06-05 14:26:32+0800: = 
2026-06-05 14:26:32+0800: Controller: stop
2026-06-05 14:26:32+0800: = 
2026-06-05 14:26:42+0800: Controller: play black L6
2026-06-05 14:26:42+0800: = 
2026-06-05 14:26:42+0800: Controller: kata-set-param maxPlayouts 15
2026-06-05 14:26:42+0800: = 
2026-06-05 14:26:42+0800: Controller: genmove white
2026-06-05 14:26:46+0800: MoveNum: 5 HASH: D202D04520F482A84A126472C2CF0EEB
   A B C D E F G H J K L M N
13 . . . . . . . . . . . . .
12 . . . . . . . . . . . . .
11 . . . . . . . . . . . . .
10 . . . X . . . . . X1. . .
 9 . . . . . . . . . . . . .
 8 . . @ . . . . . . . . . .
 7 . . . . . . . . . . . . .
 6 . . . . . . . . . . X3. .
 5 . . . . . . . . . . . . .
 4 . . . O . . . . . O2. . .
 3 . . . . . . . . . . . . .
 2 . . . . . . . . . . . . .
 1 . . . . . . . . . . . . .

koPOSITIONALscoreAREAtaxNONEsui1komi7.5
Time taken: 3.734
Root visits: 15
New playouts: 15
NN rows: 12
NN batches: 12
NN avg batch size: 1
PV: C8 C6 C11 C10
Tree:
: T  58.03c W  60.53c S   0.73c ( +1.5 L  +1.2) N      15  --  C8 C6 C11 C10
---White(^)---
C8  : T  61.58c W  61.59c S   0.82c ( +1.5 L  +1.2) LCB   40.88c P 25.62% WF  12.3 PSV      12 N       6  --  C8 C6 C11 C10
L8  : T  59.66c W  62.69c S   1.00c ( +1.6 L  +1.4) LCB  -93.68c P 11.84% WF   4.2 PSV       4 N       2  --  L8 J6
K11 : T  61.82c W  62.32c S  -0.50c ( +0.6 L  +0.5) LCB -288.18c P  9.24% WF   2.2 PSV       3 N       1  --  K11
K6  : T  53.63c W  60.61c S   0.78c ( +1.5 L  +1.2) LCB   13.29c P 13.59% WF   8.7 PSV       2 N       5  --  K6 K7 L7 M7

2026-06-05 14:26:46+0800: = C8
2026-06-05 14:26:49+0800: Controller: kata-set-param maxPlayouts 100
2026-06-05 14:26:49+0800: = 
2026-06-05 14:26:49+0800: Controller: lz-analyze b 10
2026-06-05 14:26:49+0800: =
2026-06-05 14:26:50+0800: Controller: stop
2026-06-05 14:26:50+0800: = 
2026-06-05 14:26:50+0800: Controller: stop
2026-06-05 14:26:50+0800: = 
2026-06-05 14:26:50+0800: Controller: stop
2026-06-05 14:26:50+0800: = 
2026-06-05 14:26:57+0800: Controller: play black C6
2026-06-05 14:26:57+0800: = 
2026-06-05 14:26:57+0800: Controller: kata-set-param maxPlayouts 15
2026-06-05 14:26:57+0800: = 
2026-06-05 14:26:57+0800: Controller: genmove white
2026-06-05 14:27:01+0800: MoveNum: 7 HASH: 835C306D59D447320A8ABACE03F803D5
   A B C D E F G H J K L M N
13 . . . . . . . . . . . . .
12 . . . . . . . . . . . . .
11 . . . . . . . . . . . . .
10 . . . X . . . . . X . . .
 9 . . . . . . . . . . . . .
 8 . . O2. . . . . . . . . .
 7 . . . . . . . . . . . . .
 6 . . X3@ . . . . . . X1. .
 5 . . . . . . . . . . . . .
 4 . . . O . . . . . O . . .
 3 . . . . . . . . . . . . .
 2 . . . . . . . . . . . . .
 1 . . . . . . . . . . . . .

koPOSITIONALscoreAREAtaxNONEsui1komi7.5
Time taken: 4.281
Root visits: 15
New playouts: 15
NN rows: 13
NN batches: 13
NN avg batch size: 1
PV: D6 D7 C7 D8 B6 C5 B5
Tree:
: T  57.30c W  60.25c S   0.46c ( +1.5 L  +1.2) N      15  --  D6 D7 C7 D8 B6 C5 B5
---White(^)---
D6  : T  57.16c W  63.32c S   0.51c ( +1.6 L  +1.2) LCB   35.87c P 13.88% WF  12.5 PSV      17 N       7  --  D6 D7 C7 D8 B6 C5 B5
E8  : T  58.72c W  59.38c S   0.72c ( +1.7 L  +1.3) LCB   11.78c P 23.66% WF   8.6 PSV       9 N       4  --  E8 F10 L11
C11 : T  59.23c W  59.95c S   0.24c ( +1.4 L  +1.2) LCB  -95.51c P 12.62% WF   3.8 PSV       4 N       2  --  C11 C10
L11 : T  47.14c W  48.06c S  -0.92c ( +0.6 L  +0.3) LCB -302.86c P 10.79% WF   2.0 PSV       2 N       1  --  L11

2026-06-05 14:27:01+0800: = D6
2026-06-05 14:27:09+0800: Controller: kata-set-param maxPlayouts 100
2026-06-05 14:27:09+0800: = 
2026-06-05 14:27:09+0800: Controller: lz-analyze b 10
2026-06-05 14:27:09+0800: =
2026-06-05 14:27:10+0800: Controller: stop
2026-06-05 14:27:10+0800: = 
2026-06-05 14:27:10+0800: Controller: stop
2026-06-05 14:27:10+0800: = 
2026-06-05 14:27:26+0800: Controller: play black D7
2026-06-05 14:27:26+0800: = 
2026-06-05 14:27:26+0800: Controller: kata-set-param maxPlayouts 15
2026-06-05 14:27:26+0800: = 
2026-06-05 14:27:26+0800: Controller: genmove white
2026-06-05 14:27:29+0800: MoveNum: 9 HASH: 649AE0D3F7D1FB1EB070405C2F21BED9
   A B C D E F G H J K L M N
13 . . . . . . . . . . . . .
12 . . . . . . . . . . . . .
11 . . . . . . . . . . . . .
10 . . . X . . . . . X . . .
 9 . . . . . . . . . . . . .
 8 . . O . . . . . . . . . .
 7 . . @ X3. . . . . . . . .
 6 . . X1O2. . . . . . X . .
 5 . . . . . . . . . . . . .
 4 . . . O . . . . . O . . .
 3 . . . . . . . . . . . . .
 2 . . . . . . . . . . . . .
 1 . . . . . . . . . . . . .

koPOSITIONALscoreAREAtaxNONEsui1komi7.5
Time taken: 3.218
Root visits: 15
New playouts: 15
NN rows: 10
NN batches: 10
NN avg batch size: 1
PV: C7 D8 B6 C5 D5 C9 C4
Tree:
: T  63.99c W  63.35c S   0.36c ( +1.8 L  +1.4) N      15  --  C7 D8 B6 C5 D5 C9 C4
---White(^)---
C7  : T  63.74c W  63.14c S   0.31c ( +1.7 L  +1.4) LCB   47.89c P 98.76% WF  23.9 PSV      24 N      14  --  C7 D8 B6 C5 D5 C9 C4

2026-06-05 14:27:29+0800: = C7
2026-06-05 14:27:33+0800: Controller: kata-set-param maxPlayouts 100
2026-06-05 14:27:33+0800: = 
2026-06-05 14:27:33+0800: Controller: lz-analyze b 10
2026-06-05 14:27:33+0800: =
2026-06-05 14:27:33+0800: Controller: stop
2026-06-05 14:27:33+0800: = 
2026-06-05 14:27:33+0800: Controller: stop
2026-06-05 14:27:33+0800: = 
2026-06-05 14:27:33+0800: Controller: stop
2026-06-05 14:27:33+0800: = 
2026-06-05 14:27:38+0800: Controller: play black D8
2026-06-05 14:27:38+0800: = 
2026-06-05 14:27:38+0800: Controller: kata-set-param maxPlayouts 15
2026-06-05 14:27:38+0800: = 
2026-06-05 14:27:38+0800: Controller: genmove white
2026-06-05 14:27:40+0800: MoveNum: 11 HASH: 8B586AA64C3956E3A652EE6EC46A1C00
   A B C D E F G H J K L M N
13 . . . . . . . . . . . . .
12 . . . . . . . . . . . . .
11 . . . . . . . . . . . . .
10 . . . X . . . . . X . . .
 9 . . @ . . . . . . . . . .
 8 . . O X3. . . . . . . . .
 7 . . O2X1. . . . . . . . .
 6 . . X O . . . . . . X . .
 5 . . . . . . . . . . . . .
 4 . . . O . . . . . O . . .
 3 . . . . . . . . . . . . .
 2 . . . . . . . . . . . . .
 1 . . . . . . . . . . . . .

koPOSITIONALscoreAREAtaxNONEsui1komi7.5
Time taken: 1.641
Root visits: 15
New playouts: 15
NN rows: 5
NN batches: 5
NN avg batch size: 1
PV: C9 D9 C10 C11 E6 B6
Tree:
: T  63.48c W  64.25c S   0.22c ( +1.7 L  +1.5) N      15  --  C9 D9 C10 C11 E6 B6
---White(^)---
C9  : T  67.48c W  70.32c S   0.71c ( +2.0 L  +1.9) LCB   49.19c P 12.72% WF  12.4 PSV      27 N       7  --  C9 D9 C10 C11 E6 B6
B6  : T  58.23c W  57.09c S  -0.39c ( +1.3 L  +1.0) LCB   30.74c P 81.79% WF  12.0 PSV      12 N       7  --  B6 C5 D5 C9 C4

2026-06-05 14:27:40+0800: = C9
2026-06-05 14:27:44+0800: Controller: kata-set-param maxPlayouts 100
2026-06-05 14:27:44+0800: = 
2026-06-05 14:27:44+0800: Controller: lz-analyze b 10
2026-06-05 14:27:44+0800: =
2026-06-05 14:27:45+0800: Controller: stop
2026-06-05 14:27:45+0800: = 
2026-06-05 14:27:45+0800: Controller: stop
2026-06-05 14:27:45+0800: = 
2026-06-05 14:27:45+0800: Controller: stop
2026-06-05 14:27:45+0800: = 
2026-06-05 14:27:45+0800: Controller: stop
2026-06-05 14:27:45+0800: = 
2026-06-05 14:27:45+0800: Controller: stop
2026-06-05 14:27:45+0800: = 
2026-06-05 14:28:08+0800: Controller: play black D9
2026-06-05 14:28:08+0800: = 
2026-06-05 14:28:08+0800: Controller: kata-set-param maxPlayouts 15
2026-06-05 14:28:08+0800: = 
2026-06-05 14:28:08+0800: Controller: genmove white
2026-06-05 14:28:11+0800: MoveNum: 13 HASH: 23B9F44CA3246235C7C5DBCDA0C6ECA0
   A B C D E F G H J K L M N
13 . . . . . . . . . . . . .
12 . . . . . . . . . . . . .
11 . . . . . . . . . . . . .
10 . . @ X . . . . . X . . .
 9 . . O2X3. . . . . . . . .
 8 . . O X1. . . . . . . . .
 7 . . O X . . . . . . . . .
 6 . . X O . . . . . . X . .
 5 . . . . . . . . . . . . .
 4 . . . O . . . . . O . . .
 3 . . . . . . . . . . . . .
 2 . . . . . . . . . . . . .
 1 . . . . . . . . . . . . .

koPOSITIONALscoreAREAtaxNONEsui1komi7.5
Time taken: 2.89
Root visits: 15
New playouts: 15
NN rows: 9
NN batches: 9
NN avg batch size: 1
PV: C10 C11 B6 C5 B5 C4
Tree:
: T  57.82c W  62.29c S  -0.07c ( +1.7 L  +1.5) N      15  --  C10 C11 B6 C5 B5 C4
---White(^)---
C10 : T  59.53c W  65.01c S   0.08c ( +1.9 L  +1.6) LCB   45.61c P 68.21% WF  18.4 PSV      18 N      12  --  C10 C11 B6 C5 B5 C4
B6  : T  46.80c W  47.82c S  -1.01c ( +1.1 L  +0.5) LCB -303.20c P 13.52% WF   1.9 PSV       1 N       1  --  B6
E6  : T  36.36c W  38.54c S  -2.18c ( +0.3 L  +0.0) LCB -313.64c P 12.21% WF   1.4 PSV       0 N       1  --  E6

2026-06-05 14:28:11+0800: = C10
2026-06-05 14:28:14+0800: Controller: kata-set-param maxPlayouts 100
2026-06-05 14:28:14+0800: = 
2026-06-05 14:28:14+0800: Controller: lz-analyze b 10
2026-06-05 14:28:14+0800: =
2026-06-05 14:28:15+0800: Controller: stop
2026-06-05 14:28:15+0800: = 
2026-06-05 14:28:15+0800: Controller: stop
2026-06-05 14:28:15+0800: = 
2026-06-05 14:28:15+0800: Controller: stop
2026-06-05 14:28:15+0800: = 
2026-06-05 14:28:31+0800: Controller: play black C11
2026-06-05 14:28:31+0800: = 
2026-06-05 14:28:31+0800: Controller: kata-set-param maxPlayouts 15
2026-06-05 14:28:31+0800: = 
2026-06-05 14:28:31+0800: Controller: genmove white
2026-06-05 14:28:33+0800: MoveNum: 15 HASH: 469E04FD3CC56D4A8008F3342428BF9A
   A B C D E F G H J K L M N
13 . . . . . . . . . . . . .
12 . . . . . . . . . . . . .
11 . . X3. . . . . . . . . .
10 . . O2X . . . . . X . . .
 9 . . O X1. . . . . . . . .
 8 . . O X . . . . . . . . .
 7 . . O X . . . . . . . . .
 6 . @ X O . . . . . . X . .
 5 . . . . . . . . . . . . .
 4 . . . O . . . . . O . . .
 3 . . . . . . . . . . . . .
 2 . . . . . . . . . . . . .
 1 . . . . . . . . . . . . .

koPOSITIONALscoreAREAtaxNONEsui1komi7.5
Time taken: 1.61
Root visits: 15
New playouts: 15
NN rows: 5
NN batches: 5
NN avg batch size: 1
PV: B6 C5 B5 C4 D5
Tree:
: T  62.77c W  65.17c S   0.76c ( +2.0 L  +1.7) N      15  --  B6 C5 B5 C4 D5
---White(^)---
B6  : T  70.16c W  66.53c S   0.96c ( +2.1 L  +1.8) LCB   48.16c P 49.99% WF  10.2 PSV      10 N       7  --  B6 C5 B5 C4 D5
E6  : T  57.44c W  65.79c S   0.50c ( +1.8 L  +1.6) LCB   14.91c P 30.13% WF   7.5 PSV       3 N       5  --  E6 B6 C5 B7
C5  : T  49.88c W  59.46c S   0.56c ( +1.9 L  +1.5) LCB -115.97c P  9.85% WF   3.0 PSV       0 N       2  --  C5 B6

2026-06-05 14:28:33+0800: = B6
2026-06-05 14:28:44+0800: Controller: kata-set-param maxPlayouts 100
2026-06-05 14:28:44+0800: = 
2026-06-05 14:28:44+0800: Controller: lz-analyze b 10
2026-06-05 14:28:44+0800: =
2026-06-05 14:28:44+0800: Controller: stop
2026-06-05 14:28:44+0800: = 
2026-06-05 14:28:44+0800: Controller: stop
2026-06-05 14:28:44+0800: = 
2026-06-05 14:28:44+0800: Controller: stop
2026-06-05 14:28:44+0800: = 
2026-06-05 14:28:54+0800: Controller: play black C5
2026-06-05 14:28:54+0800: = 
2026-06-05 14:28:54+0800: Controller: kata-set-param maxPlayouts 15
2026-06-05 14:28:54+0800: = 
2026-06-05 14:28:54+0800: Controller: genmove white
2026-06-05 14:28:57+0800: MoveNum: 17 HASH: CB5AD26543F6331441630C21CE35F0E4
   A B C D E F G H J K L M N
13 . . . . . . . . . . . . .
12 . . . . . . . . . . . . .
11 . . X1. . . . . . . . . .
10 . . O X . . . . . X . . .
 9 . . O X . . . . . . . . .
 8 . . O X . . . . . . . . .
 7 . . O X . . . . . . . . .
 6 . O2X O . . . . . . X . .
 5 . @ X3. . . . . . . . . .
 4 . . . O . . . . . O . . .
 3 . . . . . . . . . . . . .
 2 . . . . . . . . . . . . .
 1 . . . . . . . . . . . . .

koPOSITIONALscoreAREAtaxNONEsui1komi7.5
Time taken: 3.578
Root visits: 15
New playouts: 15
NN rows: 11
NN batches: 11
NN avg batch size: 1
PV: B5 D5 C4 E5 D11 E11
Tree:
: T  55.65c W  56.10c S   0.73c ( +1.7 L  +1.4) N      15  --  B5 D5 C4 E5 D11 E11
---White(^)---
B5  : T  58.74c W  56.66c S   0.78c ( +1.8 L  +1.4) LCB   38.01c P 77.82% WF  17.1 PSV      17 N      12  --  B5 D5 C4 E5 D11 E11
D5  : T  35.59c W  52.39c S   0.40c ( +1.5 L  +1.3) LCB -140.73c P 21.60% WF   2.7 PSV       1 N       2  --  D5 B5

2026-06-05 14:28:57+0800: = B5
2026-06-05 14:29:02+0800: Controller: kata-set-param maxPlayouts 100
2026-06-05 14:29:02+0800: = 
2026-06-05 14:29:02+0800: Controller: lz-analyze b 10
2026-06-05 14:29:02+0800: =
2026-06-05 14:29:03+0800: Controller: stop
2026-06-05 14:29:03+0800: = 
2026-06-05 14:29:03+0800: Controller: stop
2026-06-05 14:29:03+0800: = 
2026-06-05 14:29:03+0800: Controller: stop
2026-06-05 14:29:03+0800: = 
2026-06-05 14:29:10+0800: Controller: play black D5
2026-06-05 14:29:10+0800: = 
2026-06-05 14:29:10+0800: Controller: kata-set-param maxPlayouts 15
2026-06-05 14:29:10+0800: = 
2026-06-05 14:29:10+0800: Controller: genmove white
2026-06-05 14:29:12+0800: MoveNum: 19 HASH: 2EF1E6D4405889263FF5C8440975251D
   A B C D E F G H J K L M N
13 . . . . . . . . . . . . .
12 . . . . . . . . . . . . .
11 . . X . . . . . . . . . .
10 . . O X . . . . . X . . .
 9 . . O X . . . . . . . . .
 8 . . O X . . . . . . . . .
 7 . . O X . . . . . . . . .
 6 . O X O . . . . . . X . .
 5 . O2X1X3@ . . . . . . . .
 4 . . . O . . . . . O . . .
 3 . . . . . . . . . . . . .
 2 . . . . . . . . . . . . .
 1 . . . . . . . . . . . . .

koPOSITIONALscoreAREAtaxNONEsui1komi7.5
Time taken: 2.25
Root visits: 15
New playouts: 15
NN rows: 7
NN batches: 7
NN avg batch size: 1
PV: E5 C4 E6 D3 E4 C3
Tree:
: T  59.83c W  56.07c S   0.94c ( +1.9 L  +1.5) N      15  --  E5 C4 E6 D3 E4 C3
---White(^)---
E5  : T  74.78c W  63.38c S   1.74c ( +2.4 L  +2.0) LCB   40.57c P 34.11% WF   7.3 PSV      20 N       6  --  E5 C4 E6 D3 E4 C3
C4  : T  49.73c W  50.87c S   0.39c ( +1.5 L  +1.1) LCB   32.82c P 65.56% WF  10.8 PSV      11 N       8  --  C4 E5 D11 E11 D12 E12

2026-06-05 14:29:12+0800: = E5
2026-06-05 14:29:17+0800: Controller: kata-set-param maxPlayouts 100
2026-06-05 14:29:17+0800: = 
2026-06-05 14:29:17+0800: Controller: lz-analyze b 10
2026-06-05 14:29:17+0800: =
2026-06-05 14:29:18+0800: Controller: stop
2026-06-05 14:29:18+0800: = 
2026-06-05 14:29:18+0800: Controller: stop
2026-06-05 14:29:18+0800: = 
2026-06-05 14:29:18+0800: Controller: stop
2026-06-05 14:29:18+0800: = 
2026-06-05 14:29:26+0800: Controller: play black C4
2026-06-05 14:29:26+0800: = 
2026-06-05 14:29:26+0800: Controller: kata-set-param maxPlayouts 15
2026-06-05 14:29:26+0800: = 
2026-06-05 14:29:26+0800: Controller: genmove white
2026-06-05 14:29:29+0800: MoveNum: 21 HASH: FEA680AD146471FC05ACC68269893152
   A B C D E F G H J K L M N
13 . . . . . . . . . . . . .
12 . . . . . . . . . . . . .
11 . . X . . . . . . . . . .
10 . . O X . . . . . X . . .
 9 . . O X . . . . . . . . .
 8 . . O X . . . . . . . . .
 7 . . O X . . . . . . . . .
 6 . O X O @ . . . . . X . .
 5 . O X X1O2. . . . . . . .
 4 . . X3O . . . . . O . . .
 3 . . . . . . . . . . . . .
 2 . . . . . . . . . . . . .
 1 . . . . . . . . . . . . .

koPOSITIONALscoreAREAtaxNONEsui1komi7.5
Time taken: 3.187
Root visits: 15
New playouts: 15
NN rows: 10
NN batches: 10
NN avg batch size: 1
PV: E6 C3 D3 D2
Tree:
: T  68.53c W  65.40c S   2.94c ( +2.8 L  +2.5) N      15  --  E6 C3 D3 D2
---White(^)---
E6  : T  72.70c W  69.23c S   3.25c ( +3.0 L  +2.7) LCB   43.05c P 87.07% WF  17.3 PSV      17 N      13  --  E6 C3 D3 D2
C3  : T  21.74c W  22.95c S  -1.21c ( -0.1 L  -0.9) LCB -328.26c P 12.79% WF   0.8 PSV       0 N       1  --  C3

2026-06-05 14:29:29+0800: = E6
2026-06-05 14:29:33+0800: Controller: kata-set-param maxPlayouts 100
2026-06-05 14:29:33+0800: = 
2026-06-05 14:29:33+0800: Controller: lz-analyze b 10
2026-06-05 14:29:33+0800: =
2026-06-05 14:29:34+0800: Controller: stop
2026-06-05 14:29:34+0800: = 
2026-06-05 14:29:34+0800: Controller: stop
2026-06-05 14:29:34+0800: = 
2026-06-05 14:29:34+0800: Controller: stop
2026-06-05 14:29:34+0800: = 
2026-06-05 14:29:39+0800: Controller: play black C3
2026-06-05 14:29:39+0800: = 
2026-06-05 14:29:39+0800: Controller: kata-set-param maxPlayouts 15
2026-06-05 14:29:39+0800: = 
2026-06-05 14:29:39+0800: Controller: genmove white
2026-06-05 14:29:42+0800: MoveNum: 23 HASH: 449D5633A1878D5EBF88220964497F07
   A B C D E F G H J K L M N
13 . . . . . . . . . . . . .
12 . . . . . . . . . . . . .
11 . . X . . . . . . . . . .
10 . . O X . . . . . X . . .
 9 . . O X . . . . . . . . .
 8 . . O X . . . . . . . . .
 7 . . O X . . . . . . . . .
 6 . O X O O2. . . . . X . .
 5 . O X X O . . . . . . . .
 4 . . X1O . . . . . O . . .
 3 . . X3. . . . . . . . . .
 2 . . . . @ . . . . . . . .
 1 . . . . . . . . . . . . .

koPOSITIONALscoreAREAtaxNONEsui1komi7.5
Time taken: 2.922
Root visits: 15
New playouts: 15
NN rows: 9
NN batches: 9
NN avg batch size: 1
PV: E2 B10 D3
Tree:
: T  59.77c W  61.51c S  -0.28c ( +2.1 L  +1.7) N      15  --  E2 B10 D3
---White(^)---
E2  : T  64.33c W  63.81c S   0.06c ( +2.4 L  +2.0) LCB   29.40c P 12.83% WF   5.8 PSV       9 N       5  --  E2 B10 D3
D3  : T  58.80c W  61.10c S  -0.20c ( +2.2 L  +1.7) LCB   26.46c P 31.65% WF   5.8 PSV       6 N       5  --  D3 D2 C2 B2
D11 : T  54.60c W  59.78c S  -0.90c ( +1.7 L  +1.3) LCB  -23.68c P 31.80% WF   3.9 PSV       4 N       3  --  D11 E11 D12
E3  : T  42.62c W  44.38c S  -1.75c ( +1.0 L  +0.8) LCB -307.38c P 22.59% WF   1.4 PSV       2 N       1  --  E3

2026-06-05 14:29:42+0800: = E2
2026-06-05 14:29:46+0800: Controller: kata-set-param maxPlayouts 100
2026-06-05 14:29:46+0800: = 
2026-06-05 14:29:46+0800: Controller: lz-analyze b 10
2026-06-05 14:29:46+0800: =
2026-06-05 14:29:47+0800: Controller: stop
2026-06-05 14:29:47+0800: = 
2026-06-05 14:29:47+0800: Controller: stop
2026-06-05 14:29:47+0800: = 
2026-06-05 14:29:47+0800: Controller: stop
2026-06-05 14:29:47+0800: = 
2026-06-05 14:29:59+0800: Controller: play black E3
2026-06-05 14:29:59+0800: = 
2026-06-05 14:29:59+0800: Controller: kata-set-param maxPlayouts 15
2026-06-05 14:29:59+0800: = 
2026-06-05 14:29:59+0800: Controller: genmove white
2026-06-05 14:30:04+0800: MoveNum: 25 HASH: 15570E4F60AC766ADFCD9C71E2E67255
   A B C D E F G H J K L M N
13 . . . . . . . . . . . . .
12 . . . . . . . . . . . . .
11 . . X . . . . . . . . . .
10 . . O X . . . . . X . . .
 9 . . O X . . . . . . . . .
 8 . . O X . . . . . . . . .
 7 . . O X . . . . . . . . .
 6 . O X O O . . . . . X . .
 5 . O X X O . . . . . . . .
 4 . . X O . . . . . O . . .
 3 . . X1@ X3. . . . . . . .
 2 . . . . O2. . . . . . . .
 1 . . . . . . . . . . . . .

koPOSITIONALscoreAREAtaxNONEsui1komi7.5
Time taken: 4.843
Root visits: 15
New playouts: 15
NN rows: 15
NN batches: 15
NN avg batch size: 1
PV: D3 E4 D2 G4 G6
Tree:
: T 101.94c W  93.79c S   7.48c ( +7.5 L  +7.9) N      15  --  D3 E4 D2 G4 G6
---White(^)---
D3  : T 104.42c W  95.82c S   7.91c ( +7.8 L  +8.3) LCB   95.69c P 73.25% WF  28.3 PSV      28 N      13  --  D3 E4 D2 G4 G6
E4  : T  42.84c W  44.50c S  -1.66c ( +1.0 L  +0.4) LCB -307.16c P 12.34% WF   0.8 PSV       0 N       1  --  E4

2026-06-05 14:30:04+0800: = D3
2026-06-05 14:30:09+0800: Controller: kata-set-param maxPlayouts 100
2026-06-05 14:30:09+0800: = 
2026-06-05 14:30:09+0800: Controller: lz-analyze b 10
2026-06-05 14:30:09+0800: =
2026-06-05 14:30:09+0800: Controller: stop
2026-06-05 14:30:09+0800: = 
2026-06-05 14:30:09+0800: Controller: stop
2026-06-05 14:30:09+0800: = 
2026-06-05 14:30:09+0800: Controller: stop
2026-06-05 14:30:09+0800: = 
2026-06-05 14:30:42+0800: Controller: play black D2
2026-06-05 14:30:42+0800: = 
2026-06-05 14:30:42+0800: Controller: kata-set-param maxPlayouts 15
2026-06-05 14:30:42+0800: = 
2026-06-05 14:30:42+0800: Controller: genmove white
2026-06-05 14:30:46+0800: MoveNum: 27 HASH: 860C8EDA28050E5F97F8995BF2E9A94A
   A B C D E F G H J K L M N
13 . . . . . . . . . . . . .
12 . . . . . . . . . . . . .
11 . . X . . . . . . . . . .
10 . . O X . . . . . X . . .
 9 . . O X . . . . . . . . .
 8 . . O X . . . . . . . . .
 7 . . O X . . . . . . . . .
 6 . O X O O . . . . . X . .
 5 . O X X O . . . . . . . .
 4 . . X O @ . . . . O . . .
 3 . . X O2X1. . . . . . . .
 2 . . . X3O . . . . . . . .
 1 . . . . . . . . . . . . .

koPOSITIONALscoreAREAtaxNONEsui1komi7.5
Time taken: 3.375
Root visits: 15
New playouts: 15
NN rows: 10
NN batches: 10
NN avg batch size: 1
PV: E4 B2 D1 C2 F3 B10
Tree:
: T 105.16c W  95.65c S   8.20c ( +8.4 L  +8.8) N      15  --  E4 B2 D1 C2 F3 B10
---White(^)---
E4  : T 105.86c W  96.11c S   8.40c ( +8.6 L  +9.0) LCB   98.61c P 99.89% WF  32.8 PSV      33 N      14  --  E4 B2 D1 C2 F3 B10

2026-06-05 14:30:46+0800: = E4
2026-06-05 14:30:52+0800: Controller: kata-set-param maxPlayouts 100
2026-06-05 14:30:52+0800: = 
2026-06-05 14:30:52+0800: Controller: lz-analyze b 10
2026-06-05 14:30:52+0800: =
2026-06-05 14:30:53+0800: Controller: stop
2026-06-05 14:30:53+0800: = 
2026-06-05 14:30:53+0800: Controller: stop
2026-06-05 14:30:53+0800: = 
2026-06-05 14:30:53+0800: Controller: stop
2026-06-05 14:30:53+0800: = 
2026-06-05 14:31:07+0800: Controller: play black B2
2026-06-05 14:31:07+0800: = 
2026-06-05 14:31:07+0800: Controller: kata-set-param maxPlayouts 15
2026-06-05 14:31:07+0800: = 
2026-06-05 14:31:07+0800: Controller: genmove white
2026-06-05 14:31:10+0800: MoveNum: 29 HASH: 5981E569BFE1D52D98BE8DA0E23A7F81
   A B C D E F G H J K L M N
13 . . . . . . . . . . . . .
12 . . . . . . . . . . . . .
11 . . X . . . . . . . . . .
10 . . O X . . . . . X . . .
 9 . . O X . . . . . . . . .
 8 . . O X . . . . . . . . .
 7 . . O X . . . . . . . . .
 6 . O X O O . . . . . X . .
 5 . O X X O . . . . . . . .
 4 . . X O O2. . . . O . . .
 3 . . X O X . . . . . . . .
 2 . X3. X1O . . . . . . . .
 1 . . . @ . . . . . . . . .

koPOSITIONALscoreAREAtaxNONEsui1komi7.5
Time taken: 2.75
Root visits: 15
New playouts: 15
NN rows: 8
NN batches: 8
NN avg batch size: 1
PV: D1 C2 F3 B4 B11
Tree:
: T 109.31c W  96.84c S  10.49c (+11.0 L +11.4) N      15  --  D1 C2 F3 B4 B11
---White(^)---
D1  : T 112.29c W  97.54c S  12.32c (+12.3 L +12.7) LCB   94.86c P 61.06% WF  31.6 PSV      31 N      10  --  D1 C2 F3 B4 B11
F3  : T  97.92c W  94.25c S   3.34c ( +5.8 L  +6.2) LCB   50.59c P 29.24% WF   6.6 PSV       5 N       4  --  F3 B10 B4

2026-06-05 14:31:10+0800: = D1
2026-06-05 14:31:10+0800: GPU -1 finishing, processed 124 rows 123 batches
2026-06-05 14:31:10+0800: GPU -1 finishing, processed 73 rows 73 batches
2026-06-05 14:31:10+0800: All cleaned up, quitting
