2026-06-06 10:23:17+0800: Running with following config:
allowResignation = true
lagBuffer = 1.0
logAllGTPCommunication = true
logDir = gtp_logs
logSearchInfo = true
logSearchInfoForChosenMove = false
logToStderr = false
lzAnalyzeOutputOwnership = true
maxPlayouts = 100
maxTimePondering = 60.0
maxVisits = 100
numSearchThreads = 2
ponderingEnabled = false
resignConsecTurns = 3
resignThreshold = -0.90
rules = tromp-taylor
searchFactorAfterOnePass = 0.50
searchFactorAfterTwoPass = 0.25
searchFactorWhenWinning = 0.40
searchFactorWhenWinningThreshold = 0.95

2026-06-06 10:23:17+0800: GTP Engine starting...
2026-06-06 10:23:17+0800: KataGo v1.16.5
2026-06-06 10:23:17+0800: Using TrompTaylor rules initially, unless GTP/GUI overrides this
2026-06-06 10:23:17+0800: Using 2 CPU thread(s) for search
2026-06-06 10:23:17+0800: nnRandSeed0 = 14530811744932524977
2026-06-06 10:23:17+0800: After dedups: nnModelFile0 = E:/开发/new/围棋/bin/kata9x9-b18c384nbt-20231025.bin.gz useFP16 auto useNHWC auto
2026-06-06 10:23:17+0800: Initializing neural net buffer to be size 19 * 19 exactly
2026-06-06 10:23:18+0800: Eigen (CPU) backend thread 0: Model version 12
2026-06-06 10:23:18+0800: Eigen (CPU) backend thread 0: Model name: kata9x9-b18c384nbt-s6603587840-d252232394
2026-06-06 10:23:18+0800: Eigen (CPU) backend thread 1: Model version 12
2026-06-06 10:23:18+0800: Eigen (CPU) backend thread 1: Model name: kata9x9-b18c384nbt-s6603587840-d252232394
2026-06-06 10:23:19+0800: Loaded neural net with nnXLen 19 nnYLen 19
2026-06-06 10:23:19+0800: Initializing board with boardXSize 19 boardYSize 19
2026-06-06 10:23:19+0800: --------------
2026-06-06 10:23:19+0800: WARNING: Config had unused keys! You may have a typo, an option you specified is being unused from E:/开发/new/围棋/bin/katago.cfg
2026-06-06 10:23:19+0800: WARNING: Unused key 'lzAnalyzeOutputOwnership' in E:/开发/new/围棋/bin/katago.cfg
2026-06-06 10:23:19+0800: --------------
2026-06-06 10:23:19+0800: Loaded config E:/开发/new/围棋/bin/katago.cfg
2026-06-06 10:23:19+0800: Loaded model E:/开发/new/围棋/bin/kata9x9-b18c384nbt-20231025.bin.gz
2026-06-06 10:23:19+0800: Model name: kata9x9-b18c384nbt-s6603587840-d252232394
2026-06-06 10:23:19+0800: GTP ready, beginning main protocol loop
2026-06-06 10:23:19+0800: Controller: boardsize 9
2026-06-06 10:23:19+0800: GPU -1 finishing, processed 0 rows 0 batches
2026-06-06 10:23:19+0800: GPU -1 finishing, processed 0 rows 0 batches
2026-06-06 10:23:19+0800: Cleaned up old neural net and bot
2026-06-06 10:23:19+0800: nnRandSeed0 = 1018110431869538946
2026-06-06 10:23:19+0800: After dedups: nnModelFile0 = E:/开发/new/围棋/bin/kata9x9-b18c384nbt-20231025.bin.gz useFP16 auto useNHWC auto
2026-06-06 10:23:19+0800: Initializing neural net buffer to be size 9 * 9 exactly
2026-06-06 10:23:20+0800: Eigen (CPU) backend thread 0: Model version 12
2026-06-06 10:23:20+0800: Eigen (CPU) backend thread 0: Model name: kata9x9-b18c384nbt-s6603587840-d252232394
2026-06-06 10:23:20+0800: Eigen (CPU) backend thread 1: Model version 12
2026-06-06 10:23:20+0800: Eigen (CPU) backend thread 1: Model name: kata9x9-b18c384nbt-s6603587840-d252232394
2026-06-06 10:23:20+0800: Loaded neural net with nnXLen 9 nnYLen 9
2026-06-06 10:23:20+0800: Initializing board with boardXSize 9 boardYSize 9
2026-06-06 10:23:20+0800: = 
2026-06-06 10:23:20+0800: Controller: komi 7.5
2026-06-06 10:23:20+0800: = 
2026-06-06 10:23:20+0800: Controller: clear_board
2026-06-06 10:23:20+0800: = 
2026-06-06 10:23:20+0800: Controller: boardsize 13
2026-06-06 10:23:20+0800: GPU -1 finishing, processed 0 rows 0 batches
2026-06-06 10:23:20+0800: GPU -1 finishing, processed 0 rows 0 batches
2026-06-06 10:23:20+0800: Cleaned up old neural net and bot
2026-06-06 10:23:20+0800: nnRandSeed0 = 3338028905133335866
2026-06-06 10:23:20+0800: After dedups: nnModelFile0 = E:/开发/new/围棋/bin/kata9x9-b18c384nbt-20231025.bin.gz useFP16 auto useNHWC auto
2026-06-06 10:23:20+0800: Initializing neural net buffer to be size 13 * 13 exactly
2026-06-06 10:23:21+0800: Eigen (CPU) backend thread 0: Model version 12
2026-06-06 10:23:21+0800: Eigen (CPU) backend thread 0: Model name: kata9x9-b18c384nbt-s6603587840-d252232394
2026-06-06 10:23:21+0800: Eigen (CPU) backend thread 1: Model version 12
2026-06-06 10:23:21+0800: Eigen (CPU) backend thread 1: Model name: kata9x9-b18c384nbt-s6603587840-d252232394
2026-06-06 10:23:22+0800: Loaded neural net with nnXLen 13 nnYLen 13
2026-06-06 10:23:22+0800: Initializing board with boardXSize 13 boardYSize 13
2026-06-06 10:23:22+0800: = 
2026-06-06 10:23:22+0800: Controller: komi 5.5
2026-06-06 10:23:22+0800: = 
2026-06-06 10:23:22+0800: Controller: clear_board
2026-06-06 10:23:22+0800: = 
2026-06-06 10:23:22+0800: Controller: kata-set-param maxPlayouts 100
2026-06-06 10:23:22+0800: = 
2026-06-06 10:23:22+0800: Controller: kata-set-param maxVisits 100
2026-06-06 10:23:22+0800: = 
2026-06-06 10:23:22+0800: Controller: kata-set-param chosenMoveTemperature 0.0
2026-06-06 10:23:22+0800: = 
2026-06-06 10:23:22+0800: Controller: lz-analyze b 10
2026-06-06 10:23:22+0800: =
2026-06-06 10:23:23+0800: Controller: stop
2026-06-06 10:23:23+0800: = 
2026-06-06 10:23:23+0800: Controller: stop
2026-06-06 10:23:23+0800: = 
2026-06-06 10:23:23+0800: Controller: kata-set-param maxPlayouts 100
2026-06-06 10:23:23+0800: = 
2026-06-06 10:23:23+0800: Controller: kata-set-param maxVisits 100
2026-06-06 10:23:23+0800: = 
2026-06-06 10:23:23+0800: Controller: kata-set-param chosenMoveTemperature 0.0
2026-06-06 10:23:23+0800: = 
2026-06-06 10:23:23+0800: Controller: lz-analyze b 10
2026-06-06 10:23:23+0800: =
2026-06-06 10:23:23+0800: Controller: stop
2026-06-06 10:23:23+0800: = 
2026-06-06 10:23:23+0800: Controller: stop
2026-06-06 10:23:23+0800: = 
2026-06-06 10:24:06+0800: GPU -1 finishing, processed 2 rows 2 batches
2026-06-06 10:24:06+0800: GPU -1 finishing, processed 3 rows 3 batches
2026-06-06 10:24:06+0800: All cleaned up, quitting
