2026-06-06 14:40:28+0800: Running with following config:
allowResignation = true
analysisOutputOwnership = true
humanSLProfile = preaz_9d
lagBuffer = 1.0
logAllGTPCommunication = true
logDir = gtp_logs
logSearchInfo = true
logSearchInfoForChosenMove = false
logToStderr = false
lzAnalyzeOutputOwnership = true
maxPlayouts = 100
maxTimePondering = 60.0
maxVisits = 100
numSearchThreads = 2
ponderingEnabled = false
resignConsecTurns = 3
resignThreshold = -0.90
rules = tromp-taylor
searchFactorAfterOnePass = 0.50
searchFactorAfterTwoPass = 0.25
searchFactorWhenWinning = 0.40
searchFactorWhenWinningThreshold = 0.95

2026-06-06 14:40:28+0800: GTP Engine starting...
2026-06-06 14:40:28+0800: KataGo v1.16.5
2026-06-06 14:40:28+0800: Using TrompTaylor rules initially, unless GTP/GUI overrides this
2026-06-06 14:40:28+0800: Using 2 CPU thread(s) for search
2026-06-06 14:40:28+0800: nnRandSeed0 = 3961590290646890352
2026-06-06 14:40:28+0800: After dedups: nnModelFile0 = E:/开发/new/围棋/bin/b18c384nbt-humanv0.bin.gz useFP16 auto useNHWC auto
2026-06-06 14:40:28+0800: Initializing neural net buffer to be size 19 * 19 exactly
2026-06-06 14:40:29+0800: Eigen (CPU) backend thread 1: Model version 15
2026-06-06 14:40:29+0800: Eigen (CPU) backend thread 1: Model name: b18c384nbt-humanv0
2026-06-06 14:40:29+0800: Eigen (CPU) backend thread 0: Model version 15
2026-06-06 14:40:29+0800: Eigen (CPU) backend thread 0: Model name: b18c384nbt-humanv0
2026-06-06 14:40:29+0800: Loaded neural net with nnXLen 19 nnYLen 19
2026-06-06 14:40:29+0800: Initializing board with boardXSize 19 boardYSize 19
2026-06-06 14:40:29+0800: --------------
2026-06-06 14:40:29+0800: WARNING: Config had unused keys! You may have a typo, an option you specified is being unused from E:/开发/new/围棋/bin/katago.cfg
2026-06-06 14:40:29+0800: WARNING: Unused key 'analysisOutputOwnership' in E:/开发/new/围棋/bin/katago.cfg
2026-06-06 14:40:29+0800: WARNING: Unused key 'lzAnalyzeOutputOwnership' in E:/开发/new/围棋/bin/katago.cfg
2026-06-06 14:40:29+0800: --------------
2026-06-06 14:40:29+0800: Loaded config E:/开发/new/围棋/bin/katago.cfg
2026-06-06 14:40:29+0800: Loaded model E:/开发/new/围棋/bin/b18c384nbt-humanv0.bin.gz
2026-06-06 14:40:29+0800: Model name: b18c384nbt-humanv0
2026-06-06 14:40:29+0800: GTP ready, beginning main protocol loop
2026-06-06 14:40:29+0800: Controller: boardsize 9
2026-06-06 14:40:29+0800: GPU -1 finishing, processed 0 rows 0 batches
2026-06-06 14:40:29+0800: GPU -1 finishing, processed 0 rows 0 batches
2026-06-06 14:40:29+0800: Cleaned up old neural net and bot
2026-06-06 14:40:29+0800: nnRandSeed0 = 5883254303009874891
2026-06-06 14:40:29+0800: After dedups: nnModelFile0 = E:/开发/new/围棋/bin/b18c384nbt-humanv0.bin.gz useFP16 auto useNHWC auto
2026-06-06 14:40:29+0800: Initializing neural net buffer to be size 9 * 9 exactly
2026-06-06 14:40:30+0800: Eigen (CPU) backend thread 0: Model version 15
2026-06-06 14:40:30+0800: Eigen (CPU) backend thread 0: Model name: b18c384nbt-humanv0
2026-06-06 14:40:30+0800: Eigen (CPU) backend thread 1: Model version 15
2026-06-06 14:40:30+0800: Eigen (CPU) backend thread 1: Model name: b18c384nbt-humanv0
2026-06-06 14:40:31+0800: Loaded neural net with nnXLen 9 nnYLen 9
2026-06-06 14:40:31+0800: Initializing board with boardXSize 9 boardYSize 9
2026-06-06 14:40:31+0800: = 
2026-06-06 14:40:31+0800: Controller: komi 7.5
2026-06-06 14:40:31+0800: = 
2026-06-06 14:40:31+0800: Controller: clear_board
2026-06-06 14:40:31+0800: = 
2026-06-06 14:40:31+0800: Controller: boardsize 19
2026-06-06 14:40:31+0800: GPU -1 finishing, processed 0 rows 0 batches
2026-06-06 14:40:31+0800: GPU -1 finishing, processed 0 rows 0 batches
2026-06-06 14:40:31+0800: Cleaned up old neural net and bot
2026-06-06 14:40:31+0800: nnRandSeed0 = 12204768713787760432
2026-06-06 14:40:31+0800: After dedups: nnModelFile0 = E:/开发/new/围棋/bin/b18c384nbt-humanv0.bin.gz useFP16 auto useNHWC auto
2026-06-06 14:40:31+0800: Initializing neural net buffer to be size 19 * 19 exactly
2026-06-06 14:40:35+0800: Eigen (CPU) backend thread 0: Model version 15
2026-06-06 14:40:35+0800: Eigen (CPU) backend thread 0: Model name: b18c384nbt-humanv0
2026-06-06 14:40:35+0800: Eigen (CPU) backend thread 1: Model version 15
2026-06-06 14:40:35+0800: Eigen (CPU) backend thread 1: Model name: b18c384nbt-humanv0
2026-06-06 14:40:35+0800: Loaded neural net with nnXLen 19 nnYLen 19
2026-06-06 14:40:36+0800: Initializing board with boardXSize 19 boardYSize 19
2026-06-06 14:40:36+0800: = 
2026-06-06 14:40:36+0800: Controller: komi 7.5
2026-06-06 14:40:36+0800: = 
2026-06-06 14:40:36+0800: Controller: clear_board
2026-06-06 14:40:36+0800: = 
2026-06-06 14:40:36+0800: Controller: kata-set-param humanSLProfile preaz_9d
2026-06-06 14:40:36+0800: = 
2026-06-06 14:40:36+0800: Controller: kata-set-param maxPlayouts 100
2026-06-06 14:40:36+0800: = 
2026-06-06 14:40:36+0800: Controller: kata-set-param maxVisits 100
2026-06-06 14:40:36+0800: = 
2026-06-06 14:40:36+0800: Controller: kata-set-param chosenMoveTemperature 0.0
2026-06-06 14:40:36+0800: = 
2026-06-06 14:40:36+0800: Controller: lz-analyze b 10
2026-06-06 14:40:36+0800: =
2026-06-06 14:40:37+0800: Controller: stop
2026-06-06 14:40:37+0800: = 
2026-06-06 14:40:37+0800: Controller: stop
2026-06-06 14:40:37+0800: = 
2026-06-06 14:40:37+0800: Controller: stop
2026-06-06 14:40:37+0800: = 
2026-06-06 14:40:37+0800: Controller: stop
2026-06-06 14:40:37+0800: = 
2026-06-06 14:40:40+0800: Controller: stop
2026-06-06 14:40:40+0800: = 
2026-06-06 14:40:40+0800: Controller: play black Q4
2026-06-06 14:40:40+0800: = 
2026-06-06 14:40:41+0800: Controller: kata-set-param maxPlayouts 25
2026-06-06 14:40:41+0800: = 
2026-06-06 14:40:41+0800: Controller: kata-set-param maxVisits 25
2026-06-06 14:40:41+0800: = 
2026-06-06 14:40:41+0800: Controller: kata-set-param chosenMoveTemperature 0.0
2026-06-06 14:40:41+0800: = 
2026-06-06 14:40:41+0800: Controller: kata-set-param humanSLProfile preaz_1k
2026-06-06 14:40:41+0800: = 
2026-06-06 14:40:41+0800: Controller: kata-set-param playoutDoublingAdvantage -2.5
2026-06-06 14:40:41+0800: = 
2026-06-06 14:40:41+0800: Controller: lz-analyze w 10
2026-06-06 14:40:41+0800: =
2026-06-06 14:40:42+0800: Controller: stop
2026-06-06 14:40:42+0800: = 
2026-06-06 14:40:42+0800: Controller: stop
2026-06-06 14:40:42+0800: = 
2026-06-06 14:40:42+0800: Controller: play white D4
2026-06-06 14:40:42+0800: = 
2026-06-06 14:40:42+0800: Controller: stop
2026-06-06 14:40:42+0800: = 
2026-06-06 14:40:42+0800: Controller: stop
2026-06-06 14:40:42+0800: = 
2026-06-06 14:40:42+0800: Controller: stop
2026-06-06 14:40:42+0800: = 
2026-06-06 14:40:43+0800: Controller: kata-set-param humanSLProfile preaz_9d
2026-06-06 14:40:43+0800: = 
2026-06-06 14:40:43+0800: Controller: kata-set-param maxPlayouts 100
2026-06-06 14:40:43+0800: = 
2026-06-06 14:40:43+0800: Controller: kata-set-param maxVisits 100
2026-06-06 14:40:43+0800: = 
2026-06-06 14:40:43+0800: Controller: kata-set-param chosenMoveTemperature 0.0
2026-06-06 14:40:43+0800: = 
2026-06-06 14:40:43+0800: Controller: lz-analyze b 10
2026-06-06 14:40:43+0800: =
2026-06-06 14:40:43+0800: Controller: stop
2026-06-06 14:40:43+0800: = 
2026-06-06 14:40:43+0800: Controller: stop
2026-06-06 14:40:43+0800: = 
2026-06-06 14:40:43+0800: Controller: stop
2026-06-06 14:40:43+0800: = 
2026-06-06 14:40:43+0800: Controller: stop
2026-06-06 14:40:43+0800: = 
2026-06-06 14:40:46+0800: Controller: stop
2026-06-06 14:40:46+0800: = 
2026-06-06 14:40:46+0800: Controller: play black R16
2026-06-06 14:40:46+0800: = 
2026-06-06 14:40:47+0800: Controller: kata-set-param maxPlayouts 25
2026-06-06 14:40:47+0800: = 
2026-06-06 14:40:47+0800: Controller: kata-set-param maxVisits 25
2026-06-06 14:40:47+0800: = 
2026-06-06 14:40:47+0800: Controller: kata-set-param chosenMoveTemperature 0.0
2026-06-06 14:40:47+0800: = 
2026-06-06 14:40:47+0800: Controller: kata-set-param humanSLProfile preaz_1k
2026-06-06 14:40:47+0800: = 
2026-06-06 14:40:47+0800: Controller: kata-set-param playoutDoublingAdvantage -2.5
2026-06-06 14:40:47+0800: = 
2026-06-06 14:40:47+0800: Controller: lz-analyze w 10
2026-06-06 14:40:47+0800: =
2026-06-06 14:40:48+0800: Controller: stop
2026-06-06 14:40:48+0800: = 
2026-06-06 14:40:48+0800: Controller: stop
2026-06-06 14:40:48+0800: = 
2026-06-06 14:40:48+0800: Controller: play white D17
2026-06-06 14:40:48+0800: = 
2026-06-06 14:40:48+0800: Controller: stop
2026-06-06 14:40:48+0800: = 
2026-06-06 14:40:48+0800: Controller: stop
2026-06-06 14:40:48+0800: = 
2026-06-06 14:40:48+0800: Controller: stop
2026-06-06 14:40:48+0800: = 
2026-06-06 14:40:49+0800: Controller: kata-set-param humanSLProfile preaz_9d
2026-06-06 14:40:49+0800: = 
2026-06-06 14:40:49+0800: Controller: kata-set-param maxPlayouts 100
2026-06-06 14:40:49+0800: = 
2026-06-06 14:40:49+0800: Controller: kata-set-param maxVisits 100
2026-06-06 14:40:49+0800: = 
2026-06-06 14:40:49+0800: Controller: kata-set-param chosenMoveTemperature 0.0
2026-06-06 14:40:49+0800: = 
2026-06-06 14:40:49+0800: Controller: lz-analyze b 10
2026-06-06 14:40:49+0800: =
2026-06-06 14:40:50+0800: Controller: stop
2026-06-06 14:40:50+0800: = 
2026-06-06 14:40:50+0800: Controller: stop
2026-06-06 14:40:50+0800: = 
2026-06-06 14:40:50+0800: Controller: stop
2026-06-06 14:40:50+0800: = 
2026-06-06 14:40:50+0800: Controller: stop
2026-06-06 14:40:50+0800: = 
2026-06-06 14:40:51+0800: Controller: stop
2026-06-06 14:40:51+0800: = 
2026-06-06 14:40:51+0800: Controller: play black D15
2026-06-06 14:40:51+0800: = 
2026-06-06 14:40:52+0800: Controller: kata-set-param maxPlayouts 25
2026-06-06 14:40:52+0800: = 
2026-06-06 14:40:52+0800: Controller: kata-set-param maxVisits 25
2026-06-06 14:40:52+0800: = 
2026-06-06 14:40:52+0800: Controller: kata-set-param chosenMoveTemperature 0.0
2026-06-06 14:40:52+0800: = 
2026-06-06 14:40:52+0800: Controller: kata-set-param humanSLProfile preaz_1k
2026-06-06 14:40:52+0800: = 
2026-06-06 14:40:52+0800: Controller: kata-set-param playoutDoublingAdvantage -2.5
2026-06-06 14:40:52+0800: = 
2026-06-06 14:40:52+0800: Controller: lz-analyze w 10
2026-06-06 14:40:52+0800: =
2026-06-06 14:40:53+0800: Controller: stop
2026-06-06 14:40:53+0800: = 
2026-06-06 14:40:53+0800: Controller: stop
2026-06-06 14:40:53+0800: = 
2026-06-06 14:40:53+0800: Controller: play white C13
2026-06-06 14:40:53+0800: = 
2026-06-06 14:40:53+0800: Controller: stop
2026-06-06 14:40:53+0800: = 
2026-06-06 14:40:53+0800: Controller: stop
2026-06-06 14:40:53+0800: = 
2026-06-06 14:40:53+0800: Controller: stop
2026-06-06 14:40:53+0800: = 
2026-06-06 14:40:54+0800: Controller: kata-set-param humanSLProfile preaz_9d
2026-06-06 14:40:54+0800: = 
2026-06-06 14:40:54+0800: Controller: kata-set-param maxPlayouts 100
2026-06-06 14:40:54+0800: = 
2026-06-06 14:40:54+0800: Controller: kata-set-param maxVisits 100
2026-06-06 14:40:54+0800: = 
2026-06-06 14:40:54+0800: Controller: kata-set-param chosenMoveTemperature 0.0
2026-06-06 14:40:54+0800: = 
2026-06-06 14:40:54+0800: Controller: lz-analyze b 10
2026-06-06 14:40:54+0800: =
2026-06-06 14:40:55+0800: Controller: stop
2026-06-06 14:40:55+0800: = 
2026-06-06 14:40:55+0800: Controller: stop
2026-06-06 14:40:55+0800: = 
2026-06-06 14:40:55+0800: Controller: stop
2026-06-06 14:40:55+0800: = 
2026-06-06 14:40:55+0800: Controller: stop
2026-06-06 14:40:55+0800: = 
2026-06-06 14:40:57+0800: Controller: stop
2026-06-06 14:40:57+0800: = 
2026-06-06 14:40:57+0800: Controller: play black C17
2026-06-06 14:40:57+0800: = 
2026-06-06 14:40:58+0800: Controller: kata-set-param maxPlayouts 25
2026-06-06 14:40:58+0800: = 
2026-06-06 14:40:58+0800: Controller: kata-set-param maxVisits 25
2026-06-06 14:40:58+0800: = 
2026-06-06 14:40:58+0800: Controller: kata-set-param chosenMoveTemperature 0.0
2026-06-06 14:40:58+0800: = 
2026-06-06 14:40:58+0800: Controller: kata-set-param humanSLProfile preaz_1k
2026-06-06 14:40:58+0800: = 
2026-06-06 14:40:58+0800: Controller: kata-set-param playoutDoublingAdvantage -2.5
2026-06-06 14:40:58+0800: = 
2026-06-06 14:40:58+0800: Controller: lz-analyze w 10
2026-06-06 14:40:58+0800: =
2026-06-06 14:40:59+0800: Controller: stop
2026-06-06 14:40:59+0800: = 
2026-06-06 14:40:59+0800: Controller: stop
2026-06-06 14:40:59+0800: = 
2026-06-06 14:40:59+0800: Controller: play white C18
2026-06-06 14:40:59+0800: = 
2026-06-06 14:40:59+0800: Controller: stop
2026-06-06 14:40:59+0800: = 
2026-06-06 14:40:59+0800: Controller: stop
2026-06-06 14:40:59+0800: = 
2026-06-06 14:40:59+0800: Controller: stop
2026-06-06 14:40:59+0800: = 
2026-06-06 14:41:00+0800: Controller: kata-set-param humanSLProfile preaz_5d
2026-06-06 14:41:00+0800: = 
2026-06-06 14:41:00+0800: Controller: kata-set-param maxPlayouts 60
2026-06-06 14:41:00+0800: = 
2026-06-06 14:41:00+0800: Controller: kata-set-param maxVisits 60
2026-06-06 14:41:00+0800: = 
2026-06-06 14:41:00+0800: Controller: kata-set-param chosenMoveTemperature 0.0
2026-06-06 14:41:00+0800: = 
2026-06-06 14:41:00+0800: Controller: lz-analyze b 10
2026-06-06 14:41:00+0800: =
2026-06-06 14:41:02+0800: Controller: stop
2026-06-06 14:41:02+0800: = 
2026-06-06 14:41:02+0800: Controller: stop
2026-06-06 14:41:02+0800: = 
2026-06-06 14:41:02+0800: Controller: stop
2026-06-06 14:41:02+0800: = 
2026-06-06 14:41:02+0800: Controller: stop
2026-06-06 14:41:02+0800: = 
2026-06-06 14:41:02+0800: Controller: stop
2026-06-06 14:41:02+0800: = 
2026-06-06 14:41:02+0800: Controller: stop
2026-06-06 14:41:02+0800: = 
2026-06-06 14:41:02+0800: Controller: stop
2026-06-06 14:41:02+0800: = 
2026-06-06 14:41:02+0800: Controller: stop
2026-06-06 14:41:02+0800: = 
2026-06-06 14:41:03+0800: Controller: stop
2026-06-06 14:41:03+0800: = 
2026-06-06 14:41:03+0800: Controller: play black D16
2026-06-06 14:41:03+0800: = 
2026-06-06 14:41:03+0800: Controller: kata-set-param maxPlayouts 25
2026-06-06 14:41:03+0800: = 
2026-06-06 14:41:03+0800: Controller: kata-set-param maxVisits 25
2026-06-06 14:41:03+0800: = 
2026-06-06 14:41:03+0800: Controller: kata-set-param chosenMoveTemperature 0.0
2026-06-06 14:41:03+0800: = 
2026-06-06 14:41:03+0800: Controller: kata-set-param humanSLProfile preaz_1k
2026-06-06 14:41:03+0800: = 
2026-06-06 14:41:03+0800: Controller: kata-set-param playoutDoublingAdvantage -2.5
2026-06-06 14:41:03+0800: = 
2026-06-06 14:41:03+0800: Controller: lz-analyze w 10
2026-06-06 14:41:03+0800: =
2026-06-06 14:41:05+0800: Controller: stop
2026-06-06 14:41:05+0800: = 
2026-06-06 14:41:05+0800: Controller: stop
2026-06-06 14:41:05+0800: = 
2026-06-06 14:41:05+0800: Controller: play white E17
2026-06-06 14:41:05+0800: = 
2026-06-06 14:41:05+0800: Controller: stop
2026-06-06 14:41:05+0800: = 
2026-06-06 14:41:05+0800: Controller: stop
2026-06-06 14:41:05+0800: = 
2026-06-06 14:41:05+0800: Controller: stop
2026-06-06 14:41:05+0800: = 
2026-06-06 14:41:05+0800: Controller: kata-set-param humanSLProfile preaz_9d
2026-06-06 14:41:05+0800: = 
2026-06-06 14:41:05+0800: Controller: kata-set-param maxPlayouts 100
2026-06-06 14:41:05+0800: = 
2026-06-06 14:41:05+0800: Controller: kata-set-param maxVisits 100
2026-06-06 14:41:05+0800: = 
2026-06-06 14:41:05+0800: Controller: kata-set-param chosenMoveTemperature 0.0
2026-06-06 14:41:05+0800: = 
2026-06-06 14:41:05+0800: Controller: lz-analyze b 10
2026-06-06 14:41:05+0800: =
2026-06-06 14:41:06+0800: Controller: stop
2026-06-06 14:41:06+0800: = 
2026-06-06 14:41:06+0800: Controller: stop
2026-06-06 14:41:06+0800: = 
2026-06-06 14:41:06+0800: Controller: stop
2026-06-06 14:41:06+0800: = 
2026-06-06 14:41:06+0800: Controller: stop
2026-06-06 14:41:06+0800: = 
2026-06-06 14:41:08+0800: Controller: stop
2026-06-06 14:41:08+0800: = 
2026-06-06 14:41:08+0800: Controller: play black B18
2026-06-06 14:41:08+0800: = 
2026-06-06 14:41:09+0800: Controller: kata-set-param maxPlayouts 25
2026-06-06 14:41:09+0800: = 
2026-06-06 14:41:09+0800: Controller: kata-set-param maxVisits 25
2026-06-06 14:41:09+0800: = 
2026-06-06 14:41:09+0800: Controller: kata-set-param chosenMoveTemperature 0.0
2026-06-06 14:41:09+0800: = 
2026-06-06 14:41:09+0800: Controller: kata-set-param humanSLProfile preaz_1k
2026-06-06 14:41:09+0800: = 
2026-06-06 14:41:09+0800: Controller: kata-set-param playoutDoublingAdvantage -2.5
2026-06-06 14:41:09+0800: = 
2026-06-06 14:41:09+0800: Controller: lz-analyze w 10
2026-06-06 14:41:09+0800: =
2026-06-06 14:41:10+0800: Controller: stop
2026-06-06 14:41:10+0800: = 
2026-06-06 14:41:10+0800: Controller: stop
2026-06-06 14:41:10+0800: = 
2026-06-06 14:41:10+0800: Controller: play white C16
2026-06-06 14:41:10+0800: = 
2026-06-06 14:41:10+0800: Controller: stop
2026-06-06 14:41:10+0800: = 
2026-06-06 14:41:10+0800: Controller: stop
2026-06-06 14:41:10+0800: = 
2026-06-06 14:41:10+0800: Controller: stop
2026-06-06 14:41:10+0800: = 
2026-06-06 14:41:11+0800: Controller: kata-set-param humanSLProfile preaz_9d
2026-06-06 14:41:11+0800: = 
2026-06-06 14:41:11+0800: Controller: kata-set-param maxPlayouts 100
2026-06-06 14:41:11+0800: = 
2026-06-06 14:41:11+0800: Controller: kata-set-param maxVisits 100
2026-06-06 14:41:11+0800: = 
2026-06-06 14:41:11+0800: Controller: kata-set-param chosenMoveTemperature 0.0
2026-06-06 14:41:11+0800: = 
2026-06-06 14:41:11+0800: Controller: lz-analyze b 10
2026-06-06 14:41:11+0800: =
2026-06-06 14:41:12+0800: Controller: stop
2026-06-06 14:41:12+0800: = 
2026-06-06 14:41:12+0800: Controller: stop
2026-06-06 14:41:12+0800: = 
2026-06-06 14:41:12+0800: Controller: stop
2026-06-06 14:41:12+0800: = 
2026-06-06 14:41:12+0800: Controller: stop
2026-06-06 14:41:12+0800: = 
2026-06-06 14:41:13+0800: Controller: stop
2026-06-06 14:41:13+0800: = 
2026-06-06 14:41:13+0800: Controller: play black B17
2026-06-06 14:41:13+0800: = 
2026-06-06 14:41:14+0800: Controller: kata-set-param maxPlayouts 25
2026-06-06 14:41:14+0800: = 
2026-06-06 14:41:14+0800: Controller: kata-set-param maxVisits 25
2026-06-06 14:41:14+0800: = 
2026-06-06 14:41:14+0800: Controller: kata-set-param chosenMoveTemperature 0.0
2026-06-06 14:41:14+0800: = 
2026-06-06 14:41:14+0800: Controller: kata-set-param humanSLProfile preaz_1k
2026-06-06 14:41:14+0800: = 
2026-06-06 14:41:14+0800: Controller: kata-set-param playoutDoublingAdvantage -2.5
2026-06-06 14:41:14+0800: = 
2026-06-06 14:41:14+0800: Controller: lz-analyze w 10
2026-06-06 14:41:14+0800: =
2026-06-06 14:41:15+0800: Controller: stop
2026-06-06 14:41:15+0800: = 
2026-06-06 14:41:15+0800: Controller: stop
2026-06-06 14:41:15+0800: = 
2026-06-06 14:41:15+0800: Controller: play white C15
2026-06-06 14:41:15+0800: = 
2026-06-06 14:41:15+0800: Controller: stop
2026-06-06 14:41:15+0800: = 
2026-06-06 14:41:15+0800: Controller: stop
2026-06-06 14:41:15+0800: = 
2026-06-06 14:41:15+0800: Controller: stop
2026-06-06 14:41:15+0800: = 
2026-06-06 14:41:16+0800: Controller: kata-set-param humanSLProfile preaz_5d
2026-06-06 14:41:16+0800: = 
2026-06-06 14:41:16+0800: Controller: kata-set-param maxPlayouts 60
2026-06-06 14:41:16+0800: = 
2026-06-06 14:41:16+0800: Controller: kata-set-param maxVisits 60
2026-06-06 14:41:16+0800: = 
2026-06-06 14:41:16+0800: Controller: kata-set-param chosenMoveTemperature 0.0
2026-06-06 14:41:16+0800: = 
2026-06-06 14:41:16+0800: Controller: lz-analyze b 10
2026-06-06 14:41:16+0800: =
2026-06-06 14:41:17+0800: Controller: stop
2026-06-06 14:41:17+0800: = 
2026-06-06 14:41:17+0800: Controller: stop
2026-06-06 14:41:17+0800: = 
2026-06-06 14:41:17+0800: Controller: stop
2026-06-06 14:41:17+0800: = 
2026-06-06 14:41:17+0800: Controller: stop
2026-06-06 14:41:17+0800: = 
2026-06-06 14:41:17+0800: Controller: stop
2026-06-06 14:41:17+0800: = 
2026-06-06 14:41:17+0800: Controller: play black C14
2026-06-06 14:41:17+0800: = 
2026-06-06 14:41:18+0800: Controller: kata-set-param maxPlayouts 25
2026-06-06 14:41:18+0800: = 
2026-06-06 14:41:18+0800: Controller: kata-set-param maxVisits 25
2026-06-06 14:41:18+0800: = 
2026-06-06 14:41:18+0800: Controller: kata-set-param chosenMoveTemperature 0.0
2026-06-06 14:41:18+0800: = 
2026-06-06 14:41:18+0800: Controller: kata-set-param humanSLProfile preaz_1k
2026-06-06 14:41:18+0800: = 
2026-06-06 14:41:18+0800: Controller: kata-set-param playoutDoublingAdvantage -2.5
2026-06-06 14:41:18+0800: = 
2026-06-06 14:41:18+0800: Controller: lz-analyze w 10
2026-06-06 14:41:18+0800: =
2026-06-06 14:41:19+0800: Controller: stop
2026-06-06 14:41:19+0800: = 
2026-06-06 14:41:19+0800: Controller: stop
2026-06-06 14:41:19+0800: = 
2026-06-06 14:41:19+0800: Controller: play white D14
2026-06-06 14:41:19+0800: = 
2026-06-06 14:41:19+0800: Controller: stop
2026-06-06 14:41:19+0800: = 
2026-06-06 14:41:19+0800: Controller: stop
2026-06-06 14:41:19+0800: = 
2026-06-06 14:41:19+0800: Controller: stop
2026-06-06 14:41:19+0800: = 
2026-06-06 14:41:21+0800: Controller: kata-set-param humanSLProfile preaz_9d
2026-06-06 14:41:21+0800: = 
2026-06-06 14:41:21+0800: Controller: kata-set-param maxPlayouts 100
2026-06-06 14:41:21+0800: = 
2026-06-06 14:41:21+0800: Controller: kata-set-param maxVisits 100
2026-06-06 14:41:21+0800: = 
2026-06-06 14:41:21+0800: Controller: kata-set-param chosenMoveTemperature 0.0
2026-06-06 14:41:21+0800: = 
2026-06-06 14:41:21+0800: Controller: lz-analyze b 10
2026-06-06 14:41:21+0800: =
2026-06-06 14:41:22+0800: Controller: stop
2026-06-06 14:41:22+0800: = 
2026-06-06 14:41:22+0800: Controller: stop
2026-06-06 14:41:22+0800: = 
2026-06-06 14:41:22+0800: Controller: stop
2026-06-06 14:41:22+0800: = 
2026-06-06 14:41:22+0800: Controller: stop
2026-06-06 14:41:22+0800: = 
2026-06-06 14:41:23+0800: Controller: stop
2026-06-06 14:41:23+0800: = 
2026-06-06 14:41:23+0800: Controller: play black B14
2026-06-06 14:41:23+0800: = 
2026-06-06 14:41:23+0800: Controller: kata-set-param maxPlayouts 25
2026-06-06 14:41:23+0800: = 
2026-06-06 14:41:23+0800: Controller: kata-set-param maxVisits 25
2026-06-06 14:41:23+0800: = 
2026-06-06 14:41:23+0800: Controller: kata-set-param chosenMoveTemperature 0.0
2026-06-06 14:41:23+0800: = 
2026-06-06 14:41:23+0800: Controller: kata-set-param humanSLProfile preaz_1k
2026-06-06 14:41:23+0800: = 
2026-06-06 14:41:23+0800: Controller: kata-set-param playoutDoublingAdvantage -2.5
2026-06-06 14:41:23+0800: = 
2026-06-06 14:41:23+0800: Controller: lz-analyze w 10
2026-06-06 14:41:23+0800: =
2026-06-06 14:41:24+0800: Controller: stop
2026-06-06 14:41:24+0800: = 
2026-06-06 14:41:24+0800: Controller: stop
2026-06-06 14:41:24+0800: = 
2026-06-06 14:41:24+0800: Controller: play white B13
2026-06-06 14:41:24+0800: = 
2026-06-06 14:41:24+0800: Controller: stop
2026-06-06 14:41:24+0800: = 
2026-06-06 14:41:24+0800: Controller: stop
2026-06-06 14:41:24+0800: = 
2026-06-06 14:41:24+0800: Controller: stop
2026-06-06 14:41:24+0800: = 
2026-06-06 14:41:26+0800: Controller: kata-set-param humanSLProfile preaz_9d
2026-06-06 14:41:26+0800: = 
2026-06-06 14:41:26+0800: Controller: kata-set-param maxPlayouts 100
2026-06-06 14:41:26+0800: = 
2026-06-06 14:41:26+0800: Controller: kata-set-param maxVisits 100
2026-06-06 14:41:26+0800: = 
2026-06-06 14:41:26+0800: Controller: kata-set-param chosenMoveTemperature 0.0
2026-06-06 14:41:26+0800: = 
2026-06-06 14:41:26+0800: Controller: lz-analyze b 10
2026-06-06 14:41:26+0800: =
2026-06-06 14:41:27+0800: Controller: stop
2026-06-06 14:41:28+0800: = 
2026-06-06 14:41:28+0800: Controller: stop
2026-06-06 14:41:28+0800: = 
2026-06-06 14:41:28+0800: Controller: stop
2026-06-06 14:41:28+0800: = 
2026-06-06 14:41:28+0800: Controller: stop
2026-06-06 14:41:28+0800: = 
2026-06-06 14:41:29+0800: Controller: stop
2026-06-06 14:41:29+0800: = 
2026-06-06 14:41:29+0800: Controller: play black B15
2026-06-06 14:41:29+0800: = 
2026-06-06 14:41:30+0800: Controller: kata-set-param maxPlayouts 25
2026-06-06 14:41:31+0800: = 
2026-06-06 14:41:33+0800: Controller: kata-set-param maxVisits 25
2026-06-06 14:41:33+0800: = 
2026-06-06 14:41:33+0800: Controller: kata-set-param chosenMoveTemperature 0.0
2026-06-06 14:41:33+0800: = 
2026-06-06 14:41:33+0800: Controller: kata-set-param humanSLProfile preaz_1k
2026-06-06 14:41:33+0800: = 
2026-06-06 14:41:33+0800: Controller: kata-set-param playoutDoublingAdvantage -2.5
2026-06-06 14:41:33+0800: = 
2026-06-06 14:41:33+0800: Controller: lz-analyze w 10
2026-06-06 14:41:33+0800: =
2026-06-06 14:41:34+0800: Controller: stop
2026-06-06 14:41:34+0800: = 
2026-06-06 14:41:34+0800: Controller: stop
2026-06-06 14:41:34+0800: = 
2026-06-06 14:41:34+0800: Controller: play white E14
2026-06-06 14:41:34+0800: = 
2026-06-06 14:41:34+0800: Controller: stop
2026-06-06 14:41:34+0800: = 
2026-06-06 14:41:34+0800: Controller: stop
2026-06-06 14:41:34+0800: = 
2026-06-06 14:41:34+0800: Controller: stop
2026-06-06 14:41:34+0800: = 
2026-06-06 14:41:37+0800: Controller: kata-set-param humanSLProfile preaz_9d
2026-06-06 14:41:37+0800: = 
2026-06-06 14:41:37+0800: Controller: kata-set-param maxPlayouts 100
2026-06-06 14:41:37+0800: = 
2026-06-06 14:41:37+0800: Controller: kata-set-param maxVisits 100
2026-06-06 14:41:37+0800: = 
2026-06-06 14:41:37+0800: Controller: kata-set-param chosenMoveTemperature 0.0
2026-06-06 14:41:37+0800: = 
2026-06-06 14:41:37+0800: Controller: lz-analyze b 10
2026-06-06 14:41:37+0800: =
2026-06-06 14:41:38+0800: Controller: stop
2026-06-06 14:41:38+0800: = 
2026-06-06 14:41:38+0800: Controller: stop
2026-06-06 14:41:38+0800: = 
2026-06-06 14:41:38+0800: Controller: stop
2026-06-06 14:41:38+0800: = 
2026-06-06 14:41:38+0800: Controller: stop
2026-06-06 14:41:38+0800: = 
2026-06-06 14:41:41+0800: Controller: stop
2026-06-06 14:41:41+0800: = 
2026-06-06 14:41:41+0800: Controller: play black P17
2026-06-06 14:41:41+0800: = 
2026-06-06 14:41:41+0800: Controller: kata-set-param maxPlayouts 25
2026-06-06 14:41:42+0800: = 
2026-06-06 14:41:42+0800: Controller: kata-set-param maxVisits 25
2026-06-06 14:41:42+0800: = 
2026-06-06 14:41:42+0800: Controller: kata-set-param chosenMoveTemperature 0.0
2026-06-06 14:41:42+0800: = 
2026-06-06 14:41:42+0800: Controller: kata-set-param humanSLProfile preaz_1k
2026-06-06 14:41:42+0800: = 
2026-06-06 14:41:42+0800: Controller: kata-set-param playoutDoublingAdvantage -2.5
2026-06-06 14:41:42+0800: = 
2026-06-06 14:41:42+0800: Controller: lz-analyze w 10
2026-06-06 14:41:42+0800: =
2026-06-06 14:41:43+0800: Controller: stop
2026-06-06 14:41:45+0800: = 
2026-06-06 14:41:48+0800: Controller: stop
2026-06-06 14:41:48+0800: = 
2026-06-06 14:41:48+0800: Controller: play white O3
2026-06-06 14:41:48+0800: = 
2026-06-06 14:41:48+0800: Controller: stop
2026-06-06 14:41:48+0800: = 
2026-06-06 14:41:48+0800: Controller: stop
2026-06-06 14:41:48+0800: = 
2026-06-06 14:41:48+0800: Controller: stop
2026-06-06 14:41:48+0800: = 
2026-06-06 14:41:48+0800: Controller: kata-set-param humanSLProfile preaz_1k
2026-06-06 14:41:48+0800: = 
2026-06-06 14:41:48+0800: Controller: kata-set-param maxPlayouts 25
2026-06-06 14:41:48+0800: = 
2026-06-06 14:41:48+0800: Controller: kata-set-param maxVisits 25
2026-06-06 14:41:48+0800: = 
2026-06-06 14:41:48+0800: Controller: kata-set-param chosenMoveTemperature 0.0
2026-06-06 14:41:48+0800: = 
2026-06-06 14:41:48+0800: Controller: lz-analyze b 10
2026-06-06 14:41:48+0800: =
2026-06-06 14:41:49+0800: Controller: stop
2026-06-06 14:41:51+0800: = 
2026-06-06 14:41:51+0800: Controller: stop
2026-06-06 14:41:51+0800: = 
2026-06-06 14:41:51+0800: Controller: stop
2026-06-06 14:41:51+0800: = 
2026-06-06 14:41:51+0800: Controller: stop
2026-06-06 14:41:51+0800: = 
