2026-06-05 15:38:01+0800: Running with following config:
allowResignation = true
lagBuffer = 1.0
logAllGTPCommunication = true
logDir = gtp_logs
logSearchInfo = true
logSearchInfoForChosenMove = false
logToStderr = false
maxPlayouts = 100
maxTimePondering = 60.0
maxVisits = 100
numSearchThreads = 2
ponderingEnabled = false
resignConsecTurns = 3
resignThreshold = -0.90
rules = tromp-taylor
searchFactorAfterOnePass = 0.50
searchFactorAfterTwoPass = 0.25
searchFactorWhenWinning = 0.40
searchFactorWhenWinningThreshold = 0.95

2026-06-05 15:38:01+0800: GTP Engine starting...
2026-06-05 15:38:01+0800: KataGo v1.16.5
2026-06-05 15:38:01+0800: Using TrompTaylor rules initially, unless GTP/GUI overrides this
2026-06-05 15:38:01+0800: Using 2 CPU thread(s) for search
2026-06-05 15:38:01+0800: nnRandSeed0 = 426346922395759965
2026-06-05 15:38:01+0800: After dedups: nnModelFile0 = E:/开发/new/围棋/bin/kata9x9-b18c384nbt-20231025.bin.gz useFP16 auto useNHWC auto
2026-06-05 15:38:01+0800: Initializing neural net buffer to be size 19 * 19 exactly
2026-06-05 15:38:02+0800: Eigen (CPU) backend thread 0: Model version 12
2026-06-05 15:38:02+0800: Eigen (CPU) backend thread 0: Model name: kata9x9-b18c384nbt-s6603587840-d252232394
2026-06-05 15:38:02+0800: Eigen (CPU) backend thread 1: Model version 12
2026-06-05 15:38:02+0800: Eigen (CPU) backend thread 1: Model name: kata9x9-b18c384nbt-s6603587840-d252232394
2026-06-05 15:38:03+0800: Loaded neural net with nnXLen 19 nnYLen 19
2026-06-05 15:38:03+0800: Initializing board with boardXSize 19 boardYSize 19
2026-06-05 15:38:03+0800: Loaded config E:/开发/new/围棋/bin/katago.cfg
2026-06-05 15:38:03+0800: Loaded model E:/开发/new/围棋/bin/kata9x9-b18c384nbt-20231025.bin.gz
2026-06-05 15:38:03+0800: Model name: kata9x9-b18c384nbt-s6603587840-d252232394
2026-06-05 15:38:03+0800: GTP ready, beginning main protocol loop
2026-06-05 15:38:03+0800: Controller: boardsize 9
2026-06-05 15:38:03+0800: GPU -1 finishing, processed 0 rows 0 batches
2026-06-05 15:38:03+0800: GPU -1 finishing, processed 0 rows 0 batches
2026-06-05 15:38:03+0800: Cleaned up old neural net and bot
2026-06-05 15:38:03+0800: nnRandSeed0 = 12032101528659393651
2026-06-05 15:38:03+0800: After dedups: nnModelFile0 = E:/开发/new/围棋/bin/kata9x9-b18c384nbt-20231025.bin.gz useFP16 auto useNHWC auto
2026-06-05 15:38:03+0800: Initializing neural net buffer to be size 9 * 9 exactly
2026-06-05 15:38:04+0800: Eigen (CPU) backend thread 0: Model version 12
2026-06-05 15:38:04+0800: Eigen (CPU) backend thread 0: Model name: kata9x9-b18c384nbt-s6603587840-d252232394
2026-06-05 15:38:04+0800: Eigen (CPU) backend thread 1: Model version 12
2026-06-05 15:38:04+0800: Eigen (CPU) backend thread 1: Model name: kata9x9-b18c384nbt-s6603587840-d252232394
2026-06-05 15:38:04+0800: Loaded neural net with nnXLen 9 nnYLen 9
2026-06-05 15:38:04+0800: Initializing board with boardXSize 9 boardYSize 9
2026-06-05 15:38:04+0800: = 
2026-06-05 15:38:04+0800: Controller: komi 7.5
2026-06-05 15:38:04+0800: = 
2026-06-05 15:38:04+0800: Controller: clear_board
2026-06-05 15:38:04+0800: = 
2026-06-05 15:38:04+0800: Controller: boardsize 9
2026-06-05 15:38:04+0800: = 
2026-06-05 15:38:04+0800: Controller: komi 3.5
2026-06-05 15:38:04+0800: = 
2026-06-05 15:38:04+0800: Controller: clear_board
2026-06-05 15:38:04+0800: = 
2026-06-05 15:38:04+0800: Controller: kata-set-param maxPlayouts 100
2026-06-05 15:38:04+0800: = 
2026-06-05 15:38:04+0800: Controller: kata-set-param maxVisits 100
2026-06-05 15:38:04+0800: = 
2026-06-05 15:38:04+0800: Controller: kata-set-param chosenMoveTemperature 0.0
2026-06-05 15:38:04+0800: = 
2026-06-05 15:38:04+0800: Controller: lz-analyze b 10
2026-06-05 15:38:04+0800: =
2026-06-05 15:38:05+0800: Controller: stop
2026-06-05 15:38:05+0800: = 
2026-06-05 15:38:20+0800: Controller: play black F6
2026-06-05 15:38:20+0800: = 
2026-06-05 15:38:21+0800: Controller: kata-set-param maxPlayouts 1
2026-06-05 15:38:21+0800: = 
2026-06-05 15:38:21+0800: Controller: kata-set-param maxVisits 1
2026-06-05 15:38:21+0800: = 
2026-06-05 15:38:21+0800: Controller: kata-set-param chosenMoveTemperature 5.0
2026-06-05 15:38:21+0800: = 
2026-06-05 15:38:21+0800: Controller: genmove white
2026-06-05 15:38:21+0800: MoveNum: 1 HASH: 1D94FF0067800B65D520C15EBA480341
   A B C D E F G H J
 9 . . . . . . . . .
 8 . . . . . . . . .
 7 . . . . . . . . .
 6 . . . . . X1. . .
 5 . . . . . . . . .
 4 . . . @ . . . . .
 3 . . . . . . . . .
 2 . . . . . . . . .
 1 . . . . . . . . .

koPOSITIONALscoreAREAtaxNONEsui1komi3.5
Time taken: 0.141
Root visits: 1
New playouts: 1
NN rows: 1
NN batches: 1
NN avg batch size: 1
PlayoutDoublingAdvantage: 0.25
PV: D6
Tree:
: T -97.37c W -94.93c S  -2.43c ( -3.6 L  -3.3) N       1  --  D6
---White(^)---

2026-06-05 15:38:21+0800: = D4
2026-06-05 15:38:23+0800: Controller: kata-set-param maxPlayouts 100
2026-06-05 15:38:23+0800: = 
2026-06-05 15:38:23+0800: Controller: kata-set-param maxVisits 100
2026-06-05 15:38:23+0800: = 
2026-06-05 15:38:23+0800: Controller: kata-set-param chosenMoveTemperature 0.0
2026-06-05 15:38:23+0800: = 
2026-06-05 15:38:23+0800: Controller: lz-analyze b 10
2026-06-05 15:38:23+0800: =
2026-06-05 15:38:24+0800: Controller: stop
2026-06-05 15:38:24+0800: = 
2026-06-05 15:38:29+0800: Controller: play black D5
2026-06-05 15:38:29+0800: = 
2026-06-05 15:38:30+0800: Controller: kata-set-param maxPlayouts 1
2026-06-05 15:38:30+0800: = 
2026-06-05 15:38:30+0800: Controller: kata-set-param maxVisits 1
2026-06-05 15:38:30+0800: = 
2026-06-05 15:38:30+0800: Controller: kata-set-param chosenMoveTemperature 5.0
2026-06-05 15:38:30+0800: = 
2026-06-05 15:38:30+0800: Controller: genmove white
2026-06-05 15:38:30+0800: MoveNum: 3 HASH: F75C3C5A67490D7E8E0F384821F3DED1
   A B C D E F G H J
 9 . . . . . . . . .
 8 . . . . . . . . .
 7 . . . . . . . . .
 6 . . . . . X1. . .
 5 . . . X3. . . . .
 4 . . @ O2. . . . .
 3 . . . . . . . . .
 2 . . . . . . . . .
 1 . . . . . . . . .

koPOSITIONALscoreAREAtaxNONEsui1komi3.5
Time taken: 0.14
Root visits: 1
New playouts: 1
NN rows: 1
NN batches: 1
NN avg batch size: 1
PlayoutDoublingAdvantage: 0.25
PV: C4
Tree:
: T -97.71c W -95.63c S  -2.08c ( -3.2 L  -2.8) N       1  --  C4
---White(^)---

2026-06-05 15:38:30+0800: = C4
2026-06-05 15:38:32+0800: Controller: kata-set-param maxPlayouts 100
2026-06-05 15:38:32+0800: = 
2026-06-05 15:38:32+0800: Controller: kata-set-param maxVisits 100
2026-06-05 15:38:32+0800: = 
2026-06-05 15:38:32+0800: Controller: kata-set-param chosenMoveTemperature 0.0
2026-06-05 15:38:32+0800: = 
2026-06-05 15:38:32+0800: Controller: lz-analyze b 10
2026-06-05 15:38:32+0800: =
2026-06-05 15:38:32+0800: Controller: stop
2026-06-05 15:38:32+0800: = 
2026-06-05 15:39:19+0800: Controller: play black F4
2026-06-05 15:39:19+0800: = 
2026-06-05 15:39:19+0800: Controller: kata-set-param maxPlayouts 1
2026-06-05 15:39:19+0800: = 
2026-06-05 15:39:19+0800: Controller: kata-set-param maxVisits 1
2026-06-05 15:39:19+0800: = 
2026-06-05 15:39:19+0800: Controller: kata-set-param chosenMoveTemperature 5.0
2026-06-05 15:39:19+0800: = 
2026-06-05 15:39:19+0800: Controller: genmove white
2026-06-05 15:39:19+0800: MoveNum: 5 HASH: 1D0E095E323D5EDDE5D7127FF71DFA10
   A B C D E F G H J
 9 . . . . . . . . .
 8 . . . . @ . . . .
 7 . . . . . . . . .
 6 . . . . . X . . .
 5 . . . X1. . . . .
 4 . . O2O . X3. . .
 3 . . . . . . . . .
 2 . . . . . . . . .
 1 . . . . . . . . .

koPOSITIONALscoreAREAtaxNONEsui1komi3.5
Time taken: 0.157
Root visits: 1
New playouts: 1
NN rows: 1
NN batches: 1
NN avg batch size: 1
PlayoutDoublingAdvantage: 0.25
PV: E5
Tree:
: T -99.28c W -97.03c S  -2.25c ( -3.3 L  -3.1) N       1  --  E5
---White(^)---

2026-06-05 15:39:19+0800: = E8
2026-06-05 15:39:23+0800: Controller: kata-set-param maxPlayouts 100
2026-06-05 15:39:23+0800: = 
2026-06-05 15:39:23+0800: Controller: kata-set-param maxVisits 100
2026-06-05 15:39:23+0800: = 
2026-06-05 15:39:23+0800: Controller: kata-set-param chosenMoveTemperature 0.0
2026-06-05 15:39:23+0800: = 
2026-06-05 15:39:23+0800: Controller: lz-analyze b 10
2026-06-05 15:39:23+0800: =
2026-06-05 15:39:23+0800: Controller: stop
2026-06-05 15:39:23+0800: = 
2026-06-05 15:39:43+0800: Controller: play black E3
2026-06-05 15:39:43+0800: = 
2026-06-05 15:39:44+0800: Controller: kata-set-param maxPlayouts 1
2026-06-05 15:39:44+0800: = 
2026-06-05 15:39:44+0800: Controller: kata-set-param maxVisits 1
2026-06-05 15:39:44+0800: = 
2026-06-05 15:39:44+0800: Controller: kata-set-param chosenMoveTemperature 5.0
2026-06-05 15:39:44+0800: = 
2026-06-05 15:39:44+0800: Controller: genmove white
2026-06-05 15:39:44+0800: MoveNum: 7 HASH: BAB0FEC2E10E5415EDF75C0BE9DE9BDF
   A B C D E F G H J
 9 . . . . . . . . .
 8 . . . . O2. . . .
 7 . . . . . . . . .
 6 . . . . . X . . .
 5 . . . X @ . . . .
 4 . . O O . X1. . .
 3 . . . . X3. . . .
 2 . . . . . . . . .
 1 . . . . . . . . .

koPOSITIONALscoreAREAtaxNONEsui1komi3.5
Time taken: 0.157
Root visits: 1
New playouts: 1
NN rows: 1
NN batches: 1
NN avg batch size: 1
PlayoutDoublingAdvantage: 0.25
PV: E4
Tree:
: T -101.16c W -98.32c S  -2.84c ( -4.1 L  -3.9) N       1  --  E4
---White(^)---

2026-06-05 15:39:44+0800: = E5
2026-06-05 15:40:09+0800: Controller: kata-set-param maxPlayouts 100
2026-06-05 15:40:09+0800: = 
2026-06-05 15:40:09+0800: Controller: kata-set-param maxVisits 100
2026-06-05 15:40:09+0800: = 
2026-06-05 15:40:09+0800: Controller: kata-set-param chosenMoveTemperature 0.0
2026-06-05 15:40:09+0800: = 
2026-06-05 15:40:09+0800: Controller: lz-analyze b 10
2026-06-05 15:40:09+0800: =
2026-06-05 15:40:10+0800: Controller: stop
2026-06-05 15:40:10+0800: = 
2026-06-05 15:40:48+0800: Controller: play black D7
2026-06-05 15:40:48+0800: = 
2026-06-05 15:40:49+0800: Controller: kata-set-param maxPlayouts 1
2026-06-05 15:40:49+0800: = 
2026-06-05 15:40:49+0800: Controller: kata-set-param maxVisits 1
2026-06-05 15:40:49+0800: = 
2026-06-05 15:40:49+0800: Controller: kata-set-param chosenMoveTemperature 5.0
2026-06-05 15:40:49+0800: = 
2026-06-05 15:40:49+0800: Controller: genmove white
2026-06-05 15:40:49+0800: MoveNum: 9 HASH: 5C2199F150EFEE6A37B4EE16FCDDE2ED
   A B C D E F G H J
 9 . . . . . . . . .
 8 . . . . O . . . .
 7 . . . X3. . @ . .
 6 . . . . . X . . .
 5 . . . X O2. . . .
 4 . . O O . X . . .
 3 . . . . X1. . . .
 2 . . . . . . . . .
 1 . . . . . . . . .

koPOSITIONALscoreAREAtaxNONEsui1komi3.5
Time taken: 0.157
Root visits: 1
New playouts: 1
NN rows: 1
NN batches: 1
NN avg batch size: 1
PlayoutDoublingAdvantage: 0.25
PV: F5
Tree:
: T -58.31c W -56.70c S  -1.61c ( -2.5 L  -1.7) N       1  --  F5
---White(^)---

2026-06-05 15:40:49+0800: = G7
2026-06-05 15:40:51+0800: Controller: kata-set-param maxPlayouts 100
2026-06-05 15:40:51+0800: = 
2026-06-05 15:40:51+0800: Controller: kata-set-param maxVisits 100
2026-06-05 15:40:51+0800: = 
2026-06-05 15:40:51+0800: Controller: kata-set-param chosenMoveTemperature 0.0
2026-06-05 15:40:51+0800: = 
2026-06-05 15:40:51+0800: Controller: lz-analyze b 10
2026-06-05 15:40:51+0800: =
2026-06-05 15:40:52+0800: Controller: stop
2026-06-05 15:40:52+0800: = 
2026-06-05 15:40:52+0800: Controller: stop
2026-06-05 15:40:52+0800: = 
2026-06-05 15:41:15+0800: Controller: play black F5
2026-06-05 15:41:15+0800: = 
2026-06-05 15:41:16+0800: Controller: kata-set-param maxPlayouts 1
2026-06-05 15:41:16+0800: = 
2026-06-05 15:41:16+0800: Controller: kata-set-param maxVisits 1
2026-06-05 15:41:16+0800: = 
2026-06-05 15:41:16+0800: Controller: kata-set-param chosenMoveTemperature 5.0
2026-06-05 15:41:16+0800: = 
2026-06-05 15:41:16+0800: Controller: genmove white
2026-06-05 15:41:16+0800: MoveNum: 11 HASH: 18795C996A5A324937C4FDC0FBD61835
   A B C D E F G H J
 9 . . . . . . . . .
 8 . . . . O . . . .
 7 . . . X1. @ O2. .
 6 . . . . . X . . .
 5 . . . X O X3. . .
 4 . . O O . X . . .
 3 . . . . X . . . .
 2 . . . . . . . . .
 1 . . . . . . . . .

koPOSITIONALscoreAREAtaxNONEsui1komi3.5
Time taken: 0.14
Root visits: 1
New playouts: 1
NN rows: 1
NN batches: 1
NN avg batch size: 1
PlayoutDoublingAdvantage: 0.25
PV: D2
Tree:
: T -102.12c W -98.97c S  -3.15c ( -4.6 L  -4.5) N       1  --  D2
---White(^)---

2026-06-05 15:41:16+0800: = F7
2026-06-05 15:41:22+0800: Controller: kata-set-param maxPlayouts 100
2026-06-05 15:41:22+0800: = 
2026-06-05 15:41:22+0800: Controller: kata-set-param maxVisits 100
2026-06-05 15:41:22+0800: = 
2026-06-05 15:41:22+0800: Controller: kata-set-param chosenMoveTemperature 0.0
2026-06-05 15:41:22+0800: = 
2026-06-05 15:41:22+0800: Controller: lz-analyze b 10
2026-06-05 15:41:22+0800: =
2026-06-05 15:41:22+0800: Controller: stop
2026-06-05 15:41:22+0800: = 
2026-06-05 15:42:07+0800: Controller: play black E6
2026-06-05 15:42:07+0800: = 
2026-06-05 15:42:08+0800: Controller: kata-set-param maxPlayouts 1
2026-06-05 15:42:08+0800: = 
2026-06-05 15:42:08+0800: Controller: kata-set-param maxVisits 1
2026-06-05 15:42:08+0800: = 
2026-06-05 15:42:08+0800: Controller: kata-set-param chosenMoveTemperature 5.0
2026-06-05 15:42:08+0800: = 
2026-06-05 15:42:08+0800: Controller: genmove white
2026-06-05 15:42:08+0800: MoveNum: 13 HASH: 27C20D31B26A7AEFF39DA4BC0E7FCF45
   A B C D E F G H J
 9 . . . . . . . . .
 8 . . . . O . . . .
 7 . . . X . O2O . .
 6 . . . . X3X . . .
 5 . . . X O X1. . .
 4 . . O O . X . . .
 3 . . . . X . . . .
 2 . . . @ . . . . .
 1 . . . . . . . . .

koPOSITIONALscoreAREAtaxNONEsui1komi3.5
Time taken: 0.156
Root visits: 1
New playouts: 1
NN rows: 1
NN batches: 1
NN avg batch size: 1
PlayoutDoublingAdvantage: 0.25
PV: D2
Tree:
: T -100.69c W -98.23c S  -2.46c ( -3.4 L  -3.1) N       1  --  D2
---White(^)---

2026-06-05 15:42:08+0800: = D2
2026-06-05 15:42:10+0800: Controller: kata-set-param maxPlayouts 100
2026-06-05 15:42:10+0800: = 
2026-06-05 15:42:10+0800: Controller: kata-set-param maxVisits 100
2026-06-05 15:42:10+0800: = 
2026-06-05 15:42:10+0800: Controller: kata-set-param chosenMoveTemperature 0.0
2026-06-05 15:42:10+0800: = 
2026-06-05 15:42:10+0800: Controller: lz-analyze b 10
2026-06-05 15:42:10+0800: =
2026-06-05 15:42:10+0800: Controller: stop
2026-06-05 15:42:10+0800: = 
2026-06-05 15:44:05+0800: Controller: play black H6
2026-06-05 15:44:05+0800: = 
2026-06-05 15:44:05+0800: Controller: kata-set-param maxPlayouts 1
2026-06-05 15:44:05+0800: = 
2026-06-05 15:44:05+0800: Controller: kata-set-param maxVisits 1
2026-06-05 15:44:05+0800: = 
2026-06-05 15:44:05+0800: Controller: kata-set-param chosenMoveTemperature 5.0
2026-06-05 15:44:05+0800: = 
2026-06-05 15:44:05+0800: Controller: genmove white
2026-06-05 15:44:06+0800: MoveNum: 15 HASH: 28A8FD2FFC1FE50DDF91403E5A9E5B84
   A B C D E F G H J
 9 . . . . . . . . .
 8 . . . . O . . . .
 7 . @ . X . O O . .
 6 . . . . X1X . X3.
 5 . . . X O X . . .
 4 . . O O . X . . .
 3 . . . . X . . . .
 2 . . . O2. . . . .
 1 . . . . . . . . .

koPOSITIONALscoreAREAtaxNONEsui1komi3.5
Time taken: 0.172
Root visits: 1
New playouts: 1
NN rows: 1
NN batches: 1
NN avg batch size: 1
PlayoutDoublingAdvantage: 0.25
PV: H7
Tree:
: T -101.29c W -98.59c S  -2.70c ( -3.8 L  -3.6) N       1  --  H7
---White(^)---

2026-06-05 15:44:06+0800: = B7
2026-06-05 15:44:08+0800: Controller: kata-set-param maxPlayouts 100
2026-06-05 15:44:08+0800: = 
2026-06-05 15:44:08+0800: Controller: kata-set-param maxVisits 100
2026-06-05 15:44:08+0800: = 
2026-06-05 15:44:08+0800: Controller: kata-set-param chosenMoveTemperature 0.0
2026-06-05 15:44:08+0800: = 
2026-06-05 15:44:08+0800: Controller: lz-analyze b 10
2026-06-05 15:44:08+0800: =
2026-06-05 15:44:08+0800: Controller: stop
2026-06-05 15:44:08+0800: = 
2026-06-05 15:44:37+0800: Controller: play black B6
2026-06-05 15:44:37+0800: = 
2026-06-05 15:44:38+0800: Controller: kata-set-param maxPlayouts 1
2026-06-05 15:44:38+0800: = 
2026-06-05 15:44:38+0800: Controller: kata-set-param maxVisits 1
2026-06-05 15:44:38+0800: = 
2026-06-05 15:44:38+0800: Controller: kata-set-param chosenMoveTemperature 5.0
2026-06-05 15:44:38+0800: = 
2026-06-05 15:44:38+0800: Controller: genmove white
2026-06-05 15:44:38+0800: MoveNum: 17 HASH: 6337498C2D12496E96D33AE4680BCE7C
   A B C D E F G H J
 9 . . . . . . . . .
 8 . . . . O . . . .
 7 . O2. X . O O . .
 6 . X3. . X X . X1.
 5 . @ . X O X . . .
 4 . . O O . X . . .
 3 . . . . X . . . .
 2 . . . O . . . . .
 1 . . . . . . . . .

koPOSITIONALscoreAREAtaxNONEsui1komi3.5
Time taken: 0.141
Root visits: 1
New playouts: 1
NN rows: 1
NN batches: 1
NN avg batch size: 1
PlayoutDoublingAdvantage: 0.25
PV: B5
Tree:
: T -101.14c W -98.22c S  -2.92c ( -4.1 L  -4.0) N       1  --  B5
---White(^)---

2026-06-05 15:44:38+0800: = B5
