2026-06-05 19:56:36+0800: Running with following config:
allowResignation = true
lagBuffer = 1.0
logAllGTPCommunication = true
logDir = gtp_logs
logSearchInfo = true
logSearchInfoForChosenMove = false
logToStderr = false
lzAnalyzeOutputOwnership = true
maxPlayouts = 100
maxTimePondering = 60.0
maxVisits = 100
numSearchThreads = 2
ponderingEnabled = false
resignConsecTurns = 3
resignThreshold = -0.90
rules = tromp-taylor
searchFactorAfterOnePass = 0.50
searchFactorAfterTwoPass = 0.25
searchFactorWhenWinning = 0.40
searchFactorWhenWinningThreshold = 0.95

2026-06-05 19:56:36+0800: GTP Engine starting...
2026-06-05 19:56:36+0800: KataGo v1.16.5
2026-06-05 19:56:36+0800: Using TrompTaylor rules initially, unless GTP/GUI overrides this
2026-06-05 19:56:36+0800: Using 2 CPU thread(s) for search
2026-06-05 19:56:36+0800: nnRandSeed0 = 15736006594722810881
2026-06-05 19:56:36+0800: After dedups: nnModelFile0 = E:/开发/new/围棋/bin/kata9x9-b18c384nbt-20231025.bin.gz useFP16 auto useNHWC auto
2026-06-05 19:56:36+0800: Initializing neural net buffer to be size 19 * 19 exactly
2026-06-05 19:56:37+0800: Eigen (CPU) backend thread 0: Model version 12
2026-06-05 19:56:37+0800: Eigen (CPU) backend thread 0: Model name: kata9x9-b18c384nbt-s6603587840-d252232394
2026-06-05 19:56:37+0800: Eigen (CPU) backend thread 1: Model version 12
2026-06-05 19:56:37+0800: Eigen (CPU) backend thread 1: Model name: kata9x9-b18c384nbt-s6603587840-d252232394
2026-06-05 19:56:38+0800: Loaded neural net with nnXLen 19 nnYLen 19
2026-06-05 19:56:38+0800: Initializing board with boardXSize 19 boardYSize 19
2026-06-05 19:56:38+0800: --------------
2026-06-05 19:56:38+0800: WARNING: Config had unused keys! You may have a typo, an option you specified is being unused from E:/开发/new/围棋/bin/katago.cfg
2026-06-05 19:56:38+0800: WARNING: Unused key 'lzAnalyzeOutputOwnership' in E:/开发/new/围棋/bin/katago.cfg
2026-06-05 19:56:38+0800: --------------
2026-06-05 19:56:38+0800: Loaded config E:/开发/new/围棋/bin/katago.cfg
2026-06-05 19:56:38+0800: Loaded model E:/开发/new/围棋/bin/kata9x9-b18c384nbt-20231025.bin.gz
2026-06-05 19:56:38+0800: Model name: kata9x9-b18c384nbt-s6603587840-d252232394
2026-06-05 19:56:38+0800: GTP ready, beginning main protocol loop
2026-06-05 19:56:38+0800: Controller: boardsize 9
2026-06-05 19:56:38+0800: GPU -1 finishing, processed 0 rows 0 batches
2026-06-05 19:56:38+0800: GPU -1 finishing, processed 0 rows 0 batches
2026-06-05 19:56:38+0800: Cleaned up old neural net and bot
2026-06-05 19:56:38+0800: nnRandSeed0 = 16122582343903236284
2026-06-05 19:56:38+0800: After dedups: nnModelFile0 = E:/开发/new/围棋/bin/kata9x9-b18c384nbt-20231025.bin.gz useFP16 auto useNHWC auto
2026-06-05 19:56:38+0800: Initializing neural net buffer to be size 9 * 9 exactly
2026-06-05 19:56:39+0800: Eigen (CPU) backend thread 0: Model version 12
2026-06-05 19:56:39+0800: Eigen (CPU) backend thread 0: Model name: kata9x9-b18c384nbt-s6603587840-d252232394
2026-06-05 19:56:39+0800: Eigen (CPU) backend thread 1: Model version 12
2026-06-05 19:56:39+0800: Eigen (CPU) backend thread 1: Model name: kata9x9-b18c384nbt-s6603587840-d252232394
2026-06-05 19:56:39+0800: Loaded neural net with nnXLen 9 nnYLen 9
2026-06-05 19:56:39+0800: Initializing board with boardXSize 9 boardYSize 9
2026-06-05 19:56:39+0800: = 
2026-06-05 19:56:39+0800: Controller: komi 7.5
2026-06-05 19:56:39+0800: = 
2026-06-05 19:56:39+0800: Controller: clear_board
2026-06-05 19:56:39+0800: = 
2026-06-05 19:56:39+0800: Controller: boardsize 13
2026-06-05 19:56:39+0800: GPU -1 finishing, processed 0 rows 0 batches
2026-06-05 19:56:39+0800: GPU -1 finishing, processed 0 rows 0 batches
2026-06-05 19:56:39+0800: Cleaned up old neural net and bot
2026-06-05 19:56:39+0800: nnRandSeed0 = 4013590482572061246
2026-06-05 19:56:39+0800: After dedups: nnModelFile0 = E:/开发/new/围棋/bin/kata9x9-b18c384nbt-20231025.bin.gz useFP16 auto useNHWC auto
2026-06-05 19:56:39+0800: Initializing neural net buffer to be size 13 * 13 exactly
2026-06-05 19:56:41+0800: Eigen (CPU) backend thread 0: Model version 12
2026-06-05 19:56:41+0800: Eigen (CPU) backend thread 0: Model name: kata9x9-b18c384nbt-s6603587840-d252232394
2026-06-05 19:56:41+0800: Eigen (CPU) backend thread 1: Model version 12
2026-06-05 19:56:41+0800: Eigen (CPU) backend thread 1: Model name: kata9x9-b18c384nbt-s6603587840-d252232394
2026-06-05 19:56:41+0800: Loaded neural net with nnXLen 13 nnYLen 13
2026-06-05 19:56:41+0800: Initializing board with boardXSize 13 boardYSize 13
2026-06-05 19:56:41+0800: = 
2026-06-05 19:56:41+0800: Controller: komi 5.5
2026-06-05 19:56:41+0800: = 
2026-06-05 19:56:41+0800: Controller: clear_board
2026-06-05 19:56:41+0800: = 
2026-06-05 19:56:43+0800: Controller: kata-set-param maxPlayouts 100
2026-06-05 19:56:43+0800: = 
2026-06-05 19:56:43+0800: Controller: kata-set-param maxVisits 100
2026-06-05 19:56:43+0800: = 
2026-06-05 19:56:43+0800: Controller: kata-set-param chosenMoveTemperature 0.0
2026-06-05 19:56:43+0800: = 
2026-06-05 19:56:43+0800: Controller: lz-analyze b 10
2026-06-05 19:56:43+0800: =
2026-06-05 19:56:44+0800: Controller: stop
2026-06-05 19:56:44+0800: = 
2026-06-05 19:56:44+0800: Controller: stop
2026-06-05 19:56:44+0800: = 
2026-06-05 19:56:44+0800: Controller: stop
2026-06-05 19:56:44+0800: = 
2026-06-05 19:56:44+0800: Controller: play black K4
2026-06-05 19:56:44+0800: = 
2026-06-05 19:56:45+0800: Controller: kata-set-param maxPlayouts 15
2026-06-05 19:56:45+0800: = 
2026-06-05 19:56:45+0800: Controller: kata-set-param maxVisits 15
2026-06-05 19:56:45+0800: = 
2026-06-05 19:56:45+0800: Controller: kata-set-param chosenMoveTemperature 0.0
2026-06-05 19:56:45+0800: = 
2026-06-05 19:56:45+0800: Controller: lz-analyze w 10
2026-06-05 19:56:45+0800: =
2026-06-05 19:56:46+0800: Controller: stop
2026-06-05 19:56:46+0800: = 
2026-06-05 19:56:46+0800: Controller: stop
2026-06-05 19:56:46+0800: = 
2026-06-05 19:56:46+0800: Controller: play white K10
2026-06-05 19:56:46+0800: = 
2026-06-05 19:56:46+0800: Controller: stop
2026-06-05 19:56:46+0800: = 
2026-06-05 19:56:47+0800: Controller: kata-set-param maxPlayouts 100
2026-06-05 19:56:47+0800: = 
2026-06-05 19:56:47+0800: Controller: kata-set-param maxVisits 100
2026-06-05 19:56:47+0800: = 
2026-06-05 19:56:47+0800: Controller: kata-set-param chosenMoveTemperature 0.0
2026-06-05 19:56:47+0800: = 
2026-06-05 19:56:47+0800: Controller: lz-analyze b 10
2026-06-05 19:56:47+0800: =
2026-06-05 19:56:47+0800: Controller: stop
2026-06-05 19:56:47+0800: = 
2026-06-05 19:56:47+0800: Controller: stop
2026-06-05 19:56:47+0800: = 
2026-06-05 19:56:48+0800: Controller: stop
2026-06-05 19:56:48+0800: = 
2026-06-05 19:56:48+0800: Controller: play black D4
2026-06-05 19:56:48+0800: = 
2026-06-05 19:56:49+0800: Controller: kata-set-param maxPlayouts 15
2026-06-05 19:56:49+0800: = 
2026-06-05 19:56:49+0800: Controller: kata-set-param maxVisits 15
2026-06-05 19:56:49+0800: = 
2026-06-05 19:56:49+0800: Controller: kata-set-param chosenMoveTemperature 0.0
2026-06-05 19:56:49+0800: = 
2026-06-05 19:56:49+0800: Controller: lz-analyze w 10
2026-06-05 19:56:49+0800: =
2026-06-05 19:56:49+0800: Controller: stop
2026-06-05 19:56:49+0800: = 
2026-06-05 19:56:49+0800: Controller: stop
2026-06-05 19:56:49+0800: = 
2026-06-05 19:56:49+0800: Controller: play white D11
2026-06-05 19:56:49+0800: = 
2026-06-05 19:56:49+0800: Controller: stop
2026-06-05 19:56:49+0800: = 
2026-06-05 19:56:51+0800: Controller: kata-set-param maxPlayouts 100
2026-06-05 19:56:51+0800: = 
2026-06-05 19:56:51+0800: Controller: kata-set-param maxVisits 100
2026-06-05 19:56:51+0800: = 
2026-06-05 19:56:51+0800: Controller: kata-set-param chosenMoveTemperature 0.0
2026-06-05 19:56:51+0800: = 
2026-06-05 19:56:51+0800: Controller: lz-analyze b 10
2026-06-05 19:56:51+0800: =
2026-06-05 19:56:51+0800: Controller: stop
2026-06-05 19:56:51+0800: = 
2026-06-05 19:56:51+0800: Controller: stop
2026-06-05 19:56:51+0800: = 
2026-06-05 19:56:52+0800: Controller: stop
2026-06-05 19:56:52+0800: = 
2026-06-05 19:56:52+0800: Controller: play black C9
2026-06-05 19:56:52+0800: = 
2026-06-05 19:56:53+0800: Controller: kata-set-param maxPlayouts 15
2026-06-05 19:56:53+0800: = 
2026-06-05 19:56:53+0800: Controller: kata-set-param maxVisits 15
2026-06-05 19:56:53+0800: = 
2026-06-05 19:56:53+0800: Controller: kata-set-param chosenMoveTemperature 0.0
2026-06-05 19:56:53+0800: = 
2026-06-05 19:56:53+0800: Controller: lz-analyze w 10
2026-06-05 19:56:53+0800: =
2026-06-05 19:56:53+0800: Controller: stop
2026-06-05 19:56:53+0800: = 
2026-06-05 19:56:53+0800: Controller: stop
2026-06-05 19:56:53+0800: = 
2026-06-05 19:56:53+0800: Controller: play white E9
2026-06-05 19:56:53+0800: = 
2026-06-05 19:56:53+0800: Controller: stop
2026-06-05 19:56:53+0800: = 
2026-06-05 19:56:54+0800: Controller: kata-set-param maxPlayouts 100
2026-06-05 19:56:54+0800: = 
2026-06-05 19:56:54+0800: Controller: kata-set-param maxVisits 100
2026-06-05 19:56:54+0800: = 
2026-06-05 19:56:54+0800: Controller: kata-set-param chosenMoveTemperature 0.0
2026-06-05 19:56:54+0800: = 
2026-06-05 19:56:54+0800: Controller: lz-analyze b 10
2026-06-05 19:56:54+0800: =
2026-06-05 19:56:55+0800: Controller: stop
2026-06-05 19:56:55+0800: = 
2026-06-05 19:56:55+0800: Controller: stop
2026-06-05 19:56:55+0800: = 
2026-06-05 19:56:56+0800: Controller: stop
2026-06-05 19:56:56+0800: = 
2026-06-05 19:56:56+0800: Controller: play black C11
2026-06-05 19:56:56+0800: = 
2026-06-05 19:56:57+0800: Controller: kata-set-param maxPlayouts 15
2026-06-05 19:56:57+0800: = 
2026-06-05 19:56:57+0800: Controller: kata-set-param maxVisits 15
2026-06-05 19:56:57+0800: = 
2026-06-05 19:56:57+0800: Controller: kata-set-param chosenMoveTemperature 0.0
2026-06-05 19:56:57+0800: = 
2026-06-05 19:56:57+0800: Controller: lz-analyze w 10
2026-06-05 19:56:57+0800: =
2026-06-05 19:56:58+0800: Controller: stop
2026-06-05 19:56:58+0800: = 
2026-06-05 19:56:58+0800: Controller: stop
2026-06-05 19:56:58+0800: = 
2026-06-05 19:56:58+0800: Controller: play white D10
2026-06-05 19:56:58+0800: = 
2026-06-05 19:56:58+0800: Controller: stop
2026-06-05 19:56:58+0800: = 
2026-06-05 19:56:59+0800: Controller: kata-set-param maxPlayouts 100
2026-06-05 19:56:59+0800: = 
2026-06-05 19:56:59+0800: Controller: kata-set-param maxVisits 100
2026-06-05 19:56:59+0800: = 
2026-06-05 19:56:59+0800: Controller: kata-set-param chosenMoveTemperature 0.0
2026-06-05 19:56:59+0800: = 
2026-06-05 19:56:59+0800: Controller: lz-analyze b 10
2026-06-05 19:56:59+0800: =
2026-06-05 19:57:00+0800: Controller: stop
2026-06-05 19:57:00+0800: = 
2026-06-05 19:57:00+0800: Controller: stop
2026-06-05 19:57:00+0800: = 
2026-06-05 19:57:00+0800: Controller: stop
2026-06-05 19:57:00+0800: = 
2026-06-05 19:57:00+0800: Controller: stop
2026-06-05 19:57:00+0800: = 
2026-06-05 19:57:00+0800: Controller: stop
2026-06-05 19:57:00+0800: = 
2026-06-05 19:57:02+0800: Controller: stop
2026-06-05 19:57:02+0800: = 
2026-06-05 19:57:02+0800: Controller: play black C10
2026-06-05 19:57:02+0800: = 
2026-06-05 19:57:03+0800: Controller: kata-set-param maxPlayouts 15
2026-06-05 19:57:03+0800: = 
2026-06-05 19:57:03+0800: Controller: kata-set-param maxVisits 15
2026-06-05 19:57:03+0800: = 
2026-06-05 19:57:03+0800: Controller: kata-set-param chosenMoveTemperature 0.0
2026-06-05 19:57:03+0800: = 
2026-06-05 19:57:03+0800: Controller: lz-analyze w 10
2026-06-05 19:57:03+0800: =
2026-06-05 19:57:04+0800: Controller: stop
2026-06-05 19:57:04+0800: = 
2026-06-05 19:57:04+0800: Controller: stop
2026-06-05 19:57:04+0800: = 
2026-06-05 19:57:04+0800: Controller: play white L8
2026-06-05 19:57:04+0800: = 
2026-06-05 19:57:04+0800: Controller: stop
2026-06-05 19:57:04+0800: = 
2026-06-05 19:57:05+0800: Controller: kata-set-param maxPlayouts 100
2026-06-05 19:57:05+0800: = 
2026-06-05 19:57:05+0800: Controller: kata-set-param maxVisits 100
2026-06-05 19:57:05+0800: = 
2026-06-05 19:57:05+0800: Controller: kata-set-param chosenMoveTemperature 0.0
2026-06-05 19:57:05+0800: = 
2026-06-05 19:57:05+0800: Controller: lz-analyze b 10
2026-06-05 19:57:05+0800: =
2026-06-05 19:57:06+0800: Controller: stop
2026-06-05 19:57:06+0800: = 
2026-06-05 19:57:06+0800: Controller: stop
2026-06-05 19:57:06+0800: = 
2026-06-05 19:57:08+0800: Controller: stop
2026-06-05 19:57:08+0800: = 
2026-06-05 19:57:08+0800: Controller: play black F3
2026-06-05 19:57:08+0800: = 
2026-06-05 19:57:09+0800: Controller: kata-set-param maxPlayouts 15
2026-06-05 19:57:09+0800: = 
2026-06-05 19:57:09+0800: Controller: kata-set-param maxVisits 15
2026-06-05 19:57:09+0800: = 
2026-06-05 19:57:09+0800: Controller: kata-set-param chosenMoveTemperature 0.0
2026-06-05 19:57:09+0800: = 
2026-06-05 19:57:09+0800: Controller: lz-analyze w 10
2026-06-05 19:57:09+0800: =
2026-06-05 19:57:09+0800: Controller: stop
2026-06-05 19:57:09+0800: = 
2026-06-05 19:57:09+0800: Controller: stop
2026-06-05 19:57:09+0800: = 
2026-06-05 19:57:09+0800: Controller: play white C4
2026-06-05 19:57:09+0800: = 
2026-06-05 19:57:09+0800: Controller: stop
2026-06-05 19:57:09+0800: = 
2026-06-05 19:57:11+0800: Controller: kata-set-param maxPlayouts 100
2026-06-05 19:57:11+0800: = 
2026-06-05 19:57:11+0800: Controller: kata-set-param maxVisits 100
2026-06-05 19:57:11+0800: = 
2026-06-05 19:57:11+0800: Controller: kata-set-param chosenMoveTemperature 0.0
2026-06-05 19:57:11+0800: = 
2026-06-05 19:57:11+0800: Controller: lz-analyze b 10
2026-06-05 19:57:11+0800: =
2026-06-05 19:57:11+0800: Controller: stop
2026-06-05 19:57:11+0800: = 
2026-06-05 19:57:11+0800: Controller: stop
2026-06-05 19:57:11+0800: = 
2026-06-05 19:57:13+0800: Controller: stop
2026-06-05 19:57:13+0800: = 
2026-06-05 19:57:13+0800: Controller: play black C5
2026-06-05 19:57:13+0800: = 
2026-06-05 19:57:14+0800: Controller: kata-set-param maxPlayouts 15
2026-06-05 19:57:14+0800: = 
2026-06-05 19:57:14+0800: Controller: kata-set-param maxVisits 15
2026-06-05 19:57:14+0800: = 
2026-06-05 19:57:14+0800: Controller: kata-set-param chosenMoveTemperature 0.0
2026-06-05 19:57:14+0800: = 
2026-06-05 19:57:14+0800: Controller: lz-analyze w 10
2026-06-05 19:57:14+0800: =
2026-06-05 19:57:14+0800: Controller: stop
2026-06-05 19:57:14+0800: = 
2026-06-05 19:57:14+0800: Controller: stop
2026-06-05 19:57:14+0800: = 
2026-06-05 19:57:14+0800: Controller: play white D3
2026-06-05 19:57:14+0800: = 
2026-06-05 19:57:14+0800: Controller: stop
2026-06-05 19:57:14+0800: = 
2026-06-05 19:57:16+0800: Controller: kata-set-param maxPlayouts 100
2026-06-05 19:57:16+0800: = 
2026-06-05 19:57:16+0800: Controller: kata-set-param maxVisits 100
2026-06-05 19:57:16+0800: = 
2026-06-05 19:57:16+0800: Controller: kata-set-param chosenMoveTemperature 0.0
2026-06-05 19:57:16+0800: = 
2026-06-05 19:57:16+0800: Controller: lz-analyze b 10
2026-06-05 19:57:16+0800: =
2026-06-05 19:57:17+0800: Controller: stop
2026-06-05 19:57:17+0800: = 
2026-06-05 19:57:17+0800: Controller: stop
2026-06-05 19:57:17+0800: = 
2026-06-05 19:57:18+0800: Controller: stop
2026-06-05 19:57:18+0800: = 
2026-06-05 19:57:18+0800: Controller: play black C3
2026-06-05 19:57:18+0800: = 
2026-06-05 19:57:19+0800: Controller: kata-set-param maxPlayouts 15
2026-06-05 19:57:19+0800: = 
2026-06-05 19:57:19+0800: Controller: kata-set-param maxVisits 15
2026-06-05 19:57:19+0800: = 
2026-06-05 19:57:19+0800: Controller: kata-set-param chosenMoveTemperature 0.0
2026-06-05 19:57:19+0800: = 
2026-06-05 19:57:19+0800: Controller: lz-analyze w 10
2026-06-05 19:57:19+0800: =
2026-06-05 19:57:20+0800: Controller: stop
2026-06-05 19:57:20+0800: = 
2026-06-05 19:57:20+0800: Controller: stop
2026-06-05 19:57:20+0800: = 
2026-06-05 19:57:20+0800: Controller: play white K3
2026-06-05 19:57:20+0800: = 
2026-06-05 19:57:20+0800: Controller: stop
2026-06-05 19:57:20+0800: = 
2026-06-05 19:57:21+0800: Controller: kata-set-param maxPlayouts 100
2026-06-05 19:57:21+0800: = 
2026-06-05 19:57:21+0800: Controller: kata-set-param maxVisits 100
2026-06-05 19:57:21+0800: = 
2026-06-05 19:57:21+0800: Controller: kata-set-param chosenMoveTemperature 0.0
2026-06-05 19:57:21+0800: = 
2026-06-05 19:57:21+0800: Controller: lz-analyze b 10
2026-06-05 19:57:21+0800: =
2026-06-05 19:57:22+0800: Controller: stop
2026-06-05 19:57:22+0800: = 
2026-06-05 19:57:22+0800: Controller: stop
2026-06-05 19:57:22+0800: = 
2026-06-05 19:57:24+0800: Controller: stop
2026-06-05 19:57:24+0800: = 
2026-06-05 19:57:24+0800: Controller: play black L3
2026-06-05 19:57:24+0800: = 
2026-06-05 19:57:25+0800: Controller: kata-set-param maxPlayouts 15
2026-06-05 19:57:25+0800: = 
2026-06-05 19:57:25+0800: Controller: kata-set-param maxVisits 15
2026-06-05 19:57:25+0800: = 
2026-06-05 19:57:25+0800: Controller: kata-set-param chosenMoveTemperature 0.0
2026-06-05 19:57:25+0800: = 
2026-06-05 19:57:25+0800: Controller: lz-analyze w 10
2026-06-05 19:57:25+0800: =
2026-06-05 19:57:25+0800: Controller: stop
2026-06-05 19:57:25+0800: = 
2026-06-05 19:57:25+0800: Controller: stop
2026-06-05 19:57:25+0800: = 
2026-06-05 19:57:25+0800: Controller: play white J3
2026-06-05 19:57:25+0800: = 
2026-06-05 19:57:25+0800: Controller: stop
2026-06-05 19:57:25+0800: = 
2026-06-05 19:57:26+0800: Controller: kata-set-param maxPlayouts 100
2026-06-05 19:57:26+0800: = 
2026-06-05 19:57:26+0800: Controller: kata-set-param maxVisits 100
2026-06-05 19:57:26+0800: = 
2026-06-05 19:57:26+0800: Controller: kata-set-param chosenMoveTemperature 0.0
2026-06-05 19:57:26+0800: = 
2026-06-05 19:57:26+0800: Controller: lz-analyze b 10
2026-06-05 19:57:26+0800: =
2026-06-05 19:57:27+0800: Controller: stop
2026-06-05 19:57:27+0800: = 
2026-06-05 19:57:27+0800: Controller: stop
2026-06-05 19:57:27+0800: = 
2026-06-05 19:57:30+0800: Controller: stop
2026-06-05 19:57:30+0800: = 
2026-06-05 19:57:30+0800: Controller: play black L4
2026-06-05 19:57:30+0800: = 
2026-06-05 19:57:31+0800: Controller: kata-set-param maxPlayouts 15
2026-06-05 19:57:31+0800: = 
2026-06-05 19:57:31+0800: Controller: kata-set-param maxVisits 15
2026-06-05 19:57:31+0800: = 
2026-06-05 19:57:31+0800: Controller: kata-set-param chosenMoveTemperature 0.0
2026-06-05 19:57:31+0800: = 
2026-06-05 19:57:31+0800: Controller: lz-analyze w 10
2026-06-05 19:57:31+0800: =
2026-06-05 19:57:31+0800: Controller: stop
2026-06-05 19:57:31+0800: = 
2026-06-05 19:57:31+0800: Controller: stop
2026-06-05 19:57:31+0800: = 
2026-06-05 19:57:31+0800: Controller: play white E3
2026-06-05 19:57:31+0800: = 
2026-06-05 19:57:31+0800: Controller: stop
2026-06-05 19:57:31+0800: = 
2026-06-05 19:57:31+0800: Controller: stop
2026-06-05 19:57:31+0800: = 
2026-06-05 19:57:31+0800: Controller: stop
2026-06-05 19:57:31+0800: = 
2026-06-05 19:57:33+0800: Controller: kata-set-param maxPlayouts 100
2026-06-05 19:57:33+0800: = 
2026-06-05 19:57:33+0800: Controller: kata-set-param maxVisits 100
2026-06-05 19:57:33+0800: = 
2026-06-05 19:57:33+0800: Controller: kata-set-param chosenMoveTemperature 0.0
2026-06-05 19:57:33+0800: = 
2026-06-05 19:57:33+0800: Controller: lz-analyze b 10
2026-06-05 19:57:33+0800: =
2026-06-05 19:57:33+0800: Controller: stop
2026-06-05 19:57:33+0800: = 
2026-06-05 19:57:33+0800: Controller: stop
2026-06-05 19:57:33+0800: = 
2026-06-05 19:57:34+0800: Controller: stop
2026-06-05 19:57:34+0800: = 
2026-06-05 19:57:34+0800: Controller: play black E4
2026-06-05 19:57:34+0800: = 
2026-06-05 19:57:35+0800: Controller: kata-set-param maxPlayouts 15
2026-06-05 19:57:35+0800: = 
2026-06-05 19:57:35+0800: Controller: kata-set-param maxVisits 15
2026-06-05 19:57:35+0800: = 
2026-06-05 19:57:35+0800: Controller: kata-set-param chosenMoveTemperature 0.0
2026-06-05 19:57:35+0800: = 
2026-06-05 19:57:35+0800: Controller: lz-analyze w 10
2026-06-05 19:57:35+0800: =
2026-06-05 19:57:35+0800: Controller: stop
2026-06-05 19:57:35+0800: = 
2026-06-05 19:57:35+0800: Controller: stop
2026-06-05 19:57:35+0800: = 
2026-06-05 19:57:35+0800: Controller: play white C2
2026-06-05 19:57:35+0800: = 
2026-06-05 19:57:35+0800: Controller: stop
2026-06-05 19:57:35+0800: = 
2026-06-05 19:57:37+0800: Controller: kata-set-param maxPlayouts 100
2026-06-05 19:57:37+0800: = 
2026-06-05 19:57:37+0800: Controller: kata-set-param maxVisits 100
2026-06-05 19:57:37+0800: = 
2026-06-05 19:57:37+0800: Controller: kata-set-param chosenMoveTemperature 0.0
2026-06-05 19:57:37+0800: = 
2026-06-05 19:57:37+0800: Controller: lz-analyze b 10
2026-06-05 19:57:37+0800: =
2026-06-05 19:57:38+0800: Controller: stop
2026-06-05 19:57:38+0800: = 
2026-06-05 19:57:38+0800: Controller: stop
2026-06-05 19:57:38+0800: = 
2026-06-05 19:57:38+0800: Controller: stop
2026-06-05 19:57:38+0800: = 
2026-06-05 19:57:38+0800: Controller: play black B4
2026-06-05 19:57:38+0800: = 
2026-06-05 19:57:39+0800: Controller: kata-set-param maxPlayouts 15
2026-06-05 19:57:39+0800: = 
2026-06-05 19:57:39+0800: Controller: kata-set-param maxVisits 15
2026-06-05 19:57:39+0800: = 
2026-06-05 19:57:39+0800: Controller: kata-set-param chosenMoveTemperature 0.0
2026-06-05 19:57:39+0800: = 
2026-06-05 19:57:39+0800: Controller: lz-analyze w 10
2026-06-05 19:57:39+0800: =
2026-06-05 19:57:39+0800: Controller: stop
2026-06-05 19:57:39+0800: = 
2026-06-05 19:57:39+0800: Controller: stop
2026-06-05 19:57:39+0800: = 
2026-06-05 19:57:39+0800: Controller: play white L2
2026-06-05 19:57:39+0800: = 
2026-06-05 19:57:39+0800: Controller: stop
2026-06-05 19:57:39+0800: = 
2026-06-05 19:57:41+0800: Controller: kata-set-param maxPlayouts 100
2026-06-05 19:57:41+0800: = 
2026-06-05 19:57:41+0800: Controller: kata-set-param maxVisits 100
2026-06-05 19:57:41+0800: = 
2026-06-05 19:57:41+0800: Controller: kata-set-param chosenMoveTemperature 0.0
2026-06-05 19:57:41+0800: = 
2026-06-05 19:57:41+0800: Controller: lz-analyze b 10
2026-06-05 19:57:41+0800: =
2026-06-05 19:57:42+0800: Controller: stop
2026-06-05 19:57:42+0800: = 
2026-06-05 19:57:42+0800: Controller: stop
2026-06-05 19:57:42+0800: = 
2026-06-05 19:57:47+0800: Controller: stop
2026-06-05 19:57:47+0800: = 
2026-06-05 19:57:47+0800: Controller: play black F2
2026-06-05 19:57:47+0800: = 
2026-06-05 19:57:48+0800: Controller: kata-set-param maxPlayouts 15
2026-06-05 19:57:48+0800: = 
2026-06-05 19:57:48+0800: Controller: kata-set-param maxVisits 15
2026-06-05 19:57:48+0800: = 
2026-06-05 19:57:48+0800: Controller: kata-set-param chosenMoveTemperature 0.0
2026-06-05 19:57:48+0800: = 
2026-06-05 19:57:48+0800: Controller: lz-analyze w 10
2026-06-05 19:57:48+0800: =
2026-06-05 19:57:48+0800: Controller: stop
2026-06-05 19:57:48+0800: = 
2026-06-05 19:57:48+0800: Controller: stop
2026-06-05 19:57:48+0800: = 
2026-06-05 19:57:48+0800: Controller: play white M3
2026-06-05 19:57:48+0800: = 
2026-06-05 19:57:48+0800: Controller: stop
2026-06-05 19:57:48+0800: = 
2026-06-05 19:57:51+0800: Controller: kata-set-param maxPlayouts 100
2026-06-05 19:57:51+0800: = 
2026-06-05 19:57:51+0800: Controller: kata-set-param maxVisits 100
2026-06-05 19:57:51+0800: = 
2026-06-05 19:57:51+0800: Controller: kata-set-param chosenMoveTemperature 0.0
2026-06-05 19:57:51+0800: = 
2026-06-05 19:57:51+0800: Controller: lz-analyze b 10
2026-06-05 19:57:51+0800: =
2026-06-05 19:57:51+0800: Controller: stop
2026-06-05 19:57:51+0800: = 
2026-06-05 19:57:51+0800: Controller: stop
2026-06-05 19:57:51+0800: = 
2026-06-05 19:57:53+0800: Controller: stop
2026-06-05 19:57:53+0800: = 
2026-06-05 19:57:53+0800: Controller: play black J4
2026-06-05 19:57:53+0800: = 
2026-06-05 19:57:54+0800: Controller: kata-set-param maxPlayouts 15
2026-06-05 19:57:54+0800: = 
2026-06-05 19:57:54+0800: Controller: kata-set-param maxVisits 15
2026-06-05 19:57:54+0800: = 
2026-06-05 19:57:54+0800: Controller: kata-set-param chosenMoveTemperature 0.0
2026-06-05 19:57:54+0800: = 
2026-06-05 19:57:54+0800: Controller: lz-analyze w 10
2026-06-05 19:57:54+0800: =
2026-06-05 19:57:55+0800: Controller: stop
2026-06-05 19:57:55+0800: = 
2026-06-05 19:57:55+0800: Controller: stop
2026-06-05 19:57:55+0800: = 
2026-06-05 19:57:55+0800: Controller: play white H8
2026-06-05 19:57:55+0800: = 
2026-06-05 19:57:55+0800: Controller: stop
2026-06-05 19:57:55+0800: = 
2026-06-05 19:57:57+0800: Controller: kata-set-param maxPlayouts 100
2026-06-05 19:57:57+0800: = 
2026-06-05 19:57:57+0800: Controller: kata-set-param maxVisits 100
2026-06-05 19:57:57+0800: = 
2026-06-05 19:57:57+0800: Controller: kata-set-param chosenMoveTemperature 0.0
2026-06-05 19:57:57+0800: = 
2026-06-05 19:57:57+0800: Controller: lz-analyze b 10
2026-06-05 19:57:57+0800: =
2026-06-05 19:57:57+0800: Controller: stop
2026-06-05 19:57:57+0800: = 
2026-06-05 19:57:57+0800: Controller: stop
2026-06-05 19:57:57+0800: = 
2026-06-05 19:58:02+0800: Controller: stop
2026-06-05 19:58:02+0800: = 
2026-06-05 19:58:02+0800: Controller: play black M2
2026-06-05 19:58:02+0800: = 
2026-06-05 19:58:03+0800: Controller: kata-set-param maxPlayouts 15
2026-06-05 19:58:03+0800: = 
2026-06-05 19:58:03+0800: Controller: kata-set-param maxVisits 15
2026-06-05 19:58:03+0800: = 
2026-06-05 19:58:03+0800: Controller: kata-set-param chosenMoveTemperature 0.0
2026-06-05 19:58:03+0800: = 
2026-06-05 19:58:03+0800: Controller: lz-analyze w 10
2026-06-05 19:58:03+0800: =
2026-06-05 19:58:03+0800: Controller: stop
2026-06-05 19:58:03+0800: = 
2026-06-05 19:58:03+0800: Controller: stop
2026-06-05 19:58:03+0800: = 
2026-06-05 19:58:03+0800: Controller: play white N2
2026-06-05 19:58:03+0800: = 
2026-06-05 19:58:03+0800: Controller: stop
2026-06-05 19:58:03+0800: = 
2026-06-05 19:58:05+0800: Controller: kata-set-param maxPlayouts 100
2026-06-05 19:58:05+0800: = 
2026-06-05 19:58:05+0800: Controller: kata-set-param maxVisits 100
2026-06-05 19:58:05+0800: = 
2026-06-05 19:58:05+0800: Controller: kata-set-param chosenMoveTemperature 0.0
2026-06-05 19:58:05+0800: = 
2026-06-05 19:58:05+0800: Controller: lz-analyze b 10
2026-06-05 19:58:05+0800: =
2026-06-05 19:58:06+0800: Controller: stop
2026-06-05 19:58:06+0800: = 
2026-06-05 19:58:06+0800: Controller: stop
2026-06-05 19:58:06+0800: = 
2026-06-05 19:58:07+0800: Controller: stop
2026-06-05 19:58:07+0800: = 
2026-06-05 19:58:07+0800: Controller: play black K11
2026-06-05 19:58:07+0800: = 
2026-06-05 19:58:08+0800: Controller: kata-set-param maxPlayouts 15
2026-06-05 19:58:08+0800: = 
2026-06-05 19:58:08+0800: Controller: kata-set-param maxVisits 15
2026-06-05 19:58:08+0800: = 
2026-06-05 19:58:08+0800: Controller: kata-set-param chosenMoveTemperature 0.0
2026-06-05 19:58:08+0800: = 
2026-06-05 19:58:08+0800: Controller: lz-analyze w 10
2026-06-05 19:58:08+0800: =
2026-06-05 19:58:09+0800: Controller: stop
2026-06-05 19:58:09+0800: = 
2026-06-05 19:58:09+0800: Controller: stop
2026-06-05 19:58:09+0800: = 
2026-06-05 19:58:09+0800: Controller: play white H3
2026-06-05 19:58:09+0800: = 
2026-06-05 19:58:09+0800: Controller: stop
2026-06-05 19:58:09+0800: = 
