2026-06-04 21:58:21+0800: Running with following config:
allowResignation = true
lagBuffer = 1.0
logAllGTPCommunication = true
logDir = gtp_logs
logSearchInfo = true
logSearchInfoForChosenMove = false
logToStderr = false
maxPlayouts = 100
maxTimePondering = 60.0
maxVisits = 100
numSearchThreads = 2
ponderingEnabled = false
resignConsecTurns = 3
resignThreshold = -0.90
rules = tromp-taylor
searchFactorAfterOnePass = 0.50
searchFactorAfterTwoPass = 0.25
searchFactorWhenWinning = 0.40
searchFactorWhenWinningThreshold = 0.95

2026-06-04 21:58:21+0800: GTP Engine starting...
2026-06-04 21:58:21+0800: KataGo v1.16.5
2026-06-04 21:58:21+0800: Using TrompTaylor rules initially, unless GTP/GUI overrides this
2026-06-04 21:58:21+0800: Using 2 CPU thread(s) for search
2026-06-04 21:58:21+0800: nnRandSeed0 = 2755623418526660880
2026-06-04 21:58:21+0800: After dedups: nnModelFile0 = E:/开发/new/围棋/bin/kata9x9-b18c384nbt-20231025.bin.gz useFP16 auto useNHWC auto
2026-06-04 21:58:21+0800: Initializing neural net buffer to be size 19 * 19 exactly
2026-06-04 21:58:22+0800: Found OpenCL Platform 0: NVIDIA CUDA (NVIDIA Corporation) (OpenCL 3.0 CUDA 13.3.44)
2026-06-04 21:58:22+0800: Found 1 device(s) on platform 0 with type CPU or GPU or Accelerator
2026-06-04 21:58:22+0800: Found OpenCL Platform 1: Intel(R) OpenCL Graphics (Intel(R) Corporation) (OpenCL 3.0 )
2026-06-04 21:58:22+0800: Found 1 device(s) on platform 1 with type CPU or GPU or Accelerator
2026-06-04 21:58:22+0800: Found OpenCL Device 0: NVIDIA GeForce RTX 3070 Ti Laptop GPU (NVIDIA Corporation) (score 11000300)
2026-06-04 21:58:22+0800: Found OpenCL Device 1: Intel(R) Iris(R) Xe Graphics (Intel(R) Corporation) (score 6000300)
2026-06-04 21:58:22+0800: Creating context for OpenCL Platform: NVIDIA CUDA (NVIDIA Corporation) (OpenCL 3.0 CUDA 13.3.44)
2026-06-04 21:58:23+0800: Using OpenCL Device 0: NVIDIA GeForce RTX 3070 Ti Laptop GPU (NVIDIA Corporation) OpenCL 3.0 CUDA (Extensions: cl_khr_global_int32_base_atomics cl_khr_global_int32_extended_atomics cl_khr_local_int32_base_atomics cl_khr_local_int32_extended_atomics cl_khr_fp64 cl_khr_3d_image_writes cl_khr_byte_addressable_store cl_khr_icd cl_khr_gl_sharing cl_nv_compiler_options cl_nv_device_attribute_query cl_nv_pragma_unroll cl_nv_d3d10_sharing cl_khr_d3d10_sharing cl_nv_d3d11_sharing cl_nv_copy_opts cl_nv_create_buffer cl_khr_int64_base_atomics cl_khr_int64_extended_atomics cl_khr_device_uuid cl_khr_pci_bus_info cl_khr_external_semaphore cl_khr_external_memory cl_khr_external_semaphore_win32 cl_khr_external_memory_win32 cl_khr_semaphore)
2026-06-04 21:58:23+0800: Loaded tuning parameters from: E:\开发\new\围棋\bin/KataGoData/opencltuning/tune11_gpuNVIDIAGeForceRTX3070TiLaptopGPU_x19_y19_c384_mv12.txt
2026-06-04 21:58:23+0800: OpenCL backend thread 0: Model version 12
2026-06-04 21:58:23+0800: OpenCL backend thread 0: Model name: kata9x9-b18c384nbt-s6603587840-d252232394
2026-06-04 21:58:23+0800: OpenCL backend thread 0: FP16Storage true FP16Compute false FP16TensorCores true FP16TensorCoresFor1x1 false
2026-06-04 21:58:23+0800: Loaded neural net with nnXLen 19 nnYLen 19
2026-06-04 21:58:23+0800: Initializing board with boardXSize 19 boardYSize 19
2026-06-04 21:58:23+0800: Loaded config E:/开发/new/围棋/bin/katago.cfg
2026-06-04 21:58:23+0800: Loaded model E:/开发/new/围棋/bin/kata9x9-b18c384nbt-20231025.bin.gz
2026-06-04 21:58:23+0800: Model name: kata9x9-b18c384nbt-s6603587840-d252232394
2026-06-04 21:58:23+0800: GTP ready, beginning main protocol loop
2026-06-04 21:58:23+0800: Controller: boardsize 9
2026-06-04 21:58:23+0800: GPU -1 finishing, processed 0 rows 0 batches
2026-06-04 21:58:24+0800: Cleaned up old neural net and bot
2026-06-04 21:58:24+0800: nnRandSeed0 = 13982239101203371444
2026-06-04 21:58:24+0800: After dedups: nnModelFile0 = E:/开发/new/围棋/bin/kata9x9-b18c384nbt-20231025.bin.gz useFP16 auto useNHWC auto
2026-06-04 21:58:24+0800: Initializing neural net buffer to be size 9 * 9 exactly
2026-06-04 21:58:25+0800: Found OpenCL Platform 0: NVIDIA CUDA (NVIDIA Corporation) (OpenCL 3.0 CUDA 13.3.44)
2026-06-04 21:58:25+0800: Found 1 device(s) on platform 0 with type CPU or GPU or Accelerator
2026-06-04 21:58:25+0800: Found OpenCL Platform 1: Intel(R) OpenCL Graphics (Intel(R) Corporation) (OpenCL 3.0 )
2026-06-04 21:58:25+0800: Found 1 device(s) on platform 1 with type CPU or GPU or Accelerator
2026-06-04 21:58:25+0800: Found OpenCL Device 0: NVIDIA GeForce RTX 3070 Ti Laptop GPU (NVIDIA Corporation) (score 11000300)
2026-06-04 21:58:25+0800: Found OpenCL Device 1: Intel(R) Iris(R) Xe Graphics (Intel(R) Corporation) (score 6000300)
2026-06-04 21:58:25+0800: Creating context for OpenCL Platform: NVIDIA CUDA (NVIDIA Corporation) (OpenCL 3.0 CUDA 13.3.44)
2026-06-04 21:58:25+0800: Using OpenCL Device 0: NVIDIA GeForce RTX 3070 Ti Laptop GPU (NVIDIA Corporation) OpenCL 3.0 CUDA (Extensions: cl_khr_global_int32_base_atomics cl_khr_global_int32_extended_atomics cl_khr_local_int32_base_atomics cl_khr_local_int32_extended_atomics cl_khr_fp64 cl_khr_3d_image_writes cl_khr_byte_addressable_store cl_khr_icd cl_khr_gl_sharing cl_nv_compiler_options cl_nv_device_attribute_query cl_nv_pragma_unroll cl_nv_d3d10_sharing cl_khr_d3d10_sharing cl_nv_d3d11_sharing cl_nv_copy_opts cl_nv_create_buffer cl_khr_int64_base_atomics cl_khr_int64_extended_atomics cl_khr_device_uuid cl_khr_pci_bus_info cl_khr_external_semaphore cl_khr_external_memory cl_khr_external_semaphore_win32 cl_khr_external_memory_win32 cl_khr_semaphore)
2026-06-04 21:58:25+0800: Loaded tuning parameters from: E:\开发\new\围棋\bin/KataGoData/opencltuning/tune11_gpuNVIDIAGeForceRTX3070TiLaptopGPU_x19_y19_c384_mv12.txt
2026-06-04 21:58:25+0800: OpenCL backend thread 0: Model version 12
2026-06-04 21:58:25+0800: OpenCL backend thread 0: Model name: kata9x9-b18c384nbt-s6603587840-d252232394
2026-06-04 21:58:25+0800: OpenCL backend thread 0: FP16Storage true FP16Compute false FP16TensorCores true FP16TensorCoresFor1x1 false
2026-06-04 21:58:25+0800: Loaded neural net with nnXLen 9 nnYLen 9
2026-06-04 21:58:25+0800: Initializing board with boardXSize 9 boardYSize 9
2026-06-04 21:58:25+0800: = 
2026-06-04 21:58:25+0800: Controller: komi 7.5
2026-06-04 21:58:25+0800: = 
2026-06-04 21:58:25+0800: Controller: clear_board
2026-06-04 21:58:25+0800: = 
2026-06-04 21:58:25+0800: Controller: kata-analyze b 10 maxPlayouts 50
2026-06-04 21:58:25+0800: ? Could not parse analyze arguments or arguments out of range: 'b 10 maxPlayouts 50'
