2026-06-11 15:16:31+0800: Running with following config:
allowResignation = true
analysisOutputOwnership = true
humanSLProfile = preaz_9d
lagBuffer = 1.0
logAllGTPCommunication = true
logDir = gtp_logs
logSearchInfo = true
logSearchInfoForChosenMove = false
logToStderr = false
lzAnalyzeOutputOwnership = true
maxPlayouts = 100
maxTimePondering = 60.0
maxVisits = 100
numSearchThreads = 2
ponderingEnabled = false
resignConsecTurns = 3
resignThreshold = -0.90
rules = tromp-taylor
searchFactorAfterOnePass = 0.50
searchFactorAfterTwoPass = 0.25
searchFactorWhenWinning = 0.40
searchFactorWhenWinningThreshold = 0.95

2026-06-11 15:16:31+0800: GTP Engine starting...
2026-06-11 15:16:31+0800: KataGo v1.16.5
2026-06-11 15:16:31+0800: Using TrompTaylor rules initially, unless GTP/GUI overrides this
2026-06-11 15:16:31+0800: Using 2 CPU thread(s) for search
2026-06-11 15:16:31+0800: nnRandSeed0 = 11929680956537818264
2026-06-11 15:16:31+0800: After dedups: nnModelFile0 = E:/开发/new/围棋/bin/b18c384nbt-humanv0.bin.gz useFP16 auto useNHWC auto
2026-06-11 15:16:31+0800: Initializing neural net buffer to be size 19 * 19 exactly
2026-06-11 15:16:32+0800: Eigen (CPU) backend thread 1: Model version 15
2026-06-11 15:16:32+0800: Eigen (CPU) backend thread 1: Model name: b18c384nbt-humanv0
2026-06-11 15:16:32+0800: Eigen (CPU) backend thread 0: Model version 15
2026-06-11 15:16:32+0800: Eigen (CPU) backend thread 0: Model name: b18c384nbt-humanv0
2026-06-11 15:16:33+0800: Loaded neural net with nnXLen 19 nnYLen 19
2026-06-11 15:16:33+0800: Initializing board with boardXSize 19 boardYSize 19
2026-06-11 15:16:33+0800: --------------
2026-06-11 15:16:33+0800: WARNING: Config had unused keys! You may have a typo, an option you specified is being unused from E:/开发/new/围棋/bin/katago.cfg
2026-06-11 15:16:33+0800: WARNING: Unused key 'analysisOutputOwnership' in E:/开发/new/围棋/bin/katago.cfg
2026-06-11 15:16:33+0800: WARNING: Unused key 'lzAnalyzeOutputOwnership' in E:/开发/new/围棋/bin/katago.cfg
2026-06-11 15:16:33+0800: --------------
2026-06-11 15:16:33+0800: Loaded config E:/开发/new/围棋/bin/katago.cfg
2026-06-11 15:16:33+0800: Loaded model E:/开发/new/围棋/bin/b18c384nbt-humanv0.bin.gz
2026-06-11 15:16:33+0800: Model name: b18c384nbt-humanv0
2026-06-11 15:16:33+0800: GTP ready, beginning main protocol loop
2026-06-11 15:16:33+0800: Controller: boardsize 9
2026-06-11 15:16:33+0800: GPU -1 finishing, processed 0 rows 0 batches
2026-06-11 15:16:33+0800: GPU -1 finishing, processed 0 rows 0 batches
2026-06-11 15:16:33+0800: Cleaned up old neural net and bot
2026-06-11 15:16:33+0800: nnRandSeed0 = 33680973569648503
2026-06-11 15:16:33+0800: After dedups: nnModelFile0 = E:/开发/new/围棋/bin/b18c384nbt-humanv0.bin.gz useFP16 auto useNHWC auto
2026-06-11 15:16:33+0800: Initializing neural net buffer to be size 9 * 9 exactly
2026-06-11 15:16:34+0800: Eigen (CPU) backend thread 0: Model version 15
2026-06-11 15:16:34+0800: Eigen (CPU) backend thread 1: Model version 15
2026-06-11 15:16:34+0800: Eigen (CPU) backend thread 0: Model name: b18c384nbt-humanv0
2026-06-11 15:16:34+0800: Eigen (CPU) backend thread 1: Model name: b18c384nbt-humanv0
2026-06-11 15:16:34+0800: Loaded neural net with nnXLen 9 nnYLen 9
2026-06-11 15:16:34+0800: Initializing board with boardXSize 9 boardYSize 9
2026-06-11 15:16:34+0800: = 
2026-06-11 15:16:34+0800: Controller: komi 7.5
2026-06-11 15:16:34+0800: = 
2026-06-11 15:16:34+0800: Controller: clear_board
2026-06-11 15:16:34+0800: = 
2026-06-11 15:16:34+0800: Controller: boardsize 9
2026-06-11 15:16:34+0800: = 
2026-06-11 15:16:34+0800: Controller: komi 3.5
2026-06-11 15:16:34+0800: = 
2026-06-11 15:16:34+0800: Controller: clear_board
2026-06-11 15:16:34+0800: = 
2026-06-11 15:16:34+0800: Controller: kata-set-param maxPlayouts 10
2026-06-11 15:16:34+0800: = 
2026-06-11 15:16:34+0800: Controller: kata-set-param maxVisits 10
2026-06-11 15:16:34+0800: = 
2026-06-11 15:16:34+0800: Controller: kata-set-param chosenMoveTemperature 1.5
2026-06-11 15:16:34+0800: = 
2026-06-11 15:16:34+0800: Controller: kata-set-param humanSLProfile preaz_5k
2026-06-11 15:16:34+0800: = 
2026-06-11 15:16:34+0800: Controller: kata-set-param playoutDoublingAdvantage 0.0
2026-06-11 15:16:34+0800: = 
2026-06-11 15:16:34+0800: Controller: genmove black
2026-06-11 15:16:36+0800: MoveNum: 0 HASH: 9F0B2D702FC8448C75410E097F089AEB
   A B C D E F G H J
 9 . . . . . . . . .
 8 . . . . . . . . .
 7 . . . . . . . . .
 6 . . . . . . . . .
 5 . . . . @ . . . .
 4 . . . . . . . . .
 3 . . . . . . . . .
 2 . . . . . . . . .
 1 . . . . . . . . .

koPOSITIONALscoreAREAtaxNONEsui1komi3.5
Time taken: 1.532
Root visits: 10
New playouts: 10
NN rows: 10
NN batches: 10
NN avg batch size: 1
PV: E5 E3 E7 C4
Tree:
: T   8.72c W   8.20c S  -0.27c ( -0.8 L  -0.9) N      10  --  E5 E3 E7 C4
---Black(^)---
E5  : T   8.72c W   8.07c S  -0.24c ( -0.8 L  -0.9) LCB   -0.52c P 25.18% WF  11.8 PSV      12 N       9  --  E5 E3 E7 C4

2026-06-11 15:16:36+0800: = E5
