2026-06-06 14:58:31+0800: Running with following config:
allowResignation = true
analysisOutputOwnership = true
humanSLProfile = preaz_9d
lagBuffer = 1.0
logAllGTPCommunication = true
logDir = gtp_logs
logSearchInfo = true
logSearchInfoForChosenMove = false
logToStderr = false
lzAnalyzeOutputOwnership = true
maxPlayouts = 100
maxTimePondering = 60.0
maxVisits = 100
numSearchThreads = 2
ponderingEnabled = false
resignConsecTurns = 3
resignThreshold = -0.90
rules = tromp-taylor
searchFactorAfterOnePass = 0.50
searchFactorAfterTwoPass = 0.25
searchFactorWhenWinning = 0.40
searchFactorWhenWinningThreshold = 0.95

2026-06-06 14:58:31+0800: GTP Engine starting...
2026-06-06 14:58:31+0800: KataGo v1.16.5
2026-06-06 14:58:31+0800: Using TrompTaylor rules initially, unless GTP/GUI overrides this
2026-06-06 14:58:31+0800: Using 2 CPU thread(s) for search
2026-06-06 14:58:31+0800: nnRandSeed0 = 17234796136567894037
2026-06-06 14:58:31+0800: After dedups: nnModelFile0 = E:/开发/new/围棋/bin/b18c384nbt-humanv0.bin.gz useFP16 auto useNHWC auto
2026-06-06 14:58:31+0800: Initializing neural net buffer to be size 19 * 19 exactly
2026-06-06 14:58:32+0800: Eigen (CPU) backend thread 1: Model version 15
2026-06-06 14:58:32+0800: Eigen (CPU) backend thread 1: Model name: b18c384nbt-humanv0
2026-06-06 14:58:32+0800: Eigen (CPU) backend thread 0: Model version 15
2026-06-06 14:58:32+0800: Eigen (CPU) backend thread 0: Model name: b18c384nbt-humanv0
2026-06-06 14:58:33+0800: Loaded neural net with nnXLen 19 nnYLen 19
2026-06-06 14:58:33+0800: Initializing board with boardXSize 19 boardYSize 19
2026-06-06 14:58:33+0800: --------------
2026-06-06 14:58:33+0800: WARNING: Config had unused keys! You may have a typo, an option you specified is being unused from E:/开发/new/围棋/bin/katago.cfg
2026-06-06 14:58:33+0800: WARNING: Unused key 'analysisOutputOwnership' in E:/开发/new/围棋/bin/katago.cfg
2026-06-06 14:58:33+0800: WARNING: Unused key 'lzAnalyzeOutputOwnership' in E:/开发/new/围棋/bin/katago.cfg
2026-06-06 14:58:33+0800: --------------
2026-06-06 14:58:33+0800: Loaded config E:/开发/new/围棋/bin/katago.cfg
2026-06-06 14:58:33+0800: Loaded model E:/开发/new/围棋/bin/b18c384nbt-humanv0.bin.gz
2026-06-06 14:58:33+0800: Model name: b18c384nbt-humanv0
2026-06-06 14:58:33+0800: GTP ready, beginning main protocol loop
2026-06-06 14:58:33+0800: Controller: boardsize 9
2026-06-06 14:58:33+0800: GPU -1 finishing, processed 0 rows 0 batches
2026-06-06 14:58:33+0800: GPU -1 finishing, processed 0 rows 0 batches
2026-06-06 14:58:33+0800: Cleaned up old neural net and bot
2026-06-06 14:58:33+0800: nnRandSeed0 = 6961067272968763632
2026-06-06 14:58:33+0800: After dedups: nnModelFile0 = E:/开发/new/围棋/bin/b18c384nbt-humanv0.bin.gz useFP16 auto useNHWC auto
2026-06-06 14:58:33+0800: Initializing neural net buffer to be size 9 * 9 exactly
2026-06-06 14:58:34+0800: Eigen (CPU) backend thread 0: Model version 15
2026-06-06 14:58:34+0800: Eigen (CPU) backend thread 0: Model name: b18c384nbt-humanv0
2026-06-06 14:58:34+0800: Eigen (CPU) backend thread 1: Model version 15
2026-06-06 14:58:34+0800: Eigen (CPU) backend thread 1: Model name: b18c384nbt-humanv0
2026-06-06 14:58:34+0800: Loaded neural net with nnXLen 9 nnYLen 9
2026-06-06 14:58:34+0800: Initializing board with boardXSize 9 boardYSize 9
2026-06-06 14:58:34+0800: = 
2026-06-06 14:58:34+0800: Controller: komi 7.5
2026-06-06 14:58:34+0800: = 
2026-06-06 14:58:34+0800: Controller: clear_board
2026-06-06 14:58:34+0800: = 
2026-06-06 14:58:34+0800: Controller: boardsize 19
2026-06-06 14:58:34+0800: GPU -1 finishing, processed 0 rows 0 batches
2026-06-06 14:58:34+0800: GPU -1 finishing, processed 0 rows 0 batches
2026-06-06 14:58:34+0800: Cleaned up old neural net and bot
2026-06-06 14:58:34+0800: nnRandSeed0 = 12301214086243733318
2026-06-06 14:58:34+0800: After dedups: nnModelFile0 = E:/开发/new/围棋/bin/b18c384nbt-humanv0.bin.gz useFP16 auto useNHWC auto
2026-06-06 14:58:34+0800: Initializing neural net buffer to be size 19 * 19 exactly
2026-06-06 14:58:35+0800: Eigen (CPU) backend thread 0: Model version 15
2026-06-06 14:58:35+0800: Eigen (CPU) backend thread 0: Model name: b18c384nbt-humanv0
2026-06-06 14:58:35+0800: Eigen (CPU) backend thread 1: Model version 15
2026-06-06 14:58:35+0800: Eigen (CPU) backend thread 1: Model name: b18c384nbt-humanv0
2026-06-06 14:58:36+0800: Loaded neural net with nnXLen 19 nnYLen 19
2026-06-06 14:58:36+0800: Initializing board with boardXSize 19 boardYSize 19
2026-06-06 14:58:36+0800: = 
2026-06-06 14:58:36+0800: Controller: komi 7.5
2026-06-06 14:58:36+0800: = 
2026-06-06 14:58:36+0800: Controller: clear_board
2026-06-06 14:58:36+0800: = 
2026-06-06 14:58:37+0800: Controller: kata-set-param humanSLProfile preaz_9d
2026-06-06 14:58:37+0800: = 
2026-06-06 14:58:37+0800: Controller: kata-set-param maxPlayouts 100
2026-06-06 14:58:37+0800: = 
2026-06-06 14:58:37+0800: Controller: kata-set-param maxVisits 100
2026-06-06 14:58:37+0800: = 
2026-06-06 14:58:37+0800: Controller: kata-set-param chosenMoveTemperature 0.0
2026-06-06 14:58:37+0800: = 
2026-06-06 14:58:37+0800: Controller: lz-analyze b 10
2026-06-06 14:58:37+0800: =
2026-06-06 14:58:38+0800: Controller: stop
2026-06-06 14:58:38+0800: = 
2026-06-06 14:58:38+0800: Controller: stop
2026-06-06 14:58:38+0800: = 
2026-06-06 14:58:38+0800: Controller: stop
2026-06-06 14:58:38+0800: = 
2026-06-06 14:58:38+0800: Controller: stop
2026-06-06 14:58:38+0800: = 
2026-06-06 14:58:38+0800: Controller: stop
2026-06-06 14:58:38+0800: = 
2026-06-06 14:58:38+0800: Controller: play black Q4
2026-06-06 14:58:38+0800: = 
2026-06-06 14:58:39+0800: Controller: kata-set-param maxPlayouts 15
2026-06-06 14:58:39+0800: = 
2026-06-06 14:58:39+0800: Controller: kata-set-param maxVisits 15
2026-06-06 14:58:39+0800: = 
2026-06-06 14:58:39+0800: Controller: kata-set-param chosenMoveTemperature 0.0
2026-06-06 14:58:39+0800: = 
2026-06-06 14:58:39+0800: Controller: kata-set-param humanSLProfile preaz_5k
2026-06-06 14:58:39+0800: = 
2026-06-06 14:58:39+0800: Controller: kata-set-param playoutDoublingAdvantage 0.0
2026-06-06 14:58:39+0800: = 
2026-06-06 14:58:39+0800: Controller: lz-analyze w 10
2026-06-06 14:58:39+0800: =
2026-06-06 14:58:40+0800: Controller: stop
2026-06-06 14:58:40+0800: = 
2026-06-06 14:58:40+0800: Controller: stop
2026-06-06 14:58:40+0800: = 
2026-06-06 14:58:40+0800: Controller: play white D4
2026-06-06 14:58:40+0800: = 
2026-06-06 14:58:40+0800: Controller: stop
2026-06-06 14:58:40+0800: = 
2026-06-06 14:58:40+0800: Controller: stop
2026-06-06 14:58:40+0800: = 
2026-06-06 14:58:40+0800: Controller: stop
2026-06-06 14:58:40+0800: = 
2026-06-06 14:58:41+0800: Controller: kata-set-param humanSLProfile preaz_5d
2026-06-06 14:58:41+0800: = 
2026-06-06 14:58:41+0800: Controller: kata-set-param maxPlayouts 60
2026-06-06 14:58:41+0800: = 
2026-06-06 14:58:41+0800: Controller: kata-set-param maxVisits 60
2026-06-06 14:58:41+0800: = 
2026-06-06 14:58:41+0800: Controller: kata-set-param chosenMoveTemperature 0.0
2026-06-06 14:58:41+0800: = 
2026-06-06 14:58:41+0800: Controller: lz-analyze b 10
2026-06-06 14:58:41+0800: =
2026-06-06 14:58:42+0800: Controller: stop
2026-06-06 14:58:42+0800: = 
2026-06-06 14:58:42+0800: Controller: stop
2026-06-06 14:58:42+0800: = 
2026-06-06 14:58:42+0800: Controller: stop
2026-06-06 14:58:42+0800: = 
2026-06-06 14:58:42+0800: Controller: stop
2026-06-06 14:58:42+0800: = 
2026-06-06 14:58:44+0800: Controller: stop
2026-06-06 14:58:44+0800: = 
2026-06-06 14:58:44+0800: Controller: play black R16
2026-06-06 14:58:44+0800: = 
2026-06-06 14:58:44+0800: Controller: kata-set-param maxPlayouts 15
2026-06-06 14:58:44+0800: = 
2026-06-06 14:58:44+0800: Controller: kata-set-param maxVisits 15
2026-06-06 14:58:44+0800: = 
2026-06-06 14:58:44+0800: Controller: kata-set-param chosenMoveTemperature 0.0
2026-06-06 14:58:44+0800: = 
2026-06-06 14:58:44+0800: Controller: kata-set-param humanSLProfile preaz_5k
2026-06-06 14:58:44+0800: = 
2026-06-06 14:58:44+0800: Controller: kata-set-param playoutDoublingAdvantage 0.0
2026-06-06 14:58:44+0800: = 
2026-06-06 14:58:44+0800: Controller: lz-analyze w 10
2026-06-06 14:58:44+0800: =
2026-06-06 14:58:46+0800: Controller: stop
2026-06-06 14:58:46+0800: = 
2026-06-06 14:58:46+0800: Controller: stop
2026-06-06 14:58:46+0800: = 
2026-06-06 14:58:46+0800: Controller: play white D17
2026-06-06 14:58:46+0800: = 
2026-06-06 14:58:46+0800: Controller: stop
2026-06-06 14:58:46+0800: = 
2026-06-06 14:58:46+0800: Controller: stop
2026-06-06 14:58:46+0800: = 
2026-06-06 14:58:46+0800: Controller: stop
2026-06-06 14:58:46+0800: = 
2026-06-06 14:58:46+0800: Controller: stop
2026-06-06 14:58:46+0800: = 
2026-06-06 14:58:46+0800: Controller: stop
2026-06-06 14:58:46+0800: = 
2026-06-06 14:58:46+0800: Controller: stop
2026-06-06 14:58:46+0800: = 
2026-06-06 14:58:46+0800: Controller: stop
2026-06-06 14:58:46+0800: = 
2026-06-06 14:58:46+0800: Controller: kata-set-param humanSLProfile preaz_9d
2026-06-06 14:58:46+0800: = 
2026-06-06 14:58:46+0800: Controller: kata-set-param maxPlayouts 100
2026-06-06 14:58:46+0800: = 
2026-06-06 14:58:46+0800: Controller: kata-set-param maxVisits 100
2026-06-06 14:58:46+0800: = 
2026-06-06 14:58:46+0800: Controller: kata-set-param chosenMoveTemperature 0.0
2026-06-06 14:58:46+0800: = 
2026-06-06 14:58:46+0800: Controller: lz-analyze b 10
2026-06-06 14:58:46+0800: =
2026-06-06 14:58:47+0800: Controller: stop
2026-06-06 14:58:47+0800: = 
2026-06-06 14:58:47+0800: Controller: stop
2026-06-06 14:58:47+0800: = 
2026-06-06 14:58:47+0800: Controller: stop
2026-06-06 14:58:47+0800: = 
2026-06-06 14:58:47+0800: Controller: stop
2026-06-06 14:58:47+0800: = 
2026-06-06 14:58:48+0800: Controller: stop
2026-06-06 14:58:48+0800: = 
2026-06-06 14:58:48+0800: Controller: play black P17
2026-06-06 14:58:48+0800: = 
2026-06-06 14:58:49+0800: Controller: kata-set-param maxPlayouts 15
2026-06-06 14:58:49+0800: = 
2026-06-06 14:58:49+0800: Controller: kata-set-param maxVisits 15
2026-06-06 14:58:49+0800: = 
2026-06-06 14:58:49+0800: Controller: kata-set-param chosenMoveTemperature 0.0
2026-06-06 14:58:49+0800: = 
2026-06-06 14:58:49+0800: Controller: kata-set-param humanSLProfile preaz_5k
2026-06-06 14:58:49+0800: = 
2026-06-06 14:58:49+0800: Controller: kata-set-param playoutDoublingAdvantage 0.0
2026-06-06 14:58:49+0800: = 
2026-06-06 14:58:49+0800: Controller: lz-analyze w 10
2026-06-06 14:58:49+0800: =
2026-06-06 14:58:50+0800: Controller: stop
2026-06-06 14:58:50+0800: = 
2026-06-06 14:58:50+0800: Controller: stop
2026-06-06 14:58:50+0800: = 
2026-06-06 14:58:50+0800: Controller: play white R10
2026-06-06 14:58:50+0800: = 
2026-06-06 14:58:50+0800: Controller: stop
2026-06-06 14:58:50+0800: = 
2026-06-06 14:58:50+0800: Controller: stop
2026-06-06 14:58:50+0800: = 
2026-06-06 14:58:50+0800: Controller: stop
2026-06-06 14:58:50+0800: = 
2026-06-06 14:58:51+0800: Controller: kata-set-param humanSLProfile preaz_9d
2026-06-06 14:58:51+0800: = 
2026-06-06 14:58:51+0800: Controller: kata-set-param maxPlayouts 100
2026-06-06 14:58:51+0800: = 
2026-06-06 14:58:51+0800: Controller: kata-set-param maxVisits 100
2026-06-06 14:58:51+0800: = 
2026-06-06 14:58:51+0800: Controller: kata-set-param chosenMoveTemperature 0.0
2026-06-06 14:58:51+0800: = 
2026-06-06 14:58:51+0800: Controller: lz-analyze b 10
2026-06-06 14:58:51+0800: =
2026-06-06 14:58:52+0800: Controller: stop
2026-06-06 14:58:52+0800: = 
2026-06-06 14:58:52+0800: Controller: stop
2026-06-06 14:58:52+0800: = 
2026-06-06 14:58:52+0800: Controller: stop
2026-06-06 14:58:52+0800: = 
2026-06-06 14:58:52+0800: Controller: stop
2026-06-06 14:58:52+0800: = 
2026-06-06 14:58:54+0800: Controller: stop
2026-06-06 14:58:54+0800: = 
2026-06-06 14:58:54+0800: Controller: play black D15
2026-06-06 14:58:54+0800: = 
2026-06-06 14:58:55+0800: Controller: kata-set-param maxPlayouts 15
2026-06-06 14:58:55+0800: = 
2026-06-06 14:58:55+0800: Controller: kata-set-param maxVisits 15
2026-06-06 14:58:55+0800: = 
2026-06-06 14:58:55+0800: Controller: kata-set-param chosenMoveTemperature 0.0
2026-06-06 14:58:55+0800: = 
2026-06-06 14:58:55+0800: Controller: kata-set-param humanSLProfile preaz_5k
2026-06-06 14:58:55+0800: = 
2026-06-06 14:58:55+0800: Controller: kata-set-param playoutDoublingAdvantage 0.0
2026-06-06 14:58:55+0800: = 
2026-06-06 14:58:55+0800: Controller: lz-analyze w 10
2026-06-06 14:58:55+0800: =
2026-06-06 14:58:57+0800: Controller: stop
2026-06-06 14:58:57+0800: = 
2026-06-06 14:58:57+0800: Controller: stop
2026-06-06 14:58:57+0800: = 
2026-06-06 14:58:57+0800: Controller: play white C13
2026-06-06 14:58:57+0800: = 
2026-06-06 14:58:57+0800: Controller: stop
2026-06-06 14:58:57+0800: = 
2026-06-06 14:58:57+0800: Controller: stop
2026-06-06 14:58:57+0800: = 
2026-06-06 14:58:57+0800: Controller: stop
2026-06-06 14:58:57+0800: = 
2026-06-06 14:58:57+0800: Controller: stop
2026-06-06 14:58:57+0800: = 
2026-06-06 14:58:57+0800: Controller: stop
2026-06-06 14:58:57+0800: = 
2026-06-06 14:58:57+0800: Controller: stop
2026-06-06 14:58:57+0800: = 
2026-06-06 14:58:57+0800: Controller: stop
2026-06-06 14:58:57+0800: = 
2026-06-06 14:58:58+0800: Controller: kata-set-param humanSLProfile preaz_5d
2026-06-06 14:58:58+0800: = 
2026-06-06 14:58:58+0800: Controller: kata-set-param maxPlayouts 60
2026-06-06 14:58:58+0800: = 
2026-06-06 14:58:58+0800: Controller: kata-set-param maxVisits 60
2026-06-06 14:58:58+0800: = 
2026-06-06 14:58:58+0800: Controller: kata-set-param chosenMoveTemperature 0.0
2026-06-06 14:58:58+0800: = 
2026-06-06 14:58:58+0800: Controller: lz-analyze b 10
2026-06-06 14:58:58+0800: =
2026-06-06 14:58:59+0800: Controller: stop
2026-06-06 14:58:59+0800: = 
2026-06-06 14:58:59+0800: Controller: stop
2026-06-06 14:58:59+0800: = 
2026-06-06 14:58:59+0800: Controller: stop
2026-06-06 14:58:59+0800: = 
2026-06-06 14:58:59+0800: Controller: stop
2026-06-06 14:58:59+0800: = 
2026-06-06 14:59:01+0800: Controller: stop
2026-06-06 14:59:01+0800: = 
2026-06-06 14:59:01+0800: Controller: play black E14
2026-06-06 14:59:01+0800: = 
2026-06-06 14:59:01+0800: Controller: kata-set-param maxPlayouts 15
2026-06-06 14:59:01+0800: = 
2026-06-06 14:59:01+0800: Controller: kata-set-param maxVisits 15
2026-06-06 14:59:01+0800: = 
2026-06-06 14:59:01+0800: Controller: kata-set-param chosenMoveTemperature 0.0
2026-06-06 14:59:01+0800: = 
2026-06-06 14:59:01+0800: Controller: kata-set-param humanSLProfile preaz_5k
2026-06-06 14:59:01+0800: = 
2026-06-06 14:59:01+0800: Controller: kata-set-param playoutDoublingAdvantage 0.0
2026-06-06 14:59:01+0800: = 
2026-06-06 14:59:01+0800: Controller: lz-analyze w 10
2026-06-06 14:59:01+0800: =
2026-06-06 14:59:02+0800: Controller: stop
2026-06-06 14:59:02+0800: = 
2026-06-06 14:59:02+0800: Controller: stop
2026-06-06 14:59:02+0800: = 
2026-06-06 14:59:02+0800: Controller: play white G17
2026-06-06 14:59:02+0800: = 
2026-06-06 14:59:02+0800: Controller: stop
2026-06-06 14:59:02+0800: = 
2026-06-06 14:59:02+0800: Controller: stop
2026-06-06 14:59:02+0800: = 
2026-06-06 14:59:02+0800: Controller: stop
2026-06-06 14:59:02+0800: = 
2026-06-06 14:59:04+0800: Controller: kata-set-param humanSLProfile preaz_5d
2026-06-06 14:59:04+0800: = 
2026-06-06 14:59:04+0800: Controller: kata-set-param maxPlayouts 60
2026-06-06 14:59:04+0800: = 
2026-06-06 14:59:04+0800: Controller: kata-set-param maxVisits 60
2026-06-06 14:59:04+0800: = 
2026-06-06 14:59:04+0800: Controller: kata-set-param chosenMoveTemperature 0.0
2026-06-06 14:59:04+0800: = 
2026-06-06 14:59:04+0800: Controller: lz-analyze b 10
2026-06-06 14:59:04+0800: =
2026-06-06 14:59:05+0800: Controller: stop
2026-06-06 14:59:05+0800: = 
2026-06-06 14:59:05+0800: Controller: stop
2026-06-06 14:59:05+0800: = 
2026-06-06 14:59:05+0800: Controller: stop
2026-06-06 14:59:05+0800: = 
2026-06-06 14:59:05+0800: Controller: stop
2026-06-06 14:59:05+0800: = 
2026-06-06 14:59:06+0800: Controller: stop
2026-06-06 14:59:06+0800: = 
2026-06-06 14:59:06+0800: Controller: play black C17
2026-06-06 14:59:06+0800: = 
2026-06-06 14:59:07+0800: Controller: kata-set-param maxPlayouts 15
2026-06-06 14:59:07+0800: = 
2026-06-06 14:59:07+0800: Controller: kata-set-param maxVisits 15
2026-06-06 14:59:07+0800: = 
2026-06-06 14:59:07+0800: Controller: kata-set-param chosenMoveTemperature 0.0
2026-06-06 14:59:07+0800: = 
2026-06-06 14:59:07+0800: Controller: kata-set-param humanSLProfile preaz_5k
2026-06-06 14:59:07+0800: = 
2026-06-06 14:59:07+0800: Controller: kata-set-param playoutDoublingAdvantage 0.0
2026-06-06 14:59:07+0800: = 
2026-06-06 14:59:07+0800: Controller: lz-analyze w 10
2026-06-06 14:59:07+0800: =
2026-06-06 14:59:08+0800: Controller: stop
2026-06-06 14:59:08+0800: = 
2026-06-06 14:59:08+0800: Controller: stop
2026-06-06 14:59:08+0800: = 
2026-06-06 14:59:08+0800: Controller: play white C16
2026-06-06 14:59:08+0800: = 
2026-06-06 14:59:08+0800: Controller: stop
2026-06-06 14:59:08+0800: = 
2026-06-06 14:59:08+0800: Controller: stop
2026-06-06 14:59:08+0800: = 
2026-06-06 14:59:08+0800: Controller: stop
2026-06-06 14:59:08+0800: = 
2026-06-06 14:59:21+0800: Controller: kata-set-param humanSLProfile preaz_9d
2026-06-06 14:59:21+0800: = 
2026-06-06 14:59:21+0800: Controller: kata-set-param maxPlayouts 100
2026-06-06 14:59:21+0800: = 
2026-06-06 14:59:21+0800: Controller: kata-set-param maxVisits 100
2026-06-06 14:59:21+0800: = 
2026-06-06 14:59:21+0800: Controller: kata-set-param chosenMoveTemperature 0.0
2026-06-06 14:59:21+0800: = 
2026-06-06 14:59:21+0800: Controller: lz-analyze b 10
2026-06-06 14:59:21+0800: =
2026-06-06 14:59:22+0800: Controller: stop
2026-06-06 14:59:22+0800: = 
2026-06-06 14:59:22+0800: Controller: stop
2026-06-06 14:59:22+0800: = 
2026-06-06 14:59:22+0800: Controller: stop
2026-06-06 14:59:22+0800: = 
2026-06-06 14:59:22+0800: Controller: stop
2026-06-06 14:59:22+0800: = 
2026-06-06 14:59:24+0800: Controller: stop
2026-06-06 14:59:24+0800: = 
2026-06-06 14:59:24+0800: Controller: play black D16
2026-06-06 14:59:24+0800: = 
2026-06-06 14:59:24+0800: Controller: kata-set-param maxPlayouts 15
2026-06-06 14:59:24+0800: = 
2026-06-06 14:59:24+0800: Controller: kata-set-param maxVisits 15
2026-06-06 14:59:24+0800: = 
2026-06-06 14:59:24+0800: Controller: kata-set-param chosenMoveTemperature 0.0
2026-06-06 14:59:24+0800: = 
2026-06-06 14:59:24+0800: Controller: kata-set-param humanSLProfile preaz_5k
2026-06-06 14:59:24+0800: = 
2026-06-06 14:59:24+0800: Controller: kata-set-param playoutDoublingAdvantage 0.0
2026-06-06 14:59:24+0800: = 
2026-06-06 14:59:24+0800: Controller: lz-analyze w 10
2026-06-06 14:59:24+0800: =
2026-06-06 14:59:25+0800: Controller: stop
2026-06-06 14:59:25+0800: = 
2026-06-06 14:59:25+0800: Controller: stop
2026-06-06 14:59:25+0800: = 
2026-06-06 14:59:25+0800: Controller: play white B17
2026-06-06 14:59:25+0800: = 
2026-06-06 14:59:25+0800: Controller: stop
2026-06-06 14:59:25+0800: = 
2026-06-06 14:59:25+0800: Controller: stop
2026-06-06 14:59:25+0800: = 
2026-06-06 14:59:25+0800: Controller: stop
2026-06-06 14:59:25+0800: = 
2026-06-06 14:59:27+0800: Controller: kata-set-param humanSLProfile preaz_9d
2026-06-06 14:59:27+0800: = 
2026-06-06 14:59:27+0800: Controller: kata-set-param maxPlayouts 100
2026-06-06 14:59:27+0800: = 
2026-06-06 14:59:27+0800: Controller: kata-set-param maxVisits 100
2026-06-06 14:59:27+0800: = 
2026-06-06 14:59:27+0800: Controller: kata-set-param chosenMoveTemperature 0.0
2026-06-06 14:59:27+0800: = 
2026-06-06 14:59:27+0800: Controller: lz-analyze b 10
2026-06-06 14:59:27+0800: =
2026-06-06 14:59:28+0800: Controller: stop
2026-06-06 14:59:28+0800: = 
2026-06-06 14:59:28+0800: Controller: stop
2026-06-06 14:59:28+0800: = 
2026-06-06 14:59:28+0800: Controller: stop
2026-06-06 14:59:28+0800: = 
2026-06-06 14:59:28+0800: Controller: stop
2026-06-06 14:59:28+0800: = 
2026-06-06 14:59:28+0800: Controller: stop
2026-06-06 14:59:28+0800: = 
2026-06-06 14:59:30+0800: Controller: stop
2026-06-06 14:59:30+0800: = 
2026-06-06 14:59:30+0800: Controller: play black C18
2026-06-06 14:59:30+0800: = 
2026-06-06 14:59:31+0800: Controller: kata-set-param maxPlayouts 15
2026-06-06 14:59:31+0800: = 
2026-06-06 14:59:31+0800: Controller: kata-set-param maxVisits 15
2026-06-06 14:59:31+0800: = 
2026-06-06 14:59:31+0800: Controller: kata-set-param chosenMoveTemperature 0.0
2026-06-06 14:59:31+0800: = 
2026-06-06 14:59:31+0800: Controller: kata-set-param humanSLProfile preaz_5k
2026-06-06 14:59:31+0800: = 
2026-06-06 14:59:31+0800: Controller: kata-set-param playoutDoublingAdvantage 0.0
2026-06-06 14:59:31+0800: = 
2026-06-06 14:59:31+0800: Controller: lz-analyze w 10
2026-06-06 14:59:31+0800: =
2026-06-06 14:59:32+0800: Controller: stop
2026-06-06 14:59:32+0800: = 
2026-06-06 14:59:32+0800: Controller: stop
2026-06-06 14:59:32+0800: = 
2026-06-06 14:59:32+0800: Controller: play white D18
2026-06-06 14:59:32+0800: = 
2026-06-06 14:59:32+0800: Controller: stop
2026-06-06 14:59:32+0800: = 
2026-06-06 14:59:32+0800: Controller: stop
2026-06-06 14:59:32+0800: = 
2026-06-06 14:59:32+0800: Controller: stop
2026-06-06 14:59:32+0800: = 
2026-06-06 14:59:32+0800: Controller: stop
2026-06-06 14:59:32+0800: = 
2026-06-06 14:59:34+0800: Controller: kata-set-param humanSLProfile preaz_5d
2026-06-06 14:59:34+0800: = 
2026-06-06 14:59:34+0800: Controller: kata-set-param maxPlayouts 60
2026-06-06 14:59:34+0800: = 
2026-06-06 14:59:34+0800: Controller: kata-set-param maxVisits 60
2026-06-06 14:59:34+0800: = 
2026-06-06 14:59:34+0800: Controller: kata-set-param chosenMoveTemperature 0.0
2026-06-06 14:59:34+0800: = 
2026-06-06 14:59:34+0800: Controller: lz-analyze b 10
2026-06-06 14:59:34+0800: =
2026-06-06 14:59:35+0800: Controller: stop
2026-06-06 14:59:35+0800: = 
2026-06-06 14:59:35+0800: Controller: stop
2026-06-06 14:59:35+0800: = 
2026-06-06 14:59:35+0800: Controller: stop
2026-06-06 14:59:35+0800: = 
2026-06-06 14:59:35+0800: Controller: stop
2026-06-06 14:59:35+0800: = 
2026-06-06 14:59:35+0800: Controller: stop
2026-06-06 14:59:35+0800: = 
2026-06-06 14:59:37+0800: Controller: stop
2026-06-06 14:59:37+0800: = 
2026-06-06 14:59:37+0800: Controller: play black B16
2026-06-06 14:59:37+0800: = 
2026-06-06 14:59:37+0800: Controller: kata-set-param maxPlayouts 15
2026-06-06 14:59:37+0800: = 
2026-06-06 14:59:37+0800: Controller: kata-set-param maxVisits 15
2026-06-06 14:59:37+0800: = 
2026-06-06 14:59:37+0800: Controller: kata-set-param chosenMoveTemperature 0.0
2026-06-06 14:59:37+0800: = 
2026-06-06 14:59:37+0800: Controller: kata-set-param humanSLProfile preaz_5k
2026-06-06 14:59:37+0800: = 
2026-06-06 14:59:37+0800: Controller: kata-set-param playoutDoublingAdvantage 0.0
2026-06-06 14:59:37+0800: = 
2026-06-06 14:59:37+0800: Controller: lz-analyze w 10
2026-06-06 14:59:37+0800: =
2026-06-06 14:59:39+0800: Controller: stop
2026-06-06 14:59:39+0800: = 
2026-06-06 14:59:39+0800: Controller: stop
2026-06-06 14:59:39+0800: = 
2026-06-06 14:59:39+0800: Controller: play white B18
2026-06-06 14:59:39+0800: = 
2026-06-06 14:59:39+0800: Controller: stop
2026-06-06 14:59:39+0800: = 
2026-06-06 14:59:39+0800: Controller: stop
2026-06-06 14:59:39+0800: = 
2026-06-06 14:59:39+0800: Controller: stop
2026-06-06 14:59:39+0800: = 
2026-06-06 14:59:39+0800: Controller: stop
2026-06-06 14:59:39+0800: = 
2026-06-06 14:59:39+0800: Controller: stop
2026-06-06 14:59:39+0800: = 
2026-06-06 14:59:39+0800: Controller: stop
2026-06-06 14:59:39+0800: = 
2026-06-06 14:59:39+0800: Controller: stop
2026-06-06 14:59:39+0800: = 
2026-06-06 14:59:39+0800: Controller: stop
2026-06-06 14:59:39+0800: = 
2026-06-06 14:59:40+0800: Controller: kata-set-param humanSLProfile preaz_5d
2026-06-06 14:59:40+0800: = 
2026-06-06 14:59:40+0800: Controller: kata-set-param maxPlayouts 60
2026-06-06 14:59:40+0800: = 
2026-06-06 14:59:40+0800: Controller: kata-set-param maxVisits 60
2026-06-06 14:59:40+0800: = 
2026-06-06 14:59:40+0800: Controller: kata-set-param chosenMoveTemperature 0.0
2026-06-06 14:59:40+0800: = 
2026-06-06 14:59:40+0800: Controller: lz-analyze b 10
2026-06-06 14:59:40+0800: =
2026-06-06 14:59:42+0800: Controller: stop
2026-06-06 14:59:42+0800: = 
2026-06-06 14:59:42+0800: Controller: stop
2026-06-06 14:59:42+0800: = 
2026-06-06 14:59:42+0800: Controller: stop
2026-06-06 14:59:42+0800: = 
2026-06-06 14:59:42+0800: Controller: stop
2026-06-06 14:59:42+0800: = 
2026-06-06 14:59:42+0800: Controller: stop
2026-06-06 14:59:42+0800: = 
2026-06-06 14:59:43+0800: Controller: stop
2026-06-06 14:59:43+0800: = 
2026-06-06 14:59:43+0800: Controller: play black C15
2026-06-06 14:59:43+0800: = 
2026-06-06 14:59:44+0800: Controller: kata-set-param maxPlayouts 15
2026-06-06 14:59:44+0800: = 
2026-06-06 14:59:44+0800: Controller: kata-set-param maxVisits 15
2026-06-06 14:59:44+0800: = 
2026-06-06 14:59:44+0800: Controller: kata-set-param chosenMoveTemperature 0.0
2026-06-06 14:59:44+0800: = 
2026-06-06 14:59:44+0800: Controller: kata-set-param humanSLProfile preaz_5k
2026-06-06 14:59:44+0800: = 
2026-06-06 14:59:44+0800: Controller: kata-set-param playoutDoublingAdvantage 0.0
2026-06-06 14:59:44+0800: = 
2026-06-06 14:59:44+0800: Controller: lz-analyze w 10
2026-06-06 14:59:44+0800: =
2026-06-06 14:59:45+0800: Controller: stop
2026-06-06 14:59:45+0800: = 
2026-06-06 14:59:45+0800: Controller: stop
2026-06-06 14:59:45+0800: = 
2026-06-06 14:59:45+0800: Controller: play white C10
2026-06-06 14:59:45+0800: = 
2026-06-06 14:59:45+0800: Controller: stop
2026-06-06 14:59:45+0800: = 
2026-06-06 14:59:45+0800: Controller: stop
2026-06-06 14:59:45+0800: = 
2026-06-06 14:59:45+0800: Controller: stop
2026-06-06 14:59:45+0800: = 
2026-06-06 14:59:45+0800: Controller: stop
2026-06-06 14:59:45+0800: = 
2026-06-06 14:59:50+0800: Controller: kata-set-param humanSLProfile preaz_9d
2026-06-06 14:59:50+0800: = 
2026-06-06 14:59:50+0800: Controller: kata-set-param maxPlayouts 100
2026-06-06 14:59:50+0800: = 
2026-06-06 14:59:50+0800: Controller: kata-set-param maxVisits 100
2026-06-06 14:59:50+0800: = 
2026-06-06 14:59:50+0800: Controller: kata-set-param chosenMoveTemperature 0.0
2026-06-06 14:59:50+0800: = 
2026-06-06 14:59:50+0800: Controller: lz-analyze b 10
2026-06-06 14:59:50+0800: =
2026-06-06 14:59:51+0800: Controller: stop
2026-06-06 14:59:51+0800: = 
2026-06-06 14:59:51+0800: Controller: stop
2026-06-06 14:59:51+0800: = 
2026-06-06 14:59:51+0800: Controller: stop
2026-06-06 14:59:51+0800: = 
2026-06-06 14:59:51+0800: Controller: stop
2026-06-06 14:59:51+0800: = 
2026-06-06 14:59:51+0800: Controller: stop
2026-06-06 14:59:51+0800: = 
2026-06-06 14:59:53+0800: Controller: stop
2026-06-06 14:59:53+0800: = 
2026-06-06 14:59:53+0800: Controller: play black C19
2026-06-06 14:59:53+0800: = 
2026-06-06 14:59:54+0800: Controller: kata-set-param maxPlayouts 15
2026-06-06 14:59:54+0800: = 
2026-06-06 14:59:54+0800: Controller: kata-set-param maxVisits 15
2026-06-06 14:59:54+0800: = 
2026-06-06 14:59:54+0800: Controller: kata-set-param chosenMoveTemperature 0.0
2026-06-06 14:59:54+0800: = 
2026-06-06 14:59:54+0800: Controller: kata-set-param humanSLProfile preaz_5k
2026-06-06 14:59:54+0800: = 
2026-06-06 14:59:54+0800: Controller: kata-set-param playoutDoublingAdvantage 0.0
2026-06-06 14:59:54+0800: = 
2026-06-06 14:59:54+0800: Controller: lz-analyze w 10
2026-06-06 14:59:54+0800: =
2026-06-06 14:59:55+0800: Controller: stop
2026-06-06 14:59:55+0800: = 
2026-06-06 14:59:55+0800: Controller: stop
2026-06-06 14:59:55+0800: = 
2026-06-06 14:59:55+0800: Controller: play white D19
2026-06-06 14:59:55+0800: = 
2026-06-06 14:59:55+0800: Controller: stop
2026-06-06 14:59:55+0800: = 
2026-06-06 14:59:55+0800: Controller: stop
2026-06-06 14:59:55+0800: = 
2026-06-06 14:59:55+0800: Controller: stop
2026-06-06 14:59:55+0800: = 
2026-06-06 14:59:56+0800: Controller: kata-set-param humanSLProfile preaz_9d
2026-06-06 14:59:56+0800: = 
2026-06-06 14:59:56+0800: Controller: kata-set-param maxPlayouts 100
2026-06-06 14:59:56+0800: = 
2026-06-06 14:59:56+0800: Controller: kata-set-param maxVisits 100
2026-06-06 14:59:56+0800: = 
2026-06-06 14:59:56+0800: Controller: kata-set-param chosenMoveTemperature 0.0
2026-06-06 14:59:56+0800: = 
2026-06-06 14:59:56+0800: Controller: lz-analyze b 10
2026-06-06 14:59:56+0800: =
2026-06-06 14:59:57+0800: Controller: stop
2026-06-06 14:59:57+0800: = 
2026-06-06 14:59:57+0800: Controller: stop
2026-06-06 14:59:57+0800: = 
2026-06-06 14:59:57+0800: Controller: stop
2026-06-06 14:59:57+0800: = 
2026-06-06 14:59:57+0800: Controller: stop
2026-06-06 14:59:57+0800: = 
2026-06-06 14:59:57+0800: Controller: stop
2026-06-06 14:59:57+0800: = 
2026-06-06 14:59:58+0800: Controller: stop
2026-06-06 14:59:58+0800: = 
2026-06-06 14:59:58+0800: Controller: play black E17
2026-06-06 14:59:58+0800: = 
2026-06-06 14:59:59+0800: Controller: kata-set-param maxPlayouts 15
2026-06-06 14:59:59+0800: = 
2026-06-06 14:59:59+0800: Controller: kata-set-param maxVisits 15
2026-06-06 14:59:59+0800: = 
2026-06-06 14:59:59+0800: Controller: kata-set-param chosenMoveTemperature 0.0
2026-06-06 14:59:59+0800: = 
2026-06-06 14:59:59+0800: Controller: kata-set-param humanSLProfile preaz_5k
2026-06-06 14:59:59+0800: = 
2026-06-06 14:59:59+0800: Controller: kata-set-param playoutDoublingAdvantage 0.0
2026-06-06 14:59:59+0800: = 
2026-06-06 14:59:59+0800: Controller: lz-analyze w 10
2026-06-06 14:59:59+0800: =
2026-06-06 15:00:01+0800: Controller: stop
2026-06-06 15:00:01+0800: = 
2026-06-06 15:00:01+0800: Controller: stop
2026-06-06 15:00:01+0800: = 
2026-06-06 15:00:01+0800: Controller: play white K17
2026-06-06 15:00:01+0800: = 
2026-06-06 15:00:01+0800: Controller: stop
2026-06-06 15:00:01+0800: = 
2026-06-06 15:00:01+0800: Controller: stop
2026-06-06 15:00:01+0800: = 
2026-06-06 15:00:01+0800: Controller: stop
2026-06-06 15:00:01+0800: = 
2026-06-06 15:00:01+0800: Controller: stop
2026-06-06 15:00:01+0800: = 
2026-06-06 15:00:01+0800: Controller: stop
2026-06-06 15:00:01+0800: = 
2026-06-06 15:00:01+0800: Controller: stop
2026-06-06 15:00:01+0800: = 
2026-06-06 15:00:01+0800: Controller: stop
2026-06-06 15:00:01+0800: = 
2026-06-06 15:00:01+0800: Controller: stop
2026-06-06 15:00:01+0800: = 
2026-06-06 15:00:01+0800: Controller: stop
2026-06-06 15:00:01+0800: = 
