2026-06-05 12:10:47+0800: Running with following config:
allowResignation = true
lagBuffer = 1.0
logAllGTPCommunication = true
logDir = gtp_logs
logSearchInfo = true
logSearchInfoForChosenMove = false
logToStderr = false
maxPlayouts = 100
maxTimePondering = 60.0
maxVisits = 100
numSearchThreads = 2
ponderingEnabled = false
resignConsecTurns = 3
resignThreshold = -0.90
rules = tromp-taylor
searchFactorAfterOnePass = 0.50
searchFactorAfterTwoPass = 0.25
searchFactorWhenWinning = 0.40
searchFactorWhenWinningThreshold = 0.95

2026-06-05 12:10:47+0800: GTP Engine starting...
2026-06-05 12:10:47+0800: KataGo v1.16.5
2026-06-05 12:10:47+0800: Using TrompTaylor rules initially, unless GTP/GUI overrides this
2026-06-05 12:10:47+0800: Using 2 CPU thread(s) for search
2026-06-05 12:10:47+0800: nnRandSeed0 = 4300690475105359848
2026-06-05 12:10:47+0800: After dedups: nnModelFile0 = E:/开发/new/围棋/bin/kata9x9-b18c384nbt-20231025.bin.gz useFP16 auto useNHWC auto
2026-06-05 12:10:47+0800: Initializing neural net buffer to be size 19 * 19 exactly
2026-06-05 12:10:48+0800: Eigen (CPU) backend thread 0: Model version 12
2026-06-05 12:10:48+0800: Eigen (CPU) backend thread 0: Model name: kata9x9-b18c384nbt-s6603587840-d252232394
2026-06-05 12:10:48+0800: Eigen (CPU) backend thread 1: Model version 12
2026-06-05 12:10:48+0800: Eigen (CPU) backend thread 1: Model name: kata9x9-b18c384nbt-s6603587840-d252232394
