2026-06-06 14:22:08+0800: Running with following config:
allowResignation = true
analysisOutputOwnership = true
humanSLProfile = preaz_9d
lagBuffer = 1.0
logAllGTPCommunication = true
logDir = gtp_logs
logSearchInfo = true
logSearchInfoForChosenMove = false
logToStderr = false
lzAnalyzeOutputOwnership = true
maxPlayouts = 100
maxTimePondering = 60.0
maxVisits = 100
numSearchThreads = 2
ponderingEnabled = false
resignConsecTurns = 3
resignThreshold = -0.90
rules = tromp-taylor
searchFactorAfterOnePass = 0.50
searchFactorAfterTwoPass = 0.25
searchFactorWhenWinning = 0.40
searchFactorWhenWinningThreshold = 0.95

2026-06-06 14:22:08+0800: GTP Engine starting...
2026-06-06 14:22:08+0800: KataGo v1.16.5
2026-06-06 14:22:08+0800: Using TrompTaylor rules initially, unless GTP/GUI overrides this
2026-06-06 14:22:08+0800: Using 2 CPU thread(s) for search
2026-06-06 14:22:08+0800: nnRandSeed0 = 16163942077267229272
2026-06-06 14:22:08+0800: After dedups: nnModelFile0 = E:/开发/new/围棋/bin/b18c384nbt-humanv0.bin.gz useFP16 auto useNHWC auto
2026-06-06 14:22:08+0800: Initializing neural net buffer to be size 19 * 19 exactly
2026-06-06 14:22:09+0800: Eigen (CPU) backend thread 1: Model version 15
2026-06-06 14:22:09+0800: Eigen (CPU) backend thread 1: Model name: b18c384nbt-humanv0
2026-06-06 14:22:09+0800: Eigen (CPU) backend thread 0: Model version 15
2026-06-06 14:22:09+0800: Eigen (CPU) backend thread 0: Model name: b18c384nbt-humanv0
2026-06-06 14:22:10+0800: Loaded neural net with nnXLen 19 nnYLen 19
2026-06-06 14:22:10+0800: Initializing board with boardXSize 19 boardYSize 19
2026-06-06 14:22:10+0800: --------------
2026-06-06 14:22:10+0800: WARNING: Config had unused keys! You may have a typo, an option you specified is being unused from E:/开发/new/围棋/bin/katago.cfg
2026-06-06 14:22:10+0800: WARNING: Unused key 'analysisOutputOwnership' in E:/开发/new/围棋/bin/katago.cfg
2026-06-06 14:22:10+0800: WARNING: Unused key 'lzAnalyzeOutputOwnership' in E:/开发/new/围棋/bin/katago.cfg
2026-06-06 14:22:10+0800: --------------
2026-06-06 14:22:10+0800: Loaded config E:/开发/new/围棋/bin/katago.cfg
2026-06-06 14:22:10+0800: Loaded model E:/开发/new/围棋/bin/b18c384nbt-humanv0.bin.gz
2026-06-06 14:22:10+0800: Model name: b18c384nbt-humanv0
2026-06-06 14:22:10+0800: GTP ready, beginning main protocol loop
2026-06-06 14:22:10+0800: Controller: boardsize 9
2026-06-06 14:22:10+0800: GPU -1 finishing, processed 0 rows 0 batches
2026-06-06 14:22:10+0800: GPU -1 finishing, processed 0 rows 0 batches
2026-06-06 14:22:10+0800: Cleaned up old neural net and bot
2026-06-06 14:22:10+0800: nnRandSeed0 = 16750787079478047924
2026-06-06 14:22:10+0800: After dedups: nnModelFile0 = E:/开发/new/围棋/bin/b18c384nbt-humanv0.bin.gz useFP16 auto useNHWC auto
2026-06-06 14:22:10+0800: Initializing neural net buffer to be size 9 * 9 exactly
2026-06-06 14:22:11+0800: Eigen (CPU) backend thread 0: Model version 15
2026-06-06 14:22:11+0800: Eigen (CPU) backend thread 0: Model name: b18c384nbt-humanv0
2026-06-06 14:22:11+0800: Eigen (CPU) backend thread 1: Model version 15
2026-06-06 14:22:11+0800: Eigen (CPU) backend thread 1: Model name: b18c384nbt-humanv0
2026-06-06 14:22:12+0800: Loaded neural net with nnXLen 9 nnYLen 9
2026-06-06 14:22:12+0800: Initializing board with boardXSize 9 boardYSize 9
2026-06-06 14:22:12+0800: = 
2026-06-06 14:22:12+0800: Controller: komi 7.5
2026-06-06 14:22:12+0800: = 
2026-06-06 14:22:12+0800: Controller: clear_board
2026-06-06 14:22:12+0800: = 
2026-06-06 14:22:12+0800: Controller: boardsize 19
2026-06-06 14:22:12+0800: GPU -1 finishing, processed 0 rows 0 batches
2026-06-06 14:22:12+0800: GPU -1 finishing, processed 0 rows 0 batches
2026-06-06 14:22:12+0800: Cleaned up old neural net and bot
2026-06-06 14:22:12+0800: nnRandSeed0 = 567965537828482850
2026-06-06 14:22:12+0800: After dedups: nnModelFile0 = E:/开发/new/围棋/bin/b18c384nbt-humanv0.bin.gz useFP16 auto useNHWC auto
2026-06-06 14:22:12+0800: Initializing neural net buffer to be size 19 * 19 exactly
2026-06-06 14:22:13+0800: Eigen (CPU) backend thread 0: Model version 15
2026-06-06 14:22:13+0800: Eigen (CPU) backend thread 1: Model version 15
2026-06-06 14:22:13+0800: Eigen (CPU) backend thread 0: Model name: b18c384nbt-humanv0
2026-06-06 14:22:13+0800: Eigen (CPU) backend thread 1: Model name: b18c384nbt-humanv0
2026-06-06 14:22:13+0800: Loaded neural net with nnXLen 19 nnYLen 19
2026-06-06 14:22:13+0800: Initializing board with boardXSize 19 boardYSize 19
2026-06-06 14:22:13+0800: = 
2026-06-06 14:22:13+0800: Controller: komi 7.5
2026-06-06 14:22:13+0800: = 
2026-06-06 14:22:13+0800: Controller: clear_board
2026-06-06 14:22:13+0800: = 
2026-06-06 14:22:13+0800: Controller: kata-set-param humanSLProfile preaz_9d
2026-06-06 14:22:13+0800: = 
2026-06-06 14:22:13+0800: Controller: kata-set-param maxPlayouts 100
2026-06-06 14:22:13+0800: = 
2026-06-06 14:22:13+0800: Controller: kata-set-param maxVisits 100
2026-06-06 14:22:13+0800: = 
2026-06-06 14:22:13+0800: Controller: kata-set-param chosenMoveTemperature 0.0
2026-06-06 14:22:13+0800: = 
2026-06-06 14:22:13+0800: Controller: lz-analyze b 10
2026-06-06 14:22:13+0800: =
2026-06-06 14:22:14+0800: Controller: stop
2026-06-06 14:22:14+0800: = 
2026-06-06 14:22:14+0800: Controller: stop
2026-06-06 14:22:14+0800: = 
2026-06-06 14:22:14+0800: Controller: stop
2026-06-06 14:22:14+0800: = 
2026-06-06 14:22:14+0800: Controller: stop
2026-06-06 14:22:14+0800: = 
2026-06-06 14:22:16+0800: Controller: stop
2026-06-06 14:22:16+0800: = 
2026-06-06 14:22:16+0800: Controller: play black Q16
2026-06-06 14:22:16+0800: = 
2026-06-06 14:22:17+0800: Controller: kata-set-param maxPlayouts 4
2026-06-06 14:22:17+0800: = 
2026-06-06 14:22:17+0800: Controller: kata-set-param maxVisits 4
2026-06-06 14:22:17+0800: = 
2026-06-06 14:22:17+0800: Controller: kata-set-param chosenMoveTemperature 0.0
2026-06-06 14:22:17+0800: = 
2026-06-06 14:22:17+0800: Controller: kata-set-param humanSLProfile preaz_15k
2026-06-06 14:22:17+0800: = 
2026-06-06 14:22:17+0800: Controller: kata-set-param playoutDoublingAdvantage 2.5
2026-06-06 14:22:17+0800: = 
2026-06-06 14:22:17+0800: Controller: lz-analyze w 10
2026-06-06 14:22:17+0800: =
2026-06-06 14:22:18+0800: Controller: stop
2026-06-06 14:22:18+0800: = 
2026-06-06 14:22:18+0800: Controller: stop
2026-06-06 14:22:18+0800: = 
2026-06-06 14:22:18+0800: Controller: play white Q4
2026-06-06 14:22:18+0800: = 
2026-06-06 14:22:18+0800: Controller: stop
2026-06-06 14:22:18+0800: = 
2026-06-06 14:22:18+0800: Controller: stop
2026-06-06 14:22:18+0800: = 
2026-06-06 14:22:18+0800: Controller: stop
2026-06-06 14:22:18+0800: = 
2026-06-06 14:22:19+0800: Controller: kata-set-param humanSLProfile preaz_5d
2026-06-06 14:22:19+0800: = 
2026-06-06 14:22:19+0800: Controller: kata-set-param maxPlayouts 60
2026-06-06 14:22:19+0800: = 
2026-06-06 14:22:19+0800: Controller: kata-set-param maxVisits 60
2026-06-06 14:22:19+0800: = 
2026-06-06 14:22:19+0800: Controller: kata-set-param chosenMoveTemperature 0.0
2026-06-06 14:22:19+0800: = 
2026-06-06 14:22:19+0800: Controller: lz-analyze b 10
2026-06-06 14:22:19+0800: =
2026-06-06 14:22:20+0800: Controller: stop
2026-06-06 14:22:20+0800: = 
2026-06-06 14:22:20+0800: Controller: stop
2026-06-06 14:22:20+0800: = 
2026-06-06 14:22:20+0800: Controller: stop
2026-06-06 14:22:20+0800: = 
2026-06-06 14:22:20+0800: Controller: stop
2026-06-06 14:22:20+0800: = 
2026-06-06 14:22:22+0800: Controller: stop
2026-06-06 14:22:22+0800: = 
2026-06-06 14:22:22+0800: Controller: play black C16
2026-06-06 14:22:22+0800: = 
2026-06-06 14:22:22+0800: Controller: kata-set-param maxPlayouts 4
2026-06-06 14:22:22+0800: = 
2026-06-06 14:22:22+0800: Controller: kata-set-param maxVisits 4
2026-06-06 14:22:22+0800: = 
2026-06-06 14:22:22+0800: Controller: kata-set-param chosenMoveTemperature 0.0
2026-06-06 14:22:22+0800: = 
2026-06-06 14:22:22+0800: Controller: kata-set-param humanSLProfile preaz_15k
2026-06-06 14:22:22+0800: = 
2026-06-06 14:22:22+0800: Controller: kata-set-param playoutDoublingAdvantage 2.5
2026-06-06 14:22:22+0800: = 
2026-06-06 14:22:22+0800: Controller: lz-analyze w 10
2026-06-06 14:22:22+0800: =
2026-06-06 14:22:23+0800: Controller: stop
2026-06-06 14:22:23+0800: = 
2026-06-06 14:22:23+0800: Controller: stop
2026-06-06 14:22:23+0800: = 
2026-06-06 14:22:23+0800: Controller: play white C4
2026-06-06 14:22:23+0800: = 
2026-06-06 14:22:23+0800: Controller: stop
2026-06-06 14:22:23+0800: = 
2026-06-06 14:22:23+0800: Controller: stop
2026-06-06 14:22:23+0800: = 
2026-06-06 14:22:23+0800: Controller: stop
2026-06-06 14:22:23+0800: = 
2026-06-06 14:22:25+0800: Controller: kata-set-param humanSLProfile preaz_1k
2026-06-06 14:22:25+0800: = 
2026-06-06 14:22:25+0800: Controller: kata-set-param maxPlayouts 25
2026-06-06 14:22:25+0800: = 
2026-06-06 14:22:25+0800: Controller: kata-set-param maxVisits 25
2026-06-06 14:22:25+0800: = 
2026-06-06 14:22:25+0800: Controller: kata-set-param chosenMoveTemperature 0.0
2026-06-06 14:22:25+0800: = 
2026-06-06 14:22:25+0800: Controller: lz-analyze b 10
2026-06-06 14:22:25+0800: =
2026-06-06 14:22:26+0800: Controller: stop
2026-06-06 14:22:26+0800: = 
2026-06-06 14:22:26+0800: Controller: stop
2026-06-06 14:22:26+0800: = 
2026-06-06 14:22:26+0800: Controller: stop
2026-06-06 14:22:26+0800: = 
2026-06-06 14:22:26+0800: Controller: stop
2026-06-06 14:22:26+0800: = 
2026-06-06 14:22:28+0800: Controller: stop
2026-06-06 14:22:28+0800: = 
2026-06-06 14:22:28+0800: Controller: play black R6
2026-06-06 14:22:28+0800: = 
2026-06-06 14:22:29+0800: Controller: kata-set-param maxPlayouts 4
2026-06-06 14:22:29+0800: = 
2026-06-06 14:22:29+0800: Controller: kata-set-param maxVisits 4
2026-06-06 14:22:29+0800: = 
2026-06-06 14:22:29+0800: Controller: kata-set-param chosenMoveTemperature 0.0
2026-06-06 14:22:29+0800: = 
2026-06-06 14:22:29+0800: Controller: kata-set-param humanSLProfile preaz_15k
2026-06-06 14:22:29+0800: = 
2026-06-06 14:22:29+0800: Controller: kata-set-param playoutDoublingAdvantage 2.5
2026-06-06 14:22:29+0800: = 
2026-06-06 14:22:29+0800: Controller: lz-analyze w 10
2026-06-06 14:22:29+0800: =
2026-06-06 14:22:30+0800: Controller: stop
2026-06-06 14:22:30+0800: = 
2026-06-06 14:22:30+0800: Controller: stop
2026-06-06 14:22:30+0800: = 
2026-06-06 14:22:30+0800: Controller: play white R5
2026-06-06 14:22:30+0800: = 
2026-06-06 14:22:30+0800: Controller: stop
2026-06-06 14:22:30+0800: = 
2026-06-06 14:22:30+0800: Controller: stop
2026-06-06 14:22:30+0800: = 
2026-06-06 14:22:30+0800: Controller: stop
2026-06-06 14:22:30+0800: = 
2026-06-06 14:22:30+0800: Controller: stop
2026-06-06 14:22:30+0800: = 
2026-06-06 14:22:30+0800: Controller: stop
2026-06-06 14:22:30+0800: = 
2026-06-06 14:22:30+0800: Controller: stop
2026-06-06 14:22:30+0800: = 
2026-06-06 14:22:30+0800: Controller: stop
2026-06-06 14:22:30+0800: = 
2026-06-06 14:22:32+0800: Controller: kata-set-param humanSLProfile preaz_5d
2026-06-06 14:22:32+0800: = 
2026-06-06 14:22:32+0800: Controller: kata-set-param maxPlayouts 60
2026-06-06 14:22:32+0800: = 
2026-06-06 14:22:32+0800: Controller: kata-set-param maxVisits 60
2026-06-06 14:22:32+0800: = 
2026-06-06 14:22:32+0800: Controller: kata-set-param chosenMoveTemperature 0.0
2026-06-06 14:22:32+0800: = 
2026-06-06 14:22:32+0800: Controller: lz-analyze b 10
2026-06-06 14:22:32+0800: =
2026-06-06 14:22:33+0800: Controller: stop
2026-06-06 14:22:33+0800: = 
2026-06-06 14:22:33+0800: Controller: stop
2026-06-06 14:22:33+0800: = 
2026-06-06 14:22:33+0800: Controller: stop
2026-06-06 14:22:33+0800: = 
2026-06-06 14:22:33+0800: Controller: stop
2026-06-06 14:22:33+0800: = 
2026-06-06 14:22:36+0800: Controller: stop
2026-06-06 14:22:36+0800: = 
2026-06-06 14:22:36+0800: Controller: play black E4
2026-06-06 14:22:36+0800: = 
2026-06-06 14:22:37+0800: Controller: kata-set-param maxPlayouts 4
2026-06-06 14:22:37+0800: = 
2026-06-06 14:22:37+0800: Controller: kata-set-param maxVisits 4
2026-06-06 14:22:37+0800: = 
2026-06-06 14:22:37+0800: Controller: kata-set-param chosenMoveTemperature 0.0
2026-06-06 14:22:37+0800: = 
2026-06-06 14:22:37+0800: Controller: kata-set-param humanSLProfile preaz_15k
2026-06-06 14:22:37+0800: = 
2026-06-06 14:22:37+0800: Controller: kata-set-param playoutDoublingAdvantage 2.5
2026-06-06 14:22:37+0800: = 
2026-06-06 14:22:37+0800: Controller: lz-analyze w 10
2026-06-06 14:22:37+0800: =
2026-06-06 14:22:38+0800: Controller: stop
2026-06-06 14:22:38+0800: = 
2026-06-06 14:22:38+0800: Controller: stop
2026-06-06 14:22:38+0800: = 
2026-06-06 14:22:38+0800: Controller: play white D6
2026-06-06 14:22:38+0800: = 
2026-06-06 14:22:38+0800: Controller: stop
2026-06-06 14:22:38+0800: = 
2026-06-06 14:22:38+0800: Controller: stop
2026-06-06 14:22:38+0800: = 
2026-06-06 14:22:38+0800: Controller: stop
2026-06-06 14:22:38+0800: = 
2026-06-06 14:22:39+0800: Controller: kata-set-param humanSLProfile preaz_5d
2026-06-06 14:22:39+0800: = 
2026-06-06 14:22:39+0800: Controller: kata-set-param maxPlayouts 60
2026-06-06 14:22:39+0800: = 
2026-06-06 14:22:39+0800: Controller: kata-set-param maxVisits 60
2026-06-06 14:22:39+0800: = 
2026-06-06 14:22:39+0800: Controller: kata-set-param chosenMoveTemperature 0.0
2026-06-06 14:22:39+0800: = 
2026-06-06 14:22:39+0800: Controller: lz-analyze b 10
2026-06-06 14:22:39+0800: =
2026-06-06 14:22:40+0800: Controller: stop
2026-06-06 14:22:40+0800: = 
2026-06-06 14:22:40+0800: Controller: stop
2026-06-06 14:22:40+0800: = 
2026-06-06 14:22:40+0800: Controller: stop
2026-06-06 14:22:40+0800: = 
2026-06-06 14:22:40+0800: Controller: stop
2026-06-06 14:22:40+0800: = 
2026-06-06 14:22:42+0800: Controller: stop
2026-06-06 14:22:42+0800: = 
2026-06-06 14:22:42+0800: Controller: play black Q6
2026-06-06 14:22:42+0800: = 
2026-06-06 14:22:43+0800: Controller: kata-set-param maxPlayouts 4
2026-06-06 14:22:43+0800: = 
2026-06-06 14:22:43+0800: Controller: kata-set-param maxVisits 4
2026-06-06 14:22:43+0800: = 
2026-06-06 14:22:43+0800: Controller: kata-set-param chosenMoveTemperature 0.0
2026-06-06 14:22:43+0800: = 
2026-06-06 14:22:43+0800: Controller: kata-set-param humanSLProfile preaz_15k
2026-06-06 14:22:43+0800: = 
2026-06-06 14:22:43+0800: Controller: kata-set-param playoutDoublingAdvantage 2.5
2026-06-06 14:22:43+0800: = 
2026-06-06 14:22:43+0800: Controller: lz-analyze w 10
2026-06-06 14:22:43+0800: =
2026-06-06 14:22:44+0800: Controller: stop
2026-06-06 14:22:44+0800: = 
2026-06-06 14:22:44+0800: Controller: stop
2026-06-06 14:22:44+0800: = 
2026-06-06 14:22:44+0800: Controller: play white O3
2026-06-06 14:22:44+0800: = 
2026-06-06 14:22:44+0800: Controller: stop
2026-06-06 14:22:44+0800: = 
2026-06-06 14:22:44+0800: Controller: stop
2026-06-06 14:22:44+0800: = 
2026-06-06 14:22:44+0800: Controller: stop
2026-06-06 14:22:44+0800: = 
2026-06-06 14:22:45+0800: Controller: kata-set-param humanSLProfile preaz_9d
2026-06-06 14:22:45+0800: = 
2026-06-06 14:22:45+0800: Controller: kata-set-param maxPlayouts 100
2026-06-06 14:22:45+0800: = 
2026-06-06 14:22:45+0800: Controller: kata-set-param maxVisits 100
2026-06-06 14:22:45+0800: = 
2026-06-06 14:22:45+0800: Controller: kata-set-param chosenMoveTemperature 0.0
2026-06-06 14:22:45+0800: = 
2026-06-06 14:22:45+0800: Controller: lz-analyze b 10
2026-06-06 14:22:45+0800: =
2026-06-06 14:22:46+0800: Controller: stop
2026-06-06 14:22:46+0800: = 
2026-06-06 14:22:46+0800: Controller: stop
2026-06-06 14:22:46+0800: = 
2026-06-06 14:22:46+0800: Controller: stop
2026-06-06 14:22:46+0800: = 
2026-06-06 14:22:46+0800: Controller: stop
2026-06-06 14:22:46+0800: = 
2026-06-06 14:22:48+0800: Controller: stop
2026-06-06 14:22:48+0800: = 
2026-06-06 14:22:48+0800: Controller: play black Q10
2026-06-06 14:22:48+0800: = 
2026-06-06 14:22:49+0800: Controller: kata-set-param maxPlayouts 4
2026-06-06 14:22:49+0800: = 
2026-06-06 14:22:49+0800: Controller: kata-set-param maxVisits 4
2026-06-06 14:22:49+0800: = 
2026-06-06 14:22:49+0800: Controller: kata-set-param chosenMoveTemperature 0.0
2026-06-06 14:22:49+0800: = 
2026-06-06 14:22:49+0800: Controller: kata-set-param humanSLProfile preaz_15k
2026-06-06 14:22:49+0800: = 
2026-06-06 14:22:49+0800: Controller: kata-set-param playoutDoublingAdvantage 2.5
2026-06-06 14:22:49+0800: = 
2026-06-06 14:22:49+0800: Controller: lz-analyze w 10
2026-06-06 14:22:49+0800: =
2026-06-06 14:22:50+0800: Controller: stop
2026-06-06 14:22:50+0800: = 
2026-06-06 14:22:50+0800: Controller: stop
2026-06-06 14:22:50+0800: = 
2026-06-06 14:22:50+0800: Controller: play white G4
2026-06-06 14:22:50+0800: = 
2026-06-06 14:22:50+0800: Controller: stop
2026-06-06 14:22:50+0800: = 
2026-06-06 14:22:50+0800: Controller: stop
2026-06-06 14:22:50+0800: = 
2026-06-06 14:22:50+0800: Controller: stop
2026-06-06 14:22:50+0800: = 
2026-06-06 14:22:50+0800: Controller: kata-set-param humanSLProfile preaz_5d
2026-06-06 14:22:50+0800: = 
2026-06-06 14:22:50+0800: Controller: kata-set-param maxPlayouts 60
2026-06-06 14:22:50+0800: = 
2026-06-06 14:22:50+0800: Controller: kata-set-param maxVisits 60
2026-06-06 14:22:50+0800: = 
2026-06-06 14:22:50+0800: Controller: kata-set-param chosenMoveTemperature 0.0
2026-06-06 14:22:50+0800: = 
2026-06-06 14:22:50+0800: Controller: lz-analyze b 10
2026-06-06 14:22:50+0800: =
2026-06-06 14:22:51+0800: Controller: stop
2026-06-06 14:22:51+0800: = 
2026-06-06 14:22:51+0800: Controller: stop
2026-06-06 14:22:51+0800: = 
2026-06-06 14:22:51+0800: Controller: stop
2026-06-06 14:22:51+0800: = 
2026-06-06 14:22:51+0800: Controller: stop
2026-06-06 14:22:51+0800: = 
2026-06-06 14:22:53+0800: Controller: stop
2026-06-06 14:22:53+0800: = 
2026-06-06 14:22:53+0800: Controller: play black C3
2026-06-06 14:22:53+0800: = 
2026-06-06 14:22:54+0800: Controller: kata-set-param maxPlayouts 4
2026-06-06 14:22:56+0800: = 
2026-06-06 14:22:59+0800: Controller: kata-set-param maxVisits 4
2026-06-06 14:22:59+0800: = 
2026-06-06 14:22:59+0800: Controller: kata-set-param chosenMoveTemperature 0.0
2026-06-06 14:22:59+0800: = 
2026-06-06 14:22:59+0800: Controller: kata-set-param humanSLProfile preaz_15k
2026-06-06 14:22:59+0800: = 
2026-06-06 14:22:59+0800: Controller: kata-set-param playoutDoublingAdvantage 2.5
2026-06-06 14:22:59+0800: = 
2026-06-06 14:22:59+0800: Controller: lz-analyze w 10
2026-06-06 14:22:59+0800: =
2026-06-06 14:23:00+0800: Controller: stop
2026-06-06 14:23:02+0800: = 
2026-06-06 14:23:02+0800: Controller: stop
2026-06-06 14:23:02+0800: = 
2026-06-06 14:23:02+0800: Controller: play white D4
2026-06-06 14:23:02+0800: = 
2026-06-06 14:23:02+0800: Controller: stop
2026-06-06 14:23:02+0800: = 
2026-06-06 14:23:02+0800: Controller: stop
2026-06-06 14:23:02+0800: = 
2026-06-06 14:23:02+0800: Controller: stop
2026-06-06 14:23:02+0800: = 
2026-06-06 14:23:02+0800: Controller: kata-set-param humanSLProfile preaz_5d
2026-06-06 14:23:02+0800: = 
2026-06-06 14:23:02+0800: Controller: kata-set-param maxPlayouts 60
2026-06-06 14:23:02+0800: = 
2026-06-06 14:23:02+0800: Controller: kata-set-param maxVisits 60
2026-06-06 14:23:02+0800: = 
2026-06-06 14:23:02+0800: Controller: kata-set-param chosenMoveTemperature 0.0
2026-06-06 14:23:02+0800: = 
2026-06-06 14:23:02+0800: Controller: lz-analyze b 10
2026-06-06 14:23:02+0800: =
2026-06-06 14:23:03+0800: Controller: stop
2026-06-06 14:23:04+0800: = 
2026-06-06 14:23:04+0800: Controller: stop
2026-06-06 14:23:04+0800: = 
2026-06-06 14:23:04+0800: Controller: stop
2026-06-06 14:23:04+0800: = 
2026-06-06 14:23:04+0800: Controller: stop
2026-06-06 14:23:04+0800: = 
2026-06-06 14:23:04+0800: Controller: stop
2026-06-06 14:23:04+0800: = 
2026-06-06 14:23:04+0800: Controller: play black E3
2026-06-06 14:23:04+0800: = 
2026-06-06 14:23:05+0800: Controller: kata-set-param maxPlayouts 4
2026-06-06 14:23:06+0800: = 
2026-06-06 14:23:06+0800: Controller: kata-set-param maxVisits 4
2026-06-06 14:23:06+0800: = 
2026-06-06 14:23:06+0800: Controller: kata-set-param chosenMoveTemperature 0.0
2026-06-06 14:23:06+0800: = 
2026-06-06 14:23:06+0800: Controller: kata-set-param humanSLProfile preaz_15k
2026-06-06 14:23:06+0800: = 
2026-06-06 14:23:06+0800: Controller: kata-set-param playoutDoublingAdvantage 2.5
2026-06-06 14:23:06+0800: = 
2026-06-06 14:23:06+0800: Controller: lz-analyze w 10
2026-06-06 14:23:06+0800: =
2026-06-06 14:23:07+0800: Controller: stop
2026-06-06 14:23:07+0800: = 
2026-06-06 14:23:07+0800: Controller: stop
2026-06-06 14:23:07+0800: = 
2026-06-06 14:23:07+0800: Controller: stop
2026-06-06 14:23:07+0800: = 
2026-06-06 14:23:07+0800: Controller: stop
2026-06-06 14:23:07+0800: = 
2026-06-06 14:23:12+0800: Controller: stop
2026-06-06 14:23:12+0800: = 
2026-06-06 14:23:12+0800: Controller: play white E5
2026-06-06 14:23:12+0800: = 
2026-06-06 14:23:16+0800: Controller: kata-set-param humanSLProfile preaz_5d
2026-06-06 14:23:16+0800: = 
2026-06-06 14:23:16+0800: Controller: kata-set-param maxPlayouts 60
2026-06-06 14:23:16+0800: = 
2026-06-06 14:23:16+0800: Controller: kata-set-param maxVisits 60
2026-06-06 14:23:16+0800: = 
2026-06-06 14:23:16+0800: Controller: kata-set-param chosenMoveTemperature 0.0
2026-06-06 14:23:16+0800: = 
2026-06-06 14:23:16+0800: Controller: lz-analyze b 10
2026-06-06 14:23:16+0800: =
2026-06-06 14:23:17+0800: Controller: stop
2026-06-06 14:23:17+0800: = 
2026-06-06 14:23:17+0800: Controller: stop
2026-06-06 14:23:17+0800: = 
2026-06-06 14:23:17+0800: Controller: stop
2026-06-06 14:23:17+0800: = 
2026-06-06 14:23:17+0800: Controller: stop
2026-06-06 14:23:17+0800: = 
2026-06-06 14:23:35+0800: Controller: stop
2026-06-06 14:23:35+0800: = 
2026-06-06 14:23:35+0800: Controller: play black B3
2026-06-06 14:23:35+0800: = 
2026-06-06 14:23:36+0800: Controller: kata-set-param maxPlayouts 4
2026-06-06 14:23:36+0800: = 
2026-06-06 14:23:36+0800: Controller: kata-set-param maxVisits 4
2026-06-06 14:23:36+0800: = 
2026-06-06 14:23:36+0800: Controller: kata-set-param chosenMoveTemperature 0.0
2026-06-06 14:23:36+0800: = 
2026-06-06 14:23:36+0800: Controller: kata-set-param humanSLProfile preaz_15k
2026-06-06 14:23:36+0800: = 
2026-06-06 14:23:36+0800: Controller: kata-set-param playoutDoublingAdvantage 2.5
2026-06-06 14:23:36+0800: = 
2026-06-06 14:23:36+0800: Controller: lz-analyze w 10
2026-06-06 14:23:36+0800: =
2026-06-06 14:23:37+0800: Controller: stop
2026-06-06 14:23:37+0800: = 
2026-06-06 14:23:37+0800: Controller: stop
2026-06-06 14:23:37+0800: = 
2026-06-06 14:23:37+0800: Controller: play white B4
2026-06-06 14:23:37+0800: = 
2026-06-06 14:23:37+0800: Controller: stop
2026-06-06 14:23:37+0800: = 
2026-06-06 14:23:37+0800: Controller: stop
2026-06-06 14:23:37+0800: = 
2026-06-06 14:23:37+0800: Controller: stop
2026-06-06 14:23:37+0800: = 
