2026-06-05 11:34:24+0800: Running with following config:
allowResignation = true
lagBuffer = 1.0
logAllGTPCommunication = true
logDir = gtp_logs
logSearchInfo = true
logSearchInfoForChosenMove = false
logToStderr = false
maxTimePondering = 60.0
maxVisits = 500
numSearchThreads = 6
ponderingEnabled = false
resignConsecTurns = 3
resignThreshold = -0.90
rules = tromp-taylor
searchFactorAfterOnePass = 0.50
searchFactorAfterTwoPass = 0.25
searchFactorWhenWinning = 0.40
searchFactorWhenWinningThreshold = 0.95

2026-06-05 11:34:24+0800: GTP Engine starting...
2026-06-05 11:34:24+0800: KataGo v1.16.5
2026-06-05 11:34:24+0800: Using TrompTaylor rules initially, unless GTP/GUI overrides this
2026-06-05 11:34:24+0800: Using 6 CPU thread(s) for search
2026-06-05 11:34:24+0800: nnRandSeed0 = 6496120859721549814
2026-06-05 11:34:24+0800: After dedups: nnModelFile0 = E:/开发/new/围棋/bin/kata9x9-b18c384nbt-20231025.bin.gz useFP16 auto useNHWC auto
2026-06-05 11:34:24+0800: Initializing neural net buffer to be size 19 * 19 exactly
2026-06-05 11:34:25+0800: Eigen (CPU) backend thread 1: Model version 12
2026-06-05 11:34:25+0800: Eigen (CPU) backend thread 1: Model name: kata9x9-b18c384nbt-s6603587840-d252232394
2026-06-05 11:34:25+0800: Eigen (CPU) backend thread 3: Model version 12
2026-06-05 11:34:25+0800: Eigen (CPU) backend thread 3: Model name: kata9x9-b18c384nbt-s6603587840-d252232394
2026-06-05 11:34:25+0800: Eigen (CPU) backend thread 4: Model version 12
2026-06-05 11:34:25+0800: Eigen (CPU) backend thread 4: Model name: kata9x9-b18c384nbt-s6603587840-d252232394
2026-06-05 11:34:25+0800: Eigen (CPU) backend thread 5: Model version 12
2026-06-05 11:34:25+0800: Eigen (CPU) backend thread 5: Model name: kata9x9-b18c384nbt-s6603587840-d252232394
2026-06-05 11:34:25+0800: Eigen (CPU) backend thread 2: Model version 12
2026-06-05 11:34:25+0800: Eigen (CPU) backend thread 0: Model version 12
2026-06-05 11:34:25+0800: Eigen (CPU) backend thread 0: Model name: kata9x9-b18c384nbt-s6603587840-d252232394
2026-06-05 11:34:25+0800: Eigen (CPU) backend thread 2: Model name: kata9x9-b18c384nbt-s6603587840-d252232394
2026-06-05 11:34:25+0800: Loaded neural net with nnXLen 19 nnYLen 19
2026-06-05 11:34:25+0800: Initializing board with boardXSize 19 boardYSize 19
2026-06-05 11:34:25+0800: Loaded config E:/开发/new/围棋/bin/katago.cfg
2026-06-05 11:34:25+0800: Loaded model E:/开发/new/围棋/bin/kata9x9-b18c384nbt-20231025.bin.gz
2026-06-05 11:34:25+0800: Model name: kata9x9-b18c384nbt-s6603587840-d252232394
2026-06-05 11:34:25+0800: GTP ready, beginning main protocol loop
2026-06-05 11:34:25+0800: Controller: boardsize 9
2026-06-05 11:34:25+0800: GPU -1 finishing, processed 0 rows 0 batches
2026-06-05 11:34:25+0800: GPU -1 finishing, processed 0 rows 0 batches
2026-06-05 11:34:25+0800: GPU -1 finishing, processed 0 rows 0 batches
2026-06-05 11:34:25+0800: GPU -1 finishing, processed 0 rows 0 batches
2026-06-05 11:34:25+0800: GPU -1 finishing, processed 0 rows 0 batches
2026-06-05 11:34:25+0800: GPU -1 finishing, processed 0 rows 0 batches
2026-06-05 11:34:25+0800: Cleaned up old neural net and bot
2026-06-05 11:34:25+0800: nnRandSeed0 = 8209332922724575226
2026-06-05 11:34:25+0800: After dedups: nnModelFile0 = E:/开发/new/围棋/bin/kata9x9-b18c384nbt-20231025.bin.gz useFP16 auto useNHWC auto
2026-06-05 11:34:25+0800: Initializing neural net buffer to be size 9 * 9 exactly
2026-06-05 11:34:26+0800: Eigen (CPU) backend thread 0: Model version 12
2026-06-05 11:34:26+0800: Eigen (CPU) backend thread 0: Model name: kata9x9-b18c384nbt-s6603587840-d252232394
2026-06-05 11:34:26+0800: Eigen (CPU) backend thread 1: Model version 12
2026-06-05 11:34:26+0800: Eigen (CPU) backend thread 1: Model name: kata9x9-b18c384nbt-s6603587840-d252232394
2026-06-05 11:34:26+0800: Eigen (CPU) backend thread 2: Model version 12
2026-06-05 11:34:26+0800: Eigen (CPU) backend thread 2: Model name: kata9x9-b18c384nbt-s6603587840-d252232394
2026-06-05 11:34:26+0800: Eigen (CPU) backend thread 3: Model version 12
2026-06-05 11:34:26+0800: Eigen (CPU) backend thread 3: Model name: kata9x9-b18c384nbt-s6603587840-d252232394
2026-06-05 11:34:26+0800: Eigen (CPU) backend thread 4: Model version 12
2026-06-05 11:34:26+0800: Eigen (CPU) backend thread 4: Model name: kata9x9-b18c384nbt-s6603587840-d252232394
2026-06-05 11:34:26+0800: Eigen (CPU) backend thread 5: Model version 12
2026-06-05 11:34:26+0800: Eigen (CPU) backend thread 5: Model name: kata9x9-b18c384nbt-s6603587840-d252232394
2026-06-05 11:34:27+0800: Loaded neural net with nnXLen 9 nnYLen 9
2026-06-05 11:34:27+0800: Initializing board with boardXSize 9 boardYSize 9
2026-06-05 11:34:27+0800: = 
2026-06-05 11:34:27+0800: Controller: komi 7.5
2026-06-05 11:34:27+0800: = 
2026-06-05 11:34:27+0800: Controller: clear_board
2026-06-05 11:34:27+0800: = 
2026-06-05 11:34:27+0800: Controller: lz-analyze b 10
2026-06-05 11:34:27+0800: =
