2026-06-08 14:42:14+0800: Running with following config:
allowResignation = true
analysisOutputOwnership = true
humanSLProfile = preaz_9d
lagBuffer = 1.0
logAllGTPCommunication = true
logDir = gtp_logs
logSearchInfo = true
logSearchInfoForChosenMove = false
logToStderr = false
lzAnalyzeOutputOwnership = true
maxPlayouts = 100
maxTimePondering = 60.0
maxVisits = 100
numSearchThreads = 2
ponderingEnabled = false
resignConsecTurns = 3
resignThreshold = -0.90
rules = tromp-taylor
searchFactorAfterOnePass = 0.50
searchFactorAfterTwoPass = 0.25
searchFactorWhenWinning = 0.40
searchFactorWhenWinningThreshold = 0.95

2026-06-08 14:42:14+0800: GTP Engine starting...
2026-06-08 14:42:14+0800: KataGo v1.16.5
2026-06-08 14:42:14+0800: Using TrompTaylor rules initially, unless GTP/GUI overrides this
2026-06-08 14:42:14+0800: Using 2 CPU thread(s) for search
2026-06-08 14:42:14+0800: nnRandSeed0 = 14768596147019766843
2026-06-08 14:42:14+0800: After dedups: nnModelFile0 = E:/开发/new/围棋/bin/b18c384nbt-humanv0.bin.gz useFP16 auto useNHWC auto
2026-06-08 14:42:14+0800: Initializing neural net buffer to be size 19 * 19 exactly
2026-06-08 14:42:15+0800: Eigen (CPU) backend thread 1: Model version 15
2026-06-08 14:42:15+0800: Eigen (CPU) backend thread 1: Model name: b18c384nbt-humanv0
2026-06-08 14:42:15+0800: Eigen (CPU) backend thread 0: Model version 15
2026-06-08 14:42:15+0800: Eigen (CPU) backend thread 0: Model name: b18c384nbt-humanv0
2026-06-08 14:42:16+0800: Loaded neural net with nnXLen 19 nnYLen 19
2026-06-08 14:42:16+0800: Initializing board with boardXSize 19 boardYSize 19
2026-06-08 14:42:16+0800: --------------
2026-06-08 14:42:16+0800: WARNING: Config had unused keys! You may have a typo, an option you specified is being unused from E:/开发/new/围棋/bin/katago.cfg
2026-06-08 14:42:16+0800: WARNING: Unused key 'analysisOutputOwnership' in E:/开发/new/围棋/bin/katago.cfg
2026-06-08 14:42:16+0800: WARNING: Unused key 'lzAnalyzeOutputOwnership' in E:/开发/new/围棋/bin/katago.cfg
2026-06-08 14:42:16+0800: --------------
2026-06-08 14:42:16+0800: Loaded config E:/开发/new/围棋/bin/katago.cfg
2026-06-08 14:42:16+0800: Loaded model E:/开发/new/围棋/bin/b18c384nbt-humanv0.bin.gz
2026-06-08 14:42:16+0800: Model name: b18c384nbt-humanv0
2026-06-08 14:42:16+0800: GTP ready, beginning main protocol loop
2026-06-08 14:42:16+0800: Controller: boardsize 9
2026-06-08 14:42:16+0800: GPU -1 finishing, processed 0 rows 0 batches
2026-06-08 14:42:16+0800: GPU -1 finishing, processed 0 rows 0 batches
2026-06-08 14:42:16+0800: Cleaned up old neural net and bot
2026-06-08 14:42:16+0800: nnRandSeed0 = 12097511774562088557
2026-06-08 14:42:16+0800: After dedups: nnModelFile0 = E:/开发/new/围棋/bin/b18c384nbt-humanv0.bin.gz useFP16 auto useNHWC auto
2026-06-08 14:42:16+0800: Initializing neural net buffer to be size 9 * 9 exactly
2026-06-08 14:42:17+0800: Eigen (CPU) backend thread 0: Model version 15
2026-06-08 14:42:17+0800: Eigen (CPU) backend thread 0: Model name: b18c384nbt-humanv0
2026-06-08 14:42:17+0800: Eigen (CPU) backend thread 1: Model version 15
2026-06-08 14:42:17+0800: Eigen (CPU) backend thread 1: Model name: b18c384nbt-humanv0
2026-06-08 14:42:17+0800: Loaded neural net with nnXLen 9 nnYLen 9
2026-06-08 14:42:17+0800: Initializing board with boardXSize 9 boardYSize 9
2026-06-08 14:42:17+0800: = 
2026-06-08 14:42:17+0800: Controller: komi 7.5
2026-06-08 14:42:17+0800: = 
2026-06-08 14:42:17+0800: Controller: clear_board
2026-06-08 14:42:17+0800: = 
2026-06-08 14:42:17+0800: Controller: boardsize 9
2026-06-08 14:42:17+0800: = 
2026-06-08 14:42:17+0800: Controller: komi 3.5
2026-06-08 14:42:17+0800: = 
2026-06-08 14:42:17+0800: Controller: clear_board
2026-06-08 14:42:17+0800: = 
2026-06-08 14:42:18+0800: Controller: kata-set-param humanSLProfile preaz_9d
2026-06-08 14:42:18+0800: = 
2026-06-08 14:42:18+0800: Controller: kata-set-param playoutDoublingAdvantage 2.5
2026-06-08 14:42:18+0800: = 
2026-06-08 14:42:18+0800: Controller: kata-set-param maxPlayouts 100
2026-06-08 14:42:18+0800: = 
2026-06-08 14:42:18+0800: Controller: kata-set-param maxVisits 100
2026-06-08 14:42:18+0800: = 
2026-06-08 14:42:18+0800: Controller: kata-set-param chosenMoveTemperature 0.0
2026-06-08 14:42:18+0800: = 
2026-06-08 14:42:18+0800: Controller: lz-analyze b 10
2026-06-08 14:42:18+0800: =
2026-06-08 14:42:22+0800: Controller: stop
2026-06-08 14:42:22+0800: = 
2026-06-08 14:42:22+0800: Controller: stop
2026-06-08 14:42:22+0800: = 
2026-06-08 14:42:23+0800: Controller: stop
2026-06-08 14:42:23+0800: = 
2026-06-08 14:42:23+0800: Controller: play black E5
2026-06-08 14:42:23+0800: = 
2026-06-08 14:42:24+0800: Controller: kata-set-param maxPlayouts 15
2026-06-08 14:42:24+0800: = 
2026-06-08 14:42:24+0800: Controller: kata-set-param maxVisits 15
2026-06-08 14:42:24+0800: = 
2026-06-08 14:42:24+0800: Controller: kata-set-param chosenMoveTemperature 0.0
2026-06-08 14:42:24+0800: = 
2026-06-08 14:42:24+0800: Controller: kata-set-param humanSLProfile preaz_5k
2026-06-08 14:42:24+0800: = 
2026-06-08 14:42:24+0800: Controller: kata-set-param playoutDoublingAdvantage 0.0
2026-06-08 14:42:24+0800: = 
2026-06-08 14:42:24+0800: Controller: lz-analyze w 10
2026-06-08 14:42:24+0800: =
2026-06-08 14:42:27+0800: Controller: stop
2026-06-08 14:42:27+0800: = 
2026-06-08 14:42:27+0800: Controller: stop
2026-06-08 14:42:27+0800: = 
2026-06-08 14:42:27+0800: Controller: play white C6
2026-06-08 14:42:27+0800: = 
2026-06-08 14:42:27+0800: Controller: stop
2026-06-08 14:42:27+0800: = 
2026-06-08 14:42:29+0800: Controller: kata-set-param humanSLProfile preaz_1d
2026-06-08 14:42:29+0800: = 
2026-06-08 14:42:29+0800: Controller: kata-set-param playoutDoublingAdvantage -2.5
2026-06-08 14:42:29+0800: = 
2026-06-08 14:42:29+0800: Controller: kata-set-param maxPlayouts 40
2026-06-08 14:42:29+0800: = 
2026-06-08 14:42:29+0800: Controller: kata-set-param maxVisits 40
2026-06-08 14:42:29+0800: = 
2026-06-08 14:42:29+0800: Controller: kata-set-param chosenMoveTemperature 0.0
2026-06-08 14:42:29+0800: = 
2026-06-08 14:42:29+0800: Controller: lz-analyze b 10
2026-06-08 14:42:29+0800: =
2026-06-08 14:42:42+0800: Controller: stop
2026-06-08 14:42:42+0800: = 
2026-06-08 14:42:42+0800: Controller: stop
2026-06-08 14:42:42+0800: = 
2026-06-08 14:42:42+0800: Controller: stop
2026-06-08 14:42:42+0800: = 
2026-06-08 14:42:43+0800: Controller: stop
2026-06-08 14:42:43+0800: = 
2026-06-08 14:42:43+0800: Controller: play black E7
2026-06-08 14:42:43+0800: = 
2026-06-08 14:42:44+0800: Controller: kata-set-param maxPlayouts 15
2026-06-08 14:42:44+0800: = 
2026-06-08 14:42:44+0800: Controller: kata-set-param maxVisits 15
2026-06-08 14:42:44+0800: = 
2026-06-08 14:42:44+0800: Controller: kata-set-param chosenMoveTemperature 0.0
2026-06-08 14:42:44+0800: = 
2026-06-08 14:42:44+0800: Controller: kata-set-param humanSLProfile preaz_5k
2026-06-08 14:42:44+0800: = 
2026-06-08 14:42:44+0800: Controller: kata-set-param playoutDoublingAdvantage 0.0
2026-06-08 14:42:44+0800: = 
2026-06-08 14:42:44+0800: Controller: lz-analyze w 10
2026-06-08 14:42:44+0800: =
2026-06-08 14:42:47+0800: Controller: stop
2026-06-08 14:42:47+0800: = 
2026-06-08 14:42:47+0800: Controller: stop
2026-06-08 14:42:47+0800: = 
2026-06-08 14:42:47+0800: Controller: play white G4
2026-06-08 14:42:47+0800: = 
2026-06-08 14:42:47+0800: Controller: stop
2026-06-08 14:42:47+0800: = 
2026-06-08 14:42:50+0800: Controller: kata-set-param humanSLProfile preaz_9d
2026-06-08 14:42:50+0800: = 
2026-06-08 14:42:50+0800: Controller: kata-set-param playoutDoublingAdvantage 2.5
2026-06-08 14:42:50+0800: = 
2026-06-08 14:42:50+0800: Controller: kata-set-param maxPlayouts 100
2026-06-08 14:42:50+0800: = 
2026-06-08 14:42:50+0800: Controller: kata-set-param maxVisits 100
2026-06-08 14:42:50+0800: = 
2026-06-08 14:42:50+0800: Controller: kata-set-param chosenMoveTemperature 0.0
2026-06-08 14:42:50+0800: = 
2026-06-08 14:42:50+0800: Controller: lz-analyze b 10
2026-06-08 14:42:50+0800: =
2026-06-08 14:42:54+0800: Controller: stop
2026-06-08 14:42:54+0800: = 
2026-06-08 14:42:56+0800: Controller: stop
2026-06-08 14:42:56+0800: = 
2026-06-08 14:42:56+0800: Controller: play black C4
2026-06-08 14:42:56+0800: = 
2026-06-08 14:42:56+0800: Controller: kata-set-param maxPlayouts 15
2026-06-08 14:42:56+0800: = 
2026-06-08 14:42:56+0800: Controller: kata-set-param maxVisits 15
2026-06-08 14:42:56+0800: = 
2026-06-08 14:42:56+0800: Controller: kata-set-param chosenMoveTemperature 0.0
2026-06-08 14:42:56+0800: = 
2026-06-08 14:42:56+0800: Controller: kata-set-param humanSLProfile preaz_5k
2026-06-08 14:42:56+0800: = 
2026-06-08 14:42:56+0800: Controller: kata-set-param playoutDoublingAdvantage 0.0
2026-06-08 14:42:56+0800: = 
2026-06-08 14:42:56+0800: Controller: lz-analyze w 10
2026-06-08 14:42:56+0800: =
2026-06-08 14:43:00+0800: Controller: stop
2026-06-08 14:43:00+0800: = 
2026-06-08 14:43:00+0800: Controller: stop
2026-06-08 14:43:00+0800: = 
2026-06-08 14:43:00+0800: Controller: play white B4
2026-06-08 14:43:00+0800: = 
2026-06-08 14:43:00+0800: Controller: stop
2026-06-08 14:43:00+0800: = 
2026-06-08 14:43:03+0800: Controller: kata-set-param humanSLProfile preaz_9d
2026-06-08 14:43:03+0800: = 
2026-06-08 14:43:03+0800: Controller: kata-set-param playoutDoublingAdvantage 2.5
2026-06-08 14:43:03+0800: = 
2026-06-08 14:43:03+0800: Controller: kata-set-param maxPlayouts 100
2026-06-08 14:43:03+0800: = 
2026-06-08 14:43:03+0800: Controller: kata-set-param maxVisits 100
2026-06-08 14:43:03+0800: = 
2026-06-08 14:43:03+0800: Controller: kata-set-param chosenMoveTemperature 0.0
2026-06-08 14:43:03+0800: = 
2026-06-08 14:43:03+0800: Controller: lz-analyze b 10
2026-06-08 14:43:03+0800: =
2026-06-08 14:43:11+0800: Controller: stop
2026-06-08 14:43:11+0800: = 
2026-06-08 14:43:11+0800: Controller: stop
2026-06-08 14:43:11+0800: = 
2026-06-08 14:43:17+0800: Controller: kata-set-param humanSLProfile preaz_9d
2026-06-08 14:43:17+0800: = 
2026-06-08 14:43:17+0800: Controller: kata-set-param playoutDoublingAdvantage 2.5
2026-06-08 14:43:17+0800: = 
2026-06-08 14:43:17+0800: Controller: kata-set-param maxPlayouts 100
2026-06-08 14:43:17+0800: = 
2026-06-08 14:43:17+0800: Controller: kata-set-param maxVisits 100
2026-06-08 14:43:17+0800: = 
2026-06-08 14:43:17+0800: Controller: kata-set-param chosenMoveTemperature 0.0
2026-06-08 14:43:17+0800: = 
2026-06-08 14:43:17+0800: Controller: lz-analyze b 10
2026-06-08 14:43:17+0800: =
2026-06-08 14:43:17+0800: Controller: stop
2026-06-08 14:43:17+0800: = 
2026-06-08 14:43:20+0800: Controller: kata-set-param humanSLProfile preaz_9d
2026-06-08 14:43:20+0800: = 
2026-06-08 14:43:20+0800: Controller: kata-set-param playoutDoublingAdvantage 2.5
2026-06-08 14:43:20+0800: = 
2026-06-08 14:43:20+0800: Controller: kata-set-param maxPlayouts 100
2026-06-08 14:43:20+0800: = 
2026-06-08 14:43:20+0800: Controller: kata-set-param maxVisits 100
2026-06-08 14:43:20+0800: = 
2026-06-08 14:43:20+0800: Controller: kata-set-param chosenMoveTemperature 0.0
2026-06-08 14:43:20+0800: = 
2026-06-08 14:43:20+0800: Controller: lz-analyze b 10
2026-06-08 14:43:20+0800: =
2026-06-08 14:43:21+0800: Controller: stop
2026-06-08 14:43:21+0800: = 
2026-06-08 14:43:22+0800: Controller: kata-set-param humanSLProfile preaz_9d
2026-06-08 14:43:22+0800: = 
2026-06-08 14:43:22+0800: Controller: kata-set-param playoutDoublingAdvantage 2.5
2026-06-08 14:43:22+0800: = 
2026-06-08 14:43:22+0800: Controller: kata-set-param maxPlayouts 100
2026-06-08 14:43:22+0800: = 
2026-06-08 14:43:22+0800: Controller: kata-set-param maxVisits 100
2026-06-08 14:43:22+0800: = 
2026-06-08 14:43:22+0800: Controller: kata-set-param chosenMoveTemperature 0.0
2026-06-08 14:43:22+0800: = 
2026-06-08 14:43:22+0800: Controller: lz-analyze b 10
2026-06-08 14:43:22+0800: =
2026-06-08 14:43:22+0800: Controller: stop
2026-06-08 14:43:22+0800: = 
2026-06-08 14:43:22+0800: Controller: kata-set-param humanSLProfile preaz_9d
2026-06-08 14:43:22+0800: = 
2026-06-08 14:43:22+0800: Controller: kata-set-param playoutDoublingAdvantage 2.5
2026-06-08 14:43:22+0800: = 
2026-06-08 14:43:22+0800: Controller: kata-set-param maxPlayouts 100
2026-06-08 14:43:22+0800: = 
2026-06-08 14:43:22+0800: Controller: kata-set-param maxVisits 100
2026-06-08 14:43:22+0800: = 
2026-06-08 14:43:22+0800: Controller: kata-set-param chosenMoveTemperature 0.0
2026-06-08 14:43:22+0800: = 
2026-06-08 14:43:22+0800: Controller: lz-analyze b 10
2026-06-08 14:43:22+0800: =
2026-06-08 14:43:23+0800: Controller: stop
2026-06-08 14:43:23+0800: = 
2026-06-08 14:43:23+0800: Controller: stop
2026-06-08 14:43:23+0800: = 
2026-06-08 14:43:24+0800: Controller: kata-set-param humanSLProfile preaz_9d
2026-06-08 14:43:24+0800: = 
2026-06-08 14:43:24+0800: Controller: kata-set-param playoutDoublingAdvantage 2.5
2026-06-08 14:43:24+0800: = 
2026-06-08 14:43:24+0800: Controller: kata-set-param maxPlayouts 100
2026-06-08 14:43:24+0800: = 
2026-06-08 14:43:24+0800: Controller: kata-set-param maxVisits 100
2026-06-08 14:43:24+0800: = 
2026-06-08 14:43:24+0800: Controller: kata-set-param chosenMoveTemperature 0.0
2026-06-08 14:43:24+0800: = 
2026-06-08 14:43:24+0800: Controller: lz-analyze b 10
2026-06-08 14:43:24+0800: =
2026-06-08 14:43:24+0800: Controller: stop
2026-06-08 14:43:24+0800: = 
2026-06-08 14:43:25+0800: Controller: stop
2026-06-08 14:43:25+0800: = 
2026-06-08 14:43:25+0800: Controller: play black B5
2026-06-08 14:43:25+0800: = 
2026-06-08 14:43:26+0800: Controller: kata-set-param maxPlayouts 15
2026-06-08 14:43:26+0800: = 
2026-06-08 14:43:26+0800: Controller: kata-set-param maxVisits 15
2026-06-08 14:43:26+0800: = 
2026-06-08 14:43:26+0800: Controller: kata-set-param chosenMoveTemperature 0.0
2026-06-08 14:43:26+0800: = 
2026-06-08 14:43:26+0800: Controller: kata-set-param humanSLProfile preaz_5k
2026-06-08 14:43:26+0800: = 
2026-06-08 14:43:26+0800: Controller: kata-set-param playoutDoublingAdvantage 0.0
2026-06-08 14:43:26+0800: = 
2026-06-08 14:43:26+0800: Controller: lz-analyze w 10
2026-06-08 14:43:26+0800: =
2026-06-08 14:43:27+0800: Controller: stop
2026-06-08 14:43:27+0800: = 
2026-06-08 14:43:27+0800: Controller: stop
2026-06-08 14:43:27+0800: = 
2026-06-08 14:43:27+0800: Controller: play white D4
2026-06-08 14:43:27+0800: = 
2026-06-08 14:43:27+0800: Controller: stop
2026-06-08 14:43:27+0800: = 
2026-06-08 14:43:29+0800: Controller: kata-set-param humanSLProfile preaz_9d
2026-06-08 14:43:29+0800: = 
2026-06-08 14:43:29+0800: Controller: kata-set-param playoutDoublingAdvantage 0.0
2026-06-08 14:43:29+0800: = 
2026-06-08 14:43:29+0800: Controller: kata-set-param maxPlayouts 100
2026-06-08 14:43:29+0800: = 
2026-06-08 14:43:29+0800: Controller: kata-set-param maxVisits 100
2026-06-08 14:43:29+0800: = 
2026-06-08 14:43:29+0800: Controller: kata-set-param chosenMoveTemperature 0.0
2026-06-08 14:43:29+0800: = 
2026-06-08 14:43:29+0800: Controller: lz-analyze b 10
2026-06-08 14:43:29+0800: =
2026-06-08 14:43:32+0800: Controller: stop
2026-06-08 14:43:32+0800: = 
2026-06-08 14:43:32+0800: Controller: stop
2026-06-08 14:43:32+0800: = 
2026-06-08 14:43:43+0800: Controller: stop
2026-06-08 14:43:43+0800: = 
2026-06-08 14:43:43+0800: Controller: play black C3
2026-06-08 14:43:43+0800: = 
2026-06-08 14:43:44+0800: Controller: kata-set-param maxPlayouts 15
2026-06-08 14:43:44+0800: = 
2026-06-08 14:43:44+0800: Controller: kata-set-param maxVisits 15
2026-06-08 14:43:44+0800: = 
2026-06-08 14:43:44+0800: Controller: kata-set-param chosenMoveTemperature 0.0
2026-06-08 14:43:44+0800: = 
2026-06-08 14:43:44+0800: Controller: kata-set-param humanSLProfile preaz_5k
2026-06-08 14:43:44+0800: = 
2026-06-08 14:43:44+0800: Controller: kata-set-param playoutDoublingAdvantage 0.0
2026-06-08 14:43:44+0800: = 
2026-06-08 14:43:44+0800: Controller: lz-analyze w 10
2026-06-08 14:43:44+0800: =
2026-06-08 14:43:45+0800: Controller: stop
2026-06-08 14:43:45+0800: = 
2026-06-08 14:43:45+0800: Controller: stop
2026-06-08 14:43:45+0800: = 
2026-06-08 14:43:45+0800: Controller: play white C5
2026-06-08 14:43:45+0800: = 
2026-06-08 14:43:48+0800: Controller: kata-set-param humanSLProfile preaz_9d
2026-06-08 14:43:48+0800: = 
2026-06-08 14:43:48+0800: Controller: kata-set-param playoutDoublingAdvantage 2.5
2026-06-08 14:43:48+0800: = 
2026-06-08 14:43:48+0800: Controller: kata-set-param maxPlayouts 100
2026-06-08 14:43:48+0800: = 
2026-06-08 14:43:48+0800: Controller: kata-set-param maxVisits 100
2026-06-08 14:43:48+0800: = 
2026-06-08 14:43:48+0800: Controller: kata-set-param chosenMoveTemperature 0.0
2026-06-08 14:43:48+0800: = 
2026-06-08 14:43:48+0800: Controller: lz-analyze b 10
2026-06-08 14:43:48+0800: =
2026-06-08 14:43:49+0800: Controller: stop
2026-06-08 14:43:49+0800: = 
2026-06-08 14:43:49+0800: Controller: stop
2026-06-08 14:43:49+0800: = 
2026-06-08 14:43:51+0800: Controller: stop
2026-06-08 14:43:51+0800: = 
2026-06-08 14:43:51+0800: Controller: play black B6
2026-06-08 14:43:51+0800: = 
2026-06-08 14:43:52+0800: Controller: kata-set-param maxPlayouts 15
2026-06-08 14:43:52+0800: = 
2026-06-08 14:43:52+0800: Controller: kata-set-param maxVisits 15
2026-06-08 14:43:52+0800: = 
2026-06-08 14:43:52+0800: Controller: kata-set-param chosenMoveTemperature 0.0
2026-06-08 14:43:52+0800: = 
2026-06-08 14:43:52+0800: Controller: kata-set-param humanSLProfile preaz_5k
2026-06-08 14:43:52+0800: = 
2026-06-08 14:43:52+0800: Controller: kata-set-param playoutDoublingAdvantage 0.0
2026-06-08 14:43:52+0800: = 
2026-06-08 14:43:52+0800: Controller: lz-analyze w 10
2026-06-08 14:43:52+0800: =
2026-06-08 14:43:56+0800: Controller: stop
2026-06-08 14:43:56+0800: = 
2026-06-08 14:43:56+0800: Controller: stop
2026-06-08 14:43:56+0800: = 
2026-06-08 14:43:56+0800: Controller: play white B3
2026-06-08 14:43:56+0800: = 
2026-06-08 14:43:56+0800: Controller: stop
2026-06-08 14:43:56+0800: = 
2026-06-08 14:43:59+0800: Controller: kata-set-param humanSLProfile preaz_9d
2026-06-08 14:43:59+0800: = 
2026-06-08 14:43:59+0800: Controller: kata-set-param playoutDoublingAdvantage 2.5
2026-06-08 14:43:59+0800: = 
2026-06-08 14:43:59+0800: Controller: kata-set-param maxPlayouts 100
2026-06-08 14:43:59+0800: = 
2026-06-08 14:43:59+0800: Controller: kata-set-param maxVisits 100
2026-06-08 14:43:59+0800: = 
2026-06-08 14:43:59+0800: Controller: kata-set-param chosenMoveTemperature 0.0
2026-06-08 14:43:59+0800: = 
2026-06-08 14:43:59+0800: Controller: lz-analyze b 10
2026-06-08 14:43:59+0800: =
2026-06-08 14:44:02+0800: Controller: stop
2026-06-08 14:44:02+0800: = 
2026-06-08 14:44:02+0800: Controller: stop
2026-06-08 14:44:02+0800: = 
2026-06-08 14:44:04+0800: Controller: stop
2026-06-08 14:44:04+0800: = 
2026-06-08 14:44:04+0800: Controller: play black B2
2026-06-08 14:44:04+0800: = 
2026-06-08 14:44:05+0800: Controller: kata-set-param maxPlayouts 15
2026-06-08 14:44:05+0800: = 
2026-06-08 14:44:05+0800: Controller: kata-set-param maxVisits 15
2026-06-08 14:44:05+0800: = 
2026-06-08 14:44:05+0800: Controller: kata-set-param chosenMoveTemperature 0.0
2026-06-08 14:44:05+0800: = 
2026-06-08 14:44:05+0800: Controller: kata-set-param humanSLProfile preaz_5k
2026-06-08 14:44:05+0800: = 
2026-06-08 14:44:05+0800: Controller: kata-set-param playoutDoublingAdvantage 0.0
2026-06-08 14:44:05+0800: = 
2026-06-08 14:44:05+0800: Controller: lz-analyze w 10
2026-06-08 14:44:05+0800: =
2026-06-08 14:44:06+0800: Controller: stop
2026-06-08 14:44:06+0800: = 
2026-06-08 14:44:06+0800: Controller: stop
2026-06-08 14:44:06+0800: = 
2026-06-08 14:44:06+0800: Controller: play white B7
2026-06-08 14:44:06+0800: = 
2026-06-08 14:44:08+0800: Controller: kata-set-param humanSLProfile preaz_1d
2026-06-08 14:44:08+0800: = 
2026-06-08 14:44:08+0800: Controller: kata-set-param playoutDoublingAdvantage -2.5
2026-06-08 14:44:08+0800: = 
2026-06-08 14:44:08+0800: Controller: kata-set-param maxPlayouts 40
2026-06-08 14:44:08+0800: = 
2026-06-08 14:44:08+0800: Controller: kata-set-param maxVisits 40
2026-06-08 14:44:08+0800: = 
2026-06-08 14:44:08+0800: Controller: kata-set-param chosenMoveTemperature 0.0
2026-06-08 14:44:08+0800: = 
2026-06-08 14:44:08+0800: Controller: lz-analyze b 10
2026-06-08 14:44:08+0800: =
2026-06-08 14:44:11+0800: Controller: stop
2026-06-08 14:44:11+0800: = 
2026-06-08 14:44:11+0800: Controller: stop
2026-06-08 14:44:11+0800: = 
2026-06-08 14:44:13+0800: Controller: stop
2026-06-08 14:44:13+0800: = 
2026-06-08 14:44:13+0800: Controller: play black A3
2026-06-08 14:44:13+0800: = 
2026-06-08 14:44:14+0800: Controller: kata-set-param maxPlayouts 15
2026-06-08 14:44:14+0800: = 
2026-06-08 14:44:14+0800: Controller: kata-set-param maxVisits 15
2026-06-08 14:44:14+0800: = 
2026-06-08 14:44:14+0800: Controller: kata-set-param chosenMoveTemperature 0.0
2026-06-08 14:44:14+0800: = 
2026-06-08 14:44:14+0800: Controller: kata-set-param humanSLProfile preaz_5k
2026-06-08 14:44:14+0800: = 
2026-06-08 14:44:14+0800: Controller: kata-set-param playoutDoublingAdvantage 0.0
2026-06-08 14:44:14+0800: = 
2026-06-08 14:44:14+0800: Controller: lz-analyze w 10
2026-06-08 14:44:14+0800: =
2026-06-08 14:44:16+0800: Controller: stop
2026-06-08 14:44:16+0800: = 
2026-06-08 14:44:16+0800: Controller: stop
2026-06-08 14:44:16+0800: = 
2026-06-08 14:44:16+0800: Controller: play white D3
2026-06-08 14:44:16+0800: = 
2026-06-08 14:44:19+0800: Controller: kata-set-param humanSLProfile preaz_9d
2026-06-08 14:44:19+0800: = 
2026-06-08 14:44:19+0800: Controller: kata-set-param playoutDoublingAdvantage 2.5
2026-06-08 14:44:19+0800: = 
2026-06-08 14:44:19+0800: Controller: kata-set-param maxPlayouts 100
2026-06-08 14:44:19+0800: = 
2026-06-08 14:44:19+0800: Controller: kata-set-param maxVisits 100
2026-06-08 14:44:19+0800: = 
2026-06-08 14:44:19+0800: Controller: kata-set-param chosenMoveTemperature 0.0
2026-06-08 14:44:19+0800: = 
2026-06-08 14:44:19+0800: Controller: lz-analyze b 10
2026-06-08 14:44:19+0800: =
2026-06-08 14:44:23+0800: Controller: stop
2026-06-08 14:44:23+0800: = 
2026-06-08 14:44:23+0800: Controller: stop
2026-06-08 14:44:23+0800: = 
2026-06-08 14:44:24+0800: Controller: stop
2026-06-08 14:44:24+0800: = 
2026-06-08 14:44:24+0800: Controller: play black A4
2026-06-08 14:44:24+0800: = 
2026-06-08 14:44:25+0800: Controller: kata-set-param maxPlayouts 15
2026-06-08 14:44:25+0800: = 
2026-06-08 14:44:25+0800: Controller: kata-set-param maxVisits 15
2026-06-08 14:44:25+0800: = 
2026-06-08 14:44:25+0800: Controller: kata-set-param chosenMoveTemperature 0.0
2026-06-08 14:44:25+0800: = 
2026-06-08 14:44:25+0800: Controller: kata-set-param humanSLProfile preaz_5k
2026-06-08 14:44:25+0800: = 
2026-06-08 14:44:25+0800: Controller: kata-set-param playoutDoublingAdvantage 0.0
2026-06-08 14:44:25+0800: = 
2026-06-08 14:44:25+0800: Controller: lz-analyze w 10
2026-06-08 14:44:25+0800: =
2026-06-08 14:44:27+0800: Controller: stop
2026-06-08 14:44:27+0800: = 
2026-06-08 14:44:27+0800: Controller: stop
2026-06-08 14:44:27+0800: = 
2026-06-08 14:44:27+0800: Controller: play white D5
2026-06-08 14:44:27+0800: = 
2026-06-08 14:44:27+0800: Controller: stop
2026-06-08 14:44:27+0800: = 
2026-06-08 14:44:30+0800: Controller: kata-set-param humanSLProfile preaz_9d
2026-06-08 14:44:30+0800: = 
2026-06-08 14:44:30+0800: Controller: kata-set-param playoutDoublingAdvantage 0.0
2026-06-08 14:44:30+0800: = 
2026-06-08 14:44:30+0800: Controller: kata-set-param maxPlayouts 100
2026-06-08 14:44:30+0800: = 
2026-06-08 14:44:30+0800: Controller: kata-set-param maxVisits 100
2026-06-08 14:44:30+0800: = 
2026-06-08 14:44:30+0800: Controller: kata-set-param chosenMoveTemperature 0.0
2026-06-08 14:44:30+0800: = 
2026-06-08 14:44:30+0800: Controller: lz-analyze b 10
2026-06-08 14:44:30+0800: =
2026-06-08 14:44:33+0800: Controller: stop
2026-06-08 14:44:33+0800: = 
2026-06-08 14:44:33+0800: Controller: stop
2026-06-08 14:44:33+0800: = 
2026-06-08 14:44:36+0800: Controller: stop
2026-06-08 14:44:36+0800: = 
2026-06-08 14:44:36+0800: Controller: play black G5
2026-06-08 14:44:36+0800: = 
2026-06-08 14:44:37+0800: Controller: kata-set-param maxPlayouts 15
2026-06-08 14:44:37+0800: = 
2026-06-08 14:44:37+0800: Controller: kata-set-param maxVisits 15
2026-06-08 14:44:37+0800: = 
2026-06-08 14:44:37+0800: Controller: kata-set-param chosenMoveTemperature 0.0
2026-06-08 14:44:37+0800: = 
2026-06-08 14:44:37+0800: Controller: kata-set-param humanSLProfile preaz_5k
2026-06-08 14:44:37+0800: = 
2026-06-08 14:44:37+0800: Controller: kata-set-param playoutDoublingAdvantage 0.0
2026-06-08 14:44:37+0800: = 
2026-06-08 14:44:37+0800: Controller: lz-analyze w 10
2026-06-08 14:44:37+0800: =
2026-06-08 14:44:39+0800: Controller: stop
2026-06-08 14:44:39+0800: = 
2026-06-08 14:44:39+0800: Controller: stop
2026-06-08 14:44:39+0800: = 
2026-06-08 14:44:39+0800: Controller: play white H4
2026-06-08 14:44:39+0800: = 
2026-06-08 14:44:39+0800: Controller: stop
2026-06-08 14:44:39+0800: = 
2026-06-08 14:44:52+0800: Controller: kata-set-param humanSLProfile preaz_9d
2026-06-08 14:44:52+0800: = 
2026-06-08 14:44:52+0800: Controller: kata-set-param playoutDoublingAdvantage 2.5
2026-06-08 14:44:52+0800: = 
2026-06-08 14:44:52+0800: Controller: kata-set-param maxPlayouts 100
2026-06-08 14:44:52+0800: = 
2026-06-08 14:44:52+0800: Controller: kata-set-param maxVisits 100
2026-06-08 14:44:52+0800: = 
2026-06-08 14:44:52+0800: Controller: kata-set-param chosenMoveTemperature 0.0
2026-06-08 14:44:52+0800: = 
2026-06-08 14:44:52+0800: Controller: lz-analyze b 10
2026-06-08 14:44:52+0800: =
2026-06-08 14:45:00+0800: Controller: stop
2026-06-08 14:45:00+0800: = 
2026-06-08 14:45:00+0800: Controller: stop
2026-06-08 14:45:00+0800: = 
2026-06-08 14:45:06+0800: Controller: stop
2026-06-08 14:45:06+0800: = 
2026-06-08 14:45:06+0800: Controller: play black D8
2026-06-08 14:45:06+0800: = 
2026-06-08 14:45:07+0800: Controller: kata-set-param maxPlayouts 15
2026-06-08 14:45:07+0800: = 
2026-06-08 14:45:07+0800: Controller: kata-set-param maxVisits 15
2026-06-08 14:45:07+0800: = 
2026-06-08 14:45:07+0800: Controller: kata-set-param chosenMoveTemperature 0.0
2026-06-08 14:45:07+0800: = 
2026-06-08 14:45:07+0800: Controller: kata-set-param humanSLProfile preaz_5k
2026-06-08 14:45:07+0800: = 
2026-06-08 14:45:07+0800: Controller: kata-set-param playoutDoublingAdvantage 0.0
2026-06-08 14:45:07+0800: = 
2026-06-08 14:45:07+0800: Controller: lz-analyze w 10
2026-06-08 14:45:07+0800: =
2026-06-08 14:45:12+0800: Controller: stop
2026-06-08 14:45:12+0800: = 
2026-06-08 14:45:12+0800: Controller: stop
2026-06-08 14:45:12+0800: = 
2026-06-08 14:45:12+0800: Controller: play white H5
2026-06-08 14:45:12+0800: = 
2026-06-08 14:45:12+0800: Controller: stop
2026-06-08 14:45:12+0800: = 
2026-06-08 14:45:14+0800: Controller: kata-set-param humanSLProfile preaz_9d
2026-06-08 14:45:14+0800: = 
2026-06-08 14:45:14+0800: Controller: kata-set-param playoutDoublingAdvantage 0.0
2026-06-08 14:45:14+0800: = 
2026-06-08 14:45:14+0800: Controller: kata-set-param maxPlayouts 100
2026-06-08 14:45:14+0800: = 
2026-06-08 14:45:14+0800: Controller: kata-set-param maxVisits 100
2026-06-08 14:45:14+0800: = 
2026-06-08 14:45:14+0800: Controller: kata-set-param chosenMoveTemperature 0.0
2026-06-08 14:45:14+0800: = 
2026-06-08 14:45:14+0800: Controller: lz-analyze b 10
2026-06-08 14:45:14+0800: =
2026-06-08 14:45:17+0800: Controller: stop
2026-06-08 14:45:17+0800: = 
2026-06-08 14:45:25+0800: Controller: stop
2026-06-08 14:45:25+0800: = 
2026-06-08 14:45:25+0800: Controller: play black C7
2026-06-08 14:45:25+0800: = 
2026-06-08 14:45:26+0800: Controller: kata-set-param maxPlayouts 15
2026-06-08 14:45:26+0800: = 
2026-06-08 14:45:26+0800: Controller: kata-set-param maxVisits 15
2026-06-08 14:45:26+0800: = 
2026-06-08 14:45:26+0800: Controller: kata-set-param chosenMoveTemperature 0.0
2026-06-08 14:45:26+0800: = 
2026-06-08 14:45:26+0800: Controller: kata-set-param humanSLProfile preaz_5k
2026-06-08 14:45:26+0800: = 
2026-06-08 14:45:26+0800: Controller: kata-set-param playoutDoublingAdvantage 0.0
2026-06-08 14:45:26+0800: = 
2026-06-08 14:45:26+0800: Controller: lz-analyze w 10
2026-06-08 14:45:26+0800: =
2026-06-08 14:45:29+0800: Controller: stop
2026-06-08 14:45:29+0800: = 
2026-06-08 14:45:29+0800: Controller: stop
2026-06-08 14:45:29+0800: = 
2026-06-08 14:45:29+0800: Controller: play white G6
2026-06-08 14:45:29+0800: = 
2026-06-08 14:45:29+0800: Controller: stop
2026-06-08 14:45:29+0800: = 
2026-06-08 14:45:32+0800: Controller: kata-set-param humanSLProfile preaz_9d
2026-06-08 14:45:32+0800: = 
2026-06-08 14:45:32+0800: Controller: kata-set-param playoutDoublingAdvantage 0.0
2026-06-08 14:45:32+0800: = 
2026-06-08 14:45:32+0800: Controller: kata-set-param maxPlayouts 100
2026-06-08 14:45:32+0800: = 
2026-06-08 14:45:32+0800: Controller: kata-set-param maxVisits 100
2026-06-08 14:45:32+0800: = 
2026-06-08 14:45:32+0800: Controller: kata-set-param chosenMoveTemperature 0.0
2026-06-08 14:45:32+0800: = 
2026-06-08 14:45:32+0800: Controller: lz-analyze b 10
2026-06-08 14:45:32+0800: =
2026-06-08 14:45:36+0800: Controller: stop
2026-06-08 14:45:36+0800: = 
2026-06-08 14:45:56+0800: Controller: kata-set-param humanSLProfile preaz_9d
2026-06-08 14:45:56+0800: = 
2026-06-08 14:45:56+0800: Controller: kata-set-param playoutDoublingAdvantage 2.5
2026-06-08 14:45:56+0800: = 
2026-06-08 14:45:56+0800: Controller: kata-set-param maxPlayouts 100
2026-06-08 14:45:56+0800: = 
2026-06-08 14:45:56+0800: Controller: kata-set-param maxVisits 100
2026-06-08 14:45:56+0800: = 
2026-06-08 14:45:56+0800: Controller: kata-set-param chosenMoveTemperature 0.0
2026-06-08 14:45:56+0800: = 
2026-06-08 14:45:56+0800: Controller: lz-analyze b 10
2026-06-08 14:45:56+0800: =
2026-06-08 14:46:01+0800: Controller: stop
2026-06-08 14:46:01+0800: = 
2026-06-08 14:46:01+0800: Controller: stop
2026-06-08 14:46:01+0800: = 
