2026-06-05 12:43:22+0800: Running with following config:
allowResignation = true
lagBuffer = 1.0
logAllGTPCommunication = true
logDir = gtp_logs
logSearchInfo = true
logSearchInfoForChosenMove = false
logToStderr = false
maxPlayouts = 100
maxTimePondering = 60.0
maxVisits = 100
numSearchThreads = 2
ponderingEnabled = false
resignConsecTurns = 3
resignThreshold = -0.90
rules = tromp-taylor
searchFactorAfterOnePass = 0.50
searchFactorAfterTwoPass = 0.25
searchFactorWhenWinning = 0.40
searchFactorWhenWinningThreshold = 0.95

2026-06-05 12:43:22+0800: GTP Engine starting...
2026-06-05 12:43:22+0800: KataGo v1.16.5
2026-06-05 12:43:22+0800: Using TrompTaylor rules initially, unless GTP/GUI overrides this
2026-06-05 12:43:22+0800: Using 2 CPU thread(s) for search
2026-06-05 12:43:22+0800: nnRandSeed0 = 4804637633283869759
2026-06-05 12:43:22+0800: After dedups: nnModelFile0 = E:/开发/new/围棋/bin/kata9x9-b18c384nbt-20231025.bin.gz useFP16 auto useNHWC auto
2026-06-05 12:43:22+0800: Initializing neural net buffer to be size 19 * 19 exactly
2026-06-05 12:43:23+0800: Eigen (CPU) backend thread 0: Model version 12
2026-06-05 12:43:23+0800: Eigen (CPU) backend thread 0: Model name: kata9x9-b18c384nbt-s6603587840-d252232394
2026-06-05 12:43:23+0800: Eigen (CPU) backend thread 1: Model version 12
2026-06-05 12:43:23+0800: Eigen (CPU) backend thread 1: Model name: kata9x9-b18c384nbt-s6603587840-d252232394
2026-06-05 12:43:24+0800: Loaded neural net with nnXLen 19 nnYLen 19
2026-06-05 12:43:24+0800: Initializing board with boardXSize 19 boardYSize 19
2026-06-05 12:43:24+0800: Loaded config E:/开发/new/围棋/bin/katago.cfg
2026-06-05 12:43:24+0800: Loaded model E:/开发/new/围棋/bin/kata9x9-b18c384nbt-20231025.bin.gz
2026-06-05 12:43:24+0800: Model name: kata9x9-b18c384nbt-s6603587840-d252232394
2026-06-05 12:43:24+0800: GTP ready, beginning main protocol loop
2026-06-05 12:43:24+0800: Controller: boardsize 9
2026-06-05 12:43:24+0800: GPU -1 finishing, processed 0 rows 0 batches
2026-06-05 12:43:24+0800: GPU -1 finishing, processed 0 rows 0 batches
2026-06-05 12:43:24+0800: Cleaned up old neural net and bot
2026-06-05 12:43:24+0800: nnRandSeed0 = 9138493742144726836
2026-06-05 12:43:24+0800: After dedups: nnModelFile0 = E:/开发/new/围棋/bin/kata9x9-b18c384nbt-20231025.bin.gz useFP16 auto useNHWC auto
2026-06-05 12:43:24+0800: Initializing neural net buffer to be size 9 * 9 exactly
2026-06-05 12:43:25+0800: Eigen (CPU) backend thread 0: Model version 12
2026-06-05 12:43:25+0800: Eigen (CPU) backend thread 1: Model version 12
2026-06-05 12:43:25+0800: Eigen (CPU) backend thread 0: Model name: kata9x9-b18c384nbt-s6603587840-d252232394
2026-06-05 12:43:25+0800: Eigen (CPU) backend thread 1: Model name: kata9x9-b18c384nbt-s6603587840-d252232394
2026-06-05 12:43:26+0800: Loaded neural net with nnXLen 9 nnYLen 9
2026-06-05 12:43:26+0800: Initializing board with boardXSize 9 boardYSize 9
2026-06-05 12:43:26+0800: = 
2026-06-05 12:43:26+0800: Controller: komi 7.5
2026-06-05 12:43:26+0800: = 
2026-06-05 12:43:26+0800: Controller: clear_board
2026-06-05 12:43:26+0800: = 
2026-06-05 12:43:26+0800: Controller: boardsize 9
2026-06-05 12:43:26+0800: = 
2026-06-05 12:43:26+0800: Controller: komi 7.5
2026-06-05 12:43:26+0800: = 
2026-06-05 12:43:26+0800: Controller: clear_board
2026-06-05 12:43:26+0800: = 
2026-06-05 12:43:26+0800: Controller: kata-set-param maxPlayouts 100
2026-06-05 12:43:26+0800: = 
2026-06-05 12:43:26+0800: Controller: lz-analyze b 10
2026-06-05 12:43:26+0800: =
2026-06-05 12:43:26+0800: Controller: stop
2026-06-05 12:43:26+0800: = 
2026-06-05 12:43:48+0800: Controller: kata-set-param maxPlayouts 15
2026-06-05 12:43:48+0800: = 
2026-06-05 12:43:48+0800: Controller: genmove white
2026-06-05 12:43:50+0800: MoveNum: 0 HASH: 9F0B2D702FC8448C75410E097F089AEB
   A B C D E F G H J
 9 . . . . . . . . .
 8 . . . . . . . . .
 7 . . . . . . . . .
 6 . . . . . . . . .
 5 . . . . . . . . .
 4 . . . @ . . . . .
 3 . . . . . . . . .
 2 . . . . . . . . .
 1 . . . . . . . . .

koPOSITIONALscoreAREAtaxNONEsui1komi7.5
Time taken: 2.641
Root visits: 15
New playouts: 15
NN rows: 15
NN batches: 15
NN avg batch size: 1
PV: D4 F4 E6 G6
Tree:
: T 114.00c W  99.87c S  14.16c (+14.6 L +14.8) N      15  --  D4 F4 E6 G6
---White(^)---
D4  : T 114.60c W  99.89c S  14.73c (+14.9 L +15.1) LCB  110.22c P 11.56% WF  80.9 PSV      81 N      13  --  D4 F4 E6 G6
D5  : T 111.20c W 100.00c S  11.20c (+13.1 L +13.5) LCB -238.80c P  4.26% WF   6.0 PSV       4 N       1  --  D5

2026-06-05 12:43:50+0800: = D4
2026-06-05 12:43:51+0800: GPU -1 finishing, processed 12 rows 12 batches
2026-06-05 12:43:51+0800: GPU -1 finishing, processed 6 rows 6 batches
2026-06-05 12:43:51+0800: All cleaned up, quitting
