2026-06-06 09:01:59+0800: Running with following config:
allowResignation = true
lagBuffer = 1.0
logAllGTPCommunication = true
logDir = gtp_logs
logSearchInfo = true
logSearchInfoForChosenMove = false
logToStderr = false
lzAnalyzeOutputOwnership = true
maxPlayouts = 100
maxTimePondering = 60.0
maxVisits = 100
numSearchThreads = 2
ponderingEnabled = false
resignConsecTurns = 3
resignThreshold = -0.90
rules = tromp-taylor
searchFactorAfterOnePass = 0.50
searchFactorAfterTwoPass = 0.25
searchFactorWhenWinning = 0.40
searchFactorWhenWinningThreshold = 0.95

2026-06-06 09:01:59+0800: GTP Engine starting...
2026-06-06 09:01:59+0800: KataGo v1.16.5
2026-06-06 09:01:59+0800: Using TrompTaylor rules initially, unless GTP/GUI overrides this
2026-06-06 09:01:59+0800: Using 2 CPU thread(s) for search
2026-06-06 09:01:59+0800: nnRandSeed0 = 4525285045788977130
2026-06-06 09:01:59+0800: After dedups: nnModelFile0 = E:/开发/new/围棋/bin/kata9x9-b18c384nbt-20231025.bin.gz useFP16 auto useNHWC auto
2026-06-06 09:01:59+0800: Initializing neural net buffer to be size 19 * 19 exactly
2026-06-06 09:02:00+0800: Eigen (CPU) backend thread 0: Model version 12
2026-06-06 09:02:00+0800: Eigen (CPU) backend thread 0: Model name: kata9x9-b18c384nbt-s6603587840-d252232394
2026-06-06 09:02:00+0800: Eigen (CPU) backend thread 1: Model version 12
2026-06-06 09:02:00+0800: Eigen (CPU) backend thread 1: Model name: kata9x9-b18c384nbt-s6603587840-d252232394
2026-06-06 09:02:01+0800: Loaded neural net with nnXLen 19 nnYLen 19
2026-06-06 09:02:01+0800: Initializing board with boardXSize 19 boardYSize 19
2026-06-06 09:02:01+0800: --------------
2026-06-06 09:02:01+0800: WARNING: Config had unused keys! You may have a typo, an option you specified is being unused from E:/开发/new/围棋/bin/katago.cfg
2026-06-06 09:02:01+0800: WARNING: Unused key 'lzAnalyzeOutputOwnership' in E:/开发/new/围棋/bin/katago.cfg
2026-06-06 09:02:01+0800: --------------
2026-06-06 09:02:01+0800: Loaded config E:/开发/new/围棋/bin/katago.cfg
2026-06-06 09:02:01+0800: Loaded model E:/开发/new/围棋/bin/kata9x9-b18c384nbt-20231025.bin.gz
2026-06-06 09:02:01+0800: Model name: kata9x9-b18c384nbt-s6603587840-d252232394
2026-06-06 09:02:01+0800: GTP ready, beginning main protocol loop
2026-06-06 09:02:01+0800: Controller: boardsize 9
2026-06-06 09:02:01+0800: GPU -1 finishing, processed 0 rows 0 batches
2026-06-06 09:02:01+0800: GPU -1 finishing, processed 0 rows 0 batches
2026-06-06 09:02:01+0800: Cleaned up old neural net and bot
2026-06-06 09:02:01+0800: nnRandSeed0 = 16143131773579662505
2026-06-06 09:02:01+0800: After dedups: nnModelFile0 = E:/开发/new/围棋/bin/kata9x9-b18c384nbt-20231025.bin.gz useFP16 auto useNHWC auto
2026-06-06 09:02:01+0800: Initializing neural net buffer to be size 9 * 9 exactly
2026-06-06 09:02:02+0800: Eigen (CPU) backend thread 0: Model version 12
2026-06-06 09:02:02+0800: Eigen (CPU) backend thread 0: Model name: kata9x9-b18c384nbt-s6603587840-d252232394
2026-06-06 09:02:02+0800: Eigen (CPU) backend thread 1: Model version 12
2026-06-06 09:02:02+0800: Eigen (CPU) backend thread 1: Model name: kata9x9-b18c384nbt-s6603587840-d252232394
2026-06-06 09:02:03+0800: Loaded neural net with nnXLen 9 nnYLen 9
2026-06-06 09:02:03+0800: Initializing board with boardXSize 9 boardYSize 9
2026-06-06 09:02:03+0800: = 
2026-06-06 09:02:03+0800: Controller: komi 7.5
2026-06-06 09:02:03+0800: = 
2026-06-06 09:02:03+0800: Controller: clear_board
2026-06-06 09:02:03+0800: = 
2026-06-06 09:02:03+0800: Controller: boardsize 9
2026-06-06 09:02:03+0800: = 
2026-06-06 09:02:03+0800: Controller: komi 3.5
2026-06-06 09:02:03+0800: = 
2026-06-06 09:02:03+0800: Controller: clear_board
2026-06-06 09:02:03+0800: = 
2026-06-06 09:02:07+0800: Controller: kata-set-param maxPlayouts 100
2026-06-06 09:02:07+0800: = 
2026-06-06 09:02:07+0800: Controller: kata-set-param maxVisits 100
2026-06-06 09:02:07+0800: = 
2026-06-06 09:02:07+0800: Controller: kata-set-param chosenMoveTemperature 0.0
2026-06-06 09:02:07+0800: = 
2026-06-06 09:02:07+0800: Controller: lz-analyze b 10
2026-06-06 09:02:07+0800: =
2026-06-06 09:02:07+0800: Controller: stop
2026-06-06 09:02:07+0800: = 
2026-06-06 09:02:12+0800: Controller: stop
2026-06-06 09:02:12+0800: = 
2026-06-06 09:02:12+0800: Controller: play black F6
2026-06-06 09:02:12+0800: = 
2026-06-06 09:02:12+0800: Controller: kata-set-param maxPlayouts 15
2026-06-06 09:02:12+0800: = 
2026-06-06 09:02:12+0800: Controller: kata-set-param maxVisits 15
2026-06-06 09:02:12+0800: = 
2026-06-06 09:02:12+0800: Controller: kata-set-param chosenMoveTemperature 0.0
2026-06-06 09:02:12+0800: = 
2026-06-06 09:02:12+0800: Controller: lz-analyze w 10
2026-06-06 09:02:12+0800: =
2026-06-06 09:02:13+0800: Controller: stop
2026-06-06 09:02:13+0800: = 
2026-06-06 09:02:13+0800: Controller: stop
2026-06-06 09:02:13+0800: = 
2026-06-06 09:02:13+0800: Controller: play white F4
2026-06-06 09:02:13+0800: = 
2026-06-06 09:02:15+0800: Controller: kata-set-param maxPlayouts 100
2026-06-06 09:02:15+0800: = 
2026-06-06 09:02:15+0800: Controller: kata-set-param maxVisits 100
2026-06-06 09:02:15+0800: = 
2026-06-06 09:02:15+0800: Controller: kata-set-param chosenMoveTemperature 0.0
2026-06-06 09:02:15+0800: = 
2026-06-06 09:02:15+0800: Controller: lz-analyze b 10
2026-06-06 09:02:15+0800: =
2026-06-06 09:02:16+0800: Controller: stop
2026-06-06 09:02:16+0800: = 
2026-06-06 09:02:20+0800: Controller: stop
2026-06-06 09:02:20+0800: = 
2026-06-06 09:02:20+0800: Controller: play black C4
2026-06-06 09:02:20+0800: = 
2026-06-06 09:02:21+0800: Controller: kata-set-param maxPlayouts 15
2026-06-06 09:02:21+0800: = 
2026-06-06 09:02:21+0800: Controller: kata-set-param maxVisits 15
2026-06-06 09:02:21+0800: = 
2026-06-06 09:02:21+0800: Controller: kata-set-param chosenMoveTemperature 0.0
2026-06-06 09:02:21+0800: = 
2026-06-06 09:02:21+0800: Controller: lz-analyze w 10
2026-06-06 09:02:21+0800: =
2026-06-06 09:02:22+0800: Controller: stop
2026-06-06 09:02:22+0800: = 
2026-06-06 09:02:22+0800: Controller: stop
2026-06-06 09:02:22+0800: = 
2026-06-06 09:02:22+0800: Controller: play white D7
2026-06-06 09:02:22+0800: = 
2026-06-06 09:02:24+0800: Controller: kata-set-param maxPlayouts 100
2026-06-06 09:02:24+0800: = 
2026-06-06 09:02:24+0800: Controller: kata-set-param maxVisits 100
2026-06-06 09:02:24+0800: = 
2026-06-06 09:02:24+0800: Controller: kata-set-param chosenMoveTemperature 0.0
2026-06-06 09:02:24+0800: = 
2026-06-06 09:02:24+0800: Controller: lz-analyze b 10
2026-06-06 09:02:24+0800: =
2026-06-06 09:02:24+0800: Controller: stop
2026-06-06 09:02:24+0800: = 
2026-06-06 09:02:34+0800: Controller: stop
2026-06-06 09:02:34+0800: = 
2026-06-06 09:02:34+0800: Controller: play black G4
2026-06-06 09:02:34+0800: = 
2026-06-06 09:02:35+0800: Controller: kata-set-param maxPlayouts 15
2026-06-06 09:02:35+0800: = 
2026-06-06 09:02:35+0800: Controller: kata-set-param maxVisits 15
2026-06-06 09:02:35+0800: = 
2026-06-06 09:02:35+0800: Controller: kata-set-param chosenMoveTemperature 0.0
2026-06-06 09:02:35+0800: = 
2026-06-06 09:02:35+0800: Controller: lz-analyze w 10
2026-06-06 09:02:35+0800: =
2026-06-06 09:02:35+0800: Controller: stop
2026-06-06 09:02:35+0800: = 
2026-06-06 09:02:35+0800: Controller: stop
2026-06-06 09:02:35+0800: = 
2026-06-06 09:02:35+0800: Controller: play white D5
2026-06-06 09:02:35+0800: = 
2026-06-06 09:02:37+0800: Controller: kata-set-param maxPlayouts 100
2026-06-06 09:02:37+0800: = 
2026-06-06 09:02:37+0800: Controller: kata-set-param maxVisits 100
2026-06-06 09:02:37+0800: = 
2026-06-06 09:02:37+0800: Controller: kata-set-param chosenMoveTemperature 0.0
2026-06-06 09:02:37+0800: = 
2026-06-06 09:02:37+0800: Controller: lz-analyze b 10
2026-06-06 09:02:37+0800: =
2026-06-06 09:02:37+0800: Controller: stop
2026-06-06 09:02:37+0800: = 
2026-06-06 09:02:40+0800: Controller: stop
2026-06-06 09:02:40+0800: = 
2026-06-06 09:02:40+0800: Controller: play black D4
2026-06-06 09:02:40+0800: = 
2026-06-06 09:02:41+0800: Controller: kata-set-param maxPlayouts 15
2026-06-06 09:02:41+0800: = 
2026-06-06 09:02:41+0800: Controller: kata-set-param maxVisits 15
2026-06-06 09:02:41+0800: = 
2026-06-06 09:02:41+0800: Controller: kata-set-param chosenMoveTemperature 0.0
2026-06-06 09:02:41+0800: = 
2026-06-06 09:02:41+0800: Controller: lz-analyze w 10
2026-06-06 09:02:41+0800: =
2026-06-06 09:02:41+0800: Controller: stop
2026-06-06 09:02:41+0800: = 
2026-06-06 09:02:41+0800: Controller: stop
2026-06-06 09:02:41+0800: = 
2026-06-06 09:02:41+0800: Controller: play white G5
2026-06-06 09:02:41+0800: = 
2026-06-06 09:02:41+0800: Controller: stop
2026-06-06 09:02:41+0800: = 
2026-06-06 09:02:42+0800: Controller: kata-set-param maxPlayouts 100
2026-06-06 09:02:42+0800: = 
2026-06-06 09:02:42+0800: Controller: kata-set-param maxVisits 100
2026-06-06 09:02:42+0800: = 
2026-06-06 09:02:42+0800: Controller: kata-set-param chosenMoveTemperature 0.0
2026-06-06 09:02:42+0800: = 
2026-06-06 09:02:42+0800: Controller: lz-analyze b 10
2026-06-06 09:02:42+0800: =
2026-06-06 09:02:43+0800: Controller: stop
2026-06-06 09:02:43+0800: = 
2026-06-06 09:02:44+0800: Controller: stop
2026-06-06 09:02:44+0800: = 
2026-06-06 09:02:44+0800: Controller: play black F5
2026-06-06 09:02:44+0800: = 
2026-06-06 09:02:45+0800: Controller: kata-set-param maxPlayouts 15
2026-06-06 09:02:45+0800: = 
2026-06-06 09:02:45+0800: Controller: kata-set-param maxVisits 15
2026-06-06 09:02:45+0800: = 
2026-06-06 09:02:45+0800: Controller: kata-set-param chosenMoveTemperature 0.0
2026-06-06 09:02:45+0800: = 
2026-06-06 09:02:45+0800: Controller: lz-analyze w 10
2026-06-06 09:02:45+0800: =
2026-06-06 09:02:45+0800: Controller: stop
2026-06-06 09:02:45+0800: = 
2026-06-06 09:02:45+0800: Controller: stop
2026-06-06 09:02:45+0800: = 
2026-06-06 09:02:45+0800: Controller: play white E4
2026-06-06 09:02:45+0800: = 
2026-06-06 09:02:49+0800: Controller: kata-set-param maxPlayouts 100
2026-06-06 09:02:49+0800: = 
2026-06-06 09:02:49+0800: Controller: kata-set-param maxVisits 100
2026-06-06 09:02:49+0800: = 
2026-06-06 09:02:49+0800: Controller: kata-set-param chosenMoveTemperature 0.0
2026-06-06 09:02:49+0800: = 
2026-06-06 09:02:49+0800: Controller: lz-analyze b 10
2026-06-06 09:02:49+0800: =
2026-06-06 09:02:50+0800: Controller: stop
2026-06-06 09:02:50+0800: = 
2026-06-06 09:02:53+0800: Controller: stop
2026-06-06 09:02:53+0800: = 
2026-06-06 09:02:53+0800: Controller: play black E5
2026-06-06 09:02:53+0800: = 
2026-06-06 09:02:53+0800: Controller: kata-set-param maxPlayouts 15
2026-06-06 09:02:53+0800: = 
2026-06-06 09:02:53+0800: Controller: kata-set-param maxVisits 15
2026-06-06 09:02:53+0800: = 
2026-06-06 09:02:53+0800: Controller: kata-set-param chosenMoveTemperature 0.0
2026-06-06 09:02:53+0800: = 
2026-06-06 09:02:53+0800: Controller: lz-analyze w 10
2026-06-06 09:02:53+0800: =
2026-06-06 09:02:54+0800: Controller: stop
2026-06-06 09:02:54+0800: = 
2026-06-06 09:02:54+0800: Controller: stop
2026-06-06 09:02:54+0800: = 
2026-06-06 09:02:54+0800: Controller: play white G6
2026-06-06 09:02:54+0800: = 
2026-06-06 09:02:56+0800: Controller: kata-set-param maxPlayouts 100
2026-06-06 09:02:56+0800: = 
2026-06-06 09:02:56+0800: Controller: kata-set-param maxVisits 100
2026-06-06 09:02:56+0800: = 
2026-06-06 09:02:56+0800: Controller: kata-set-param chosenMoveTemperature 0.0
2026-06-06 09:02:56+0800: = 
2026-06-06 09:02:56+0800: Controller: lz-analyze b 10
2026-06-06 09:02:56+0800: =
2026-06-06 09:02:57+0800: Controller: stop
2026-06-06 09:02:57+0800: = 
2026-06-06 09:02:57+0800: Controller: stop
2026-06-06 09:02:57+0800: = 
2026-06-06 09:02:59+0800: Controller: stop
2026-06-06 09:02:59+0800: = 
2026-06-06 09:02:59+0800: Controller: play black F3
2026-06-06 09:02:59+0800: = 
2026-06-06 09:03:00+0800: Controller: kata-set-param maxPlayouts 15
2026-06-06 09:03:00+0800: = 
2026-06-06 09:03:00+0800: Controller: kata-set-param maxVisits 15
2026-06-06 09:03:00+0800: = 
2026-06-06 09:03:00+0800: Controller: kata-set-param chosenMoveTemperature 0.0
2026-06-06 09:03:00+0800: = 
2026-06-06 09:03:00+0800: Controller: lz-analyze w 10
2026-06-06 09:03:00+0800: =
2026-06-06 09:03:00+0800: Controller: stop
2026-06-06 09:03:00+0800: = 
2026-06-06 09:03:00+0800: Controller: stop
2026-06-06 09:03:00+0800: = 
2026-06-06 09:03:00+0800: Controller: play white E3
2026-06-06 09:03:00+0800: = 
2026-06-06 09:03:02+0800: Controller: kata-set-param maxPlayouts 100
2026-06-06 09:03:02+0800: = 
2026-06-06 09:03:02+0800: Controller: kata-set-param maxVisits 100
2026-06-06 09:03:02+0800: = 
2026-06-06 09:03:02+0800: Controller: kata-set-param chosenMoveTemperature 0.0
2026-06-06 09:03:02+0800: = 
2026-06-06 09:03:02+0800: Controller: lz-analyze b 10
2026-06-06 09:03:02+0800: =
2026-06-06 09:03:02+0800: Controller: stop
2026-06-06 09:03:02+0800: = 
2026-06-06 09:03:03+0800: Controller: stop
2026-06-06 09:03:03+0800: = 
2026-06-06 09:03:03+0800: Controller: play black E2
2026-06-06 09:03:03+0800: = 
2026-06-06 09:03:04+0800: Controller: kata-set-param maxPlayouts 15
2026-06-06 09:03:04+0800: = 
2026-06-06 09:03:04+0800: Controller: kata-set-param maxVisits 15
2026-06-06 09:03:04+0800: = 
2026-06-06 09:03:04+0800: Controller: kata-set-param chosenMoveTemperature 0.0
2026-06-06 09:03:04+0800: = 
2026-06-06 09:03:04+0800: Controller: lz-analyze w 10
2026-06-06 09:03:04+0800: =
2026-06-06 09:03:04+0800: Controller: stop
2026-06-06 09:03:04+0800: = 
2026-06-06 09:03:04+0800: Controller: stop
2026-06-06 09:03:04+0800: = 
2026-06-06 09:03:04+0800: Controller: play white D3
2026-06-06 09:03:04+0800: = 
2026-06-06 09:03:06+0800: Controller: kata-set-param maxPlayouts 100
2026-06-06 09:03:06+0800: = 
2026-06-06 09:03:06+0800: Controller: kata-set-param maxVisits 100
2026-06-06 09:03:06+0800: = 
2026-06-06 09:03:06+0800: Controller: kata-set-param chosenMoveTemperature 0.0
2026-06-06 09:03:06+0800: = 
2026-06-06 09:03:06+0800: Controller: lz-analyze b 10
2026-06-06 09:03:06+0800: =
2026-06-06 09:03:07+0800: Controller: stop
2026-06-06 09:03:07+0800: = 
2026-06-06 09:03:08+0800: Controller: stop
2026-06-06 09:03:08+0800: = 
2026-06-06 09:03:08+0800: Controller: play black C3
2026-06-06 09:03:08+0800: = 
2026-06-06 09:03:08+0800: Controller: kata-set-param maxPlayouts 15
2026-06-06 09:03:08+0800: = 
2026-06-06 09:03:08+0800: Controller: kata-set-param maxVisits 15
2026-06-06 09:03:08+0800: = 
2026-06-06 09:03:08+0800: Controller: kata-set-param chosenMoveTemperature 0.0
2026-06-06 09:03:08+0800: = 
2026-06-06 09:03:08+0800: Controller: lz-analyze w 10
2026-06-06 09:03:08+0800: =
2026-06-06 09:03:09+0800: Controller: stop
2026-06-06 09:03:09+0800: = 
2026-06-06 09:03:09+0800: Controller: stop
2026-06-06 09:03:09+0800: = 
2026-06-06 09:03:09+0800: Controller: play white G7
2026-06-06 09:03:09+0800: = 
2026-06-06 09:03:09+0800: Controller: stop
2026-06-06 09:03:09+0800: = 
2026-06-06 09:03:11+0800: Controller: kata-set-param maxPlayouts 100
2026-06-06 09:03:11+0800: = 
2026-06-06 09:03:11+0800: Controller: kata-set-param maxVisits 100
2026-06-06 09:03:11+0800: = 
2026-06-06 09:03:11+0800: Controller: kata-set-param chosenMoveTemperature 0.0
2026-06-06 09:03:11+0800: = 
2026-06-06 09:03:11+0800: Controller: lz-analyze b 10
2026-06-06 09:03:11+0800: =
2026-06-06 09:03:11+0800: Controller: stop
2026-06-06 09:03:11+0800: = 
2026-06-06 09:03:13+0800: Controller: stop
2026-06-06 09:03:13+0800: = 
2026-06-06 09:03:13+0800: Controller: play black F7
2026-06-06 09:03:13+0800: = 
2026-06-06 09:03:13+0800: Controller: kata-set-param maxPlayouts 15
2026-06-06 09:03:13+0800: = 
2026-06-06 09:03:13+0800: Controller: kata-set-param maxVisits 15
2026-06-06 09:03:13+0800: = 
2026-06-06 09:03:13+0800: Controller: kata-set-param chosenMoveTemperature 0.0
2026-06-06 09:03:13+0800: = 
2026-06-06 09:03:13+0800: Controller: lz-analyze w 10
2026-06-06 09:03:13+0800: =
2026-06-06 09:03:14+0800: Controller: stop
2026-06-06 09:03:14+0800: = 
2026-06-06 09:03:14+0800: Controller: stop
2026-06-06 09:03:14+0800: = 
2026-06-06 09:03:14+0800: Controller: play white D2
2026-06-06 09:03:14+0800: = 
2026-06-06 09:03:15+0800: Controller: kata-set-param maxPlayouts 100
2026-06-06 09:03:15+0800: = 
2026-06-06 09:03:15+0800: Controller: kata-set-param maxVisits 100
2026-06-06 09:03:15+0800: = 
2026-06-06 09:03:15+0800: Controller: kata-set-param chosenMoveTemperature 0.0
2026-06-06 09:03:15+0800: = 
2026-06-06 09:03:15+0800: Controller: lz-analyze b 10
2026-06-06 09:03:15+0800: =
2026-06-06 09:03:16+0800: Controller: stop
2026-06-06 09:03:16+0800: = 
2026-06-06 09:03:16+0800: Controller: stop
2026-06-06 09:03:16+0800: = 
2026-06-06 09:03:17+0800: Controller: stop
2026-06-06 09:03:17+0800: = 
2026-06-06 09:03:17+0800: Controller: play black C2
2026-06-06 09:03:17+0800: = 
2026-06-06 09:03:18+0800: Controller: kata-set-param maxPlayouts 15
2026-06-06 09:03:18+0800: = 
2026-06-06 09:03:18+0800: Controller: kata-set-param maxVisits 15
2026-06-06 09:03:18+0800: = 
2026-06-06 09:03:18+0800: Controller: kata-set-param chosenMoveTemperature 0.0
2026-06-06 09:03:18+0800: = 
2026-06-06 09:03:18+0800: Controller: lz-analyze w 10
2026-06-06 09:03:18+0800: =
2026-06-06 09:03:18+0800: Controller: stop
2026-06-06 09:03:18+0800: = 
2026-06-06 09:03:18+0800: Controller: stop
2026-06-06 09:03:18+0800: = 
2026-06-06 09:03:18+0800: Controller: play white D1
2026-06-06 09:03:18+0800: = 
2026-06-06 09:03:20+0800: Controller: kata-set-param maxPlayouts 100
2026-06-06 09:03:20+0800: = 
2026-06-06 09:03:20+0800: Controller: kata-set-param maxVisits 100
2026-06-06 09:03:20+0800: = 
2026-06-06 09:03:20+0800: Controller: kata-set-param chosenMoveTemperature 0.0
2026-06-06 09:03:20+0800: = 
2026-06-06 09:03:20+0800: Controller: lz-analyze b 10
2026-06-06 09:03:20+0800: =
2026-06-06 09:03:21+0800: Controller: stop
2026-06-06 09:03:21+0800: = 
2026-06-06 09:03:22+0800: Controller: stop
2026-06-06 09:03:22+0800: = 
2026-06-06 09:03:22+0800: Controller: play black E1
2026-06-06 09:03:22+0800: = 
2026-06-06 09:03:22+0800: Controller: kata-set-param maxPlayouts 15
2026-06-06 09:03:22+0800: = 
2026-06-06 09:03:22+0800: Controller: kata-set-param maxVisits 15
2026-06-06 09:03:22+0800: = 
2026-06-06 09:03:22+0800: Controller: kata-set-param chosenMoveTemperature 0.0
2026-06-06 09:03:22+0800: = 
2026-06-06 09:03:22+0800: Controller: lz-analyze w 10
2026-06-06 09:03:22+0800: =
2026-06-06 09:03:23+0800: Controller: stop
2026-06-06 09:03:23+0800: = 
2026-06-06 09:03:23+0800: Controller: stop
2026-06-06 09:03:23+0800: = 
2026-06-06 09:03:23+0800: Controller: play white H4
2026-06-06 09:03:23+0800: = 
2026-06-06 09:03:26+0800: Controller: kata-set-param maxPlayouts 100
2026-06-06 09:03:26+0800: = 
2026-06-06 09:03:26+0800: Controller: kata-set-param maxVisits 100
2026-06-06 09:03:26+0800: = 
2026-06-06 09:03:26+0800: Controller: kata-set-param chosenMoveTemperature 0.0
2026-06-06 09:03:26+0800: = 
2026-06-06 09:03:26+0800: Controller: lz-analyze b 10
2026-06-06 09:03:26+0800: =
2026-06-06 09:03:26+0800: Controller: stop
2026-06-06 09:03:26+0800: = 
2026-06-06 09:03:27+0800: Controller: stop
2026-06-06 09:03:27+0800: = 
2026-06-06 09:03:27+0800: Controller: play black G3
2026-06-06 09:03:27+0800: = 
2026-06-06 09:03:28+0800: Controller: kata-set-param maxPlayouts 15
2026-06-06 09:03:28+0800: = 
2026-06-06 09:03:28+0800: Controller: kata-set-param maxVisits 15
2026-06-06 09:03:28+0800: = 
2026-06-06 09:03:28+0800: Controller: kata-set-param chosenMoveTemperature 0.0
2026-06-06 09:03:28+0800: = 
2026-06-06 09:03:28+0800: Controller: lz-analyze w 10
2026-06-06 09:03:28+0800: =
2026-06-06 09:03:28+0800: Controller: stop
2026-06-06 09:03:28+0800: = 
2026-06-06 09:03:28+0800: Controller: stop
2026-06-06 09:03:28+0800: = 
2026-06-06 09:03:28+0800: Controller: play white F2
2026-06-06 09:03:28+0800: = 
2026-06-06 09:03:28+0800: Controller: stop
2026-06-06 09:03:28+0800: = 
2026-06-06 09:03:29+0800: Controller: kata-set-param maxPlayouts 100
2026-06-06 09:03:29+0800: = 
2026-06-06 09:03:29+0800: Controller: kata-set-param maxVisits 100
2026-06-06 09:03:29+0800: = 
2026-06-06 09:03:29+0800: Controller: kata-set-param chosenMoveTemperature 0.0
2026-06-06 09:03:29+0800: = 
2026-06-06 09:03:29+0800: Controller: lz-analyze b 10
2026-06-06 09:03:29+0800: =
2026-06-06 09:03:30+0800: Controller: stop
2026-06-06 09:03:30+0800: = 
2026-06-06 09:03:30+0800: Controller: stop
2026-06-06 09:03:30+0800: = 
2026-06-06 09:03:30+0800: Controller: play black C1
2026-06-06 09:03:30+0800: = 
2026-06-06 09:03:31+0800: Controller: kata-set-param maxPlayouts 15
2026-06-06 09:03:31+0800: = 
2026-06-06 09:03:31+0800: Controller: kata-set-param maxVisits 15
2026-06-06 09:03:31+0800: = 
2026-06-06 09:03:31+0800: Controller: kata-set-param chosenMoveTemperature 0.0
2026-06-06 09:03:31+0800: = 
2026-06-06 09:03:31+0800: Controller: lz-analyze w 10
2026-06-06 09:03:31+0800: =
2026-06-06 09:03:31+0800: Controller: stop
2026-06-06 09:03:31+0800: = 
2026-06-06 09:03:31+0800: Controller: stop
2026-06-06 09:03:31+0800: = 
2026-06-06 09:03:31+0800: Controller: play white G8
2026-06-06 09:03:31+0800: = 
2026-06-06 09:03:33+0800: Controller: kata-set-param maxPlayouts 100
2026-06-06 09:03:33+0800: = 
2026-06-06 09:03:33+0800: Controller: kata-set-param maxVisits 100
2026-06-06 09:03:33+0800: = 
2026-06-06 09:03:33+0800: Controller: kata-set-param chosenMoveTemperature 0.0
2026-06-06 09:03:33+0800: = 
2026-06-06 09:03:33+0800: Controller: lz-analyze b 10
2026-06-06 09:03:33+0800: =
2026-06-06 09:03:34+0800: Controller: stop
2026-06-06 09:03:34+0800: = 
2026-06-06 09:03:35+0800: Controller: stop
2026-06-06 09:03:35+0800: = 
2026-06-06 09:03:35+0800: Controller: play black F8
2026-06-06 09:03:35+0800: = 
2026-06-06 09:03:35+0800: Controller: kata-set-param maxPlayouts 15
2026-06-06 09:03:35+0800: = 
2026-06-06 09:03:35+0800: Controller: kata-set-param maxVisits 15
2026-06-06 09:03:35+0800: = 
2026-06-06 09:03:35+0800: Controller: kata-set-param chosenMoveTemperature 0.0
2026-06-06 09:03:35+0800: = 
2026-06-06 09:03:35+0800: Controller: lz-analyze w 10
2026-06-06 09:03:35+0800: =
2026-06-06 09:03:36+0800: Controller: stop
2026-06-06 09:03:36+0800: = 
2026-06-06 09:03:36+0800: Controller: stop
2026-06-06 09:03:36+0800: = 
2026-06-06 09:03:36+0800: Controller: play white C5
2026-06-06 09:03:36+0800: = 
2026-06-06 09:03:38+0800: Controller: kata-set-param maxPlayouts 100
2026-06-06 09:03:38+0800: = 
2026-06-06 09:03:38+0800: Controller: kata-set-param maxVisits 100
2026-06-06 09:03:38+0800: = 
2026-06-06 09:03:38+0800: Controller: kata-set-param chosenMoveTemperature 0.0
2026-06-06 09:03:38+0800: = 
2026-06-06 09:03:38+0800: Controller: lz-analyze b 10
2026-06-06 09:03:38+0800: =
2026-06-06 09:03:38+0800: Controller: stop
2026-06-06 09:03:38+0800: = 
2026-06-06 09:03:41+0800: Controller: stop
2026-06-06 09:03:41+0800: = 
2026-06-06 09:03:41+0800: Controller: play black G9
2026-06-06 09:03:41+0800: = 
2026-06-06 09:03:42+0800: Controller: kata-set-param maxPlayouts 15
2026-06-06 09:03:42+0800: = 
2026-06-06 09:03:42+0800: Controller: kata-set-param maxVisits 15
2026-06-06 09:03:42+0800: = 
2026-06-06 09:03:42+0800: Controller: kata-set-param chosenMoveTemperature 0.0
2026-06-06 09:03:42+0800: = 
2026-06-06 09:03:42+0800: Controller: lz-analyze w 10
2026-06-06 09:03:42+0800: =
2026-06-06 09:03:42+0800: Controller: stop
2026-06-06 09:03:42+0800: = 
2026-06-06 09:03:42+0800: Controller: stop
2026-06-06 09:03:42+0800: = 
2026-06-06 09:03:42+0800: Controller: play white H9
2026-06-06 09:03:42+0800: = 
2026-06-06 09:03:43+0800: Controller: kata-set-param maxPlayouts 100
2026-06-06 09:03:43+0800: = 
2026-06-06 09:03:43+0800: Controller: kata-set-param maxVisits 100
2026-06-06 09:03:43+0800: = 
2026-06-06 09:03:43+0800: Controller: kata-set-param chosenMoveTemperature 0.0
2026-06-06 09:03:43+0800: = 
2026-06-06 09:03:43+0800: Controller: lz-analyze b 10
2026-06-06 09:03:43+0800: =
2026-06-06 09:03:44+0800: Controller: stop
2026-06-06 09:03:44+0800: = 
2026-06-06 09:03:45+0800: Controller: stop
2026-06-06 09:03:45+0800: = 
2026-06-06 09:03:45+0800: Controller: play black F9
2026-06-06 09:03:45+0800: = 
2026-06-06 09:03:46+0800: Controller: kata-set-param maxPlayouts 15
2026-06-06 09:03:46+0800: = 
2026-06-06 09:03:46+0800: Controller: kata-set-param maxVisits 15
2026-06-06 09:03:46+0800: = 
2026-06-06 09:03:46+0800: Controller: kata-set-param chosenMoveTemperature 0.0
2026-06-06 09:03:46+0800: = 
2026-06-06 09:03:46+0800: Controller: lz-analyze w 10
2026-06-06 09:03:46+0800: =
2026-06-06 09:03:46+0800: Controller: stop
2026-06-06 09:03:46+0800: = 
2026-06-06 09:03:46+0800: Controller: stop
2026-06-06 09:03:46+0800: = 
2026-06-06 09:03:46+0800: Controller: play white B8
2026-06-06 09:03:46+0800: = 
2026-06-06 09:03:50+0800: Controller: kata-set-param maxPlayouts 100
2026-06-06 09:03:50+0800: = 
2026-06-06 09:03:50+0800: Controller: kata-set-param maxVisits 100
2026-06-06 09:03:50+0800: = 
2026-06-06 09:03:50+0800: Controller: kata-set-param chosenMoveTemperature 0.0
2026-06-06 09:03:50+0800: = 
2026-06-06 09:03:50+0800: Controller: lz-analyze b 10
2026-06-06 09:03:50+0800: =
2026-06-06 09:03:50+0800: Controller: stop
2026-06-06 09:03:50+0800: = 
2026-06-06 09:03:50+0800: Controller: stop
2026-06-06 09:03:50+0800: = 
2026-06-06 09:03:52+0800: Controller: stop
2026-06-06 09:03:52+0800: = 
2026-06-06 09:03:52+0800: Controller: play black H8
2026-06-06 09:03:52+0800: = 
2026-06-06 09:03:53+0800: Controller: kata-set-param maxPlayouts 15
2026-06-06 09:03:53+0800: = 
2026-06-06 09:03:53+0800: Controller: kata-set-param maxVisits 15
2026-06-06 09:03:53+0800: = 
2026-06-06 09:03:53+0800: Controller: kata-set-param chosenMoveTemperature 0.0
2026-06-06 09:03:53+0800: = 
2026-06-06 09:03:53+0800: Controller: lz-analyze w 10
2026-06-06 09:03:53+0800: =
2026-06-06 09:03:54+0800: Controller: stop
2026-06-06 09:03:54+0800: = 
2026-06-06 09:03:54+0800: Controller: stop
2026-06-06 09:03:54+0800: = 
2026-06-06 09:03:54+0800: Controller: play white H3
2026-06-06 09:03:54+0800: = 
2026-06-06 09:03:56+0800: Controller: kata-set-param maxPlayouts 100
2026-06-06 09:03:56+0800: = 
2026-06-06 09:03:56+0800: Controller: kata-set-param maxVisits 100
2026-06-06 09:03:56+0800: = 
2026-06-06 09:03:56+0800: Controller: kata-set-param chosenMoveTemperature 0.0
2026-06-06 09:03:56+0800: = 
2026-06-06 09:03:56+0800: Controller: lz-analyze b 10
2026-06-06 09:03:56+0800: =
2026-06-06 09:03:56+0800: Controller: stop
2026-06-06 09:03:56+0800: = 
2026-06-06 09:03:57+0800: Controller: stop
2026-06-06 09:03:57+0800: = 
2026-06-06 09:03:57+0800: Controller: play black H7
2026-06-06 09:03:57+0800: = 
2026-06-06 09:03:58+0800: Controller: kata-set-param maxPlayouts 15
2026-06-06 09:03:58+0800: = 
2026-06-06 09:03:58+0800: Controller: kata-set-param maxVisits 15
2026-06-06 09:03:58+0800: = 
2026-06-06 09:03:58+0800: Controller: kata-set-param chosenMoveTemperature 0.0
2026-06-06 09:03:58+0800: = 
2026-06-06 09:03:58+0800: Controller: lz-analyze w 10
2026-06-06 09:03:58+0800: =
2026-06-06 09:03:58+0800: Controller: stop
2026-06-06 09:03:58+0800: = 
2026-06-06 09:03:58+0800: Controller: stop
2026-06-06 09:03:58+0800: = 
2026-06-06 09:03:58+0800: Controller: play white H6
2026-06-06 09:03:58+0800: = 
2026-06-06 09:04:03+0800: Controller: kata-set-param maxPlayouts 100
2026-06-06 09:04:03+0800: = 
2026-06-06 09:04:03+0800: Controller: kata-set-param maxVisits 100
2026-06-06 09:04:03+0800: = 
2026-06-06 09:04:03+0800: Controller: kata-set-param chosenMoveTemperature 0.0
2026-06-06 09:04:03+0800: = 
2026-06-06 09:04:03+0800: Controller: lz-analyze b 10
2026-06-06 09:04:03+0800: =
2026-06-06 09:04:03+0800: Controller: stop
2026-06-06 09:04:03+0800: = 
2026-06-06 09:04:04+0800: Controller: stop
2026-06-06 09:04:04+0800: = 
2026-06-06 09:04:04+0800: Controller: play black J6
2026-06-06 09:04:04+0800: = 
2026-06-06 09:04:05+0800: Controller: kata-set-param maxPlayouts 15
2026-06-06 09:04:05+0800: = 
2026-06-06 09:04:05+0800: Controller: kata-set-param maxVisits 15
2026-06-06 09:04:05+0800: = 
2026-06-06 09:04:05+0800: Controller: kata-set-param chosenMoveTemperature 0.0
2026-06-06 09:04:05+0800: = 
2026-06-06 09:04:05+0800: Controller: lz-analyze w 10
2026-06-06 09:04:05+0800: =
2026-06-06 09:04:05+0800: Controller: stop
2026-06-06 09:04:05+0800: = 
2026-06-06 09:04:05+0800: Controller: stop
2026-06-06 09:04:05+0800: = 
2026-06-06 09:04:05+0800: Controller: play white H5
2026-06-06 09:04:05+0800: = 
2026-06-06 09:04:08+0800: Controller: kata-set-param maxPlayouts 100
2026-06-06 09:04:08+0800: = 
2026-06-06 09:04:08+0800: Controller: kata-set-param maxVisits 100
2026-06-06 09:04:08+0800: = 
2026-06-06 09:04:08+0800: Controller: kata-set-param chosenMoveTemperature 0.0
2026-06-06 09:04:08+0800: = 
2026-06-06 09:04:08+0800: Controller: lz-analyze b 10
2026-06-06 09:04:08+0800: =
2026-06-06 09:04:08+0800: Controller: stop
2026-06-06 09:04:08+0800: = 
2026-06-06 09:04:11+0800: Controller: stop
2026-06-06 09:04:11+0800: = 
2026-06-06 09:04:11+0800: Controller: play black B4
2026-06-06 09:04:11+0800: = 
2026-06-06 09:04:12+0800: Controller: kata-set-param maxPlayouts 15
2026-06-06 09:04:12+0800: = 
2026-06-06 09:04:12+0800: Controller: kata-set-param maxVisits 15
2026-06-06 09:04:12+0800: = 
2026-06-06 09:04:12+0800: Controller: kata-set-param chosenMoveTemperature 0.0
2026-06-06 09:04:12+0800: = 
2026-06-06 09:04:12+0800: Controller: lz-analyze w 10
2026-06-06 09:04:12+0800: =
2026-06-06 09:04:12+0800: Controller: stop
2026-06-06 09:04:12+0800: = 
2026-06-06 09:04:12+0800: Controller: stop
2026-06-06 09:04:12+0800: = 
2026-06-06 09:04:12+0800: Controller: play white J8
2026-06-06 09:04:12+0800: = 
2026-06-06 09:04:15+0800: Controller: kata-set-param maxPlayouts 100
2026-06-06 09:04:15+0800: = 
2026-06-06 09:04:15+0800: Controller: kata-set-param maxVisits 100
2026-06-06 09:04:15+0800: = 
2026-06-06 09:04:15+0800: Controller: kata-set-param chosenMoveTemperature 0.0
2026-06-06 09:04:15+0800: = 
2026-06-06 09:04:15+0800: Controller: lz-analyze b 10
2026-06-06 09:04:15+0800: =
2026-06-06 09:04:15+0800: Controller: stop
2026-06-06 09:04:15+0800: = 
2026-06-06 09:04:16+0800: Controller: stop
2026-06-06 09:04:16+0800: = 
2026-06-06 09:04:16+0800: Controller: play black J9
2026-06-06 09:04:16+0800: = 
2026-06-06 09:04:16+0800: Controller: kata-set-param maxPlayouts 15
2026-06-06 09:04:16+0800: = 
2026-06-06 09:04:16+0800: Controller: kata-set-param maxVisits 15
2026-06-06 09:04:16+0800: = 
2026-06-06 09:04:16+0800: Controller: kata-set-param chosenMoveTemperature 0.0
2026-06-06 09:04:16+0800: = 
2026-06-06 09:04:16+0800: Controller: lz-analyze w 10
2026-06-06 09:04:16+0800: =
2026-06-06 09:04:17+0800: Controller: stop
2026-06-06 09:04:17+0800: = 
2026-06-06 09:04:17+0800: Controller: stop
2026-06-06 09:04:17+0800: = 
2026-06-06 09:04:17+0800: Controller: play white B5
2026-06-06 09:04:17+0800: = 
2026-06-06 09:04:17+0800: Controller: stop
2026-06-06 09:04:17+0800: = 
2026-06-06 09:04:20+0800: Controller: kata-set-param maxPlayouts 100
2026-06-06 09:04:20+0800: = 
2026-06-06 09:04:20+0800: Controller: kata-set-param maxVisits 100
2026-06-06 09:04:20+0800: = 
2026-06-06 09:04:20+0800: Controller: kata-set-param chosenMoveTemperature 0.0
2026-06-06 09:04:20+0800: = 
2026-06-06 09:04:20+0800: Controller: lz-analyze b 10
2026-06-06 09:04:20+0800: =
2026-06-06 09:04:20+0800: Controller: stop
2026-06-06 09:04:20+0800: = 
2026-06-06 09:04:21+0800: Controller: stop
2026-06-06 09:04:21+0800: = 
2026-06-06 09:04:21+0800: Controller: play black J7
2026-06-06 09:04:21+0800: = 
2026-06-06 09:04:22+0800: Controller: kata-set-param maxPlayouts 15
2026-06-06 09:04:22+0800: = 
2026-06-06 09:04:22+0800: Controller: kata-set-param maxVisits 15
2026-06-06 09:04:22+0800: = 
2026-06-06 09:04:22+0800: Controller: kata-set-param chosenMoveTemperature 0.0
2026-06-06 09:04:22+0800: = 
2026-06-06 09:04:22+0800: Controller: lz-analyze w 10
2026-06-06 09:04:22+0800: =
2026-06-06 09:04:22+0800: Controller: stop
2026-06-06 09:04:22+0800: = 
2026-06-06 09:04:22+0800: Controller: stop
2026-06-06 09:04:22+0800: = 
2026-06-06 09:04:22+0800: Controller: play white D9
2026-06-06 09:04:22+0800: = 
2026-06-06 09:04:30+0800: Controller: kata-set-param maxPlayouts 100
2026-06-06 09:04:30+0800: = 
2026-06-06 09:04:30+0800: Controller: kata-set-param maxVisits 100
2026-06-06 09:04:30+0800: = 
2026-06-06 09:04:30+0800: Controller: kata-set-param chosenMoveTemperature 0.0
2026-06-06 09:04:30+0800: = 
2026-06-06 09:04:30+0800: Controller: lz-analyze b 10
2026-06-06 09:04:30+0800: =
2026-06-06 09:04:30+0800: Controller: stop
2026-06-06 09:04:30+0800: = 
2026-06-06 09:04:33+0800: Controller: stop
2026-06-06 09:04:33+0800: = 
2026-06-06 09:04:33+0800: Controller: play black A5
2026-06-06 09:04:33+0800: = 
2026-06-06 09:04:34+0800: Controller: kata-set-param maxPlayouts 15
2026-06-06 09:04:34+0800: = 
2026-06-06 09:04:34+0800: Controller: kata-set-param maxVisits 15
2026-06-06 09:04:34+0800: = 
2026-06-06 09:04:34+0800: Controller: kata-set-param chosenMoveTemperature 0.0
2026-06-06 09:04:34+0800: = 
2026-06-06 09:04:34+0800: Controller: lz-analyze w 10
2026-06-06 09:04:34+0800: =
2026-06-06 09:04:34+0800: Controller: stop
2026-06-06 09:04:34+0800: = 
2026-06-06 09:04:34+0800: Controller: stop
2026-06-06 09:04:34+0800: = 
2026-06-06 09:04:34+0800: Controller: play white B6
2026-06-06 09:04:34+0800: = 
2026-06-06 09:04:40+0800: Controller: kata-set-param maxPlayouts 100
2026-06-06 09:04:40+0800: = 
2026-06-06 09:04:40+0800: Controller: kata-set-param maxVisits 100
2026-06-06 09:04:40+0800: = 
2026-06-06 09:04:40+0800: Controller: kata-set-param chosenMoveTemperature 0.0
2026-06-06 09:04:40+0800: = 
2026-06-06 09:04:40+0800: Controller: lz-analyze b 10
2026-06-06 09:04:40+0800: =
2026-06-06 09:04:40+0800: Controller: stop
2026-06-06 09:04:40+0800: = 
2026-06-06 09:04:40+0800: Controller: stop
2026-06-06 09:04:40+0800: = 
2026-06-06 09:04:42+0800: Controller: stop
2026-06-06 09:04:42+0800: = 
2026-06-06 09:04:42+0800: Controller: play black D6
2026-06-06 09:04:42+0800: = 
2026-06-06 09:04:42+0800: Controller: kata-set-param maxPlayouts 15
2026-06-06 09:04:42+0800: = 
2026-06-06 09:04:42+0800: Controller: kata-set-param maxVisits 15
2026-06-06 09:04:42+0800: = 
2026-06-06 09:04:42+0800: Controller: kata-set-param chosenMoveTemperature 0.0
2026-06-06 09:04:42+0800: = 
2026-06-06 09:04:42+0800: Controller: lz-analyze w 10
2026-06-06 09:04:42+0800: =
2026-06-06 09:04:43+0800: Controller: stop
2026-06-06 09:04:43+0800: = 
2026-06-06 09:04:43+0800: Controller: stop
2026-06-06 09:04:43+0800: = 
2026-06-06 09:04:43+0800: Controller: play white A6
2026-06-06 09:04:43+0800: = 
2026-06-06 09:04:45+0800: Controller: kata-set-param maxPlayouts 100
2026-06-06 09:04:45+0800: = 
2026-06-06 09:04:45+0800: Controller: kata-set-param maxVisits 100
2026-06-06 09:04:45+0800: = 
2026-06-06 09:04:45+0800: Controller: kata-set-param chosenMoveTemperature 0.0
2026-06-06 09:04:45+0800: = 
2026-06-06 09:04:45+0800: Controller: lz-analyze b 10
2026-06-06 09:04:45+0800: =
2026-06-06 09:04:45+0800: Controller: stop
2026-06-06 09:04:45+0800: = 
2026-06-06 09:04:46+0800: Controller: stop
2026-06-06 09:04:46+0800: = 
2026-06-06 09:04:46+0800: Controller: play black C7
2026-06-06 09:04:46+0800: = 
2026-06-06 09:04:47+0800: Controller: kata-set-param maxPlayouts 15
2026-06-06 09:04:47+0800: = 
2026-06-06 09:04:47+0800: Controller: kata-set-param maxVisits 15
2026-06-06 09:04:47+0800: = 
2026-06-06 09:04:47+0800: Controller: kata-set-param chosenMoveTemperature 0.0
2026-06-06 09:04:47+0800: = 
2026-06-06 09:04:47+0800: Controller: lz-analyze w 10
2026-06-06 09:04:47+0800: =
2026-06-06 09:04:47+0800: Controller: stop
2026-06-06 09:04:47+0800: = 
2026-06-06 09:04:47+0800: Controller: stop
2026-06-06 09:04:47+0800: = 
2026-06-06 09:04:47+0800: Controller: play white G2
2026-06-06 09:04:47+0800: = 
2026-06-06 09:04:53+0800: Controller: kata-set-param maxPlayouts 100
2026-06-06 09:04:53+0800: = 
2026-06-06 09:04:53+0800: Controller: kata-set-param maxVisits 100
2026-06-06 09:04:53+0800: = 
2026-06-06 09:04:53+0800: Controller: kata-set-param chosenMoveTemperature 0.0
2026-06-06 09:04:53+0800: = 
2026-06-06 09:04:53+0800: Controller: lz-analyze b 10
2026-06-06 09:04:53+0800: =
2026-06-06 09:04:53+0800: Controller: stop
2026-06-06 09:04:53+0800: = 
2026-06-06 09:04:56+0800: Controller: stop
2026-06-06 09:04:56+0800: = 
2026-06-06 09:04:56+0800: Controller: play black C8
2026-06-06 09:04:56+0800: = 
2026-06-06 09:04:56+0800: Controller: kata-set-param maxPlayouts 15
2026-06-06 09:04:56+0800: = 
2026-06-06 09:04:56+0800: Controller: kata-set-param maxVisits 15
2026-06-06 09:04:56+0800: = 
2026-06-06 09:04:56+0800: Controller: kata-set-param chosenMoveTemperature 0.0
2026-06-06 09:04:56+0800: = 
2026-06-06 09:04:56+0800: Controller: lz-analyze w 10
2026-06-06 09:04:56+0800: =
2026-06-06 09:04:57+0800: Controller: stop
2026-06-06 09:04:57+0800: = 
2026-06-06 09:04:57+0800: Controller: stop
2026-06-06 09:04:57+0800: = 
2026-06-06 09:04:57+0800: Controller: play white J2
2026-06-06 09:04:57+0800: = 
2026-06-06 09:04:58+0800: Controller: kata-set-param maxPlayouts 100
2026-06-06 09:04:58+0800: = 
2026-06-06 09:04:58+0800: Controller: kata-set-param maxVisits 100
2026-06-06 09:04:58+0800: = 
2026-06-06 09:04:58+0800: Controller: kata-set-param chosenMoveTemperature 0.0
2026-06-06 09:04:58+0800: = 
2026-06-06 09:04:58+0800: Controller: lz-analyze b 10
2026-06-06 09:04:58+0800: =
2026-06-06 09:04:59+0800: Controller: stop
2026-06-06 09:04:59+0800: = 
2026-06-06 09:05:00+0800: Controller: stop
2026-06-06 09:05:00+0800: = 
2026-06-06 09:05:00+0800: Controller: play black J5
2026-06-06 09:05:00+0800: = 
2026-06-06 09:05:01+0800: Controller: kata-set-param maxPlayouts 15
2026-06-06 09:05:01+0800: = 
2026-06-06 09:05:01+0800: Controller: kata-set-param maxVisits 15
2026-06-06 09:05:01+0800: = 
2026-06-06 09:05:01+0800: Controller: kata-set-param chosenMoveTemperature 0.0
2026-06-06 09:05:01+0800: = 
2026-06-06 09:05:01+0800: Controller: lz-analyze w 10
2026-06-06 09:05:01+0800: =
2026-06-06 09:05:01+0800: Controller: stop
2026-06-06 09:05:01+0800: = 
2026-06-06 09:05:01+0800: Controller: stop
2026-06-06 09:05:01+0800: = 
2026-06-06 09:05:01+0800: Controller: play white H1
2026-06-06 09:05:01+0800: = 
2026-06-06 09:05:05+0800: Controller: kata-set-param maxPlayouts 100
2026-06-06 09:05:05+0800: = 
2026-06-06 09:05:05+0800: Controller: kata-set-param maxVisits 100
2026-06-06 09:05:05+0800: = 
2026-06-06 09:05:05+0800: Controller: kata-set-param chosenMoveTemperature 0.0
2026-06-06 09:05:05+0800: = 
2026-06-06 09:05:05+0800: Controller: lz-analyze b 10
2026-06-06 09:05:05+0800: =
2026-06-06 09:05:06+0800: Controller: stop
2026-06-06 09:05:06+0800: = 
2026-06-06 09:05:06+0800: Controller: stop
2026-06-06 09:05:06+0800: = 
2026-06-06 09:05:06+0800: Controller: stop
2026-06-06 09:05:06+0800: = 
2026-06-06 09:05:06+0800: Controller: play black J4
2026-06-06 09:05:06+0800: = 
2026-06-06 09:05:07+0800: Controller: kata-set-param maxPlayouts 15
2026-06-06 09:05:07+0800: = 
2026-06-06 09:05:07+0800: Controller: kata-set-param maxVisits 15
2026-06-06 09:05:07+0800: = 
2026-06-06 09:05:07+0800: Controller: kata-set-param chosenMoveTemperature 0.0
2026-06-06 09:05:07+0800: = 
2026-06-06 09:05:07+0800: Controller: lz-analyze w 10
2026-06-06 09:05:07+0800: =
2026-06-06 09:05:07+0800: Controller: stop
2026-06-06 09:05:07+0800: = 
2026-06-06 09:05:07+0800: Controller: stop
2026-06-06 09:05:07+0800: = 
2026-06-06 09:05:07+0800: Controller: play white F1
2026-06-06 09:05:07+0800: = 
2026-06-06 09:05:07+0800: Controller: stop
2026-06-06 09:05:07+0800: = 
2026-06-06 09:05:13+0800: Controller: kata-set-param maxPlayouts 100
2026-06-06 09:05:13+0800: = 
2026-06-06 09:05:13+0800: Controller: kata-set-param maxVisits 100
2026-06-06 09:05:13+0800: = 
2026-06-06 09:05:13+0800: Controller: kata-set-param chosenMoveTemperature 0.0
2026-06-06 09:05:13+0800: = 
2026-06-06 09:05:13+0800: Controller: lz-analyze b 10
2026-06-06 09:05:13+0800: =
2026-06-06 09:05:13+0800: Controller: stop
2026-06-06 09:05:13+0800: = 
2026-06-06 09:05:14+0800: Controller: stop
2026-06-06 09:05:14+0800: = 
2026-06-06 09:05:14+0800: Controller: play black J3
2026-06-06 09:05:14+0800: = 
2026-06-06 09:05:15+0800: Controller: kata-set-param maxPlayouts 15
2026-06-06 09:05:15+0800: = 
2026-06-06 09:05:15+0800: Controller: kata-set-param maxVisits 15
2026-06-06 09:05:15+0800: = 
2026-06-06 09:05:15+0800: Controller: kata-set-param chosenMoveTemperature 0.0
2026-06-06 09:05:15+0800: = 
2026-06-06 09:05:15+0800: Controller: lz-analyze w 10
2026-06-06 09:05:15+0800: =
2026-06-06 09:05:15+0800: Controller: stop
2026-06-06 09:05:15+0800: = 
2026-06-06 09:05:15+0800: Controller: stop
2026-06-06 09:05:15+0800: = 
2026-06-06 09:05:15+0800: Controller: play white D8
2026-06-06 09:05:15+0800: = 
2026-06-06 09:05:17+0800: Controller: kata-set-param maxPlayouts 100
2026-06-06 09:05:17+0800: = 
2026-06-06 09:05:17+0800: Controller: kata-set-param maxVisits 100
2026-06-06 09:05:17+0800: = 
2026-06-06 09:05:17+0800: Controller: kata-set-param chosenMoveTemperature 0.0
2026-06-06 09:05:17+0800: = 
2026-06-06 09:05:17+0800: Controller: lz-analyze b 10
2026-06-06 09:05:17+0800: =
2026-06-06 09:05:18+0800: Controller: stop
2026-06-06 09:05:18+0800: = 
2026-06-06 09:05:22+0800: Controller: stop
2026-06-06 09:05:22+0800: = 
2026-06-06 09:05:22+0800: Controller: play black C6
2026-06-06 09:05:22+0800: = 
2026-06-06 09:05:22+0800: Controller: kata-set-param maxPlayouts 15
2026-06-06 09:05:22+0800: = 
2026-06-06 09:05:22+0800: Controller: kata-set-param maxVisits 15
2026-06-06 09:05:22+0800: = 
2026-06-06 09:05:22+0800: Controller: kata-set-param chosenMoveTemperature 0.0
2026-06-06 09:05:22+0800: = 
2026-06-06 09:05:22+0800: Controller: lz-analyze w 10
2026-06-06 09:05:22+0800: =
2026-06-06 09:05:23+0800: Controller: stop
2026-06-06 09:05:23+0800: = 
2026-06-06 09:05:23+0800: Controller: stop
2026-06-06 09:05:23+0800: = 
2026-06-06 09:05:23+0800: Controller: play white H2
2026-06-06 09:05:23+0800: = 
2026-06-06 09:05:24+0800: Controller: kata-set-param maxPlayouts 100
2026-06-06 09:05:24+0800: = 
2026-06-06 09:05:24+0800: Controller: kata-set-param maxVisits 100
2026-06-06 09:05:24+0800: = 
2026-06-06 09:05:24+0800: Controller: kata-set-param chosenMoveTemperature 0.0
2026-06-06 09:05:24+0800: = 
2026-06-06 09:05:24+0800: Controller: lz-analyze b 10
2026-06-06 09:05:24+0800: =
2026-06-06 09:05:25+0800: Controller: stop
2026-06-06 09:05:25+0800: = 
2026-06-06 09:05:25+0800: Controller: stop
2026-06-06 09:05:25+0800: = 
2026-06-06 09:05:25+0800: Controller: play black B7
2026-06-06 09:05:25+0800: = 
2026-06-06 09:05:26+0800: Controller: kata-set-param maxPlayouts 15
2026-06-06 09:05:26+0800: = 
2026-06-06 09:05:26+0800: Controller: kata-set-param maxVisits 15
2026-06-06 09:05:26+0800: = 
2026-06-06 09:05:26+0800: Controller: kata-set-param chosenMoveTemperature 0.0
2026-06-06 09:05:26+0800: = 
2026-06-06 09:05:26+0800: Controller: lz-analyze w 10
2026-06-06 09:05:26+0800: =
2026-06-06 09:05:27+0800: Controller: stop
2026-06-06 09:05:27+0800: = 
2026-06-06 09:05:27+0800: Controller: stop
2026-06-06 09:05:27+0800: = 
2026-06-06 09:05:27+0800: Controller: play white A4
2026-06-06 09:05:27+0800: = 
2026-06-06 09:05:29+0800: Controller: kata-set-param maxPlayouts 100
2026-06-06 09:05:29+0800: = 
2026-06-06 09:05:29+0800: Controller: kata-set-param maxVisits 100
2026-06-06 09:05:29+0800: = 
2026-06-06 09:05:29+0800: Controller: kata-set-param chosenMoveTemperature 0.0
2026-06-06 09:05:29+0800: = 
2026-06-06 09:05:29+0800: Controller: lz-analyze b 10
2026-06-06 09:05:29+0800: =
2026-06-06 09:05:29+0800: Controller: stop
2026-06-06 09:05:29+0800: = 
2026-06-06 09:05:29+0800: Controller: stop
2026-06-06 09:05:29+0800: = 
2026-06-06 09:05:31+0800: Controller: stop
2026-06-06 09:05:31+0800: = 
2026-06-06 09:05:31+0800: Controller: play black A7
2026-06-06 09:05:31+0800: = 
2026-06-06 09:05:31+0800: Controller: kata-set-param maxPlayouts 15
2026-06-06 09:05:31+0800: = 
2026-06-06 09:05:31+0800: Controller: kata-set-param maxVisits 15
2026-06-06 09:05:31+0800: = 
2026-06-06 09:05:31+0800: Controller: kata-set-param chosenMoveTemperature 0.0
2026-06-06 09:05:31+0800: = 
2026-06-06 09:05:31+0800: Controller: lz-analyze w 10
2026-06-06 09:05:31+0800: =
2026-06-06 09:05:32+0800: Controller: stop
2026-06-06 09:05:32+0800: = 
2026-06-06 09:05:32+0800: Controller: stop
2026-06-06 09:05:32+0800: = 
2026-06-06 09:05:32+0800: Controller: play white E3
2026-06-06 09:05:32+0800: = 
2026-06-06 09:05:33+0800: Controller: kata-set-param maxPlayouts 100
2026-06-06 09:05:33+0800: = 
2026-06-06 09:05:33+0800: Controller: kata-set-param maxVisits 100
2026-06-06 09:05:33+0800: = 
2026-06-06 09:05:33+0800: Controller: kata-set-param chosenMoveTemperature 0.0
2026-06-06 09:05:33+0800: = 
2026-06-06 09:05:33+0800: Controller: lz-analyze b 10
2026-06-06 09:05:33+0800: =
2026-06-06 09:05:33+0800: Controller: stop
2026-06-06 09:05:33+0800: = 
2026-06-06 09:05:35+0800: Controller: stop
2026-06-06 09:05:35+0800: = 
2026-06-06 09:05:35+0800: Controller: play black F4
2026-06-06 09:05:35+0800: = 
2026-06-06 09:05:36+0800: Controller: kata-set-param maxPlayouts 15
2026-06-06 09:05:36+0800: = 
2026-06-06 09:05:36+0800: Controller: kata-set-param maxVisits 15
2026-06-06 09:05:36+0800: = 
2026-06-06 09:05:36+0800: Controller: kata-set-param chosenMoveTemperature 0.0
2026-06-06 09:05:36+0800: = 
2026-06-06 09:05:36+0800: Controller: lz-analyze w 10
2026-06-06 09:05:36+0800: =
2026-06-06 09:05:36+0800: Controller: stop
2026-06-06 09:05:36+0800: = 
2026-06-06 09:05:36+0800: Controller: stop
2026-06-06 09:05:36+0800: = 
2026-06-06 09:05:36+0800: Controller: play white D2
2026-06-06 09:05:36+0800: = 
2026-06-06 09:05:38+0800: Controller: kata-set-param maxPlayouts 100
2026-06-06 09:05:38+0800: = 
2026-06-06 09:05:38+0800: Controller: kata-set-param maxVisits 100
2026-06-06 09:05:38+0800: = 
2026-06-06 09:05:38+0800: Controller: kata-set-param chosenMoveTemperature 0.0
2026-06-06 09:05:38+0800: = 
2026-06-06 09:05:38+0800: Controller: lz-analyze b 10
2026-06-06 09:05:38+0800: =
2026-06-06 09:05:38+0800: Controller: stop
2026-06-06 09:05:38+0800: = 
2026-06-06 09:05:38+0800: Controller: stop
2026-06-06 09:05:38+0800: = 
2026-06-06 09:05:41+0800: Controller: stop
2026-06-06 09:05:41+0800: = 
2026-06-06 09:05:41+0800: Controller: play black D1
2026-06-06 09:05:41+0800: = 
2026-06-06 09:05:42+0800: Controller: kata-set-param maxPlayouts 15
2026-06-06 09:05:42+0800: = 
2026-06-06 09:05:42+0800: Controller: kata-set-param maxVisits 15
2026-06-06 09:05:42+0800: = 
2026-06-06 09:05:42+0800: Controller: kata-set-param chosenMoveTemperature 0.0
2026-06-06 09:05:42+0800: = 
2026-06-06 09:05:42+0800: Controller: lz-analyze w 10
2026-06-06 09:05:42+0800: =
2026-06-06 09:05:42+0800: Controller: stop
2026-06-06 09:05:42+0800: = 
2026-06-06 09:05:42+0800: Controller: stop
2026-06-06 09:05:42+0800: = 
2026-06-06 09:05:42+0800: Controller: play white C9
2026-06-06 09:05:42+0800: = 
2026-06-06 09:05:43+0800: Controller: kata-set-param maxPlayouts 100
2026-06-06 09:05:43+0800: = 
2026-06-06 09:05:43+0800: Controller: kata-set-param maxVisits 100
2026-06-06 09:05:43+0800: = 
2026-06-06 09:05:43+0800: Controller: kata-set-param chosenMoveTemperature 0.0
2026-06-06 09:05:43+0800: = 
2026-06-06 09:05:43+0800: Controller: lz-analyze b 10
2026-06-06 09:05:43+0800: =
2026-06-06 09:05:44+0800: Controller: stop
2026-06-06 09:05:44+0800: = 
2026-06-06 09:05:45+0800: Controller: stop
2026-06-06 09:05:45+0800: = 
2026-06-06 09:05:45+0800: Controller: play black A5
2026-06-06 09:05:45+0800: = 
2026-06-06 09:05:46+0800: Controller: kata-set-param maxPlayouts 15
2026-06-06 09:05:46+0800: = 
2026-06-06 09:05:46+0800: Controller: kata-set-param maxVisits 15
2026-06-06 09:05:46+0800: = 
2026-06-06 09:05:46+0800: Controller: kata-set-param chosenMoveTemperature 0.0
2026-06-06 09:05:46+0800: = 
2026-06-06 09:05:46+0800: Controller: lz-analyze w 10
2026-06-06 09:05:46+0800: =
2026-06-06 09:05:46+0800: Controller: stop
2026-06-06 09:05:46+0800: = 
2026-06-06 09:05:46+0800: Controller: stop
2026-06-06 09:05:46+0800: = 
2026-06-06 09:05:46+0800: Controller: play white B9
2026-06-06 09:05:46+0800: = 
2026-06-06 09:05:48+0800: Controller: kata-set-param maxPlayouts 100
2026-06-06 09:05:48+0800: = 
2026-06-06 09:05:48+0800: Controller: kata-set-param maxVisits 100
2026-06-06 09:05:48+0800: = 
2026-06-06 09:05:48+0800: Controller: kata-set-param chosenMoveTemperature 0.0
2026-06-06 09:05:48+0800: = 
2026-06-06 09:05:48+0800: Controller: lz-analyze b 10
2026-06-06 09:05:48+0800: =
2026-06-06 09:05:49+0800: Controller: stop
2026-06-06 09:05:49+0800: = 
2026-06-06 09:05:50+0800: Controller: stop
2026-06-06 09:05:50+0800: = 
2026-06-06 09:05:50+0800: Controller: play black A8
2026-06-06 09:05:50+0800: = 
2026-06-06 09:05:51+0800: Controller: kata-set-param maxPlayouts 15
2026-06-06 09:05:51+0800: = 
2026-06-06 09:05:51+0800: Controller: kata-set-param maxVisits 15
2026-06-06 09:05:51+0800: = 
2026-06-06 09:05:51+0800: Controller: kata-set-param chosenMoveTemperature 0.0
2026-06-06 09:05:51+0800: = 
2026-06-06 09:05:51+0800: Controller: lz-analyze w 10
2026-06-06 09:05:51+0800: =
2026-06-06 09:05:51+0800: Controller: stop
2026-06-06 09:05:51+0800: = 
2026-06-06 09:05:51+0800: Controller: stop
2026-06-06 09:05:51+0800: = 
2026-06-06 09:05:51+0800: Controller: play white A3
2026-06-06 09:05:51+0800: = 
2026-06-06 09:05:54+0800: Controller: kata-set-param maxPlayouts 15
2026-06-06 09:05:54+0800: = 
2026-06-06 09:05:54+0800: Controller: kata-set-param maxVisits 15
2026-06-06 09:05:54+0800: = 
2026-06-06 09:05:54+0800: Controller: kata-set-param chosenMoveTemperature 0.0
2026-06-06 09:05:54+0800: = 
2026-06-06 09:05:54+0800: Controller: lz-analyze w 10
2026-06-06 09:05:54+0800: =
2026-06-06 09:05:54+0800: Controller: stop
2026-06-06 09:05:54+0800: = 
2026-06-06 09:05:54+0800: Controller: stop
2026-06-06 09:05:54+0800: = 
2026-06-06 09:05:54+0800: Controller: play white B5
2026-06-06 09:05:54+0800: = 
2026-06-06 09:05:57+0800: Controller: kata-set-param maxPlayouts 100
2026-06-06 09:05:57+0800: = 
2026-06-06 09:05:57+0800: Controller: kata-set-param maxVisits 100
2026-06-06 09:05:57+0800: = 
2026-06-06 09:05:57+0800: Controller: kata-set-param chosenMoveTemperature 0.0
2026-06-06 09:05:57+0800: = 
2026-06-06 09:05:57+0800: Controller: lz-analyze b 10
2026-06-06 09:05:57+0800: =
2026-06-06 09:05:58+0800: Controller: stop
2026-06-06 09:05:58+0800: = 
2026-06-06 09:05:58+0800: Controller: stop
2026-06-06 09:05:58+0800: = 
2026-06-06 09:06:01+0800: Controller: kata-set-param maxPlayouts 100
2026-06-06 09:06:01+0800: = 
2026-06-06 09:06:01+0800: Controller: kata-set-param maxVisits 100
2026-06-06 09:06:01+0800: = 
2026-06-06 09:06:01+0800: Controller: kata-set-param chosenMoveTemperature 0.0
2026-06-06 09:06:01+0800: = 
2026-06-06 09:06:01+0800: Controller: lz-analyze b 10
2026-06-06 09:06:01+0800: =
2026-06-06 09:06:01+0800: Controller: stop
2026-06-06 09:06:01+0800: = 
2026-06-06 09:06:01+0800: Controller: stop
2026-06-06 09:06:01+0800: = 
2026-06-06 09:06:04+0800: Controller: stop
2026-06-06 09:06:04+0800: = 
2026-06-06 09:06:04+0800: Controller: play black D3
2026-06-06 09:06:04+0800: = 
2026-06-06 09:06:05+0800: Controller: kata-set-param maxPlayouts 15
2026-06-06 09:06:05+0800: = 
2026-06-06 09:06:05+0800: Controller: kata-set-param maxVisits 15
2026-06-06 09:06:05+0800: = 
2026-06-06 09:06:05+0800: Controller: kata-set-param chosenMoveTemperature 0.0
2026-06-06 09:06:05+0800: = 
2026-06-06 09:06:05+0800: Controller: lz-analyze w 10
2026-06-06 09:06:05+0800: =
2026-06-06 09:06:05+0800: Controller: stop
2026-06-06 09:06:05+0800: = 
2026-06-06 09:06:05+0800: Controller: stop
2026-06-06 09:06:05+0800: = 
2026-06-06 09:06:05+0800: Controller: play white A6
2026-06-06 09:06:05+0800: = 
2026-06-06 09:06:07+0800: Controller: kata-set-param maxPlayouts 100
2026-06-06 09:06:07+0800: = 
2026-06-06 09:06:07+0800: Controller: kata-set-param maxVisits 100
2026-06-06 09:06:07+0800: = 
2026-06-06 09:06:07+0800: Controller: kata-set-param chosenMoveTemperature 0.0
2026-06-06 09:06:07+0800: = 
2026-06-06 09:06:07+0800: Controller: lz-analyze b 10
2026-06-06 09:06:07+0800: =
2026-06-06 09:06:08+0800: Controller: stop
2026-06-06 09:06:08+0800: = 
2026-06-06 09:06:09+0800: Controller: stop
2026-06-06 09:06:09+0800: = 
2026-06-06 09:06:09+0800: Controller: play black C5
2026-06-06 09:06:09+0800: = 
2026-06-06 09:06:09+0800: Controller: kata-set-param maxPlayouts 15
2026-06-06 09:06:09+0800: = 
2026-06-06 09:06:09+0800: Controller: kata-set-param maxVisits 15
2026-06-06 09:06:09+0800: = 
2026-06-06 09:06:09+0800: Controller: kata-set-param chosenMoveTemperature 0.0
2026-06-06 09:06:09+0800: = 
2026-06-06 09:06:09+0800: Controller: lz-analyze w 10
2026-06-06 09:06:09+0800: =
2026-06-06 09:06:10+0800: Controller: stop
2026-06-06 09:06:10+0800: = 
2026-06-06 09:06:10+0800: Controller: stop
2026-06-06 09:06:10+0800: = 
2026-06-06 09:06:10+0800: Controller: play white A2
2026-06-06 09:06:10+0800: = 
2026-06-06 09:06:12+0800: Controller: kata-set-param maxPlayouts 100
2026-06-06 09:06:12+0800: = 
2026-06-06 09:06:12+0800: Controller: kata-set-param maxVisits 100
2026-06-06 09:06:12+0800: = 
2026-06-06 09:06:12+0800: Controller: kata-set-param chosenMoveTemperature 0.0
2026-06-06 09:06:12+0800: = 
2026-06-06 09:06:12+0800: Controller: lz-analyze b 10
2026-06-06 09:06:12+0800: =
2026-06-06 09:06:12+0800: Controller: stop
2026-06-06 09:06:12+0800: = 
2026-06-06 09:06:13+0800: Controller: stop
2026-06-06 09:06:13+0800: = 
2026-06-06 09:06:13+0800: Controller: play black B6
2026-06-06 09:06:13+0800: = 
2026-06-06 09:06:14+0800: Controller: kata-set-param maxPlayouts 15
2026-06-06 09:06:14+0800: = 
2026-06-06 09:06:14+0800: Controller: kata-set-param maxVisits 15
2026-06-06 09:06:14+0800: = 
2026-06-06 09:06:14+0800: Controller: kata-set-param chosenMoveTemperature 0.0
2026-06-06 09:06:14+0800: = 
2026-06-06 09:06:14+0800: Controller: lz-analyze w 10
2026-06-06 09:06:14+0800: =
2026-06-06 09:06:14+0800: Controller: stop
2026-06-06 09:06:14+0800: = 
2026-06-06 09:06:14+0800: Controller: stop
2026-06-06 09:06:14+0800: = 
2026-06-06 09:06:14+0800: Controller: play white A1
2026-06-06 09:06:14+0800: = 
2026-06-06 09:06:15+0800: Controller: final_score
2026-06-06 09:06:38+0800: = B+45.5
