2026-06-04 21:46:10+0800: Running with following config:
allowResignation = true
lagBuffer = 1.0
logAllGTPCommunication = true
logDir = gtp_logs
logSearchInfo = true
logSearchInfoForChosenMove = false
logToStderr = false
maxTimePondering = 60.0
maxVisits = 500
numSearchThreads = 6
ponderingEnabled = false
resignConsecTurns = 3
resignThreshold = -0.90
rules = tromp-taylor
searchFactorAfterOnePass = 0.50
searchFactorAfterTwoPass = 0.25
searchFactorWhenWinning = 0.40
searchFactorWhenWinningThreshold = 0.95

2026-06-04 21:46:10+0800: GTP Engine starting...
2026-06-04 21:46:10+0800: KataGo v1.16.5
2026-06-04 21:46:10+0800: Using TrompTaylor rules initially, unless GTP/GUI overrides this
2026-06-04 21:46:10+0800: Using 6 CPU thread(s) for search
2026-06-04 21:46:10+0800: nnRandSeed0 = 12344081432116705578
2026-06-04 21:46:10+0800: After dedups: nnModelFile0 = E:/开发/new/围棋/bin/kata9x9-b18c384nbt-20231025.bin.gz useFP16 auto useNHWC auto
2026-06-04 21:46:10+0800: Initializing neural net buffer to be size 19 * 19 exactly
2026-06-04 21:46:11+0800: Found OpenCL Platform 0: NVIDIA CUDA (NVIDIA Corporation) (OpenCL 3.0 CUDA 13.3.44)
2026-06-04 21:46:11+0800: Found 1 device(s) on platform 0 with type CPU or GPU or Accelerator
2026-06-04 21:46:11+0800: Found OpenCL Platform 1: Intel(R) OpenCL Graphics (Intel(R) Corporation) (OpenCL 3.0 )
2026-06-04 21:46:11+0800: Found 1 device(s) on platform 1 with type CPU or GPU or Accelerator
2026-06-04 21:46:11+0800: Found OpenCL Device 0: NVIDIA GeForce RTX 3070 Ti Laptop GPU (NVIDIA Corporation) (score 11000300)
2026-06-04 21:46:11+0800: Found OpenCL Device 1: Intel(R) Iris(R) Xe Graphics (Intel(R) Corporation) (score 6000300)
2026-06-04 21:46:11+0800: Creating context for OpenCL Platform: NVIDIA CUDA (NVIDIA Corporation) (OpenCL 3.0 CUDA 13.3.44)
2026-06-04 21:46:11+0800: Using OpenCL Device 0: NVIDIA GeForce RTX 3070 Ti Laptop GPU (NVIDIA Corporation) OpenCL 3.0 CUDA (Extensions: cl_khr_global_int32_base_atomics cl_khr_global_int32_extended_atomics cl_khr_local_int32_base_atomics cl_khr_local_int32_extended_atomics cl_khr_fp64 cl_khr_3d_image_writes cl_khr_byte_addressable_store cl_khr_icd cl_khr_gl_sharing cl_nv_compiler_options cl_nv_device_attribute_query cl_nv_pragma_unroll cl_nv_d3d10_sharing cl_khr_d3d10_sharing cl_nv_d3d11_sharing cl_nv_copy_opts cl_nv_create_buffer cl_khr_int64_base_atomics cl_khr_int64_extended_atomics cl_khr_device_uuid cl_khr_pci_bus_info cl_khr_external_semaphore cl_khr_external_memory cl_khr_external_semaphore_win32 cl_khr_external_memory_win32 cl_khr_semaphore)
2026-06-04 21:46:11+0800: No existing tuning parameters found or parseable or valid at: E:\开发\new\围棋\bin/KataGoData/opencltuning/tune11_gpuNVIDIAGeForceRTX3070TiLaptopGPU_x19_y19_c384_mv12.txt
2026-06-04 21:46:11+0800: Performing autotuning
2026-06-04 21:46:11+0800: *** On some systems, this may take several minutes, please be patient ***
2026-06-04 21:46:11+0800: Found OpenCL Platform 0: NVIDIA CUDA (NVIDIA Corporation) (OpenCL 3.0 CUDA 13.3.44)
2026-06-04 21:46:11+0800: Found 1 device(s) on platform 0 with type CPU or GPU or Accelerator
2026-06-04 21:46:11+0800: Found OpenCL Platform 1: Intel(R) OpenCL Graphics (Intel(R) Corporation) (OpenCL 3.0 )
2026-06-04 21:46:11+0800: Found 1 device(s) on platform 1 with type CPU or GPU or Accelerator
2026-06-04 21:46:11+0800: Found OpenCL Device 0: NVIDIA GeForce RTX 3070 Ti Laptop GPU (NVIDIA Corporation) (score 11000300)
2026-06-04 21:46:11+0800: Found OpenCL Device 1: Intel(R) Iris(R) Xe Graphics (Intel(R) Corporation) (score 6000300)
2026-06-04 21:46:11+0800: Creating context for OpenCL Platform: NVIDIA CUDA (NVIDIA Corporation) (OpenCL 3.0 CUDA 13.3.44)
2026-06-04 21:46:11+0800: Using OpenCL Device 0: NVIDIA GeForce RTX 3070 Ti Laptop GPU (NVIDIA Corporation) OpenCL 3.0 CUDA (Extensions: cl_khr_global_int32_base_atomics cl_khr_global_int32_extended_atomics cl_khr_local_int32_base_atomics cl_khr_local_int32_extended_atomics cl_khr_fp64 cl_khr_3d_image_writes cl_khr_byte_addressable_store cl_khr_icd cl_khr_gl_sharing cl_nv_compiler_options cl_nv_device_attribute_query cl_nv_pragma_unroll cl_nv_d3d10_sharing cl_khr_d3d10_sharing cl_nv_d3d11_sharing cl_nv_copy_opts cl_nv_create_buffer cl_khr_int64_base_atomics cl_khr_int64_extended_atomics cl_khr_device_uuid cl_khr_pci_bus_info cl_khr_external_semaphore cl_khr_external_memory cl_khr_external_semaphore_win32 cl_khr_external_memory_win32 cl_khr_semaphore)
2026-06-04 21:46:11+0800: Dummy tuning thread starting
2026-06-04 21:46:11+0800: Creating context for OpenCL Platform: NVIDIA CUDA (NVIDIA Corporation) (OpenCL 3.0 CUDA 13.3.44)
2026-06-04 21:46:11+0800: Using OpenCL Device 0: NVIDIA GeForce RTX 3070 Ti Laptop GPU (NVIDIA Corporation) OpenCL 3.0 CUDA (Extensions: cl_khr_global_int32_base_atomics cl_khr_global_int32_extended_atomics cl_khr_local_int32_base_atomics cl_khr_local_int32_extended_atomics cl_khr_fp64 cl_khr_3d_image_writes cl_khr_byte_addressable_store cl_khr_icd cl_khr_gl_sharing cl_nv_compiler_options cl_nv_device_attribute_query cl_nv_pragma_unroll cl_nv_d3d10_sharing cl_khr_d3d10_sharing cl_nv_d3d11_sharing cl_nv_copy_opts cl_nv_create_buffer cl_khr_int64_base_atomics cl_khr_int64_extended_atomics cl_khr_device_uuid cl_khr_pci_bus_info cl_khr_external_semaphore cl_khr_external_memory cl_khr_external_semaphore_win32 cl_khr_external_memory_win32 cl_khr_semaphore)
