2026-06-05 19:10:25+0800: Running with following config:
allowResignation = true
lagBuffer = 1.0
logAllGTPCommunication = true
logDir = gtp_logs
logSearchInfo = true
logSearchInfoForChosenMove = false
logToStderr = false
maxPlayouts = 100
maxTimePondering = 60.0
maxVisits = 100
numSearchThreads = 2
ponderingEnabled = false
resignConsecTurns = 3
resignThreshold = -0.90
rules = tromp-taylor
searchFactorAfterOnePass = 0.50
searchFactorAfterTwoPass = 0.25
searchFactorWhenWinning = 0.40
searchFactorWhenWinningThreshold = 0.95

2026-06-05 19:10:25+0800: GTP Engine starting...
2026-06-05 19:10:25+0800: KataGo v1.16.5
2026-06-05 19:10:25+0800: Using TrompTaylor rules initially, unless GTP/GUI overrides this
2026-06-05 19:10:25+0800: Using 2 CPU thread(s) for search
2026-06-05 19:10:25+0800: nnRandSeed0 = 2580090224909685015
2026-06-05 19:10:25+0800: After dedups: nnModelFile0 = E:/开发/new/围棋/bin/kata9x9-b18c384nbt-20231025.bin.gz useFP16 auto useNHWC auto
2026-06-05 19:10:25+0800: Initializing neural net buffer to be size 19 * 19 exactly
2026-06-05 19:10:26+0800: Eigen (CPU) backend thread 0: Model version 12
2026-06-05 19:10:26+0800: Eigen (CPU) backend thread 0: Model name: kata9x9-b18c384nbt-s6603587840-d252232394
2026-06-05 19:10:26+0800: Eigen (CPU) backend thread 1: Model version 12
2026-06-05 19:10:26+0800: Eigen (CPU) backend thread 1: Model name: kata9x9-b18c384nbt-s6603587840-d252232394
2026-06-05 19:10:27+0800: Loaded neural net with nnXLen 19 nnYLen 19
2026-06-05 19:10:27+0800: Initializing board with boardXSize 19 boardYSize 19
2026-06-05 19:10:27+0800: Loaded config E:/开发/new/围棋/bin/katago.cfg
2026-06-05 19:10:27+0800: Loaded model E:/开发/new/围棋/bin/kata9x9-b18c384nbt-20231025.bin.gz
2026-06-05 19:10:27+0800: Model name: kata9x9-b18c384nbt-s6603587840-d252232394
2026-06-05 19:10:27+0800: GTP ready, beginning main protocol loop
2026-06-05 19:10:27+0800: Controller: boardsize 9
2026-06-05 19:10:27+0800: GPU -1 finishing, processed 0 rows 0 batches
2026-06-05 19:10:27+0800: GPU -1 finishing, processed 0 rows 0 batches
2026-06-05 19:10:27+0800: Cleaned up old neural net and bot
2026-06-05 19:10:27+0800: nnRandSeed0 = 8651220548687305175
2026-06-05 19:10:27+0800: After dedups: nnModelFile0 = E:/开发/new/围棋/bin/kata9x9-b18c384nbt-20231025.bin.gz useFP16 auto useNHWC auto
2026-06-05 19:10:27+0800: Initializing neural net buffer to be size 9 * 9 exactly
2026-06-05 19:10:28+0800: Eigen (CPU) backend thread 0: Model version 12
2026-06-05 19:10:28+0800: Eigen (CPU) backend thread 0: Model name: kata9x9-b18c384nbt-s6603587840-d252232394
2026-06-05 19:10:28+0800: Eigen (CPU) backend thread 1: Model version 12
2026-06-05 19:10:28+0800: Eigen (CPU) backend thread 1: Model name: kata9x9-b18c384nbt-s6603587840-d252232394
2026-06-05 19:10:28+0800: Loaded neural net with nnXLen 9 nnYLen 9
2026-06-05 19:10:28+0800: Initializing board with boardXSize 9 boardYSize 9
2026-06-05 19:10:28+0800: = 
2026-06-05 19:10:28+0800: Controller: komi 7.5
2026-06-05 19:10:28+0800: = 
2026-06-05 19:10:28+0800: Controller: clear_board
2026-06-05 19:10:28+0800: = 
2026-06-05 19:10:28+0800: Controller: boardsize 9
2026-06-05 19:10:28+0800: = 
2026-06-05 19:10:28+0800: Controller: komi 3.5
2026-06-05 19:10:28+0800: = 
2026-06-05 19:10:28+0800: Controller: clear_board
2026-06-05 19:10:28+0800: = 
2026-06-05 19:10:28+0800: Controller: kata-set-param maxPlayouts 100
2026-06-05 19:10:28+0800: = 
2026-06-05 19:10:28+0800: Controller: kata-set-param maxVisits 100
2026-06-05 19:10:28+0800: = 
2026-06-05 19:10:28+0800: Controller: kata-set-param chosenMoveTemperature 0.0
2026-06-05 19:10:28+0800: = 
2026-06-05 19:10:28+0800: Controller: kata-analyze b 10 ownership true
2026-06-05 19:10:28+0800: =
2026-06-05 19:10:29+0800: Controller: stop
2026-06-05 19:10:29+0800: = 
2026-06-05 19:10:38+0800: Controller: stop
2026-06-05 19:10:38+0800: = 
2026-06-05 19:10:38+0800: Controller: play black F6
2026-06-05 19:10:38+0800: = 
2026-06-05 19:10:39+0800: Controller: kata-set-param maxPlayouts 15
2026-06-05 19:10:39+0800: = 
2026-06-05 19:10:39+0800: Controller: kata-set-param maxVisits 15
2026-06-05 19:10:39+0800: = 
2026-06-05 19:10:39+0800: Controller: kata-set-param chosenMoveTemperature 0.0
2026-06-05 19:10:39+0800: = 
2026-06-05 19:10:39+0800: Controller: lz-analyze w 10
2026-06-05 19:10:39+0800: =
2026-06-05 19:10:39+0800: Controller: stop
2026-06-05 19:10:39+0800: = 
2026-06-05 19:10:39+0800: Controller: stop
2026-06-05 19:10:39+0800: = 
2026-06-05 19:10:39+0800: Controller: play white F4
2026-06-05 19:10:39+0800: = 
2026-06-05 19:10:41+0800: Controller: kata-set-param maxPlayouts 100
2026-06-05 19:10:41+0800: = 
2026-06-05 19:10:41+0800: Controller: kata-set-param maxVisits 100
2026-06-05 19:10:41+0800: = 
2026-06-05 19:10:41+0800: Controller: kata-set-param chosenMoveTemperature 0.0
2026-06-05 19:10:41+0800: = 
2026-06-05 19:10:41+0800: Controller: kata-analyze b 10 ownership true
2026-06-05 19:10:41+0800: =
2026-06-05 19:10:41+0800: Controller: stop
2026-06-05 19:10:41+0800: = 
2026-06-05 19:10:47+0800: Controller: stop
2026-06-05 19:10:47+0800: = 
2026-06-05 19:10:47+0800: Controller: play black C4
2026-06-05 19:10:47+0800: = 
2026-06-05 19:10:48+0800: Controller: kata-set-param maxPlayouts 15
2026-06-05 19:10:48+0800: = 
2026-06-05 19:10:48+0800: Controller: kata-set-param maxVisits 15
2026-06-05 19:10:48+0800: = 
2026-06-05 19:10:48+0800: Controller: kata-set-param chosenMoveTemperature 0.0
2026-06-05 19:10:48+0800: = 
2026-06-05 19:10:48+0800: Controller: lz-analyze w 10
2026-06-05 19:10:48+0800: =
2026-06-05 19:10:48+0800: Controller: stop
2026-06-05 19:10:48+0800: = 
2026-06-05 19:10:48+0800: Controller: stop
2026-06-05 19:10:48+0800: = 
2026-06-05 19:10:48+0800: Controller: play white E5
2026-06-05 19:10:48+0800: = 
2026-06-05 19:10:50+0800: Controller: kata-set-param maxPlayouts 100
2026-06-05 19:10:50+0800: = 
2026-06-05 19:10:50+0800: Controller: kata-set-param maxVisits 100
2026-06-05 19:10:50+0800: = 
2026-06-05 19:10:50+0800: Controller: kata-set-param chosenMoveTemperature 0.0
2026-06-05 19:10:50+0800: = 
2026-06-05 19:10:50+0800: Controller: kata-analyze b 10 ownership true
2026-06-05 19:10:50+0800: =
2026-06-05 19:10:51+0800: Controller: stop
2026-06-05 19:10:51+0800: = 
2026-06-05 19:10:56+0800: Controller: stop
2026-06-05 19:10:56+0800: = 
2026-06-05 19:10:56+0800: Controller: play black C6
2026-06-05 19:10:56+0800: = 
2026-06-05 19:10:57+0800: Controller: kata-set-param maxPlayouts 15
2026-06-05 19:10:57+0800: = 
2026-06-05 19:10:57+0800: Controller: kata-set-param maxVisits 15
2026-06-05 19:10:57+0800: = 
2026-06-05 19:10:57+0800: Controller: kata-set-param chosenMoveTemperature 0.0
2026-06-05 19:10:57+0800: = 
2026-06-05 19:10:57+0800: Controller: lz-analyze w 10
2026-06-05 19:10:57+0800: =
2026-06-05 19:10:57+0800: Controller: stop
2026-06-05 19:10:57+0800: = 
2026-06-05 19:10:57+0800: Controller: stop
2026-06-05 19:10:57+0800: = 
2026-06-05 19:10:57+0800: Controller: play white D7
2026-06-05 19:10:57+0800: = 
2026-06-05 19:11:01+0800: Controller: kata-set-param maxPlayouts 100
2026-06-05 19:11:01+0800: = 
2026-06-05 19:11:01+0800: Controller: kata-set-param maxVisits 100
2026-06-05 19:11:01+0800: = 
2026-06-05 19:11:01+0800: Controller: kata-set-param chosenMoveTemperature 0.0
2026-06-05 19:11:01+0800: = 
2026-06-05 19:11:01+0800: Controller: lz-analyze b 10
2026-06-05 19:11:01+0800: =
2026-06-05 19:11:01+0800: Controller: stop
2026-06-05 19:11:01+0800: = 
2026-06-05 19:11:01+0800: Controller: stop
2026-06-05 19:11:01+0800: = 
2026-06-05 19:11:07+0800: Controller: stop
2026-06-05 19:11:07+0800: = 
2026-06-05 19:11:07+0800: Controller: play black E6
2026-06-05 19:11:07+0800: = 
2026-06-05 19:11:08+0800: Controller: kata-set-param maxPlayouts 15
2026-06-05 19:11:08+0800: = 
2026-06-05 19:11:08+0800: Controller: kata-set-param maxVisits 15
2026-06-05 19:11:08+0800: = 
2026-06-05 19:11:08+0800: Controller: kata-set-param chosenMoveTemperature 0.0
2026-06-05 19:11:08+0800: = 
2026-06-05 19:11:08+0800: Controller: lz-analyze w 10
2026-06-05 19:11:08+0800: =
2026-06-05 19:11:08+0800: Controller: stop
2026-06-05 19:11:08+0800: = 
2026-06-05 19:11:08+0800: Controller: stop
2026-06-05 19:11:08+0800: = 
2026-06-05 19:11:08+0800: Controller: play white G5
2026-06-05 19:11:08+0800: = 
2026-06-05 19:11:14+0800: Controller: kata-set-param maxPlayouts 100
2026-06-05 19:11:14+0800: = 
2026-06-05 19:11:14+0800: Controller: kata-set-param maxVisits 100
2026-06-05 19:11:14+0800: = 
2026-06-05 19:11:14+0800: Controller: kata-set-param chosenMoveTemperature 0.0
2026-06-05 19:11:14+0800: = 
2026-06-05 19:11:14+0800: Controller: lz-analyze b 10
2026-06-05 19:11:14+0800: =
2026-06-05 19:11:14+0800: Controller: stop
2026-06-05 19:11:14+0800: = 
2026-06-05 19:11:19+0800: Controller: stop
2026-06-05 19:11:19+0800: = 
2026-06-05 19:11:19+0800: Controller: play black D6
2026-06-05 19:11:19+0800: = 
2026-06-05 19:11:20+0800: Controller: kata-set-param maxPlayouts 15
2026-06-05 19:11:20+0800: = 
2026-06-05 19:11:20+0800: Controller: kata-set-param maxVisits 15
2026-06-05 19:11:20+0800: = 
2026-06-05 19:11:20+0800: Controller: kata-set-param chosenMoveTemperature 0.0
2026-06-05 19:11:20+0800: = 
2026-06-05 19:11:20+0800: Controller: lz-analyze w 10
2026-06-05 19:11:20+0800: =
2026-06-05 19:11:20+0800: Controller: stop
2026-06-05 19:11:20+0800: = 
2026-06-05 19:11:20+0800: Controller: stop
2026-06-05 19:11:20+0800: = 
2026-06-05 19:11:20+0800: Controller: play white D3
2026-06-05 19:11:20+0800: = 
2026-06-05 19:11:24+0800: Controller: kata-set-param maxPlayouts 100
2026-06-05 19:11:24+0800: = 
2026-06-05 19:11:24+0800: Controller: kata-set-param maxVisits 100
2026-06-05 19:11:24+0800: = 
2026-06-05 19:11:24+0800: Controller: kata-set-param chosenMoveTemperature 0.0
2026-06-05 19:11:24+0800: = 
2026-06-05 19:11:24+0800: Controller: kata-analyze b 10 ownership true
2026-06-05 19:11:24+0800: =
2026-06-05 19:11:24+0800: Controller: stop
2026-06-05 19:11:24+0800: = 
