2026-06-06 13:27:10+0800: Running with following config:
allowResignation = true
analysisOutputOwnership = true
humanSLProfile = preaz_9d
lagBuffer = 1.0
logAllGTPCommunication = true
logDir = gtp_logs
logSearchInfo = true
logSearchInfoForChosenMove = false
logToStderr = false
lzAnalyzeOutputOwnership = true
maxPlayouts = 100
maxTimePondering = 60.0
maxVisits = 100
numSearchThreads = 2
ponderingEnabled = false
resignConsecTurns = 3
resignThreshold = -0.90
rules = tromp-taylor
searchFactorAfterOnePass = 0.50
searchFactorAfterTwoPass = 0.25
searchFactorWhenWinning = 0.40
searchFactorWhenWinningThreshold = 0.95

2026-06-06 13:27:10+0800: GTP Engine starting...
2026-06-06 13:27:10+0800: KataGo v1.16.5
2026-06-06 13:27:10+0800: Using TrompTaylor rules initially, unless GTP/GUI overrides this
2026-06-06 13:27:10+0800: Using 2 CPU thread(s) for search
2026-06-06 13:27:10+0800: nnRandSeed0 = 3256350803602363073
2026-06-06 13:27:10+0800: After dedups: nnModelFile0 = E:/开发/new/围棋/bin/b18c384nbt-humanv0.bin.gz useFP16 auto useNHWC auto
2026-06-06 13:27:10+0800: Initializing neural net buffer to be size 19 * 19 exactly
2026-06-06 13:27:12+0800: Eigen (CPU) backend thread 1: Model version 15
2026-06-06 13:27:12+0800: Eigen (CPU) backend thread 0: Model version 15
2026-06-06 13:27:12+0800: Eigen (CPU) backend thread 1: Model name: b18c384nbt-humanv0
2026-06-06 13:27:12+0800: Eigen (CPU) backend thread 0: Model name: b18c384nbt-humanv0
2026-06-06 13:27:12+0800: Loaded neural net with nnXLen 19 nnYLen 19
2026-06-06 13:27:12+0800: Initializing board with boardXSize 19 boardYSize 19
2026-06-06 13:27:12+0800: --------------
2026-06-06 13:27:12+0800: WARNING: Config had unused keys! You may have a typo, an option you specified is being unused from E:/开发/new/围棋/bin/katago.cfg
2026-06-06 13:27:12+0800: WARNING: Unused key 'analysisOutputOwnership' in E:/开发/new/围棋/bin/katago.cfg
2026-06-06 13:27:12+0800: WARNING: Unused key 'lzAnalyzeOutputOwnership' in E:/开发/new/围棋/bin/katago.cfg
2026-06-06 13:27:12+0800: --------------
2026-06-06 13:27:12+0800: Loaded config E:/开发/new/围棋/bin/katago.cfg
2026-06-06 13:27:12+0800: Loaded model E:/开发/new/围棋/bin/b18c384nbt-humanv0.bin.gz
2026-06-06 13:27:12+0800: Model name: b18c384nbt-humanv0
2026-06-06 13:27:12+0800: GTP ready, beginning main protocol loop
2026-06-06 13:27:12+0800: Controller: boardsize 9
2026-06-06 13:27:12+0800: GPU -1 finishing, processed 0 rows 0 batches
2026-06-06 13:27:12+0800: GPU -1 finishing, processed 0 rows 0 batches
2026-06-06 13:27:12+0800: Cleaned up old neural net and bot
2026-06-06 13:27:12+0800: nnRandSeed0 = 11413639595060148181
2026-06-06 13:27:12+0800: After dedups: nnModelFile0 = E:/开发/new/围棋/bin/b18c384nbt-humanv0.bin.gz useFP16 auto useNHWC auto
2026-06-06 13:27:12+0800: Initializing neural net buffer to be size 9 * 9 exactly
2026-06-06 13:27:13+0800: Eigen (CPU) backend thread 0: Model version 15
2026-06-06 13:27:13+0800: Eigen (CPU) backend thread 0: Model name: b18c384nbt-humanv0
2026-06-06 13:27:13+0800: Eigen (CPU) backend thread 1: Model version 15
2026-06-06 13:27:13+0800: Eigen (CPU) backend thread 1: Model name: b18c384nbt-humanv0
2026-06-06 13:27:14+0800: Loaded neural net with nnXLen 9 nnYLen 9
2026-06-06 13:27:14+0800: Initializing board with boardXSize 9 boardYSize 9
2026-06-06 13:27:14+0800: = 
2026-06-06 13:27:14+0800: Controller: komi 7.5
2026-06-06 13:27:14+0800: = 
2026-06-06 13:27:14+0800: Controller: clear_board
2026-06-06 13:27:14+0800: = 
2026-06-06 13:27:14+0800: Controller: boardsize 9
2026-06-06 13:27:14+0800: = 
2026-06-06 13:27:14+0800: Controller: komi 3.5
2026-06-06 13:27:14+0800: = 
2026-06-06 13:27:14+0800: Controller: clear_board
2026-06-06 13:27:14+0800: = 
2026-06-06 13:27:16+0800: Controller: kata-set-param humanSLProfile preaz_9d
2026-06-06 13:27:16+0800: = 
2026-06-06 13:27:16+0800: Controller: kata-set-param maxPlayouts 100
2026-06-06 13:27:16+0800: = 
2026-06-06 13:27:16+0800: Controller: kata-set-param maxVisits 100
2026-06-06 13:27:16+0800: = 
2026-06-06 13:27:16+0800: Controller: kata-set-param chosenMoveTemperature 0.0
2026-06-06 13:27:16+0800: = 
2026-06-06 13:27:16+0800: Controller: lz-analyze b 10
2026-06-06 13:27:16+0800: =
2026-06-06 13:27:17+0800: Controller: stop
2026-06-06 13:27:17+0800: = 
2026-06-06 13:27:19+0800: Controller: stop
2026-06-06 13:27:19+0800: = 
2026-06-06 13:27:19+0800: Controller: play black E5
2026-06-06 13:27:19+0800: = 
2026-06-06 13:27:19+0800: Controller: kata-set-param maxPlayouts 4
2026-06-06 13:27:19+0800: = 
2026-06-06 13:27:19+0800: Controller: kata-set-param maxVisits 4
2026-06-06 13:27:19+0800: = 
2026-06-06 13:27:19+0800: Controller: kata-set-param chosenMoveTemperature 0.0
2026-06-06 13:27:19+0800: = 
2026-06-06 13:27:19+0800: Controller: kata-set-param humanSLProfile preaz_15k
2026-06-06 13:27:19+0800: = 
2026-06-06 13:27:19+0800: Controller: kata-set-param playoutDoublingAdvantage -2.5
2026-06-06 13:27:19+0800: = 
2026-06-06 13:27:19+0800: Controller: lz-analyze w 10
2026-06-06 13:27:19+0800: =
2026-06-06 13:27:20+0800: Controller: stop
2026-06-06 13:27:20+0800: = 
2026-06-06 13:27:20+0800: Controller: stop
2026-06-06 13:27:20+0800: = 
2026-06-06 13:27:20+0800: Controller: play white G3
2026-06-06 13:27:20+0800: = 
2026-06-06 13:27:21+0800: Controller: kata-set-param humanSLProfile preaz_5d
2026-06-06 13:27:21+0800: = 
2026-06-06 13:27:21+0800: Controller: kata-set-param maxPlayouts 60
2026-06-06 13:27:21+0800: = 
2026-06-06 13:27:21+0800: Controller: kata-set-param maxVisits 60
2026-06-06 13:27:21+0800: = 
2026-06-06 13:27:21+0800: Controller: kata-set-param chosenMoveTemperature 0.0
2026-06-06 13:27:21+0800: = 
2026-06-06 13:27:21+0800: Controller: lz-analyze b 10
2026-06-06 13:27:21+0800: =
2026-06-06 13:27:22+0800: Controller: stop
2026-06-06 13:27:22+0800: = 
2026-06-06 13:27:22+0800: Controller: stop
2026-06-06 13:27:22+0800: = 
2026-06-06 13:27:23+0800: Controller: stop
2026-06-06 13:27:23+0800: = 
2026-06-06 13:27:23+0800: Controller: play black G5
2026-06-06 13:27:23+0800: = 
2026-06-06 13:27:24+0800: Controller: kata-set-param maxPlayouts 4
2026-06-06 13:27:24+0800: = 
2026-06-06 13:27:24+0800: Controller: kata-set-param maxVisits 4
2026-06-06 13:27:24+0800: = 
2026-06-06 13:27:24+0800: Controller: kata-set-param chosenMoveTemperature 0.0
2026-06-06 13:27:24+0800: = 
2026-06-06 13:27:24+0800: Controller: kata-set-param humanSLProfile preaz_15k
2026-06-06 13:27:24+0800: = 
2026-06-06 13:27:24+0800: Controller: kata-set-param playoutDoublingAdvantage -2.5
2026-06-06 13:27:24+0800: = 
2026-06-06 13:27:24+0800: Controller: lz-analyze w 10
2026-06-06 13:27:24+0800: =
2026-06-06 13:27:24+0800: Controller: stop
2026-06-06 13:27:24+0800: = 
2026-06-06 13:27:24+0800: Controller: stop
2026-06-06 13:27:24+0800: = 
2026-06-06 13:27:24+0800: Controller: play white E3
2026-06-06 13:27:24+0800: = 
2026-06-06 13:27:27+0800: Controller: kata-set-param humanSLProfile preaz_9d
2026-06-06 13:27:27+0800: = 
2026-06-06 13:27:27+0800: Controller: kata-set-param maxPlayouts 100
2026-06-06 13:27:27+0800: = 
2026-06-06 13:27:27+0800: Controller: kata-set-param maxVisits 100
2026-06-06 13:27:27+0800: = 
2026-06-06 13:27:27+0800: Controller: kata-set-param chosenMoveTemperature 0.0
2026-06-06 13:27:27+0800: = 
2026-06-06 13:27:27+0800: Controller: lz-analyze b 10
2026-06-06 13:27:27+0800: =
2026-06-06 13:27:27+0800: Controller: stop
2026-06-06 13:27:27+0800: = 
2026-06-06 13:27:27+0800: Controller: stop
2026-06-06 13:27:27+0800: = 
2026-06-06 13:27:30+0800: Controller: stop
2026-06-06 13:27:30+0800: = 
2026-06-06 13:27:30+0800: Controller: play black D3
2026-06-06 13:27:30+0800: = 
2026-06-06 13:27:31+0800: Controller: kata-set-param maxPlayouts 4
2026-06-06 13:27:31+0800: = 
2026-06-06 13:27:31+0800: Controller: kata-set-param maxVisits 4
2026-06-06 13:27:31+0800: = 
2026-06-06 13:27:31+0800: Controller: kata-set-param chosenMoveTemperature 0.0
2026-06-06 13:27:31+0800: = 
2026-06-06 13:27:31+0800: Controller: kata-set-param humanSLProfile preaz_15k
2026-06-06 13:27:31+0800: = 
2026-06-06 13:27:31+0800: Controller: kata-set-param playoutDoublingAdvantage -2.5
2026-06-06 13:27:31+0800: = 
2026-06-06 13:27:31+0800: Controller: lz-analyze w 10
2026-06-06 13:27:31+0800: =
2026-06-06 13:27:31+0800: Controller: stop
2026-06-06 13:27:31+0800: = 
2026-06-06 13:27:31+0800: Controller: stop
2026-06-06 13:27:31+0800: = 
2026-06-06 13:27:31+0800: Controller: play white C7
2026-06-06 13:27:31+0800: = 
2026-06-06 13:27:34+0800: Controller: kata-set-param humanSLProfile preaz_9d
2026-06-06 13:27:34+0800: = 
2026-06-06 13:27:34+0800: Controller: kata-set-param maxPlayouts 100
2026-06-06 13:27:34+0800: = 
2026-06-06 13:27:34+0800: Controller: kata-set-param maxVisits 100
2026-06-06 13:27:34+0800: = 
2026-06-06 13:27:34+0800: Controller: kata-set-param chosenMoveTemperature 0.0
2026-06-06 13:27:34+0800: = 
2026-06-06 13:27:34+0800: Controller: lz-analyze b 10
2026-06-06 13:27:34+0800: =
2026-06-06 13:27:34+0800: Controller: stop
2026-06-06 13:27:34+0800: = 
2026-06-06 13:27:36+0800: Controller: stop
2026-06-06 13:27:36+0800: = 
2026-06-06 13:27:36+0800: Controller: play black E2
2026-06-06 13:27:36+0800: = 
2026-06-06 13:27:37+0800: Controller: kata-set-param maxPlayouts 4
2026-06-06 13:27:37+0800: = 
2026-06-06 13:27:37+0800: Controller: kata-set-param maxVisits 4
2026-06-06 13:27:37+0800: = 
2026-06-06 13:27:37+0800: Controller: kata-set-param chosenMoveTemperature 0.0
2026-06-06 13:27:37+0800: = 
2026-06-06 13:27:37+0800: Controller: kata-set-param humanSLProfile preaz_15k
2026-06-06 13:27:37+0800: = 
2026-06-06 13:27:37+0800: Controller: kata-set-param playoutDoublingAdvantage -2.5
2026-06-06 13:27:37+0800: = 
2026-06-06 13:27:37+0800: Controller: lz-analyze w 10
2026-06-06 13:27:37+0800: =
2026-06-06 13:27:37+0800: Controller: stop
2026-06-06 13:27:37+0800: = 
2026-06-06 13:27:37+0800: Controller: stop
2026-06-06 13:27:37+0800: = 
2026-06-06 13:27:37+0800: Controller: play white F3
2026-06-06 13:27:37+0800: = 
2026-06-06 13:27:39+0800: Controller: kata-set-param humanSLProfile preaz_9d
2026-06-06 13:27:39+0800: = 
2026-06-06 13:27:39+0800: Controller: kata-set-param maxPlayouts 100
2026-06-06 13:27:39+0800: = 
2026-06-06 13:27:39+0800: Controller: kata-set-param maxVisits 100
2026-06-06 13:27:39+0800: = 
2026-06-06 13:27:39+0800: Controller: kata-set-param chosenMoveTemperature 0.0
2026-06-06 13:27:39+0800: = 
2026-06-06 13:27:39+0800: Controller: lz-analyze b 10
2026-06-06 13:27:39+0800: =
2026-06-06 13:27:39+0800: Controller: stop
2026-06-06 13:27:39+0800: = 
2026-06-06 13:27:41+0800: Controller: stop
2026-06-06 13:27:41+0800: = 
2026-06-06 13:27:41+0800: Controller: play black D4
2026-06-06 13:27:41+0800: = 
2026-06-06 13:27:42+0800: Controller: kata-set-param maxPlayouts 4
2026-06-06 13:27:42+0800: = 
2026-06-06 13:27:42+0800: Controller: kata-set-param maxVisits 4
2026-06-06 13:27:42+0800: = 
2026-06-06 13:27:42+0800: Controller: kata-set-param chosenMoveTemperature 0.0
2026-06-06 13:27:42+0800: = 
2026-06-06 13:27:42+0800: Controller: kata-set-param humanSLProfile preaz_15k
2026-06-06 13:27:42+0800: = 
2026-06-06 13:27:42+0800: Controller: kata-set-param playoutDoublingAdvantage -2.5
2026-06-06 13:27:42+0800: = 
2026-06-06 13:27:42+0800: Controller: lz-analyze w 10
2026-06-06 13:27:42+0800: =
2026-06-06 13:27:42+0800: Controller: stop
2026-06-06 13:27:42+0800: = 
2026-06-06 13:27:42+0800: Controller: stop
2026-06-06 13:27:42+0800: = 
2026-06-06 13:27:42+0800: Controller: play white G7
2026-06-06 13:27:42+0800: = 
2026-06-06 13:27:45+0800: Controller: kata-set-param humanSLProfile preaz_9d
2026-06-06 13:27:45+0800: = 
2026-06-06 13:27:45+0800: Controller: kata-set-param maxPlayouts 100
2026-06-06 13:27:45+0800: = 
2026-06-06 13:27:45+0800: Controller: kata-set-param maxVisits 100
2026-06-06 13:27:45+0800: = 
2026-06-06 13:27:45+0800: Controller: kata-set-param chosenMoveTemperature 0.0
2026-06-06 13:27:45+0800: = 
2026-06-06 13:27:45+0800: Controller: lz-analyze b 10
2026-06-06 13:27:45+0800: =
2026-06-06 13:27:45+0800: Controller: stop
2026-06-06 13:27:45+0800: = 
2026-06-06 13:27:47+0800: Controller: stop
2026-06-06 13:27:47+0800: = 
2026-06-06 13:27:47+0800: Controller: play black E7
2026-06-06 13:27:47+0800: = 
2026-06-06 13:27:48+0800: Controller: kata-set-param maxPlayouts 4
2026-06-06 13:27:48+0800: = 
2026-06-06 13:27:48+0800: Controller: kata-set-param maxVisits 4
2026-06-06 13:27:48+0800: = 
2026-06-06 13:27:48+0800: Controller: kata-set-param chosenMoveTemperature 0.0
2026-06-06 13:27:48+0800: = 
2026-06-06 13:27:48+0800: Controller: kata-set-param humanSLProfile preaz_15k
2026-06-06 13:27:48+0800: = 
2026-06-06 13:27:48+0800: Controller: kata-set-param playoutDoublingAdvantage -2.5
2026-06-06 13:27:48+0800: = 
2026-06-06 13:27:48+0800: Controller: lz-analyze w 10
2026-06-06 13:27:48+0800: =
2026-06-06 13:27:48+0800: Controller: stop
2026-06-06 13:27:48+0800: = 
2026-06-06 13:27:48+0800: Controller: stop
2026-06-06 13:27:48+0800: = 
2026-06-06 13:27:48+0800: Controller: play white C5
2026-06-06 13:27:48+0800: = 
2026-06-06 13:27:52+0800: Controller: kata-set-param humanSLProfile preaz_1k
2026-06-06 13:27:52+0800: = 
2026-06-06 13:27:52+0800: Controller: kata-set-param maxPlayouts 25
2026-06-06 13:27:52+0800: = 
2026-06-06 13:27:52+0800: Controller: kata-set-param maxVisits 25
2026-06-06 13:27:52+0800: = 
2026-06-06 13:27:52+0800: Controller: kata-set-param chosenMoveTemperature 0.0
2026-06-06 13:27:52+0800: = 
2026-06-06 13:27:52+0800: Controller: lz-analyze b 10
2026-06-06 13:27:52+0800: =
2026-06-06 13:27:52+0800: Controller: stop
2026-06-06 13:27:52+0800: = 
2026-06-06 13:27:56+0800: Controller: stop
2026-06-06 13:27:56+0800: = 
2026-06-06 13:27:56+0800: Controller: play black G6
2026-06-06 13:27:56+0800: = 
2026-06-06 13:27:57+0800: Controller: kata-set-param maxPlayouts 4
2026-06-06 13:27:57+0800: = 
2026-06-06 13:27:57+0800: Controller: kata-set-param maxVisits 4
2026-06-06 13:27:57+0800: = 
2026-06-06 13:27:57+0800: Controller: kata-set-param chosenMoveTemperature 0.0
2026-06-06 13:27:57+0800: = 
2026-06-06 13:27:57+0800: Controller: kata-set-param humanSLProfile preaz_15k
2026-06-06 13:27:57+0800: = 
2026-06-06 13:27:57+0800: Controller: kata-set-param playoutDoublingAdvantage -2.5
2026-06-06 13:27:57+0800: = 
2026-06-06 13:27:57+0800: Controller: lz-analyze w 10
2026-06-06 13:27:57+0800: =
2026-06-06 13:27:57+0800: Controller: stop
2026-06-06 13:27:57+0800: = 
2026-06-06 13:27:57+0800: Controller: stop
2026-06-06 13:27:57+0800: = 
2026-06-06 13:27:57+0800: Controller: play white F7
2026-06-06 13:27:57+0800: = 
2026-06-06 13:27:59+0800: Controller: kata-set-param humanSLProfile preaz_5d
2026-06-06 13:27:59+0800: = 
2026-06-06 13:27:59+0800: Controller: kata-set-param maxPlayouts 60
2026-06-06 13:27:59+0800: = 
2026-06-06 13:27:59+0800: Controller: kata-set-param maxVisits 60
2026-06-06 13:27:59+0800: = 
2026-06-06 13:27:59+0800: Controller: kata-set-param chosenMoveTemperature 0.0
2026-06-06 13:27:59+0800: = 
2026-06-06 13:27:59+0800: Controller: lz-analyze b 10
2026-06-06 13:27:59+0800: =
2026-06-06 13:27:59+0800: Controller: stop
2026-06-06 13:27:59+0800: = 
2026-06-06 13:28:01+0800: Controller: stop
2026-06-06 13:28:01+0800: = 
2026-06-06 13:28:01+0800: Controller: play black D7
2026-06-06 13:28:01+0800: = 
2026-06-06 13:28:02+0800: Controller: kata-set-param maxPlayouts 4
2026-06-06 13:28:02+0800: = 
2026-06-06 13:28:02+0800: Controller: kata-set-param maxVisits 4
2026-06-06 13:28:02+0800: = 
2026-06-06 13:28:02+0800: Controller: kata-set-param chosenMoveTemperature 0.0
2026-06-06 13:28:02+0800: = 
2026-06-06 13:28:02+0800: Controller: kata-set-param humanSLProfile preaz_15k
2026-06-06 13:28:02+0800: = 
2026-06-06 13:28:02+0800: Controller: kata-set-param playoutDoublingAdvantage -2.5
2026-06-06 13:28:02+0800: = 
2026-06-06 13:28:02+0800: Controller: lz-analyze w 10
2026-06-06 13:28:02+0800: =
2026-06-06 13:28:02+0800: Controller: stop
2026-06-06 13:28:02+0800: = 
2026-06-06 13:28:02+0800: Controller: stop
2026-06-06 13:28:02+0800: = 
2026-06-06 13:28:02+0800: Controller: play white E8
2026-06-06 13:28:02+0800: = 
2026-06-06 13:28:04+0800: Controller: kata-set-param humanSLProfile preaz_9d
2026-06-06 13:28:04+0800: = 
2026-06-06 13:28:04+0800: Controller: kata-set-param maxPlayouts 100
2026-06-06 13:28:04+0800: = 
2026-06-06 13:28:04+0800: Controller: kata-set-param maxVisits 100
2026-06-06 13:28:04+0800: = 
2026-06-06 13:28:04+0800: Controller: kata-set-param chosenMoveTemperature 0.0
2026-06-06 13:28:04+0800: = 
2026-06-06 13:28:04+0800: Controller: lz-analyze b 10
2026-06-06 13:28:04+0800: =
2026-06-06 13:28:05+0800: Controller: stop
2026-06-06 13:28:05+0800: = 
2026-06-06 13:28:06+0800: Controller: stop
2026-06-06 13:28:06+0800: = 
2026-06-06 13:28:06+0800: Controller: play black D8
2026-06-06 13:28:06+0800: = 
2026-06-06 13:28:06+0800: Controller: kata-set-param maxPlayouts 4
2026-06-06 13:28:06+0800: = 
2026-06-06 13:28:06+0800: Controller: kata-set-param maxVisits 4
2026-06-06 13:28:06+0800: = 
2026-06-06 13:28:06+0800: Controller: kata-set-param chosenMoveTemperature 0.0
2026-06-06 13:28:06+0800: = 
2026-06-06 13:28:06+0800: Controller: kata-set-param humanSLProfile preaz_15k
2026-06-06 13:28:06+0800: = 
2026-06-06 13:28:06+0800: Controller: kata-set-param playoutDoublingAdvantage -2.5
2026-06-06 13:28:06+0800: = 
2026-06-06 13:28:06+0800: Controller: lz-analyze w 10
2026-06-06 13:28:06+0800: =
2026-06-06 13:28:07+0800: Controller: stop
2026-06-06 13:28:07+0800: = 
2026-06-06 13:28:07+0800: Controller: stop
2026-06-06 13:28:07+0800: = 
2026-06-06 13:28:07+0800: Controller: play white F8
2026-06-06 13:28:07+0800: = 
2026-06-06 13:28:07+0800: Controller: stop
2026-06-06 13:28:07+0800: = 
2026-06-06 13:28:09+0800: Controller: kata-set-param humanSLProfile preaz_9d
2026-06-06 13:28:09+0800: = 
2026-06-06 13:28:09+0800: Controller: kata-set-param maxPlayouts 100
2026-06-06 13:28:09+0800: = 
2026-06-06 13:28:09+0800: Controller: kata-set-param maxVisits 100
2026-06-06 13:28:09+0800: = 
2026-06-06 13:28:09+0800: Controller: kata-set-param chosenMoveTemperature 0.0
2026-06-06 13:28:09+0800: = 
2026-06-06 13:28:09+0800: Controller: lz-analyze b 10
2026-06-06 13:28:09+0800: =
2026-06-06 13:28:09+0800: Controller: stop
2026-06-06 13:28:09+0800: = 
2026-06-06 13:28:11+0800: Controller: stop
2026-06-06 13:28:11+0800: = 
2026-06-06 13:28:11+0800: Controller: play black C8
2026-06-06 13:28:11+0800: = 
2026-06-06 13:28:12+0800: Controller: kata-set-param maxPlayouts 4
2026-06-06 13:28:12+0800: = 
2026-06-06 13:28:12+0800: Controller: kata-set-param maxVisits 4
2026-06-06 13:28:12+0800: = 
2026-06-06 13:28:12+0800: Controller: kata-set-param chosenMoveTemperature 0.0
2026-06-06 13:28:12+0800: = 
2026-06-06 13:28:12+0800: Controller: kata-set-param humanSLProfile preaz_15k
2026-06-06 13:28:12+0800: = 
2026-06-06 13:28:12+0800: Controller: kata-set-param playoutDoublingAdvantage -2.5
2026-06-06 13:28:12+0800: = 
2026-06-06 13:28:12+0800: Controller: lz-analyze w 10
2026-06-06 13:28:12+0800: =
2026-06-06 13:28:12+0800: Controller: stop
2026-06-06 13:28:12+0800: = 
2026-06-06 13:28:12+0800: Controller: stop
2026-06-06 13:28:12+0800: = 
2026-06-06 13:28:12+0800: Controller: play white C6
2026-06-06 13:28:12+0800: = 
2026-06-06 13:28:14+0800: Controller: kata-set-param humanSLProfile preaz_9d
2026-06-06 13:28:14+0800: = 
2026-06-06 13:28:14+0800: Controller: kata-set-param maxPlayouts 100
2026-06-06 13:28:14+0800: = 
2026-06-06 13:28:14+0800: Controller: kata-set-param maxVisits 100
2026-06-06 13:28:14+0800: = 
2026-06-06 13:28:14+0800: Controller: kata-set-param chosenMoveTemperature 0.0
2026-06-06 13:28:14+0800: = 
2026-06-06 13:28:14+0800: Controller: lz-analyze b 10
2026-06-06 13:28:14+0800: =
2026-06-06 13:28:15+0800: Controller: stop
2026-06-06 13:28:15+0800: = 
2026-06-06 13:28:16+0800: Controller: stop
2026-06-06 13:28:16+0800: = 
2026-06-06 13:28:16+0800: Controller: play black F6
2026-06-06 13:28:16+0800: = 
2026-06-06 13:28:17+0800: Controller: kata-set-param maxPlayouts 4
2026-06-06 13:28:17+0800: = 
2026-06-06 13:28:17+0800: Controller: kata-set-param maxVisits 4
2026-06-06 13:28:17+0800: = 
2026-06-06 13:28:17+0800: Controller: kata-set-param chosenMoveTemperature 0.0
2026-06-06 13:28:17+0800: = 
2026-06-06 13:28:17+0800: Controller: kata-set-param humanSLProfile preaz_15k
2026-06-06 13:28:17+0800: = 
2026-06-06 13:28:17+0800: Controller: kata-set-param playoutDoublingAdvantage -2.5
2026-06-06 13:28:17+0800: = 
2026-06-06 13:28:17+0800: Controller: lz-analyze w 10
2026-06-06 13:28:17+0800: =
2026-06-06 13:28:17+0800: Controller: stop
2026-06-06 13:28:17+0800: = 
2026-06-06 13:28:17+0800: Controller: stop
2026-06-06 13:28:17+0800: = 
2026-06-06 13:28:17+0800: Controller: play white H6
2026-06-06 13:28:17+0800: = 
2026-06-06 13:28:19+0800: Controller: kata-set-param humanSLProfile preaz_5d
2026-06-06 13:28:19+0800: = 
2026-06-06 13:28:19+0800: Controller: kata-set-param maxPlayouts 60
2026-06-06 13:28:19+0800: = 
2026-06-06 13:28:19+0800: Controller: kata-set-param maxVisits 60
2026-06-06 13:28:19+0800: = 
2026-06-06 13:28:19+0800: Controller: kata-set-param chosenMoveTemperature 0.0
2026-06-06 13:28:19+0800: = 
2026-06-06 13:28:19+0800: Controller: lz-analyze b 10
2026-06-06 13:28:19+0800: =
2026-06-06 13:28:20+0800: Controller: stop
2026-06-06 13:28:20+0800: = 
2026-06-06 13:28:23+0800: Controller: stop
2026-06-06 13:28:23+0800: = 
2026-06-06 13:28:23+0800: Controller: play black B4
2026-06-06 13:28:23+0800: = 
2026-06-06 13:28:24+0800: Controller: kata-set-param maxPlayouts 4
2026-06-06 13:28:24+0800: = 
2026-06-06 13:28:24+0800: Controller: kata-set-param maxVisits 4
2026-06-06 13:28:24+0800: = 
2026-06-06 13:28:24+0800: Controller: kata-set-param chosenMoveTemperature 0.0
2026-06-06 13:28:24+0800: = 
2026-06-06 13:28:24+0800: Controller: kata-set-param humanSLProfile preaz_15k
2026-06-06 13:28:24+0800: = 
2026-06-06 13:28:24+0800: Controller: kata-set-param playoutDoublingAdvantage -2.5
2026-06-06 13:28:24+0800: = 
2026-06-06 13:28:24+0800: Controller: lz-analyze w 10
2026-06-06 13:28:24+0800: =
2026-06-06 13:28:24+0800: Controller: stop
2026-06-06 13:28:24+0800: = 
2026-06-06 13:28:24+0800: Controller: stop
2026-06-06 13:28:24+0800: = 
2026-06-06 13:28:24+0800: Controller: play white C4
2026-06-06 13:28:24+0800: = 
2026-06-06 13:28:25+0800: Controller: kata-set-param humanSLProfile preaz_9d
2026-06-06 13:28:25+0800: = 
2026-06-06 13:28:25+0800: Controller: kata-set-param maxPlayouts 100
2026-06-06 13:28:25+0800: = 
2026-06-06 13:28:25+0800: Controller: kata-set-param maxVisits 100
2026-06-06 13:28:25+0800: = 
2026-06-06 13:28:25+0800: Controller: kata-set-param chosenMoveTemperature 0.0
2026-06-06 13:28:25+0800: = 
2026-06-06 13:28:25+0800: Controller: lz-analyze b 10
2026-06-06 13:28:25+0800: =
2026-06-06 13:28:25+0800: Controller: stop
2026-06-06 13:28:25+0800: = 
2026-06-06 13:28:26+0800: Controller: stop
2026-06-06 13:28:26+0800: = 
2026-06-06 13:28:26+0800: Controller: play black C3
2026-06-06 13:28:26+0800: = 
2026-06-06 13:28:27+0800: Controller: kata-set-param maxPlayouts 4
2026-06-06 13:28:27+0800: = 
2026-06-06 13:28:27+0800: Controller: kata-set-param maxVisits 4
2026-06-06 13:28:27+0800: = 
2026-06-06 13:28:27+0800: Controller: kata-set-param chosenMoveTemperature 0.0
2026-06-06 13:28:27+0800: = 
2026-06-06 13:28:27+0800: Controller: kata-set-param humanSLProfile preaz_15k
2026-06-06 13:28:27+0800: = 
2026-06-06 13:28:27+0800: Controller: kata-set-param playoutDoublingAdvantage -2.5
2026-06-06 13:28:27+0800: = 
2026-06-06 13:28:27+0800: Controller: lz-analyze w 10
2026-06-06 13:28:27+0800: =
2026-06-06 13:28:27+0800: Controller: stop
2026-06-06 13:28:27+0800: = 
2026-06-06 13:28:27+0800: Controller: stop
2026-06-06 13:28:27+0800: = 
2026-06-06 13:28:27+0800: Controller: play white H5
2026-06-06 13:28:27+0800: = 
2026-06-06 13:28:28+0800: Controller: kata-set-param humanSLProfile preaz_9d
2026-06-06 13:28:28+0800: = 
2026-06-06 13:28:28+0800: Controller: kata-set-param maxPlayouts 100
2026-06-06 13:28:28+0800: = 
2026-06-06 13:28:28+0800: Controller: kata-set-param maxVisits 100
2026-06-06 13:28:28+0800: = 
2026-06-06 13:28:28+0800: Controller: kata-set-param chosenMoveTemperature 0.0
2026-06-06 13:28:28+0800: = 
2026-06-06 13:28:28+0800: Controller: lz-analyze b 10
2026-06-06 13:28:28+0800: =
2026-06-06 13:28:28+0800: Controller: stop
2026-06-06 13:28:28+0800: = 
2026-06-06 13:28:29+0800: Controller: stop
2026-06-06 13:28:29+0800: = 
2026-06-06 13:28:29+0800: Controller: play black G4
2026-06-06 13:28:29+0800: = 
2026-06-06 13:28:29+0800: Controller: kata-set-param maxPlayouts 4
2026-06-06 13:28:29+0800: = 
2026-06-06 13:28:29+0800: Controller: kata-set-param maxVisits 4
2026-06-06 13:28:29+0800: = 
2026-06-06 13:28:29+0800: Controller: kata-set-param chosenMoveTemperature 0.0
2026-06-06 13:28:29+0800: = 
2026-06-06 13:28:29+0800: Controller: kata-set-param humanSLProfile preaz_15k
2026-06-06 13:28:29+0800: = 
2026-06-06 13:28:29+0800: Controller: kata-set-param playoutDoublingAdvantage -2.5
2026-06-06 13:28:29+0800: = 
2026-06-06 13:28:29+0800: Controller: lz-analyze w 10
2026-06-06 13:28:29+0800: =
2026-06-06 13:28:30+0800: Controller: stop
2026-06-06 13:28:30+0800: = 
2026-06-06 13:28:30+0800: Controller: stop
2026-06-06 13:28:30+0800: = 
2026-06-06 13:28:30+0800: Controller: play white B5
2026-06-06 13:28:30+0800: = 
2026-06-06 13:28:31+0800: Controller: kata-set-param humanSLProfile preaz_9d
2026-06-06 13:28:31+0800: = 
2026-06-06 13:28:31+0800: Controller: kata-set-param maxPlayouts 100
2026-06-06 13:28:31+0800: = 
2026-06-06 13:28:31+0800: Controller: kata-set-param maxVisits 100
2026-06-06 13:28:31+0800: = 
2026-06-06 13:28:31+0800: Controller: kata-set-param chosenMoveTemperature 0.0
2026-06-06 13:28:31+0800: = 
2026-06-06 13:28:31+0800: Controller: lz-analyze b 10
2026-06-06 13:28:31+0800: =
2026-06-06 13:28:31+0800: Controller: stop
2026-06-06 13:28:31+0800: = 
2026-06-06 13:28:32+0800: Controller: stop
2026-06-06 13:28:32+0800: = 
2026-06-06 13:28:32+0800: Controller: play black H4
2026-06-06 13:28:32+0800: = 
2026-06-06 13:28:32+0800: Controller: kata-set-param maxPlayouts 4
2026-06-06 13:28:32+0800: = 
2026-06-06 13:28:32+0800: Controller: kata-set-param maxVisits 4
2026-06-06 13:28:32+0800: = 
2026-06-06 13:28:32+0800: Controller: kata-set-param chosenMoveTemperature 0.0
2026-06-06 13:28:32+0800: = 
2026-06-06 13:28:32+0800: Controller: kata-set-param humanSLProfile preaz_15k
2026-06-06 13:28:32+0800: = 
2026-06-06 13:28:32+0800: Controller: kata-set-param playoutDoublingAdvantage -2.5
2026-06-06 13:28:32+0800: = 
2026-06-06 13:28:32+0800: Controller: lz-analyze w 10
2026-06-06 13:28:32+0800: =
2026-06-06 13:28:33+0800: Controller: stop
2026-06-06 13:28:33+0800: = 
2026-06-06 13:28:33+0800: Controller: stop
2026-06-06 13:28:33+0800: = 
2026-06-06 13:28:33+0800: Controller: play white F2
2026-06-06 13:28:33+0800: = 
2026-06-06 13:28:33+0800: Controller: stop
2026-06-06 13:28:33+0800: = 
2026-06-06 13:28:33+0800: Controller: kata-set-param humanSLProfile preaz_1k
2026-06-06 13:28:33+0800: = 
2026-06-06 13:28:33+0800: Controller: kata-set-param maxPlayouts 25
2026-06-06 13:28:33+0800: = 
2026-06-06 13:28:33+0800: Controller: kata-set-param maxVisits 25
2026-06-06 13:28:33+0800: = 
2026-06-06 13:28:33+0800: Controller: kata-set-param chosenMoveTemperature 0.0
2026-06-06 13:28:33+0800: = 
2026-06-06 13:28:33+0800: Controller: lz-analyze b 10
2026-06-06 13:28:33+0800: =
2026-06-06 13:28:34+0800: Controller: stop
2026-06-06 13:28:34+0800: = 
2026-06-06 13:28:36+0800: Controller: stop
2026-06-06 13:28:36+0800: = 
2026-06-06 13:28:36+0800: Controller: play black D2
2026-06-06 13:28:36+0800: = 
2026-06-06 13:28:37+0800: Controller: kata-set-param maxPlayouts 4
2026-06-06 13:28:37+0800: = 
2026-06-06 13:28:37+0800: Controller: kata-set-param maxVisits 4
2026-06-06 13:28:37+0800: = 
2026-06-06 13:28:37+0800: Controller: kata-set-param chosenMoveTemperature 0.0
2026-06-06 13:28:37+0800: = 
2026-06-06 13:28:37+0800: Controller: kata-set-param humanSLProfile preaz_15k
2026-06-06 13:28:37+0800: = 
2026-06-06 13:28:37+0800: Controller: kata-set-param playoutDoublingAdvantage -2.5
2026-06-06 13:28:37+0800: = 
2026-06-06 13:28:37+0800: Controller: lz-analyze w 10
2026-06-06 13:28:37+0800: =
2026-06-06 13:28:37+0800: Controller: stop
2026-06-06 13:28:37+0800: = 
2026-06-06 13:28:37+0800: Controller: stop
2026-06-06 13:28:37+0800: = 
2026-06-06 13:28:37+0800: Controller: play white B3
2026-06-06 13:28:37+0800: = 
2026-06-06 13:28:38+0800: Controller: kata-set-param humanSLProfile preaz_1k
2026-06-06 13:28:38+0800: = 
2026-06-06 13:28:38+0800: Controller: kata-set-param maxPlayouts 25
2026-06-06 13:28:38+0800: = 
2026-06-06 13:28:38+0800: Controller: kata-set-param maxVisits 25
2026-06-06 13:28:38+0800: = 
2026-06-06 13:28:38+0800: Controller: kata-set-param chosenMoveTemperature 0.0
2026-06-06 13:28:38+0800: = 
2026-06-06 13:28:38+0800: Controller: lz-analyze b 10
2026-06-06 13:28:38+0800: =
2026-06-06 13:28:38+0800: Controller: stop
2026-06-06 13:28:38+0800: = 
2026-06-06 13:28:38+0800: Controller: stop
2026-06-06 13:28:38+0800: = 
2026-06-06 13:28:38+0800: Controller: play black B2
2026-06-06 13:28:38+0800: = 
2026-06-06 13:28:39+0800: Controller: kata-set-param maxPlayouts 4
2026-06-06 13:28:39+0800: = 
2026-06-06 13:28:39+0800: Controller: kata-set-param maxVisits 4
2026-06-06 13:28:39+0800: = 
2026-06-06 13:28:39+0800: Controller: kata-set-param chosenMoveTemperature 0.0
2026-06-06 13:28:39+0800: = 
2026-06-06 13:28:39+0800: Controller: kata-set-param humanSLProfile preaz_15k
2026-06-06 13:28:39+0800: = 
2026-06-06 13:28:39+0800: Controller: kata-set-param playoutDoublingAdvantage -2.5
2026-06-06 13:28:39+0800: = 
2026-06-06 13:28:39+0800: Controller: lz-analyze w 10
2026-06-06 13:28:39+0800: =
2026-06-06 13:28:40+0800: Controller: stop
2026-06-06 13:28:40+0800: = 
2026-06-06 13:28:40+0800: Controller: stop
2026-06-06 13:28:40+0800: = 
2026-06-06 13:28:40+0800: Controller: play white A3
2026-06-06 13:28:40+0800: = 
2026-06-06 13:28:40+0800: Controller: kata-set-param humanSLProfile preaz_9d
2026-06-06 13:28:40+0800: = 
2026-06-06 13:28:40+0800: Controller: kata-set-param maxPlayouts 100
2026-06-06 13:28:40+0800: = 
2026-06-06 13:28:40+0800: Controller: kata-set-param maxVisits 100
2026-06-06 13:28:40+0800: = 
2026-06-06 13:28:40+0800: Controller: kata-set-param chosenMoveTemperature 0.0
2026-06-06 13:28:40+0800: = 
2026-06-06 13:28:40+0800: Controller: lz-analyze b 10
2026-06-06 13:28:40+0800: =
2026-06-06 13:28:41+0800: Controller: stop
2026-06-06 13:28:41+0800: = 
2026-06-06 13:28:42+0800: Controller: stop
2026-06-06 13:28:42+0800: = 
2026-06-06 13:28:42+0800: Controller: play black B7
2026-06-06 13:28:42+0800: = 
2026-06-06 13:28:42+0800: Controller: kata-set-param maxPlayouts 4
2026-06-06 13:28:42+0800: = 
2026-06-06 13:28:42+0800: Controller: kata-set-param maxVisits 4
2026-06-06 13:28:42+0800: = 
2026-06-06 13:28:42+0800: Controller: kata-set-param chosenMoveTemperature 0.0
2026-06-06 13:28:42+0800: = 
2026-06-06 13:28:42+0800: Controller: kata-set-param humanSLProfile preaz_15k
2026-06-06 13:28:42+0800: = 
2026-06-06 13:28:42+0800: Controller: kata-set-param playoutDoublingAdvantage -2.5
2026-06-06 13:28:42+0800: = 
2026-06-06 13:28:42+0800: Controller: lz-analyze w 10
2026-06-06 13:28:42+0800: =
2026-06-06 13:28:43+0800: Controller: stop
2026-06-06 13:28:43+0800: = 
2026-06-06 13:28:43+0800: Controller: stop
2026-06-06 13:28:43+0800: = 
2026-06-06 13:28:43+0800: Controller: play white B6
2026-06-06 13:28:43+0800: = 
2026-06-06 13:28:45+0800: Controller: kata-set-param humanSLProfile preaz_9d
2026-06-06 13:28:45+0800: = 
2026-06-06 13:28:45+0800: Controller: kata-set-param maxPlayouts 100
2026-06-06 13:28:45+0800: = 
2026-06-06 13:28:45+0800: Controller: kata-set-param maxVisits 100
2026-06-06 13:28:45+0800: = 
2026-06-06 13:28:45+0800: Controller: kata-set-param chosenMoveTemperature 0.0
2026-06-06 13:28:45+0800: = 
2026-06-06 13:28:45+0800: Controller: lz-analyze b 10
2026-06-06 13:28:45+0800: =
2026-06-06 13:28:45+0800: Controller: stop
2026-06-06 13:28:45+0800: = 
2026-06-06 13:28:47+0800: Controller: stop
2026-06-06 13:28:47+0800: = 
2026-06-06 13:28:47+0800: Controller: play black B8
2026-06-06 13:28:47+0800: = 
2026-06-06 13:28:47+0800: Controller: kata-set-param maxPlayouts 4
2026-06-06 13:28:47+0800: = 
2026-06-06 13:28:47+0800: Controller: kata-set-param maxVisits 4
2026-06-06 13:28:47+0800: = 
2026-06-06 13:28:47+0800: Controller: kata-set-param chosenMoveTemperature 0.0
2026-06-06 13:28:47+0800: = 
2026-06-06 13:28:47+0800: Controller: kata-set-param humanSLProfile preaz_15k
2026-06-06 13:28:47+0800: = 
2026-06-06 13:28:47+0800: Controller: kata-set-param playoutDoublingAdvantage -2.5
2026-06-06 13:28:47+0800: = 
2026-06-06 13:28:47+0800: Controller: lz-analyze w 10
2026-06-06 13:28:47+0800: =
2026-06-06 13:28:48+0800: Controller: stop
2026-06-06 13:28:48+0800: = 
2026-06-06 13:28:48+0800: Controller: stop
2026-06-06 13:28:48+0800: = 
2026-06-06 13:28:48+0800: Controller: play white A4
2026-06-06 13:28:48+0800: = 
2026-06-06 13:28:49+0800: Controller: kata-set-param humanSLProfile preaz_5d
2026-06-06 13:28:49+0800: = 
2026-06-06 13:28:49+0800: Controller: kata-set-param maxPlayouts 60
2026-06-06 13:28:49+0800: = 
2026-06-06 13:28:49+0800: Controller: kata-set-param maxVisits 60
2026-06-06 13:28:49+0800: = 
2026-06-06 13:28:49+0800: Controller: kata-set-param chosenMoveTemperature 0.0
2026-06-06 13:28:49+0800: = 
2026-06-06 13:28:49+0800: Controller: lz-analyze b 10
2026-06-06 13:28:49+0800: =
2026-06-06 13:28:49+0800: Controller: stop
2026-06-06 13:28:49+0800: = 
2026-06-06 13:28:50+0800: Controller: stop
2026-06-06 13:28:50+0800: = 
2026-06-06 13:28:50+0800: Controller: play black J5
2026-06-06 13:28:50+0800: = 
2026-06-06 13:28:51+0800: Controller: kata-set-param maxPlayouts 4
2026-06-06 13:28:51+0800: = 
2026-06-06 13:28:51+0800: Controller: kata-set-param maxVisits 4
2026-06-06 13:28:51+0800: = 
2026-06-06 13:28:51+0800: Controller: kata-set-param chosenMoveTemperature 0.0
2026-06-06 13:28:51+0800: = 
2026-06-06 13:28:51+0800: Controller: kata-set-param humanSLProfile preaz_15k
2026-06-06 13:28:51+0800: = 
2026-06-06 13:28:51+0800: Controller: kata-set-param playoutDoublingAdvantage -2.5
2026-06-06 13:28:51+0800: = 
2026-06-06 13:28:51+0800: Controller: lz-analyze w 10
2026-06-06 13:28:51+0800: =
2026-06-06 13:28:51+0800: Controller: stop
2026-06-06 13:28:51+0800: = 
2026-06-06 13:28:51+0800: Controller: stop
2026-06-06 13:28:51+0800: = 
2026-06-06 13:28:51+0800: Controller: play white H7
2026-06-06 13:28:51+0800: = 
2026-06-06 13:28:52+0800: Controller: kata-set-param humanSLProfile preaz_5d
2026-06-06 13:28:52+0800: = 
2026-06-06 13:28:52+0800: Controller: kata-set-param maxPlayouts 60
2026-06-06 13:28:52+0800: = 
2026-06-06 13:28:52+0800: Controller: kata-set-param maxVisits 60
2026-06-06 13:28:52+0800: = 
2026-06-06 13:28:52+0800: Controller: kata-set-param chosenMoveTemperature 0.0
2026-06-06 13:28:52+0800: = 
2026-06-06 13:28:52+0800: Controller: lz-analyze b 10
2026-06-06 13:28:52+0800: =
2026-06-06 13:28:52+0800: Controller: stop
2026-06-06 13:28:52+0800: = 
2026-06-06 13:28:54+0800: Controller: stop
2026-06-06 13:28:54+0800: = 
2026-06-06 13:28:54+0800: Controller: play black H3
2026-06-06 13:28:54+0800: = 
2026-06-06 13:28:55+0800: Controller: kata-set-param maxPlayouts 4
2026-06-06 13:28:55+0800: = 
2026-06-06 13:28:55+0800: Controller: kata-set-param maxVisits 4
2026-06-06 13:28:55+0800: = 
2026-06-06 13:28:55+0800: Controller: kata-set-param chosenMoveTemperature 0.0
2026-06-06 13:28:55+0800: = 
2026-06-06 13:28:55+0800: Controller: kata-set-param humanSLProfile preaz_15k
2026-06-06 13:28:55+0800: = 
2026-06-06 13:28:55+0800: Controller: kata-set-param playoutDoublingAdvantage -2.5
2026-06-06 13:28:55+0800: = 
2026-06-06 13:28:55+0800: Controller: lz-analyze w 10
2026-06-06 13:28:55+0800: =
2026-06-06 13:28:55+0800: Controller: stop
2026-06-06 13:28:55+0800: = 
2026-06-06 13:28:55+0800: Controller: stop
2026-06-06 13:28:55+0800: = 
2026-06-06 13:28:55+0800: Controller: play white J6
2026-06-06 13:28:55+0800: = 
2026-06-06 13:28:56+0800: Controller: kata-set-param humanSLProfile preaz_5d
2026-06-06 13:28:56+0800: = 
2026-06-06 13:28:56+0800: Controller: kata-set-param maxPlayouts 60
2026-06-06 13:28:56+0800: = 
2026-06-06 13:28:56+0800: Controller: kata-set-param maxVisits 60
2026-06-06 13:28:56+0800: = 
2026-06-06 13:28:56+0800: Controller: kata-set-param chosenMoveTemperature 0.0
2026-06-06 13:28:56+0800: = 
2026-06-06 13:28:56+0800: Controller: lz-analyze b 10
2026-06-06 13:28:56+0800: =
2026-06-06 13:28:56+0800: Controller: stop
2026-06-06 13:28:56+0800: = 
2026-06-06 13:28:57+0800: Controller: stop
2026-06-06 13:28:57+0800: = 
2026-06-06 13:28:57+0800: Controller: play black J4
2026-06-06 13:28:57+0800: = 
2026-06-06 13:28:58+0800: Controller: kata-set-param maxPlayouts 4
2026-06-06 13:28:58+0800: = 
2026-06-06 13:28:58+0800: Controller: kata-set-param maxVisits 4
2026-06-06 13:28:58+0800: = 
2026-06-06 13:28:58+0800: Controller: kata-set-param chosenMoveTemperature 0.0
2026-06-06 13:28:58+0800: = 
2026-06-06 13:28:58+0800: Controller: kata-set-param humanSLProfile preaz_15k
2026-06-06 13:28:58+0800: = 
2026-06-06 13:28:58+0800: Controller: kata-set-param playoutDoublingAdvantage -2.5
2026-06-06 13:28:58+0800: = 
2026-06-06 13:28:58+0800: Controller: lz-analyze w 10
2026-06-06 13:28:58+0800: =
2026-06-06 13:28:58+0800: Controller: stop
2026-06-06 13:28:58+0800: = 
2026-06-06 13:28:58+0800: Controller: stop
2026-06-06 13:28:58+0800: = 
2026-06-06 13:28:58+0800: Controller: play white H2
2026-06-06 13:28:58+0800: = 
2026-06-06 13:29:00+0800: Controller: kata-set-param humanSLProfile preaz_9d
2026-06-06 13:29:00+0800: = 
2026-06-06 13:29:00+0800: Controller: kata-set-param maxPlayouts 100
2026-06-06 13:29:00+0800: = 
2026-06-06 13:29:00+0800: Controller: kata-set-param maxVisits 100
2026-06-06 13:29:00+0800: = 
2026-06-06 13:29:00+0800: Controller: kata-set-param chosenMoveTemperature 0.0
2026-06-06 13:29:00+0800: = 
2026-06-06 13:29:00+0800: Controller: lz-analyze b 10
2026-06-06 13:29:00+0800: =
2026-06-06 13:29:00+0800: Controller: stop
2026-06-06 13:29:00+0800: = 
2026-06-06 13:29:01+0800: Controller: stop
2026-06-06 13:29:01+0800: = 
2026-06-06 13:29:01+0800: Controller: play black A6
2026-06-06 13:29:01+0800: = 
2026-06-06 13:29:02+0800: Controller: kata-set-param maxPlayouts 4
2026-06-06 13:29:02+0800: = 
2026-06-06 13:29:02+0800: Controller: kata-set-param maxVisits 4
2026-06-06 13:29:02+0800: = 
2026-06-06 13:29:02+0800: Controller: kata-set-param chosenMoveTemperature 0.0
2026-06-06 13:29:02+0800: = 
2026-06-06 13:29:02+0800: Controller: kata-set-param humanSLProfile preaz_15k
2026-06-06 13:29:02+0800: = 
2026-06-06 13:29:02+0800: Controller: kata-set-param playoutDoublingAdvantage -2.5
2026-06-06 13:29:02+0800: = 
2026-06-06 13:29:02+0800: Controller: lz-analyze w 10
2026-06-06 13:29:02+0800: =
2026-06-06 13:29:02+0800: Controller: stop
2026-06-06 13:29:02+0800: = 
2026-06-06 13:29:02+0800: Controller: stop
2026-06-06 13:29:02+0800: = 
2026-06-06 13:29:02+0800: Controller: play white D5
2026-06-06 13:29:02+0800: = 
2026-06-06 13:29:03+0800: Controller: kata-set-param humanSLProfile preaz_5d
2026-06-06 13:29:03+0800: = 
2026-06-06 13:29:03+0800: Controller: kata-set-param maxPlayouts 60
2026-06-06 13:29:03+0800: = 
2026-06-06 13:29:03+0800: Controller: kata-set-param maxVisits 60
2026-06-06 13:29:03+0800: = 
2026-06-06 13:29:03+0800: Controller: kata-set-param chosenMoveTemperature 0.0
2026-06-06 13:29:03+0800: = 
2026-06-06 13:29:03+0800: Controller: lz-analyze b 10
2026-06-06 13:29:03+0800: =
2026-06-06 13:29:04+0800: Controller: stop
2026-06-06 13:29:04+0800: = 
2026-06-06 13:29:05+0800: Controller: stop
2026-06-06 13:29:05+0800: = 
2026-06-06 13:29:05+0800: Controller: play black E4
2026-06-06 13:29:05+0800: = 
2026-06-06 13:29:05+0800: Controller: kata-set-param maxPlayouts 4
2026-06-06 13:29:05+0800: = 
2026-06-06 13:29:05+0800: Controller: kata-set-param maxVisits 4
2026-06-06 13:29:05+0800: = 
2026-06-06 13:29:05+0800: Controller: kata-set-param chosenMoveTemperature 0.0
2026-06-06 13:29:05+0800: = 
2026-06-06 13:29:05+0800: Controller: kata-set-param humanSLProfile preaz_15k
2026-06-06 13:29:05+0800: = 
2026-06-06 13:29:05+0800: Controller: kata-set-param playoutDoublingAdvantage -2.5
2026-06-06 13:29:05+0800: = 
2026-06-06 13:29:05+0800: Controller: lz-analyze w 10
2026-06-06 13:29:05+0800: =
2026-06-06 13:29:06+0800: Controller: stop
2026-06-06 13:29:06+0800: = 
2026-06-06 13:29:06+0800: Controller: stop
2026-06-06 13:29:06+0800: = 
2026-06-06 13:29:06+0800: Controller: play white G1
2026-06-06 13:29:06+0800: = 
2026-06-06 13:29:07+0800: Controller: kata-set-param humanSLProfile preaz_5d
2026-06-06 13:29:07+0800: = 
2026-06-06 13:29:07+0800: Controller: kata-set-param maxPlayouts 60
2026-06-06 13:29:07+0800: = 
2026-06-06 13:29:07+0800: Controller: kata-set-param maxVisits 60
2026-06-06 13:29:07+0800: = 
2026-06-06 13:29:07+0800: Controller: kata-set-param chosenMoveTemperature 0.0
2026-06-06 13:29:07+0800: = 
2026-06-06 13:29:07+0800: Controller: lz-analyze b 10
2026-06-06 13:29:07+0800: =
2026-06-06 13:29:07+0800: Controller: stop
2026-06-06 13:29:07+0800: = 
2026-06-06 13:29:08+0800: Controller: stop
2026-06-06 13:29:08+0800: = 
2026-06-06 13:29:08+0800: Controller: play black J2
2026-06-06 13:29:08+0800: = 
2026-06-06 13:29:08+0800: Controller: kata-set-param maxPlayouts 4
2026-06-06 13:29:08+0800: = 
2026-06-06 13:29:08+0800: Controller: kata-set-param maxVisits 4
2026-06-06 13:29:08+0800: = 
2026-06-06 13:29:08+0800: Controller: kata-set-param chosenMoveTemperature 0.0
2026-06-06 13:29:08+0800: = 
2026-06-06 13:29:08+0800: Controller: kata-set-param humanSLProfile preaz_15k
2026-06-06 13:29:08+0800: = 
2026-06-06 13:29:08+0800: Controller: kata-set-param playoutDoublingAdvantage -2.5
2026-06-06 13:29:08+0800: = 
2026-06-06 13:29:08+0800: Controller: lz-analyze w 10
2026-06-06 13:29:08+0800: =
2026-06-06 13:29:09+0800: Controller: stop
2026-06-06 13:29:09+0800: = 
2026-06-06 13:29:09+0800: Controller: stop
2026-06-06 13:29:09+0800: = 
2026-06-06 13:29:09+0800: Controller: play white D9
2026-06-06 13:29:09+0800: = 
2026-06-06 13:29:10+0800: Controller: kata-set-param humanSLProfile preaz_9d
2026-06-06 13:29:10+0800: = 
2026-06-06 13:29:10+0800: Controller: kata-set-param maxPlayouts 100
2026-06-06 13:29:10+0800: = 
2026-06-06 13:29:10+0800: Controller: kata-set-param maxVisits 100
2026-06-06 13:29:10+0800: = 
2026-06-06 13:29:10+0800: Controller: kata-set-param chosenMoveTemperature 0.0
2026-06-06 13:29:10+0800: = 
2026-06-06 13:29:10+0800: Controller: lz-analyze b 10
2026-06-06 13:29:10+0800: =
2026-06-06 13:29:10+0800: Controller: stop
2026-06-06 13:29:10+0800: = 
2026-06-06 13:29:10+0800: Controller: stop
2026-06-06 13:29:10+0800: = 
2026-06-06 13:29:10+0800: Controller: play black C9
2026-06-06 13:29:10+0800: = 
2026-06-06 13:29:11+0800: Controller: kata-set-param maxPlayouts 4
2026-06-06 13:29:11+0800: = 
2026-06-06 13:29:11+0800: Controller: kata-set-param maxVisits 4
2026-06-06 13:29:11+0800: = 
2026-06-06 13:29:11+0800: Controller: kata-set-param chosenMoveTemperature 0.0
2026-06-06 13:29:11+0800: = 
2026-06-06 13:29:11+0800: Controller: kata-set-param humanSLProfile preaz_15k
2026-06-06 13:29:11+0800: = 
2026-06-06 13:29:11+0800: Controller: kata-set-param playoutDoublingAdvantage -2.5
2026-06-06 13:29:11+0800: = 
2026-06-06 13:29:11+0800: Controller: lz-analyze w 10
2026-06-06 13:29:11+0800: =
2026-06-06 13:29:12+0800: Controller: stop
2026-06-06 13:29:12+0800: = 
2026-06-06 13:29:12+0800: Controller: stop
2026-06-06 13:29:12+0800: = 
2026-06-06 13:29:12+0800: Controller: play white F4
2026-06-06 13:29:12+0800: = 
2026-06-06 13:29:12+0800: Controller: kata-set-param humanSLProfile preaz_5d
2026-06-06 13:29:12+0800: = 
2026-06-06 13:29:12+0800: Controller: kata-set-param maxPlayouts 60
2026-06-06 13:29:12+0800: = 
2026-06-06 13:29:12+0800: Controller: kata-set-param maxVisits 60
2026-06-06 13:29:12+0800: = 
2026-06-06 13:29:12+0800: Controller: kata-set-param chosenMoveTemperature 0.0
2026-06-06 13:29:12+0800: = 
2026-06-06 13:29:12+0800: Controller: lz-analyze b 10
2026-06-06 13:29:12+0800: =
2026-06-06 13:29:13+0800: Controller: stop
2026-06-06 13:29:13+0800: = 
2026-06-06 13:29:14+0800: Controller: stop
2026-06-06 13:29:14+0800: = 
2026-06-06 13:29:14+0800: Controller: play black E9
2026-06-06 13:29:14+0800: = 
2026-06-06 13:29:14+0800: Controller: kata-set-param maxPlayouts 4
2026-06-06 13:29:14+0800: = 
2026-06-06 13:29:14+0800: Controller: kata-set-param maxVisits 4
2026-06-06 13:29:14+0800: = 
2026-06-06 13:29:14+0800: Controller: kata-set-param chosenMoveTemperature 0.0
2026-06-06 13:29:14+0800: = 
2026-06-06 13:29:14+0800: Controller: kata-set-param humanSLProfile preaz_15k
2026-06-06 13:29:14+0800: = 
2026-06-06 13:29:14+0800: Controller: kata-set-param playoutDoublingAdvantage -2.5
2026-06-06 13:29:14+0800: = 
2026-06-06 13:29:14+0800: Controller: lz-analyze w 10
2026-06-06 13:29:14+0800: =
2026-06-06 13:29:15+0800: Controller: stop
2026-06-06 13:29:15+0800: = 
2026-06-06 13:29:15+0800: Controller: stop
2026-06-06 13:29:15+0800: = 
2026-06-06 13:29:15+0800: Controller: play white F5
2026-06-06 13:29:15+0800: = 
2026-06-06 13:29:15+0800: Controller: kata-set-param humanSLProfile preaz_9d
2026-06-06 13:29:15+0800: = 
2026-06-06 13:29:15+0800: Controller: kata-set-param maxPlayouts 100
2026-06-06 13:29:15+0800: = 
2026-06-06 13:29:15+0800: Controller: kata-set-param maxVisits 100
2026-06-06 13:29:15+0800: = 
2026-06-06 13:29:15+0800: Controller: kata-set-param chosenMoveTemperature 0.0
2026-06-06 13:29:15+0800: = 
2026-06-06 13:29:15+0800: Controller: lz-analyze b 10
2026-06-06 13:29:15+0800: =
2026-06-06 13:29:16+0800: Controller: stop
2026-06-06 13:29:16+0800: = 
2026-06-06 13:29:17+0800: Controller: stop
2026-06-06 13:29:17+0800: = 
2026-06-06 13:29:17+0800: Controller: play black E6
2026-06-06 13:29:17+0800: = 
2026-06-06 13:29:18+0800: Controller: kata-set-param maxPlayouts 4
2026-06-06 13:29:18+0800: = 
2026-06-06 13:29:18+0800: Controller: kata-set-param maxVisits 4
2026-06-06 13:29:18+0800: = 
2026-06-06 13:29:18+0800: Controller: kata-set-param chosenMoveTemperature 0.0
2026-06-06 13:29:18+0800: = 
2026-06-06 13:29:18+0800: Controller: kata-set-param humanSLProfile preaz_15k
2026-06-06 13:29:18+0800: = 
2026-06-06 13:29:18+0800: Controller: kata-set-param playoutDoublingAdvantage -2.5
2026-06-06 13:29:18+0800: = 
2026-06-06 13:29:18+0800: Controller: lz-analyze w 10
2026-06-06 13:29:18+0800: =
2026-06-06 13:29:18+0800: Controller: stop
2026-06-06 13:29:18+0800: = 
2026-06-06 13:29:18+0800: Controller: stop
2026-06-06 13:29:18+0800: = 
2026-06-06 13:29:18+0800: Controller: play white A2
2026-06-06 13:29:18+0800: = 
2026-06-06 13:29:24+0800: Controller: kata-set-param humanSLProfile preaz_9d
2026-06-06 13:29:24+0800: = 
2026-06-06 13:29:24+0800: Controller: kata-set-param maxPlayouts 100
2026-06-06 13:29:24+0800: = 
2026-06-06 13:29:24+0800: Controller: kata-set-param maxVisits 100
2026-06-06 13:29:24+0800: = 
2026-06-06 13:29:24+0800: Controller: kata-set-param chosenMoveTemperature 0.0
2026-06-06 13:29:24+0800: = 
2026-06-06 13:29:24+0800: Controller: lz-analyze b 10
2026-06-06 13:29:24+0800: =
2026-06-06 13:29:25+0800: Controller: stop
2026-06-06 13:29:25+0800: = 
2026-06-06 13:29:27+0800: Controller: stop
2026-06-06 13:29:27+0800: = 
2026-06-06 13:29:27+0800: Controller: play black B1
2026-06-06 13:29:27+0800: = 
2026-06-06 13:29:28+0800: Controller: kata-set-param maxPlayouts 4
2026-06-06 13:29:28+0800: = 
2026-06-06 13:29:28+0800: Controller: kata-set-param maxVisits 4
2026-06-06 13:29:28+0800: = 
2026-06-06 13:29:28+0800: Controller: kata-set-param chosenMoveTemperature 0.0
2026-06-06 13:29:28+0800: = 
2026-06-06 13:29:28+0800: Controller: kata-set-param humanSLProfile preaz_15k
2026-06-06 13:29:28+0800: = 
2026-06-06 13:29:28+0800: Controller: kata-set-param playoutDoublingAdvantage -2.5
2026-06-06 13:29:28+0800: = 
2026-06-06 13:29:28+0800: Controller: lz-analyze w 10
2026-06-06 13:29:28+0800: =
2026-06-06 13:29:28+0800: Controller: stop
2026-06-06 13:29:28+0800: = 
2026-06-06 13:29:28+0800: Controller: stop
2026-06-06 13:29:28+0800: = 
2026-06-06 13:29:28+0800: Controller: play white E1
2026-06-06 13:29:28+0800: = 
2026-06-06 13:29:29+0800: Controller: kata-set-param humanSLProfile preaz_9d
2026-06-06 13:29:29+0800: = 
2026-06-06 13:29:29+0800: Controller: kata-set-param maxPlayouts 100
2026-06-06 13:29:29+0800: = 
2026-06-06 13:29:29+0800: Controller: kata-set-param maxVisits 100
2026-06-06 13:29:29+0800: = 
2026-06-06 13:29:29+0800: Controller: kata-set-param chosenMoveTemperature 0.0
2026-06-06 13:29:29+0800: = 
2026-06-06 13:29:29+0800: Controller: lz-analyze b 10
2026-06-06 13:29:29+0800: =
2026-06-06 13:29:29+0800: Controller: stop
2026-06-06 13:29:29+0800: = 
2026-06-06 13:29:30+0800: Controller: stop
2026-06-06 13:29:30+0800: = 
2026-06-06 13:29:30+0800: Controller: play black D1
2026-06-06 13:29:30+0800: = 
2026-06-06 13:29:31+0800: Controller: kata-set-param maxPlayouts 4
2026-06-06 13:29:31+0800: = 
2026-06-06 13:29:31+0800: Controller: kata-set-param maxVisits 4
2026-06-06 13:29:31+0800: = 
2026-06-06 13:29:31+0800: Controller: kata-set-param chosenMoveTemperature 0.0
2026-06-06 13:29:31+0800: = 
2026-06-06 13:29:31+0800: Controller: kata-set-param humanSLProfile preaz_15k
2026-06-06 13:29:31+0800: = 
2026-06-06 13:29:31+0800: Controller: kata-set-param playoutDoublingAdvantage -2.5
2026-06-06 13:29:31+0800: = 
2026-06-06 13:29:31+0800: Controller: lz-analyze w 10
2026-06-06 13:29:31+0800: =
2026-06-06 13:29:31+0800: Controller: stop
2026-06-06 13:29:31+0800: = 
2026-06-06 13:29:31+0800: Controller: stop
2026-06-06 13:29:31+0800: = 
2026-06-06 13:29:31+0800: Controller: play white F1
2026-06-06 13:29:31+0800: = 
2026-06-06 13:29:32+0800: Controller: kata-set-param humanSLProfile preaz_9d
2026-06-06 13:29:32+0800: = 
2026-06-06 13:29:32+0800: Controller: kata-set-param maxPlayouts 100
2026-06-06 13:29:32+0800: = 
2026-06-06 13:29:32+0800: Controller: kata-set-param maxVisits 100
2026-06-06 13:29:32+0800: = 
2026-06-06 13:29:32+0800: Controller: kata-set-param chosenMoveTemperature 0.0
2026-06-06 13:29:32+0800: = 
2026-06-06 13:29:32+0800: Controller: lz-analyze b 10
2026-06-06 13:29:32+0800: =
2026-06-06 13:29:32+0800: Controller: stop
2026-06-06 13:29:32+0800: = 
2026-06-06 13:29:34+0800: Controller: stop
2026-06-06 13:29:34+0800: = 
2026-06-06 13:29:34+0800: Controller: play black G9
2026-06-06 13:29:34+0800: = 
2026-06-06 13:29:34+0800: Controller: kata-set-param maxPlayouts 4
2026-06-06 13:29:34+0800: = 
2026-06-06 13:29:34+0800: Controller: kata-set-param maxVisits 4
2026-06-06 13:29:34+0800: = 
2026-06-06 13:29:34+0800: Controller: kata-set-param chosenMoveTemperature 0.0
2026-06-06 13:29:34+0800: = 
2026-06-06 13:29:34+0800: Controller: kata-set-param humanSLProfile preaz_15k
2026-06-06 13:29:34+0800: = 
2026-06-06 13:29:34+0800: Controller: kata-set-param playoutDoublingAdvantage -2.5
2026-06-06 13:29:34+0800: = 
2026-06-06 13:29:34+0800: Controller: lz-analyze w 10
2026-06-06 13:29:34+0800: =
2026-06-06 13:29:35+0800: Controller: stop
2026-06-06 13:29:35+0800: = 
2026-06-06 13:29:35+0800: Controller: stop
2026-06-06 13:29:35+0800: = 
2026-06-06 13:29:35+0800: Controller: play white A5
2026-06-06 13:29:35+0800: = 
2026-06-06 13:29:36+0800: Controller: kata-set-param humanSLProfile preaz_9d
2026-06-06 13:29:36+0800: = 
2026-06-06 13:29:36+0800: Controller: kata-set-param maxPlayouts 100
2026-06-06 13:29:36+0800: = 
2026-06-06 13:29:36+0800: Controller: kata-set-param maxVisits 100
2026-06-06 13:29:36+0800: = 
2026-06-06 13:29:36+0800: Controller: kata-set-param chosenMoveTemperature 0.0
2026-06-06 13:29:36+0800: = 
2026-06-06 13:29:36+0800: Controller: lz-analyze b 10
2026-06-06 13:29:36+0800: =
2026-06-06 13:29:36+0800: Controller: stop
2026-06-06 13:29:36+0800: = 
2026-06-06 13:29:37+0800: Controller: stop
2026-06-06 13:29:37+0800: = 
2026-06-06 13:29:37+0800: Controller: play black F9
2026-06-06 13:29:37+0800: = 
2026-06-06 13:29:38+0800: Controller: kata-set-param maxPlayouts 4
2026-06-06 13:29:38+0800: = 
2026-06-06 13:29:38+0800: Controller: kata-set-param maxVisits 4
2026-06-06 13:29:38+0800: = 
2026-06-06 13:29:38+0800: Controller: kata-set-param chosenMoveTemperature 0.0
2026-06-06 13:29:38+0800: = 
2026-06-06 13:29:38+0800: Controller: kata-set-param humanSLProfile preaz_15k
2026-06-06 13:29:38+0800: = 
2026-06-06 13:29:38+0800: Controller: kata-set-param playoutDoublingAdvantage -2.5
2026-06-06 13:29:38+0800: = 
2026-06-06 13:29:38+0800: Controller: lz-analyze w 10
2026-06-06 13:29:38+0800: =
2026-06-06 13:29:38+0800: Controller: stop
2026-06-06 13:29:38+0800: = 
2026-06-06 13:29:38+0800: Controller: stop
2026-06-06 13:29:38+0800: = 
2026-06-06 13:29:38+0800: Controller: play white H9
2026-06-06 13:29:38+0800: = 
2026-06-06 13:29:39+0800: Controller: kata-set-param humanSLProfile preaz_9d
2026-06-06 13:29:39+0800: = 
2026-06-06 13:29:39+0800: Controller: kata-set-param maxPlayouts 100
2026-06-06 13:29:39+0800: = 
2026-06-06 13:29:39+0800: Controller: kata-set-param maxVisits 100
2026-06-06 13:29:39+0800: = 
2026-06-06 13:29:39+0800: Controller: kata-set-param chosenMoveTemperature 0.0
2026-06-06 13:29:39+0800: = 
2026-06-06 13:29:39+0800: Controller: lz-analyze b 10
2026-06-06 13:29:39+0800: =
2026-06-06 13:29:39+0800: Controller: stop
2026-06-06 13:29:39+0800: = 
2026-06-06 13:29:41+0800: Controller: stop
2026-06-06 13:29:41+0800: = 
2026-06-06 13:29:41+0800: Controller: play black H8
2026-06-06 13:29:41+0800: = 
2026-06-06 13:29:41+0800: Controller: kata-set-param maxPlayouts 4
2026-06-06 13:29:41+0800: = 
2026-06-06 13:29:41+0800: Controller: kata-set-param maxVisits 4
2026-06-06 13:29:41+0800: = 
2026-06-06 13:29:41+0800: Controller: kata-set-param chosenMoveTemperature 0.0
2026-06-06 13:29:41+0800: = 
2026-06-06 13:29:41+0800: Controller: kata-set-param humanSLProfile preaz_15k
2026-06-06 13:29:41+0800: = 
2026-06-06 13:29:41+0800: Controller: kata-set-param playoutDoublingAdvantage -2.5
2026-06-06 13:29:41+0800: = 
2026-06-06 13:29:41+0800: Controller: lz-analyze w 10
2026-06-06 13:29:41+0800: =
2026-06-06 13:29:42+0800: Controller: stop
2026-06-06 13:29:42+0800: = 
2026-06-06 13:29:42+0800: Controller: stop
2026-06-06 13:29:42+0800: = 
2026-06-06 13:29:42+0800: Controller: play white A7
2026-06-06 13:29:42+0800: = 
2026-06-06 13:29:42+0800: Controller: kata-set-param humanSLProfile preaz_5d
2026-06-06 13:29:42+0800: = 
2026-06-06 13:29:42+0800: Controller: kata-set-param maxPlayouts 60
2026-06-06 13:29:42+0800: = 
2026-06-06 13:29:42+0800: Controller: kata-set-param maxVisits 60
2026-06-06 13:29:42+0800: = 
2026-06-06 13:29:42+0800: Controller: kata-set-param chosenMoveTemperature 0.0
2026-06-06 13:29:42+0800: = 
2026-06-06 13:29:42+0800: Controller: lz-analyze b 10
2026-06-06 13:29:42+0800: =
2026-06-06 13:29:43+0800: Controller: stop
2026-06-06 13:29:43+0800: = 
2026-06-06 13:29:45+0800: Controller: stop
2026-06-06 13:29:45+0800: = 
2026-06-06 13:29:45+0800: Controller: play black G8
2026-06-06 13:29:45+0800: = 
2026-06-06 13:29:46+0800: Controller: kata-set-param maxPlayouts 4
2026-06-06 13:29:46+0800: = 
2026-06-06 13:29:46+0800: Controller: kata-set-param maxVisits 4
2026-06-06 13:29:46+0800: = 
2026-06-06 13:29:46+0800: Controller: kata-set-param chosenMoveTemperature 0.0
2026-06-06 13:29:46+0800: = 
2026-06-06 13:29:46+0800: Controller: kata-set-param humanSLProfile preaz_15k
2026-06-06 13:29:46+0800: = 
2026-06-06 13:29:46+0800: Controller: kata-set-param playoutDoublingAdvantage -2.5
2026-06-06 13:29:46+0800: = 
2026-06-06 13:29:46+0800: Controller: lz-analyze w 10
2026-06-06 13:29:46+0800: =
2026-06-06 13:29:46+0800: Controller: stop
2026-06-06 13:29:46+0800: = 
2026-06-06 13:29:46+0800: Controller: stop
2026-06-06 13:29:46+0800: = 
2026-06-06 13:29:46+0800: Controller: play white A8
2026-06-06 13:29:46+0800: = 
2026-06-06 13:29:47+0800: Controller: kata-set-param humanSLProfile preaz_5d
2026-06-06 13:29:47+0800: = 
2026-06-06 13:29:47+0800: Controller: kata-set-param maxPlayouts 60
2026-06-06 13:29:47+0800: = 
2026-06-06 13:29:47+0800: Controller: kata-set-param maxVisits 60
2026-06-06 13:29:47+0800: = 
2026-06-06 13:29:47+0800: Controller: kata-set-param chosenMoveTemperature 0.0
2026-06-06 13:29:47+0800: = 
2026-06-06 13:29:47+0800: Controller: lz-analyze b 10
2026-06-06 13:29:47+0800: =
2026-06-06 13:29:47+0800: Controller: stop
2026-06-06 13:29:47+0800: = 
2026-06-06 13:29:48+0800: Controller: stop
2026-06-06 13:29:48+0800: = 
2026-06-06 13:29:48+0800: Controller: play black J7
2026-06-06 13:29:48+0800: = 
2026-06-06 13:29:49+0800: Controller: kata-set-param maxPlayouts 4
2026-06-06 13:29:49+0800: = 
2026-06-06 13:29:49+0800: Controller: kata-set-param maxVisits 4
2026-06-06 13:29:49+0800: = 
2026-06-06 13:29:49+0800: Controller: kata-set-param chosenMoveTemperature 0.0
2026-06-06 13:29:49+0800: = 
2026-06-06 13:29:49+0800: Controller: kata-set-param humanSLProfile preaz_15k
2026-06-06 13:29:49+0800: = 
2026-06-06 13:29:49+0800: Controller: kata-set-param playoutDoublingAdvantage -2.5
2026-06-06 13:29:49+0800: = 
2026-06-06 13:29:49+0800: Controller: lz-analyze w 10
2026-06-06 13:29:49+0800: =
2026-06-06 13:29:49+0800: Controller: stop
2026-06-06 13:29:49+0800: = 
2026-06-06 13:29:49+0800: Controller: stop
2026-06-06 13:29:49+0800: = 
2026-06-06 13:29:49+0800: Controller: play white J1
2026-06-06 13:29:49+0800: = 
2026-06-06 13:29:50+0800: Controller: kata-set-param humanSLProfile preaz_9d
2026-06-06 13:29:50+0800: = 
2026-06-06 13:29:50+0800: Controller: kata-set-param maxPlayouts 100
2026-06-06 13:29:50+0800: = 
2026-06-06 13:29:50+0800: Controller: kata-set-param maxVisits 100
2026-06-06 13:29:50+0800: = 
2026-06-06 13:29:50+0800: Controller: kata-set-param chosenMoveTemperature 0.0
2026-06-06 13:29:50+0800: = 
2026-06-06 13:29:50+0800: Controller: lz-analyze b 10
2026-06-06 13:29:50+0800: =
2026-06-06 13:29:50+0800: Controller: stop
2026-06-06 13:29:50+0800: = 
2026-06-06 13:29:51+0800: Controller: stop
2026-06-06 13:29:51+0800: = 
2026-06-06 13:29:51+0800: Controller: play black H1
2026-06-06 13:29:51+0800: = 
2026-06-06 13:29:52+0800: Controller: kata-set-param maxPlayouts 4
2026-06-06 13:29:52+0800: = 
2026-06-06 13:29:52+0800: Controller: kata-set-param maxVisits 4
2026-06-06 13:29:52+0800: = 
2026-06-06 13:29:52+0800: Controller: kata-set-param chosenMoveTemperature 0.0
2026-06-06 13:29:52+0800: = 
2026-06-06 13:29:52+0800: Controller: kata-set-param humanSLProfile preaz_15k
2026-06-06 13:29:52+0800: = 
2026-06-06 13:29:52+0800: Controller: kata-set-param playoutDoublingAdvantage -2.5
2026-06-06 13:29:52+0800: = 
2026-06-06 13:29:52+0800: Controller: lz-analyze w 10
2026-06-06 13:29:52+0800: =
2026-06-06 13:29:52+0800: Controller: stop
2026-06-06 13:29:52+0800: = 
2026-06-06 13:29:52+0800: Controller: stop
2026-06-06 13:29:52+0800: = 
2026-06-06 13:29:52+0800: Controller: play white C2
2026-06-06 13:29:52+0800: = 
2026-06-06 13:29:53+0800: Controller: kata-set-param humanSLProfile preaz_9d
2026-06-06 13:29:53+0800: = 
2026-06-06 13:29:53+0800: Controller: kata-set-param maxPlayouts 100
2026-06-06 13:29:53+0800: = 
2026-06-06 13:29:53+0800: Controller: kata-set-param maxVisits 100
2026-06-06 13:29:53+0800: = 
2026-06-06 13:29:53+0800: Controller: kata-set-param chosenMoveTemperature 0.0
2026-06-06 13:29:53+0800: = 
2026-06-06 13:29:53+0800: Controller: lz-analyze b 10
2026-06-06 13:29:53+0800: =
2026-06-06 13:29:53+0800: Controller: stop
2026-06-06 13:29:53+0800: = 
2026-06-06 13:29:54+0800: Controller: stop
2026-06-06 13:29:54+0800: = 
2026-06-06 13:29:54+0800: Controller: play black G2
2026-06-06 13:29:54+0800: = 
2026-06-06 13:29:55+0800: Controller: kata-set-param maxPlayouts 4
2026-06-06 13:29:55+0800: = 
2026-06-06 13:29:55+0800: Controller: kata-set-param maxVisits 4
2026-06-06 13:29:55+0800: = 
2026-06-06 13:29:55+0800: Controller: kata-set-param chosenMoveTemperature 0.0
2026-06-06 13:29:55+0800: = 
2026-06-06 13:29:55+0800: Controller: kata-set-param humanSLProfile preaz_15k
2026-06-06 13:29:55+0800: = 
2026-06-06 13:29:55+0800: Controller: kata-set-param playoutDoublingAdvantage -2.5
2026-06-06 13:29:55+0800: = 
2026-06-06 13:29:55+0800: Controller: lz-analyze w 10
2026-06-06 13:29:55+0800: =
2026-06-06 13:29:55+0800: Controller: stop
2026-06-06 13:29:55+0800: = 
2026-06-06 13:29:55+0800: Controller: stop
2026-06-06 13:29:55+0800: = 
2026-06-06 13:29:55+0800: Controller: play white A9
2026-06-06 13:29:55+0800: = 
2026-06-06 13:29:56+0800: Controller: kata-set-param humanSLProfile preaz_1k
2026-06-06 13:29:56+0800: = 
2026-06-06 13:29:56+0800: Controller: kata-set-param maxPlayouts 25
2026-06-06 13:29:56+0800: = 
2026-06-06 13:29:56+0800: Controller: kata-set-param maxVisits 25
2026-06-06 13:29:56+0800: = 
2026-06-06 13:29:56+0800: Controller: kata-set-param chosenMoveTemperature 0.0
2026-06-06 13:29:56+0800: = 
2026-06-06 13:29:56+0800: Controller: lz-analyze b 10
2026-06-06 13:29:56+0800: =
2026-06-06 13:29:56+0800: Controller: stop
2026-06-06 13:29:56+0800: = 
2026-06-06 13:29:58+0800: Controller: stop
2026-06-06 13:29:58+0800: = 
2026-06-06 13:29:58+0800: Controller: play black C1
2026-06-06 13:29:58+0800: = 
2026-06-06 13:29:59+0800: Controller: kata-set-param maxPlayouts 4
2026-06-06 13:29:59+0800: = 
2026-06-06 13:29:59+0800: Controller: kata-set-param maxVisits 4
2026-06-06 13:29:59+0800: = 
2026-06-06 13:29:59+0800: Controller: kata-set-param chosenMoveTemperature 0.0
2026-06-06 13:29:59+0800: = 
2026-06-06 13:29:59+0800: Controller: kata-set-param humanSLProfile preaz_15k
2026-06-06 13:29:59+0800: = 
2026-06-06 13:29:59+0800: Controller: kata-set-param playoutDoublingAdvantage -2.5
2026-06-06 13:29:59+0800: = 
2026-06-06 13:29:59+0800: Controller: lz-analyze w 10
2026-06-06 13:29:59+0800: =
2026-06-06 13:29:59+0800: Controller: stop
2026-06-06 13:29:59+0800: = 
2026-06-06 13:29:59+0800: Controller: stop
2026-06-06 13:29:59+0800: = 
2026-06-06 13:29:59+0800: Controller: play white A1
2026-06-06 13:29:59+0800: = 
2026-06-06 13:30:01+0800: Controller: kata-set-param maxPlayouts 4
2026-06-06 13:30:01+0800: = 
2026-06-06 13:30:01+0800: Controller: kata-set-param maxVisits 4
2026-06-06 13:30:01+0800: = 
2026-06-06 13:30:01+0800: Controller: kata-set-param chosenMoveTemperature 0.0
2026-06-06 13:30:01+0800: = 
2026-06-06 13:30:01+0800: Controller: kata-set-param humanSLProfile preaz_15k
2026-06-06 13:30:01+0800: = 
2026-06-06 13:30:01+0800: Controller: kata-set-param playoutDoublingAdvantage -2.5
2026-06-06 13:30:01+0800: = 
2026-06-06 13:30:01+0800: Controller: lz-analyze w 10
2026-06-06 13:30:01+0800: =
2026-06-06 13:30:02+0800: Controller: stop
2026-06-06 13:30:02+0800: = 
2026-06-06 13:30:02+0800: Controller: stop
2026-06-06 13:30:02+0800: = 
2026-06-06 13:30:02+0800: Controller: play white A6
2026-06-06 13:30:02+0800: = 
2026-06-06 13:30:05+0800: Controller: kata-set-param maxPlayouts 4
2026-06-06 13:30:05+0800: = 
2026-06-06 13:30:05+0800: Controller: kata-set-param maxVisits 4
2026-06-06 13:30:05+0800: = 
2026-06-06 13:30:05+0800: Controller: kata-set-param chosenMoveTemperature 0.0
2026-06-06 13:30:05+0800: = 
2026-06-06 13:30:05+0800: Controller: kata-set-param humanSLProfile preaz_15k
2026-06-06 13:30:05+0800: = 
2026-06-06 13:30:05+0800: Controller: kata-set-param playoutDoublingAdvantage -2.5
2026-06-06 13:30:05+0800: = 
2026-06-06 13:30:05+0800: Controller: lz-analyze w 10
2026-06-06 13:30:05+0800: =
2026-06-06 13:30:05+0800: Controller: stop
2026-06-06 13:30:05+0800: = 
2026-06-06 13:30:05+0800: Controller: stop
2026-06-06 13:30:05+0800: = 
2026-06-06 13:30:05+0800: Controller: play white B9
2026-06-06 13:30:05+0800: = 
2026-06-06 13:30:05+0800: Controller: stop
2026-06-06 13:30:05+0800: = 
2026-06-06 13:30:07+0800: Controller: kata-set-param maxPlayouts 4
2026-06-06 13:30:07+0800: = 
2026-06-06 13:30:07+0800: Controller: kata-set-param maxVisits 4
2026-06-06 13:30:07+0800: = 
2026-06-06 13:30:07+0800: Controller: kata-set-param chosenMoveTemperature 0.0
2026-06-06 13:30:07+0800: = 
2026-06-06 13:30:07+0800: Controller: kata-set-param humanSLProfile preaz_15k
2026-06-06 13:30:07+0800: = 
2026-06-06 13:30:07+0800: Controller: kata-set-param playoutDoublingAdvantage -2.5
2026-06-06 13:30:07+0800: = 
2026-06-06 13:30:07+0800: Controller: lz-analyze w 10
2026-06-06 13:30:07+0800: =
2026-06-06 13:30:07+0800: Controller: stop
2026-06-06 13:30:07+0800: = 
2026-06-06 13:30:07+0800: Controller: stop
2026-06-06 13:30:07+0800: = 
2026-06-06 13:30:07+0800: Controller: play white F3
2026-06-06 13:30:07+0800: = 
2026-06-06 13:30:09+0800: Controller: kata-set-param humanSLProfile preaz_9d
2026-06-06 13:30:09+0800: = 
2026-06-06 13:30:09+0800: Controller: kata-set-param maxPlayouts 100
2026-06-06 13:30:09+0800: = 
2026-06-06 13:30:09+0800: Controller: kata-set-param maxVisits 100
2026-06-06 13:30:09+0800: = 
2026-06-06 13:30:09+0800: Controller: kata-set-param chosenMoveTemperature 0.0
2026-06-06 13:30:09+0800: = 
2026-06-06 13:30:09+0800: Controller: lz-analyze b 10
2026-06-06 13:30:09+0800: =
2026-06-06 13:30:09+0800: Controller: stop
2026-06-06 13:30:09+0800: = 
2026-06-06 13:30:12+0800: Controller: stop
2026-06-06 13:30:12+0800: = 
2026-06-06 13:30:12+0800: Controller: play black F2
2026-06-06 13:30:12+0800: = 
2026-06-06 13:30:13+0800: Controller: kata-set-param maxPlayouts 4
2026-06-06 13:30:13+0800: = 
2026-06-06 13:30:13+0800: Controller: kata-set-param maxVisits 4
2026-06-06 13:30:13+0800: = 
2026-06-06 13:30:13+0800: Controller: kata-set-param chosenMoveTemperature 0.0
2026-06-06 13:30:13+0800: = 
2026-06-06 13:30:13+0800: Controller: kata-set-param humanSLProfile preaz_15k
2026-06-06 13:30:13+0800: = 
2026-06-06 13:30:13+0800: Controller: kata-set-param playoutDoublingAdvantage -2.5
2026-06-06 13:30:13+0800: = 
2026-06-06 13:30:13+0800: Controller: lz-analyze w 10
2026-06-06 13:30:13+0800: =
2026-06-06 13:30:13+0800: Controller: stop
2026-06-06 13:30:13+0800: = 
2026-06-06 13:30:13+0800: Controller: stop
2026-06-06 13:30:13+0800: = 
2026-06-06 13:30:13+0800: Controller: play white F4
2026-06-06 13:30:13+0800: = 
2026-06-06 13:30:14+0800: Controller: kata-set-param humanSLProfile preaz_9d
2026-06-06 13:30:14+0800: = 
2026-06-06 13:30:14+0800: Controller: kata-set-param maxPlayouts 100
2026-06-06 13:30:14+0800: = 
2026-06-06 13:30:14+0800: Controller: kata-set-param maxVisits 100
2026-06-06 13:30:14+0800: = 
2026-06-06 13:30:14+0800: Controller: kata-set-param chosenMoveTemperature 0.0
2026-06-06 13:30:14+0800: = 
2026-06-06 13:30:14+0800: Controller: lz-analyze b 10
2026-06-06 13:30:14+0800: =
2026-06-06 13:30:15+0800: Controller: stop
2026-06-06 13:30:15+0800: = 
2026-06-06 13:30:15+0800: Controller: stop
2026-06-06 13:30:15+0800: = 
2026-06-06 13:30:15+0800: Controller: play black D6
2026-06-06 13:30:15+0800: = 
2026-06-06 13:30:16+0800: Controller: kata-set-param maxPlayouts 4
2026-06-06 13:30:16+0800: = 
2026-06-06 13:30:16+0800: Controller: kata-set-param maxVisits 4
2026-06-06 13:30:16+0800: = 
2026-06-06 13:30:16+0800: Controller: kata-set-param chosenMoveTemperature 0.0
2026-06-06 13:30:16+0800: = 
2026-06-06 13:30:16+0800: Controller: kata-set-param humanSLProfile preaz_15k
2026-06-06 13:30:16+0800: = 
2026-06-06 13:30:16+0800: Controller: kata-set-param playoutDoublingAdvantage -2.5
2026-06-06 13:30:16+0800: = 
2026-06-06 13:30:16+0800: Controller: lz-analyze w 10
2026-06-06 13:30:16+0800: =
2026-06-06 13:30:16+0800: Controller: stop
2026-06-06 13:30:16+0800: = 
2026-06-06 13:30:16+0800: Controller: stop
2026-06-06 13:30:16+0800: = 
2026-06-06 13:30:16+0800: Controller: play white F1
2026-06-06 13:30:16+0800: = 
2026-06-06 13:30:18+0800: Controller: kata-set-param maxPlayouts 4
2026-06-06 13:30:18+0800: = 
2026-06-06 13:30:18+0800: Controller: kata-set-param maxVisits 4
2026-06-06 13:30:18+0800: = 
2026-06-06 13:30:18+0800: Controller: kata-set-param chosenMoveTemperature 0.0
2026-06-06 13:30:18+0800: = 
2026-06-06 13:30:18+0800: Controller: kata-set-param humanSLProfile preaz_15k
2026-06-06 13:30:18+0800: = 
2026-06-06 13:30:18+0800: Controller: kata-set-param playoutDoublingAdvantage -2.5
2026-06-06 13:30:18+0800: = 
2026-06-06 13:30:18+0800: Controller: lz-analyze w 10
2026-06-06 13:30:18+0800: =
2026-06-06 13:30:19+0800: Controller: stop
2026-06-06 13:30:19+0800: = 
2026-06-06 13:30:19+0800: Controller: stop
2026-06-06 13:30:19+0800: = 
2026-06-06 13:30:19+0800: Controller: play white G3
2026-06-06 13:30:19+0800: = 
2026-06-06 13:30:20+0800: Controller: kata-set-param maxPlayouts 4
2026-06-06 13:30:20+0800: = 
2026-06-06 13:30:20+0800: Controller: kata-set-param maxVisits 4
2026-06-06 13:30:20+0800: = 
2026-06-06 13:30:20+0800: Controller: kata-set-param chosenMoveTemperature 0.0
2026-06-06 13:30:20+0800: = 
2026-06-06 13:30:20+0800: Controller: kata-set-param humanSLProfile preaz_15k
2026-06-06 13:30:20+0800: = 
2026-06-06 13:30:20+0800: Controller: kata-set-param playoutDoublingAdvantage -2.5
2026-06-06 13:30:20+0800: = 
2026-06-06 13:30:20+0800: Controller: lz-analyze w 10
2026-06-06 13:30:20+0800: =
2026-06-06 13:30:20+0800: Controller: stop
2026-06-06 13:30:20+0800: = 
2026-06-06 13:30:20+0800: Controller: stop
2026-06-06 13:30:20+0800: = 
2026-06-06 13:30:20+0800: Controller: play white G1
2026-06-06 13:30:20+0800: = 
2026-06-06 13:30:21+0800: Controller: final_score
2026-06-06 13:31:20+0800: = B+85.5
