2026-06-06 12:51:30+0800: Running with following config:
allowResignation = true
humanSLProfile = preaz_3d
lagBuffer = 1.0
logAllGTPCommunication = true
logDir = gtp_logs
logSearchInfo = true
logSearchInfoForChosenMove = false
logToStderr = false
lzAnalyzeOutputOwnership = true
maxPlayouts = 100
maxTimePondering = 60.0
maxVisits = 100
numSearchThreads = 2
ponderingEnabled = false
resignConsecTurns = 3
resignThreshold = -0.90
rules = tromp-taylor
searchFactorAfterOnePass = 0.50
searchFactorAfterTwoPass = 0.25
searchFactorWhenWinning = 0.40
searchFactorWhenWinningThreshold = 0.95

2026-06-06 12:51:30+0800: GTP Engine starting...
2026-06-06 12:51:30+0800: KataGo v1.16.5
2026-06-06 12:51:30+0800: Using TrompTaylor rules initially, unless GTP/GUI overrides this
2026-06-06 12:51:30+0800: Using 2 CPU thread(s) for search
2026-06-06 12:51:30+0800: nnRandSeed0 = 8937680852036772606
2026-06-06 12:51:30+0800: After dedups: nnModelFile0 = b18c384nbt-humanv0.bin.gz useFP16 auto useNHWC auto
2026-06-06 12:51:30+0800: Initializing neural net buffer to be size 19 * 19 exactly
2026-06-06 12:51:31+0800: Eigen (CPU) backend thread 0: Model version 15
2026-06-06 12:51:31+0800: Eigen (CPU) backend thread 0: Model name: b18c384nbt-humanv0
2026-06-06 12:51:31+0800: Eigen (CPU) backend thread 1: Model version 15
2026-06-06 12:51:31+0800: Eigen (CPU) backend thread 1: Model name: b18c384nbt-humanv0
2026-06-06 12:51:32+0800: Loaded neural net with nnXLen 19 nnYLen 19
2026-06-06 12:51:32+0800: Initializing board with boardXSize 19 boardYSize 19
2026-06-06 12:51:32+0800: --------------
2026-06-06 12:51:32+0800: WARNING: Config had unused keys! You may have a typo, an option you specified is being unused from katago.cfg
2026-06-06 12:51:32+0800: WARNING: Unused key 'lzAnalyzeOutputOwnership' in katago.cfg
2026-06-06 12:51:32+0800: --------------
2026-06-06 12:51:32+0800: Loaded config katago.cfg
2026-06-06 12:51:32+0800: Loaded model b18c384nbt-humanv0.bin.gz
2026-06-06 12:51:32+0800: Model name: b18c384nbt-humanv0
2026-06-06 12:51:32+0800: GTP ready, beginning main protocol loop
